running develop
running egg_info
creating voice_processing.egg-info
writing voice_processing.egg-info/PKG-INFO
writing dependency_links to voice_processing.egg-info/dependency_links.txt
writing entry points to voice_processing.egg-info/entry_points.txt
writing requirements to voice_processing.egg-info/requires.txt
writing top-level names to voice_processing.egg-info/top_level.txt
writing manifest file 'voice_processing.egg-info/SOURCES.txt'
reading manifest file 'voice_processing.egg-info/SOURCES.txt'
writing manifest file 'voice_processing.egg-info/SOURCES.txt'
running build_ext
Creating /home/guyechan/slam_ws/install/voice_processing/lib/python3.8/site-packages/site.py
Creating /home/guyechan/slam_ws/install/voice_processing/lib/python3.8/site-packages/voice-processing.egg-link (link to .)

Installed /home/guyechan/slam_ws/build/voice_processing
running install_data
creating /home/guyechan/slam_ws/install/voice_processing/share/ament_index
creating /home/guyechan/slam_ws/install/voice_processing/share/ament_index/resource_index
creating /home/guyechan/slam_ws/install/voice_processing/share/ament_index/resource_index/packages
copying resource/voice_processing -> /home/guyechan/slam_ws/install/voice_processing/share/ament_index/resource_index/packages
copying package.xml -> /home/guyechan/slam_ws/install/voice_processing/share/voice_processing
