[0.731s] Invoking command in '/home/guyechan/slam_ws/build/voice_processing': PYTHONPATH=/home/guyechan/slam_ws/install/voice_processing/lib/python3.8/site-packages:${PYTHONPATH} /usr/bin/python3 setup.py develop --prefix /home/guyechan/slam_ws/install/voice_processing --editable --build-directory /home/guyechan/slam_ws/build/voice_processing/build --no-deps install_data --install-dir /home/guyechan/slam_ws/install/voice_processing
[0.879s] running develop
[0.965s] running egg_info
[0.965s] creating voice_processing.egg-info
[0.965s] writing voice_processing.egg-info/PKG-INFO
[0.965s] writing dependency_links to voice_processing.egg-info/dependency_links.txt
[0.965s] writing entry points to voice_processing.egg-info/entry_points.txt
[0.965s] writing requirements to voice_processing.egg-info/requires.txt
[0.965s] writing top-level names to voice_processing.egg-info/top_level.txt
[0.966s] writing manifest file 'voice_processing.egg-info/SOURCES.txt'
[0.985s] reading manifest file 'voice_processing.egg-info/SOURCES.txt'
[0.985s] writing manifest file 'voice_processing.egg-info/SOURCES.txt'
[1.004s] running build_ext
[1.004s] Creating /home/guyechan/slam_ws/install/voice_processing/lib/python3.8/site-packages/site.py
[1.005s] Creating /home/guyechan/slam_ws/install/voice_processing/lib/python3.8/site-packages/voice-processing.egg-link (link to .)
[1.006s] 
[1.006s] Installed /home/guyechan/slam_ws/build/voice_processing
[1.006s] running install_data
[1.006s] creating /home/guyechan/slam_ws/install/voice_processing/share/ament_index
[1.006s] creating /home/guyechan/slam_ws/install/voice_processing/share/ament_index/resource_index
[1.006s] creating /home/guyechan/slam_ws/install/voice_processing/share/ament_index/resource_index/packages
[1.006s] copying resource/voice_processing -> /home/guyechan/slam_ws/install/voice_processing/share/ament_index/resource_index/packages
[1.006s] copying package.xml -> /home/guyechan/slam_ws/install/voice_processing/share/voice_processing
[1.027s] Invoked command in '/home/guyechan/slam_ws/build/voice_processing' returned '0': PYTHONPATH=/home/guyechan/slam_ws/install/voice_processing/lib/python3.8/site-packages:${PYTHONPATH} /usr/bin/python3 setup.py develop --prefix /home/guyechan/slam_ws/install/voice_processing --editable --build-directory /home/guyechan/slam_ws/build/voice_processing/build --no-deps install_data --install-dir /home/guyechan/slam_ws/install/voice_processing
