[0.131s] Invoking command in '/home/guyechan/slam_ws/build/ydlidar': /usr/bin/cmake /home/guyechan/slam_ws/src/ydlidar_ros2 -DAMENT_CMAKE_SYMLINK_INSTALL=1 -DCMAKE_INSTALL_PREFIX=/home/guyechan/slam_ws/install/ydlidar
[0.175s] -- The C compiler identification is GNU 9.4.0
[0.229s] -- The CXX compiler identification is GNU 9.4.0
[0.234s] -- Check for working C compiler: /usr/bin/cc
[0.274s] -- Check for working C compiler: /usr/bin/cc -- works
[0.275s] -- Detecting C compiler ABI info
[0.316s] -- Detecting C compiler ABI info - done
[0.322s] -- Detecting C compile features
[0.323s] -- Detecting C compile features - done
[0.325s] -- Check for working CXX compiler: /usr/bin/c++
[0.371s] -- Check for working CXX compiler: /usr/bin/c++ -- works
[0.372s] -- Detecting CXX compiler ABI info
[0.421s] -- Detecting CXX compiler ABI info - done
[0.428s] -- Detecting CXX compile features
[0.428s] -- Detecting CXX compile features - done
[0.439s] CMake Error at CMakeLists.txt:13 (find_package):
[0.439s]   By not providing "Findament_cmake.cmake" in CMAKE_MODULE_PATH this project
[0.439s]   has asked CMake to find a package configuration file provided by
[0.439s]   "ament_cmake", but CMake did not find one.
[0.439s] 
[0.439s]   Could not find a package configuration file provided by "ament_cmake" with
[0.439s]   any of the following names:
[0.439s] 
[0.439s]     ament_cmakeConfig.cmake
[0.439s]     ament_cmake-config.cmake
[0.439s] 
[0.439s]   Add the installation prefix of "ament_cmake" to CMAKE_PREFIX_PATH or set
[0.440s]   "ament_cmake_DIR" to a directory containing one of the above files.  If
[0.440s]   "ament_cmake" provides a separate development package or SDK, be sure it
[0.440s]   has been installed.
[0.440s] 
[0.440s] 
[0.440s] -- Configuring incomplete, errors occurred!
[0.440s] See also "/home/guyechan/slam_ws/build/ydlidar/CMakeFiles/CMakeOutput.log".
[0.441s] Invoked command in '/home/guyechan/slam_ws/build/ydlidar' returned '1': /usr/bin/cmake /home/guyechan/slam_ws/src/ydlidar_ros2 -DAMENT_CMAKE_SYMLINK_INSTALL=1 -DCMAKE_INSTALL_PREFIX=/home/guyechan/slam_ws/install/ydlidar
