[0.792s] Invoking command in '/home/guyechan/slam_ws/build/voice_processing': PYTHONPATH=/home/guyechan/slam_ws/install/voice_processing/lib/python3.8/site-packages:${PYTHONPATH} /usr/bin/python3 setup.py develop --prefix /home/guyechan/slam_ws/install/voice_processing --editable --build-directory /home/guyechan/slam_ws/build/voice_processing/build --no-deps install_data --install-dir /home/guyechan/slam_ws/install/voice_processing
[0.952s] running develop
[1.052s] running egg_info
[1.052s] writing voice_processing.egg-info/PKG-INFO
[1.053s] writing dependency_links to voice_processing.egg-info/dependency_links.txt
[1.053s] writing entry points to voice_processing.egg-info/entry_points.txt
[1.053s] writing requirements to voice_processing.egg-info/requires.txt
[1.053s] writing top-level names to voice_processing.egg-info/top_level.txt
[1.074s] reading manifest file 'voice_processing.egg-info/SOURCES.txt'
[1.075s] writing manifest file 'voice_processing.egg-info/SOURCES.txt'
[1.097s] running build_ext
[1.097s] Creating /home/guyechan/slam_ws/install/voice_processing/lib/python3.8/site-packages/voice-processing.egg-link (link to .)
[1.097s] Installing hotword script to /home/guyechan/slam_ws/install/voice_processing/lib/voice_processing
[1.097s] Installing intent script to /home/guyechan/slam_ws/install/voice_processing/lib/voice_processing
[1.098s] Installing stt script to /home/guyechan/slam_ws/install/voice_processing/lib/voice_processing
[1.098s] Installing tts script to /home/guyechan/slam_ws/install/voice_processing/lib/voice_processing
[1.098s] 
[1.098s] Installed /home/guyechan/slam_ws/build/voice_processing
[1.098s] running install_data
[1.120s] Invoked command in '/home/guyechan/slam_ws/build/voice_processing' returned '0': PYTHONPATH=/home/guyechan/slam_ws/install/voice_processing/lib/python3.8/site-packages:${PYTHONPATH} /usr/bin/python3 setup.py develop --prefix /home/guyechan/slam_ws/install/voice_processing --editable --build-directory /home/guyechan/slam_ws/build/voice_processing/build --no-deps install_data --install-dir /home/guyechan/slam_ws/install/voice_processing
