running develop
running egg_info
writing slam.egg-info/PKG-INFO
writing dependency_links to slam.egg-info/dependency_links.txt
writing entry points to slam.egg-info/entry_points.txt
writing requirements to slam.egg-info/requires.txt
writing top-level names to slam.egg-info/top_level.txt
reading manifest file 'slam.egg-info/SOURCES.txt'
writing manifest file 'slam.egg-info/SOURCES.txt'
running build_ext
Creating /home/guyechan/slam_ws/install/slam/lib/python3.8/site-packages/slam.egg-link (link to .)

Installed /home/guyechan/slam_ws/build/slam
running install_data
copying launch/gazebo.launch.py -> /home/guyechan/slam_ws/install/slam/share/slam/launch
copying urdf/rlautocar.urdf -> /home/guyechan/slam_ws/install/slam/share/slam/urdf
copying meshes/link_CL1.STL -> /home/guyechan/slam_ws/install/slam/share/slam/meshes
copying meshes/link_BR1.STL -> /home/guyechan/slam_ws/install/slam/share/slam/meshes
copying meshes/link_BL1.STL -> /home/guyechan/slam_ws/install/slam/share/slam/meshes
copying meshes/link_CR1.STL -> /home/guyechan/slam_ws/install/slam/share/slam/meshes
copying meshes/link_FL1.STL -> /home/guyechan/slam_ws/install/slam/share/slam/meshes
copying meshes/link_FR1.STL -> /home/guyechan/slam_ws/install/slam/share/slam/meshes
copying meshes/base_link1.STL -> /home/guyechan/slam_ws/install/slam/share/slam/meshes
