[0.116s] DEBUG:colcon:Command line arguments: ['/usr/bin/colcon', 'build', '--symlink-install', '--allow-overriding', 'slam', 'ydlidar', 'yolov3', 'voice_processing', 'sana_msgs']
[0.116s] DEBUG:colcon:Parsed command line arguments: Namespace(allow_overriding=['slam', 'ydlidar', 'yolov3', 'voice_processing', 'sana_msgs'], ament_cmake_args=None, base_paths=['.'], build_base='build', catkin_cmake_args=None, catkin_skip_building_tests=False, cmake_args=None, cmake_clean_cache=False, cmake_clean_first=False, cmake_force_configure=False, cmake_target=None, cmake_target_skip_unavailable=False, continue_on_error=False, event_handlers=None, executor='parallel', ignore_user_meta=False, install_base='install', log_base=None, log_level=None, main=<bound method BuildVerb.main of <colcon_core.verb.build.BuildVerb object at 0x7f7c19a0aa30>>, merge_install=False, metas=['./colcon.meta'], packages_above=None, packages_above_and_dependencies=None, packages_above_depth=None, packages_end=None, packages_ignore=None, packages_ignore_regex=None, packages_select=None, packages_select_build_failed=False, packages_select_by_dep=None, packages_select_regex=None, packages_select_test_failures=False, packages_skip=None, packages_skip_build_finished=False, packages_skip_by_dep=None, packages_skip_regex=None, packages_skip_test_passed=False, packages_skip_up_to=None, packages_start=None, packages_up_to=None, packages_up_to_regex=None, parallel_workers=16, paths=None, symlink_install=True, test_result_base=None, verb_extension=<colcon_core.verb.build.BuildVerb object at 0x7f7c19a0aa30>, verb_name='build', verb_parser=<colcon_defaults.argument_parser.defaults.DefaultArgumentsDecorator object at 0x7f7c19a0afa0>)
[0.137s] Level 1:colcon.colcon_core.package_discovery:discover_packages(colcon_meta) check parameters
[0.137s] Level 1:colcon.colcon_core.package_discovery:discover_packages(recursive) check parameters
[0.137s] Level 1:colcon.colcon_core.package_discovery:discover_packages(ignore) check parameters
[0.137s] Level 1:colcon.colcon_core.package_discovery:discover_packages(path) check parameters
[0.137s] Level 1:colcon.colcon_core.package_discovery:discover_packages(colcon_meta) discover
[0.137s] Level 1:colcon.colcon_core.package_discovery:discover_packages(recursive) discover
[0.137s] INFO:colcon.colcon_core.package_discovery:Crawling recursively for packages in '/home/guyechan/slam_ws'
[0.137s] Level 1:colcon.colcon_core.package_identification:_identify(.) by extensions ['ignore', 'ignore_ament_install']
[0.137s] Level 1:colcon.colcon_core.package_identification:_identify(.) by extension 'ignore'
[0.137s] Level 1:colcon.colcon_core.package_identification:_identify(.) by extension 'ignore_ament_install'
[0.137s] Level 1:colcon.colcon_core.package_identification:_identify(.) by extensions ['colcon_pkg']
[0.137s] Level 1:colcon.colcon_core.package_identification:_identify(.) by extension 'colcon_pkg'
[0.137s] Level 1:colcon.colcon_core.package_identification:_identify(.) by extensions ['colcon_meta']
[0.137s] Level 1:colcon.colcon_core.package_identification:_identify(.) by extension 'colcon_meta'
[0.138s] Level 1:colcon.colcon_core.package_identification:_identify(.) by extensions ['ros']
[0.138s] Level 1:colcon.colcon_core.package_identification:_identify(.) by extension 'ros'
[0.149s] Level 1:colcon.colcon_core.package_identification:_identify(.) by extensions ['cmake', 'python']
[0.149s] Level 1:colcon.colcon_core.package_identification:_identify(.) by extension 'cmake'
[0.149s] Level 1:colcon.colcon_core.package_identification:_identify(.) by extension 'python'
[0.149s] Level 1:colcon.colcon_core.package_identification:_identify(.) by extensions ['python_setup_py']
[0.149s] Level 1:colcon.colcon_core.package_identification:_identify(.) by extension 'python_setup_py'
[0.149s] Level 1:colcon.colcon_core.package_identification:_identify(build) by extensions ['ignore', 'ignore_ament_install']
[0.149s] Level 1:colcon.colcon_core.package_identification:_identify(build) by extension 'ignore'
[0.149s] Level 1:colcon.colcon_core.package_identification:_identify(build) ignored
[0.149s] Level 1:colcon.colcon_core.package_identification:_identify(install) by extensions ['ignore', 'ignore_ament_install']
[0.149s] Level 1:colcon.colcon_core.package_identification:_identify(install) by extension 'ignore'
[0.149s] Level 1:colcon.colcon_core.package_identification:_identify(install) ignored
[0.149s] Level 1:colcon.colcon_core.package_identification:_identify(log) by extensions ['ignore', 'ignore_ament_install']
[0.149s] Level 1:colcon.colcon_core.package_identification:_identify(log) by extension 'ignore'
[0.149s] Level 1:colcon.colcon_core.package_identification:_identify(log) ignored
[0.149s] Level 1:colcon.colcon_core.package_identification:_identify(microros) by extensions ['ignore', 'ignore_ament_install']
[0.149s] Level 1:colcon.colcon_core.package_identification:_identify(microros) by extension 'ignore'
[0.150s] Level 1:colcon.colcon_core.package_identification:_identify(microros) by extension 'ignore_ament_install'
[0.150s] Level 1:colcon.colcon_core.package_identification:_identify(microros) by extensions ['colcon_pkg']
[0.150s] Level 1:colcon.colcon_core.package_identification:_identify(microros) by extension 'colcon_pkg'
[0.150s] Level 1:colcon.colcon_core.package_identification:_identify(microros) by extensions ['colcon_meta']
[0.150s] Level 1:colcon.colcon_core.package_identification:_identify(microros) by extension 'colcon_meta'
[0.150s] Level 1:colcon.colcon_core.package_identification:_identify(microros) by extensions ['ros']
[0.150s] Level 1:colcon.colcon_core.package_identification:_identify(microros) by extension 'ros'
[0.150s] Level 1:colcon.colcon_core.package_identification:_identify(microros) by extensions ['cmake', 'python']
[0.150s] Level 1:colcon.colcon_core.package_identification:_identify(microros) by extension 'cmake'
[0.150s] Level 1:colcon.colcon_core.package_identification:_identify(microros) by extension 'python'
[0.150s] Level 1:colcon.colcon_core.package_identification:_identify(microros) by extensions ['python_setup_py']
[0.150s] Level 1:colcon.colcon_core.package_identification:_identify(microros) by extension 'python_setup_py'
[0.150s] Level 1:colcon.colcon_core.package_identification:_identify(src) by extensions ['ignore', 'ignore_ament_install']
[0.150s] Level 1:colcon.colcon_core.package_identification:_identify(src) by extension 'ignore'
[0.150s] Level 1:colcon.colcon_core.package_identification:_identify(src) by extension 'ignore_ament_install'
[0.150s] Level 1:colcon.colcon_core.package_identification:_identify(src) by extensions ['colcon_pkg']
[0.150s] Level 1:colcon.colcon_core.package_identification:_identify(src) by extension 'colcon_pkg'
[0.150s] Level 1:colcon.colcon_core.package_identification:_identify(src) by extensions ['colcon_meta']
[0.150s] Level 1:colcon.colcon_core.package_identification:_identify(src) by extension 'colcon_meta'
[0.150s] Level 1:colcon.colcon_core.package_identification:_identify(src) by extensions ['ros']
[0.150s] Level 1:colcon.colcon_core.package_identification:_identify(src) by extension 'ros'
[0.150s] Level 1:colcon.colcon_core.package_identification:_identify(src) by extensions ['cmake', 'python']
[0.150s] Level 1:colcon.colcon_core.package_identification:_identify(src) by extension 'cmake'
[0.150s] Level 1:colcon.colcon_core.package_identification:_identify(src) by extension 'python'
[0.150s] Level 1:colcon.colcon_core.package_identification:_identify(src) by extensions ['python_setup_py']
[0.150s] Level 1:colcon.colcon_core.package_identification:_identify(src) by extension 'python_setup_py'
[0.150s] Level 1:colcon.colcon_core.package_identification:_identify(src/sana_msgs) by extensions ['ignore', 'ignore_ament_install']
[0.150s] Level 1:colcon.colcon_core.package_identification:_identify(src/sana_msgs) by extension 'ignore'
[0.150s] Level 1:colcon.colcon_core.package_identification:_identify(src/sana_msgs) by extension 'ignore_ament_install'
[0.150s] Level 1:colcon.colcon_core.package_identification:_identify(src/sana_msgs) by extensions ['colcon_pkg']
[0.150s] Level 1:colcon.colcon_core.package_identification:_identify(src/sana_msgs) by extension 'colcon_pkg'
[0.150s] Level 1:colcon.colcon_core.package_identification:_identify(src/sana_msgs) by extensions ['colcon_meta']
[0.150s] Level 1:colcon.colcon_core.package_identification:_identify(src/sana_msgs) by extension 'colcon_meta'
[0.150s] Level 1:colcon.colcon_core.package_identification:_identify(src/sana_msgs) by extensions ['ros']
[0.150s] Level 1:colcon.colcon_core.package_identification:_identify(src/sana_msgs) by extension 'ros'
[0.152s] DEBUG:colcon.colcon_core.package_identification:Package 'src/sana_msgs' with type 'ros.ament_cmake' and name 'sana_msgs'
[0.152s] Level 1:colcon.colcon_core.package_identification:_identify(src/slam) by extensions ['ignore', 'ignore_ament_install']
[0.152s] Level 1:colcon.colcon_core.package_identification:_identify(src/slam) by extension 'ignore'
[0.152s] Level 1:colcon.colcon_core.package_identification:_identify(src/slam) by extension 'ignore_ament_install'
[0.152s] Level 1:colcon.colcon_core.package_identification:_identify(src/slam) by extensions ['colcon_pkg']
[0.152s] Level 1:colcon.colcon_core.package_identification:_identify(src/slam) by extension 'colcon_pkg'
[0.152s] Level 1:colcon.colcon_core.package_identification:_identify(src/slam) by extensions ['colcon_meta']
[0.152s] Level 1:colcon.colcon_core.package_identification:_identify(src/slam) by extension 'colcon_meta'
[0.153s] Level 1:colcon.colcon_core.package_identification:_identify(src/slam) by extensions ['ros']
[0.153s] Level 1:colcon.colcon_core.package_identification:_identify(src/slam) by extension 'ros'
[0.153s] DEBUG:colcon.colcon_core.package_identification:Package 'src/slam' with type 'ros.ament_python' and name 'slam'
[0.153s] Level 1:colcon.colcon_core.package_identification:_identify(src/voice_processing) by extensions ['ignore', 'ignore_ament_install']
[0.153s] Level 1:colcon.colcon_core.package_identification:_identify(src/voice_processing) by extension 'ignore'
[0.153s] Level 1:colcon.colcon_core.package_identification:_identify(src/voice_processing) by extension 'ignore_ament_install'
[0.153s] Level 1:colcon.colcon_core.package_identification:_identify(src/voice_processing) by extensions ['colcon_pkg']
[0.153s] Level 1:colcon.colcon_core.package_identification:_identify(src/voice_processing) by extension 'colcon_pkg'
[0.153s] Level 1:colcon.colcon_core.package_identification:_identify(src/voice_processing) by extensions ['colcon_meta']
[0.153s] Level 1:colcon.colcon_core.package_identification:_identify(src/voice_processing) by extension 'colcon_meta'
[0.153s] Level 1:colcon.colcon_core.package_identification:_identify(src/voice_processing) by extensions ['ros']
[0.153s] Level 1:colcon.colcon_core.package_identification:_identify(src/voice_processing) by extension 'ros'
[0.154s] DEBUG:colcon.colcon_core.package_identification:Package 'src/voice_processing' with type 'ros.ament_python' and name 'voice_processing'
[0.154s] Level 1:colcon.colcon_core.package_identification:_identify(src/ydlidar_ros2) by extensions ['ignore', 'ignore_ament_install']
[0.154s] Level 1:colcon.colcon_core.package_identification:_identify(src/ydlidar_ros2) by extension 'ignore'
[0.154s] Level 1:colcon.colcon_core.package_identification:_identify(src/ydlidar_ros2) by extension 'ignore_ament_install'
[0.154s] Level 1:colcon.colcon_core.package_identification:_identify(src/ydlidar_ros2) by extensions ['colcon_pkg']
[0.154s] Level 1:colcon.colcon_core.package_identification:_identify(src/ydlidar_ros2) by extension 'colcon_pkg'
[0.154s] Level 1:colcon.colcon_core.package_identification:_identify(src/ydlidar_ros2) by extensions ['colcon_meta']
[0.154s] Level 1:colcon.colcon_core.package_identification:_identify(src/ydlidar_ros2) by extension 'colcon_meta'
[0.154s] Level 1:colcon.colcon_core.package_identification:_identify(src/ydlidar_ros2) by extensions ['ros']
[0.154s] Level 1:colcon.colcon_core.package_identification:_identify(src/ydlidar_ros2) by extension 'ros'
[0.155s] DEBUG:colcon.colcon_core.package_identification:Package 'src/ydlidar_ros2' with type 'ros.ament_cmake' and name 'ydlidar'
[0.155s] Level 1:colcon.colcon_core.package_identification:_identify(src/yolov3) by extensions ['ignore', 'ignore_ament_install']
[0.155s] Level 1:colcon.colcon_core.package_identification:_identify(src/yolov3) by extension 'ignore'
[0.155s] Level 1:colcon.colcon_core.package_identification:_identify(src/yolov3) by extension 'ignore_ament_install'
[0.155s] Level 1:colcon.colcon_core.package_identification:_identify(src/yolov3) by extensions ['colcon_pkg']
[0.155s] Level 1:colcon.colcon_core.package_identification:_identify(src/yolov3) by extension 'colcon_pkg'
[0.155s] Level 1:colcon.colcon_core.package_identification:_identify(src/yolov3) by extensions ['colcon_meta']
[0.155s] Level 1:colcon.colcon_core.package_identification:_identify(src/yolov3) by extension 'colcon_meta'
[0.155s] Level 1:colcon.colcon_core.package_identification:_identify(src/yolov3) by extensions ['ros']
[0.155s] Level 1:colcon.colcon_core.package_identification:_identify(src/yolov3) by extension 'ros'
[0.155s] DEBUG:colcon.colcon_core.package_identification:Package 'src/yolov3' with type 'ros.ament_python' and name 'yolov3'
[0.155s] Level 1:colcon.colcon_core.package_discovery:discover_packages(recursive) using defaults
[0.155s] Level 1:colcon.colcon_core.package_discovery:discover_packages(ignore) discover
[0.155s] Level 1:colcon.colcon_core.package_discovery:discover_packages(ignore) using defaults
[0.155s] Level 1:colcon.colcon_core.package_discovery:discover_packages(path) discover
[0.155s] Level 1:colcon.colcon_core.package_discovery:discover_packages(path) using defaults
[0.169s] Level 1:colcon.colcon_core.package_discovery:discover_packages(prefix_path) check parameters
[0.169s] Level 1:colcon.colcon_core.package_discovery:discover_packages(prefix_path) discover
[0.172s] DEBUG:colcon.colcon_installed_package_information.package_discovery:Found 5 installed packages in /home/guyechan/slam_ws/install
[0.173s] DEBUG:colcon.colcon_installed_package_information.package_discovery:Found 352 installed packages in /opt/ros/foxy
[0.174s] Level 1:colcon.colcon_core.package_discovery:discover_packages(prefix_path) using defaults
[0.226s] Level 5:colcon.colcon_core.verb:set package 'sana_msgs' build argument 'cmake_args' from command line to 'None'
[0.226s] Level 5:colcon.colcon_core.verb:set package 'sana_msgs' build argument 'cmake_target' from command line to 'None'
[0.226s] Level 5:colcon.colcon_core.verb:set package 'sana_msgs' build argument 'cmake_target_skip_unavailable' from command line to 'False'
[0.226s] Level 5:colcon.colcon_core.verb:set package 'sana_msgs' build argument 'cmake_clean_cache' from command line to 'False'
[0.226s] Level 5:colcon.colcon_core.verb:set package 'sana_msgs' build argument 'cmake_clean_first' from command line to 'False'
[0.226s] Level 5:colcon.colcon_core.verb:set package 'sana_msgs' build argument 'cmake_force_configure' from command line to 'False'
[0.226s] Level 5:colcon.colcon_core.verb:set package 'sana_msgs' build argument 'ament_cmake_args' from command line to 'None'
[0.226s] Level 5:colcon.colcon_core.verb:set package 'sana_msgs' build argument 'catkin_cmake_args' from command line to 'None'
[0.226s] Level 5:colcon.colcon_core.verb:set package 'sana_msgs' build argument 'catkin_skip_building_tests' from command line to 'False'
[0.226s] DEBUG:colcon.colcon_core.verb:Building package 'sana_msgs' with the following arguments: {'ament_cmake_args': None, 'build_base': '/home/guyechan/slam_ws/build/sana_msgs', 'catkin_cmake_args': None, 'catkin_skip_building_tests': False, 'cmake_args': None, 'cmake_clean_cache': False, 'cmake_clean_first': False, 'cmake_force_configure': False, 'cmake_target': None, 'cmake_target_skip_unavailable': False, 'install_base': '/home/guyechan/slam_ws/install/sana_msgs', 'merge_install': False, 'path': '/home/guyechan/slam_ws/src/sana_msgs', 'symlink_install': True, 'test_result_base': None}
[0.227s] Level 5:colcon.colcon_core.verb:set package 'slam' build argument 'cmake_args' from command line to 'None'
[0.227s] Level 5:colcon.colcon_core.verb:set package 'slam' build argument 'cmake_target' from command line to 'None'
[0.227s] Level 5:colcon.colcon_core.verb:set package 'slam' build argument 'cmake_target_skip_unavailable' from command line to 'False'
[0.227s] Level 5:colcon.colcon_core.verb:set package 'slam' build argument 'cmake_clean_cache' from command line to 'False'
[0.227s] Level 5:colcon.colcon_core.verb:set package 'slam' build argument 'cmake_clean_first' from command line to 'False'
[0.227s] Level 5:colcon.colcon_core.verb:set package 'slam' build argument 'cmake_force_configure' from command line to 'False'
[0.227s] Level 5:colcon.colcon_core.verb:set package 'slam' build argument 'ament_cmake_args' from command line to 'None'
[0.227s] Level 5:colcon.colcon_core.verb:set package 'slam' build argument 'catkin_cmake_args' from command line to 'None'
[0.227s] Level 5:colcon.colcon_core.verb:set package 'slam' build argument 'catkin_skip_building_tests' from command line to 'False'
[0.227s] DEBUG:colcon.colcon_core.verb:Building package 'slam' with the following arguments: {'ament_cmake_args': None, 'build_base': '/home/guyechan/slam_ws/build/slam', 'catkin_cmake_args': None, 'catkin_skip_building_tests': False, 'cmake_args': None, 'cmake_clean_cache': False, 'cmake_clean_first': False, 'cmake_force_configure': False, 'cmake_target': None, 'cmake_target_skip_unavailable': False, 'install_base': '/home/guyechan/slam_ws/install/slam', 'merge_install': False, 'path': '/home/guyechan/slam_ws/src/slam', 'symlink_install': True, 'test_result_base': None}
[0.227s] Level 5:colcon.colcon_core.verb:set package 'ydlidar' build argument 'cmake_args' from command line to 'None'
[0.227s] Level 5:colcon.colcon_core.verb:set package 'ydlidar' build argument 'cmake_target' from command line to 'None'
[0.227s] Level 5:colcon.colcon_core.verb:set package 'ydlidar' build argument 'cmake_target_skip_unavailable' from command line to 'False'
[0.228s] Level 5:colcon.colcon_core.verb:set package 'ydlidar' build argument 'cmake_clean_cache' from command line to 'False'
[0.228s] Level 5:colcon.colcon_core.verb:set package 'ydlidar' build argument 'cmake_clean_first' from command line to 'False'
[0.228s] Level 5:colcon.colcon_core.verb:set package 'ydlidar' build argument 'cmake_force_configure' from command line to 'False'
[0.228s] Level 5:colcon.colcon_core.verb:set package 'ydlidar' build argument 'ament_cmake_args' from command line to 'None'
[0.228s] Level 5:colcon.colcon_core.verb:set package 'ydlidar' build argument 'catkin_cmake_args' from command line to 'None'
[0.228s] Level 5:colcon.colcon_core.verb:set package 'ydlidar' build argument 'catkin_skip_building_tests' from command line to 'False'
[0.228s] DEBUG:colcon.colcon_core.verb:Building package 'ydlidar' with the following arguments: {'ament_cmake_args': None, 'build_base': '/home/guyechan/slam_ws/build/ydlidar', 'catkin_cmake_args': None, 'catkin_skip_building_tests': False, 'cmake_args': None, 'cmake_clean_cache': False, 'cmake_clean_first': False, 'cmake_force_configure': False, 'cmake_target': None, 'cmake_target_skip_unavailable': False, 'install_base': '/home/guyechan/slam_ws/install/ydlidar', 'merge_install': False, 'path': '/home/guyechan/slam_ws/src/ydlidar_ros2', 'symlink_install': True, 'test_result_base': None}
[0.228s] Level 5:colcon.colcon_core.verb:set package 'voice_processing' build argument 'cmake_args' from command line to 'None'
[0.228s] Level 5:colcon.colcon_core.verb:set package 'voice_processing' build argument 'cmake_target' from command line to 'None'
[0.228s] Level 5:colcon.colcon_core.verb:set package 'voice_processing' build argument 'cmake_target_skip_unavailable' from command line to 'False'
[0.228s] Level 5:colcon.colcon_core.verb:set package 'voice_processing' build argument 'cmake_clean_cache' from command line to 'False'
[0.228s] Level 5:colcon.colcon_core.verb:set package 'voice_processing' build argument 'cmake_clean_first' from command line to 'False'
[0.228s] Level 5:colcon.colcon_core.verb:set package 'voice_processing' build argument 'cmake_force_configure' from command line to 'False'
[0.228s] Level 5:colcon.colcon_core.verb:set package 'voice_processing' build argument 'ament_cmake_args' from command line to 'None'
[0.228s] Level 5:colcon.colcon_core.verb:set package 'voice_processing' build argument 'catkin_cmake_args' from command line to 'None'
[0.228s] Level 5:colcon.colcon_core.verb:set package 'voice_processing' build argument 'catkin_skip_building_tests' from command line to 'False'
[0.228s] DEBUG:colcon.colcon_core.verb:Building package 'voice_processing' with the following arguments: {'ament_cmake_args': None, 'build_base': '/home/guyechan/slam_ws/build/voice_processing', 'catkin_cmake_args': None, 'catkin_skip_building_tests': False, 'cmake_args': None, 'cmake_clean_cache': False, 'cmake_clean_first': False, 'cmake_force_configure': False, 'cmake_target': None, 'cmake_target_skip_unavailable': False, 'install_base': '/home/guyechan/slam_ws/install/voice_processing', 'merge_install': False, 'path': '/home/guyechan/slam_ws/src/voice_processing', 'symlink_install': True, 'test_result_base': None}
[0.229s] Level 5:colcon.colcon_core.verb:set package 'yolov3' build argument 'cmake_args' from command line to 'None'
[0.229s] Level 5:colcon.colcon_core.verb:set package 'yolov3' build argument 'cmake_target' from command line to 'None'
[0.229s] Level 5:colcon.colcon_core.verb:set package 'yolov3' build argument 'cmake_target_skip_unavailable' from command line to 'False'
[0.229s] Level 5:colcon.colcon_core.verb:set package 'yolov3' build argument 'cmake_clean_cache' from command line to 'False'
[0.229s] Level 5:colcon.colcon_core.verb:set package 'yolov3' build argument 'cmake_clean_first' from command line to 'False'
[0.229s] Level 5:colcon.colcon_core.verb:set package 'yolov3' build argument 'cmake_force_configure' from command line to 'False'
[0.229s] Level 5:colcon.colcon_core.verb:set package 'yolov3' build argument 'ament_cmake_args' from command line to 'None'
[0.229s] Level 5:colcon.colcon_core.verb:set package 'yolov3' build argument 'catkin_cmake_args' from command line to 'None'
[0.229s] Level 5:colcon.colcon_core.verb:set package 'yolov3' build argument 'catkin_skip_building_tests' from command line to 'False'
[0.229s] DEBUG:colcon.colcon_core.verb:Building package 'yolov3' with the following arguments: {'ament_cmake_args': None, 'build_base': '/home/guyechan/slam_ws/build/yolov3', 'catkin_cmake_args': None, 'catkin_skip_building_tests': False, 'cmake_args': None, 'cmake_clean_cache': False, 'cmake_clean_first': False, 'cmake_force_configure': False, 'cmake_target': None, 'cmake_target_skip_unavailable': False, 'install_base': '/home/guyechan/slam_ws/install/yolov3', 'merge_install': False, 'path': '/home/guyechan/slam_ws/src/yolov3', 'symlink_install': True, 'test_result_base': None}
[0.229s] INFO:colcon.colcon_core.executor:Executing jobs using 'parallel' executor
[0.232s] DEBUG:colcon.colcon_parallel_executor.executor.parallel:run_until_complete
[0.232s] INFO:colcon.colcon_ros.task.ament_cmake.build:Building ROS package in '/home/guyechan/slam_ws/src/sana_msgs' with build type 'ament_cmake'
[0.232s] INFO:colcon.colcon_cmake.task.cmake.build:Building CMake package in '/home/guyechan/slam_ws/src/sana_msgs'
[0.236s] INFO:colcon.colcon_core.plugin_system:Skipping extension 'colcon_core.shell.bat': Not used on non-Windows systems
[0.236s] INFO:colcon.colcon_core.shell:Skip shell extension 'powershell' for command environment: Not usable outside of PowerShell
[0.236s] DEBUG:colcon.colcon_core.shell:Skip shell extension 'dsv' for command environment
[0.240s] INFO:colcon.colcon_ros.task.ament_python.build:Building ROS package in '/home/guyechan/slam_ws/src/slam' with build type 'ament_python'
[0.240s] Level 1:colcon.colcon_core.shell:create_environment_hook('slam', 'ament_prefix_path')
[0.241s] INFO:colcon.colcon_core.shell:Creating environment hook '/home/guyechan/slam_ws/install/slam/share/slam/hook/ament_prefix_path.ps1'
[0.242s] INFO:colcon.colcon_core.shell:Creating environment descriptor '/home/guyechan/slam_ws/install/slam/share/slam/hook/ament_prefix_path.dsv'
[0.242s] INFO:colcon.colcon_core.shell:Creating environment hook '/home/guyechan/slam_ws/install/slam/share/slam/hook/ament_prefix_path.sh'
[0.243s] INFO:colcon.colcon_core.shell:Skip shell extension 'powershell' for command environment: Not usable outside of PowerShell
[0.243s] DEBUG:colcon.colcon_core.shell:Skip shell extension 'dsv' for command environment
[0.247s] INFO:colcon.colcon_ros.task.ament_cmake.build:Building ROS package in '/home/guyechan/slam_ws/src/ydlidar_ros2' with build type 'ament_cmake'
[0.247s] INFO:colcon.colcon_cmake.task.cmake.build:Building CMake package in '/home/guyechan/slam_ws/src/ydlidar_ros2'
[0.248s] INFO:colcon.colcon_core.shell:Skip shell extension 'powershell' for command environment: Not usable outside of PowerShell
[0.248s] DEBUG:colcon.colcon_core.shell:Skip shell extension 'dsv' for command environment
[0.256s] DEBUG:colcon.colcon_core.event_handler.log_command:Invoking command in '/home/guyechan/slam_ws/build/sana_msgs': CMAKE_PREFIX_PATH=${CMAKE_PREFIX_PATH}:/home/guyechan/slam_ws/install/yolov3:/home/guyechan/slam_ws/install/voice_processing:/home/guyechan/slam_ws/install/slam:/opt/ros/foxy /usr/bin/cmake --build /home/guyechan/slam_ws/build/sana_msgs -- -j16 -l16
[0.415s] INFO:colcon.colcon_core.task.python.build:Building Python package in '/home/guyechan/slam_ws/src/slam'
[0.416s] INFO:colcon.colcon_core.shell:Skip shell extension 'powershell' for command environment: Not usable outside of PowerShell
[0.416s] DEBUG:colcon.colcon_core.shell:Skip shell extension 'dsv' for command environment
[0.426s] DEBUG:colcon.colcon_core.event_handler.log_command:Invoking command in '/home/guyechan/slam_ws/build/ydlidar': CMAKE_PREFIX_PATH=${CMAKE_PREFIX_PATH}:/home/guyechan/slam_ws/install/yolov3:/home/guyechan/slam_ws/install/voice_processing:/home/guyechan/slam_ws/install/slam:/opt/ros/foxy /usr/bin/cmake --build /home/guyechan/slam_ws/build/ydlidar -- -j16 -l16
[0.427s] DEBUG:colcon.colcon_core.event_handler.log_command:Invoked command in '/home/guyechan/slam_ws/build/sana_msgs' returned '0': CMAKE_PREFIX_PATH=${CMAKE_PREFIX_PATH}:/home/guyechan/slam_ws/install/yolov3:/home/guyechan/slam_ws/install/voice_processing:/home/guyechan/slam_ws/install/slam:/opt/ros/foxy /usr/bin/cmake --build /home/guyechan/slam_ws/build/sana_msgs -- -j16 -l16
[0.465s] DEBUG:colcon.colcon_core.event_handler.log_command:Invoking command in '/home/guyechan/slam_ws/build/sana_msgs': CMAKE_PREFIX_PATH=${CMAKE_PREFIX_PATH}:/home/guyechan/slam_ws/install/yolov3:/home/guyechan/slam_ws/install/voice_processing:/home/guyechan/slam_ws/install/slam:/opt/ros/foxy /usr/bin/cmake --install /home/guyechan/slam_ws/build/sana_msgs
[0.475s] DEBUG:colcon.colcon_core.event_handler.log_command:Invoked command in '/home/guyechan/slam_ws/build/ydlidar' returned '0': CMAKE_PREFIX_PATH=${CMAKE_PREFIX_PATH}:/home/guyechan/slam_ws/install/yolov3:/home/guyechan/slam_ws/install/voice_processing:/home/guyechan/slam_ws/install/slam:/opt/ros/foxy /usr/bin/cmake --build /home/guyechan/slam_ws/build/ydlidar -- -j16 -l16
[0.502s] DEBUG:colcon.colcon_core.event_handler.log_command:Invoking command in '/home/guyechan/slam_ws/build/ydlidar': CMAKE_PREFIX_PATH=${CMAKE_PREFIX_PATH}:/home/guyechan/slam_ws/install/yolov3:/home/guyechan/slam_ws/install/voice_processing:/home/guyechan/slam_ws/install/slam:/opt/ros/foxy /usr/bin/cmake --install /home/guyechan/slam_ws/build/ydlidar
[0.518s] Level 1:colcon.colcon_core.environment:create_environment_scripts_only(ydlidar)
[0.519s] DEBUG:colcon.colcon_core.event_handler.log_command:Invoked command in '/home/guyechan/slam_ws/build/ydlidar' returned '0': CMAKE_PREFIX_PATH=${CMAKE_PREFIX_PATH}:/home/guyechan/slam_ws/install/yolov3:/home/guyechan/slam_ws/install/voice_processing:/home/guyechan/slam_ws/install/slam:/opt/ros/foxy /usr/bin/cmake --install /home/guyechan/slam_ws/build/ydlidar
[0.525s] Level 1:colcon.colcon_core.environment:checking '/home/guyechan/slam_ws/install/ydlidar' for CMake module files
[0.525s] Level 1:colcon.colcon_core.environment:checking '/home/guyechan/slam_ws/install/ydlidar' for CMake config files
[0.525s] Level 1:colcon.colcon_core.shell:create_environment_hook('ydlidar', 'cmake_prefix_path')
[0.526s] INFO:colcon.colcon_core.shell:Creating environment hook '/home/guyechan/slam_ws/install/ydlidar/share/ydlidar/hook/cmake_prefix_path.ps1'
[0.526s] INFO:colcon.colcon_core.shell:Creating environment descriptor '/home/guyechan/slam_ws/install/ydlidar/share/ydlidar/hook/cmake_prefix_path.dsv'
[0.527s] INFO:colcon.colcon_core.shell:Creating environment hook '/home/guyechan/slam_ws/install/ydlidar/share/ydlidar/hook/cmake_prefix_path.sh'
[0.527s] Level 1:colcon.colcon_core.environment:checking '/home/guyechan/slam_ws/install/ydlidar/lib'
[0.527s] Level 1:colcon.colcon_core.environment:checking '/home/guyechan/slam_ws/install/ydlidar/bin'
[0.527s] Level 1:colcon.colcon_core.environment:checking '/home/guyechan/slam_ws/install/ydlidar/lib/pkgconfig/ydlidar.pc'
[0.527s] Level 1:colcon.colcon_core.environment:checking '/home/guyechan/slam_ws/install/ydlidar/lib/python3.8/site-packages'
[0.528s] Level 1:colcon.colcon_core.environment:checking '/home/guyechan/slam_ws/install/ydlidar/bin'
[0.528s] INFO:colcon.colcon_core.shell:Creating package script '/home/guyechan/slam_ws/install/ydlidar/share/ydlidar/package.ps1'
[0.529s] INFO:colcon.colcon_core.shell:Creating package descriptor '/home/guyechan/slam_ws/install/ydlidar/share/ydlidar/package.dsv'
[0.529s] INFO:colcon.colcon_core.shell:Creating package script '/home/guyechan/slam_ws/install/ydlidar/share/ydlidar/package.sh'
[0.530s] INFO:colcon.colcon_core.shell:Creating package script '/home/guyechan/slam_ws/install/ydlidar/share/ydlidar/package.bash'
[0.530s] INFO:colcon.colcon_core.shell:Creating package script '/home/guyechan/slam_ws/install/ydlidar/share/ydlidar/package.zsh'
[0.531s] Level 1:colcon.colcon_core.environment:create_file_with_runtime_dependencies(/home/guyechan/slam_ws/install/ydlidar/share/colcon-core/packages/ydlidar)
[0.533s] Level 1:colcon.colcon_core.environment:create_environment_scripts_only(sana_msgs)
[0.535s] Level 1:colcon.colcon_core.environment:checking '/home/guyechan/slam_ws/install/sana_msgs' for CMake module files
[0.535s] DEBUG:colcon.colcon_core.event_handler.log_command:Invoked command in '/home/guyechan/slam_ws/build/sana_msgs' returned '0': CMAKE_PREFIX_PATH=${CMAKE_PREFIX_PATH}:/home/guyechan/slam_ws/install/yolov3:/home/guyechan/slam_ws/install/voice_processing:/home/guyechan/slam_ws/install/slam:/opt/ros/foxy /usr/bin/cmake --install /home/guyechan/slam_ws/build/sana_msgs
[0.535s] Level 1:colcon.colcon_core.environment:checking '/home/guyechan/slam_ws/install/sana_msgs' for CMake config files
[0.536s] Level 1:colcon.colcon_core.shell:create_environment_hook('sana_msgs', 'cmake_prefix_path')
[0.537s] INFO:colcon.colcon_core.shell:Creating environment hook '/home/guyechan/slam_ws/install/sana_msgs/share/sana_msgs/hook/cmake_prefix_path.ps1'
[0.537s] INFO:colcon.colcon_core.shell:Creating environment descriptor '/home/guyechan/slam_ws/install/sana_msgs/share/sana_msgs/hook/cmake_prefix_path.dsv'
[0.537s] INFO:colcon.colcon_core.shell:Creating environment hook '/home/guyechan/slam_ws/install/sana_msgs/share/sana_msgs/hook/cmake_prefix_path.sh'
[0.538s] Level 1:colcon.colcon_core.environment:checking '/home/guyechan/slam_ws/install/sana_msgs/lib'
[0.538s] Level 1:colcon.colcon_core.shell:create_environment_hook('sana_msgs', 'ld_library_path_lib')
[0.538s] INFO:colcon.colcon_core.shell:Creating environment hook '/home/guyechan/slam_ws/install/sana_msgs/share/sana_msgs/hook/ld_library_path_lib.ps1'
[0.539s] INFO:colcon.colcon_core.shell:Creating environment descriptor '/home/guyechan/slam_ws/install/sana_msgs/share/sana_msgs/hook/ld_library_path_lib.dsv'
[0.539s] INFO:colcon.colcon_core.shell:Creating environment hook '/home/guyechan/slam_ws/install/sana_msgs/share/sana_msgs/hook/ld_library_path_lib.sh'
[0.539s] Level 1:colcon.colcon_core.environment:checking '/home/guyechan/slam_ws/install/sana_msgs/bin'
[0.539s] Level 1:colcon.colcon_core.environment:checking '/home/guyechan/slam_ws/install/sana_msgs/lib/pkgconfig/sana_msgs.pc'
[0.539s] Level 1:colcon.colcon_core.environment:checking '/home/guyechan/slam_ws/install/sana_msgs/lib/python3.8/site-packages'
[0.539s] Level 1:colcon.colcon_core.shell:create_environment_hook('sana_msgs', 'pythonpath')
[0.540s] INFO:colcon.colcon_core.shell:Creating environment hook '/home/guyechan/slam_ws/install/sana_msgs/share/sana_msgs/hook/pythonpath.ps1'
[0.540s] INFO:colcon.colcon_core.shell:Creating environment descriptor '/home/guyechan/slam_ws/install/sana_msgs/share/sana_msgs/hook/pythonpath.dsv'
[0.540s] INFO:colcon.colcon_core.shell:Creating environment hook '/home/guyechan/slam_ws/install/sana_msgs/share/sana_msgs/hook/pythonpath.sh'
[0.541s] Level 1:colcon.colcon_core.environment:checking '/home/guyechan/slam_ws/install/sana_msgs/bin'
[0.542s] INFO:colcon.colcon_core.shell:Creating package script '/home/guyechan/slam_ws/install/sana_msgs/share/sana_msgs/package.ps1'
[0.542s] INFO:colcon.colcon_core.shell:Creating package descriptor '/home/guyechan/slam_ws/install/sana_msgs/share/sana_msgs/package.dsv'
[0.542s] INFO:colcon.colcon_core.shell:Creating package script '/home/guyechan/slam_ws/install/sana_msgs/share/sana_msgs/package.sh'
[0.542s] INFO:colcon.colcon_core.shell:Creating package script '/home/guyechan/slam_ws/install/sana_msgs/share/sana_msgs/package.bash'
[0.543s] INFO:colcon.colcon_core.shell:Creating package script '/home/guyechan/slam_ws/install/sana_msgs/share/sana_msgs/package.zsh'
[0.543s] Level 1:colcon.colcon_core.environment:create_file_with_runtime_dependencies(/home/guyechan/slam_ws/install/sana_msgs/share/colcon-core/packages/sana_msgs)
[0.559s] Level 1:colcon.colcon_core.environment:create_environment_scripts_only(ydlidar)
[0.561s] Level 1:colcon.colcon_core.environment:checking '/home/guyechan/slam_ws/install/ydlidar' for CMake module files
[0.561s] Level 1:colcon.colcon_core.environment:checking '/home/guyechan/slam_ws/install/ydlidar' for CMake config files
[0.561s] Level 1:colcon.colcon_core.shell:create_environment_hook('ydlidar', 'cmake_prefix_path')
[0.562s] INFO:colcon.colcon_core.shell:Creating environment hook '/home/guyechan/slam_ws/install/ydlidar/share/ydlidar/hook/cmake_prefix_path.ps1'
[0.562s] INFO:colcon.colcon_core.shell:Creating environment descriptor '/home/guyechan/slam_ws/install/ydlidar/share/ydlidar/hook/cmake_prefix_path.dsv'
[0.563s] INFO:colcon.colcon_core.shell:Creating environment hook '/home/guyechan/slam_ws/install/ydlidar/share/ydlidar/hook/cmake_prefix_path.sh'
[0.563s] Level 1:colcon.colcon_core.environment:checking '/home/guyechan/slam_ws/install/ydlidar/lib'
[0.563s] Level 1:colcon.colcon_core.environment:checking '/home/guyechan/slam_ws/install/ydlidar/bin'
[0.563s] Level 1:colcon.colcon_core.environment:checking '/home/guyechan/slam_ws/install/ydlidar/lib/pkgconfig/ydlidar.pc'
[0.563s] Level 1:colcon.colcon_core.environment:checking '/home/guyechan/slam_ws/install/ydlidar/lib/python3.8/site-packages'
[0.563s] Level 1:colcon.colcon_core.environment:checking '/home/guyechan/slam_ws/install/ydlidar/bin'
[0.564s] INFO:colcon.colcon_core.shell:Creating package script '/home/guyechan/slam_ws/install/ydlidar/share/ydlidar/package.ps1'
[0.564s] INFO:colcon.colcon_core.shell:Creating package descriptor '/home/guyechan/slam_ws/install/ydlidar/share/ydlidar/package.dsv'
[0.565s] INFO:colcon.colcon_core.shell:Creating package script '/home/guyechan/slam_ws/install/ydlidar/share/ydlidar/package.sh'
[0.565s] INFO:colcon.colcon_core.shell:Creating package script '/home/guyechan/slam_ws/install/ydlidar/share/ydlidar/package.bash'
[0.565s] INFO:colcon.colcon_core.shell:Creating package script '/home/guyechan/slam_ws/install/ydlidar/share/ydlidar/package.zsh'
[0.565s] Level 1:colcon.colcon_core.environment:create_file_with_runtime_dependencies(/home/guyechan/slam_ws/install/ydlidar/share/colcon-core/packages/ydlidar)
[0.577s] Level 1:colcon.colcon_core.environment:create_environment_scripts_only(sana_msgs)
[0.578s] Level 1:colcon.colcon_core.environment:checking '/home/guyechan/slam_ws/install/sana_msgs' for CMake module files
[0.578s] Level 1:colcon.colcon_core.environment:checking '/home/guyechan/slam_ws/install/sana_msgs' for CMake config files
[0.579s] Level 1:colcon.colcon_core.shell:create_environment_hook('sana_msgs', 'cmake_prefix_path')
[0.579s] INFO:colcon.colcon_core.shell:Creating environment hook '/home/guyechan/slam_ws/install/sana_msgs/share/sana_msgs/hook/cmake_prefix_path.ps1'
[0.580s] INFO:colcon.colcon_core.shell:Creating environment descriptor '/home/guyechan/slam_ws/install/sana_msgs/share/sana_msgs/hook/cmake_prefix_path.dsv'
[0.580s] INFO:colcon.colcon_core.shell:Creating environment hook '/home/guyechan/slam_ws/install/sana_msgs/share/sana_msgs/hook/cmake_prefix_path.sh'
[0.580s] Level 1:colcon.colcon_core.environment:checking '/home/guyechan/slam_ws/install/sana_msgs/lib'
[0.580s] Level 1:colcon.colcon_core.shell:create_environment_hook('sana_msgs', 'ld_library_path_lib')
[0.581s] INFO:colcon.colcon_core.shell:Creating environment hook '/home/guyechan/slam_ws/install/sana_msgs/share/sana_msgs/hook/ld_library_path_lib.ps1'
[0.581s] INFO:colcon.colcon_core.shell:Creating environment descriptor '/home/guyechan/slam_ws/install/sana_msgs/share/sana_msgs/hook/ld_library_path_lib.dsv'
[0.581s] INFO:colcon.colcon_core.shell:Creating environment hook '/home/guyechan/slam_ws/install/sana_msgs/share/sana_msgs/hook/ld_library_path_lib.sh'
[0.582s] Level 1:colcon.colcon_core.environment:checking '/home/guyechan/slam_ws/install/sana_msgs/bin'
[0.582s] Level 1:colcon.colcon_core.environment:checking '/home/guyechan/slam_ws/install/sana_msgs/lib/pkgconfig/sana_msgs.pc'
[0.582s] Level 1:colcon.colcon_core.environment:checking '/home/guyechan/slam_ws/install/sana_msgs/lib/python3.8/site-packages'
[0.582s] Level 1:colcon.colcon_core.shell:create_environment_hook('sana_msgs', 'pythonpath')
[0.583s] INFO:colcon.colcon_core.shell:Creating environment hook '/home/guyechan/slam_ws/install/sana_msgs/share/sana_msgs/hook/pythonpath.ps1'
[0.583s] INFO:colcon.colcon_core.shell:Creating environment descriptor '/home/guyechan/slam_ws/install/sana_msgs/share/sana_msgs/hook/pythonpath.dsv'
[0.583s] INFO:colcon.colcon_core.shell:Creating environment hook '/home/guyechan/slam_ws/install/sana_msgs/share/sana_msgs/hook/pythonpath.sh'
[0.583s] Level 1:colcon.colcon_core.environment:checking '/home/guyechan/slam_ws/install/sana_msgs/bin'
[0.584s] INFO:colcon.colcon_core.shell:Creating package script '/home/guyechan/slam_ws/install/sana_msgs/share/sana_msgs/package.ps1'
[0.584s] INFO:colcon.colcon_core.shell:Creating package descriptor '/home/guyechan/slam_ws/install/sana_msgs/share/sana_msgs/package.dsv'
[0.585s] INFO:colcon.colcon_core.shell:Creating package script '/home/guyechan/slam_ws/install/sana_msgs/share/sana_msgs/package.sh'
[0.585s] INFO:colcon.colcon_core.shell:Creating package script '/home/guyechan/slam_ws/install/sana_msgs/share/sana_msgs/package.bash'
[0.585s] INFO:colcon.colcon_core.shell:Creating package script '/home/guyechan/slam_ws/install/sana_msgs/share/sana_msgs/package.zsh'
[0.585s] Level 1:colcon.colcon_core.environment:create_file_with_runtime_dependencies(/home/guyechan/slam_ws/install/sana_msgs/share/colcon-core/packages/sana_msgs)
[0.586s] INFO:colcon.colcon_ros.task.ament_python.build:Building ROS package in '/home/guyechan/slam_ws/src/voice_processing' with build type 'ament_python'
[0.586s] Level 1:colcon.colcon_core.shell:create_environment_hook('voice_processing', 'ament_prefix_path')
[0.587s] INFO:colcon.colcon_core.shell:Creating environment hook '/home/guyechan/slam_ws/install/voice_processing/share/voice_processing/hook/ament_prefix_path.ps1'
[0.587s] INFO:colcon.colcon_core.shell:Creating environment descriptor '/home/guyechan/slam_ws/install/voice_processing/share/voice_processing/hook/ament_prefix_path.dsv'
[0.587s] INFO:colcon.colcon_core.shell:Creating environment hook '/home/guyechan/slam_ws/install/voice_processing/share/voice_processing/hook/ament_prefix_path.sh'
[0.588s] INFO:colcon.colcon_core.shell:Skip shell extension 'powershell' for command environment: Not usable outside of PowerShell
[0.588s] DEBUG:colcon.colcon_core.shell:Skip shell extension 'dsv' for command environment
[0.593s] INFO:colcon.colcon_ros.task.ament_python.build:Building ROS package in '/home/guyechan/slam_ws/src/yolov3' with build type 'ament_python'
[0.593s] Level 1:colcon.colcon_core.shell:create_environment_hook('yolov3', 'ament_prefix_path')
[0.594s] INFO:colcon.colcon_core.shell:Creating environment hook '/home/guyechan/slam_ws/install/yolov3/share/yolov3/hook/ament_prefix_path.ps1'
[0.594s] INFO:colcon.colcon_core.shell:Creating environment descriptor '/home/guyechan/slam_ws/install/yolov3/share/yolov3/hook/ament_prefix_path.dsv'
[0.594s] INFO:colcon.colcon_core.shell:Creating environment hook '/home/guyechan/slam_ws/install/yolov3/share/yolov3/hook/ament_prefix_path.sh'
[0.595s] INFO:colcon.colcon_core.shell:Skip shell extension 'powershell' for command environment: Not usable outside of PowerShell
[0.595s] DEBUG:colcon.colcon_core.shell:Skip shell extension 'dsv' for command environment
[0.749s] INFO:colcon.colcon_core.task.python.build:Building Python package in '/home/guyechan/slam_ws/src/voice_processing'
[0.750s] INFO:colcon.colcon_core.shell:Skip shell extension 'powershell' for command environment: Not usable outside of PowerShell
[0.750s] DEBUG:colcon.colcon_core.shell:Skip shell extension 'dsv' for command environment
[0.911s] INFO:colcon.colcon_core.task.python.build:Building Python package in '/home/guyechan/slam_ws/src/yolov3'
[0.912s] INFO:colcon.colcon_core.shell:Skip shell extension 'powershell' for command environment: Not usable outside of PowerShell
[0.912s] DEBUG:colcon.colcon_core.shell:Skip shell extension 'dsv' for command environment
[0.920s] DEBUG:colcon.colcon_core.event_handler.log_command:Invoking command in '/home/guyechan/slam_ws/build/slam': PYTHONPATH=/home/guyechan/slam_ws/install/slam/lib/python3.8/site-packages:${PYTHONPATH} /usr/bin/python3 setup.py develop --prefix /home/guyechan/slam_ws/install/slam --editable --build-directory /home/guyechan/slam_ws/build/slam/build --no-deps install_data --install-dir /home/guyechan/slam_ws/install/slam
[1.191s] DEBUG:colcon.colcon_core.event_handler.log_command:Invoking command in '/home/guyechan/slam_ws/build/voice_processing': CMAKE_PREFIX_PATH=/home/guyechan/slam_ws/install/sana_msgs:/home/guyechan/slam_ws/install/ydlidar LD_LIBRARY_PATH=/home/guyechan/slam_ws/install/sana_msgs/lib:/opt/ros/foxy/opt/yaml_cpp_vendor/lib:/opt/ros/foxy/opt/rviz_ogre_vendor/lib:/opt/ros/foxy/lib/x86_64-linux-gnu:/opt/ros/foxy/lib:/usr/local/cuda-11.6/lib64:/usr/lib/x86_64-linux-gnu/gazebo-11/plugins PYTHONPATH=/home/guyechan/slam_ws/install/voice_processing/lib/python3.8/site-packages:/home/guyechan/slam_ws/install/sana_msgs/lib/python3.8/site-packages:/home/guyechan/slam_ws/build/yolov3:/home/guyechan/slam_ws/install/yolov3/lib/python3.8/site-packages:/home/guyechan/slam_ws/build/voice_processing:/home/guyechan/slam_ws/install/voice_processing/lib/python3.8/site-packages:/home/guyechan/slam_ws/build/slam:/home/guyechan/slam_ws/install/slam/lib/python3.8/site-packages:/opt/ros/foxy/lib/python3.8/site-packages /usr/bin/python3 setup.py develop --prefix /home/guyechan/slam_ws/install/voice_processing --editable --build-directory /home/guyechan/slam_ws/build/voice_processing/build --no-deps install_data --install-dir /home/guyechan/slam_ws/install/voice_processing
[1.194s] DEBUG:colcon.colcon_core.event_handler.log_command:Invoking command in '/home/guyechan/slam_ws/build/yolov3': CMAKE_PREFIX_PATH=/home/guyechan/slam_ws/install/sana_msgs:/home/guyechan/slam_ws/install/ydlidar LD_LIBRARY_PATH=/home/guyechan/slam_ws/install/sana_msgs/lib:/opt/ros/foxy/opt/yaml_cpp_vendor/lib:/opt/ros/foxy/opt/rviz_ogre_vendor/lib:/opt/ros/foxy/lib/x86_64-linux-gnu:/opt/ros/foxy/lib:/usr/local/cuda-11.6/lib64:/usr/lib/x86_64-linux-gnu/gazebo-11/plugins PYTHONPATH=/home/guyechan/slam_ws/install/yolov3/lib/python3.8/site-packages:/home/guyechan/slam_ws/install/sana_msgs/lib/python3.8/site-packages:/home/guyechan/slam_ws/build/yolov3:/home/guyechan/slam_ws/install/yolov3/lib/python3.8/site-packages:/home/guyechan/slam_ws/build/voice_processing:/home/guyechan/slam_ws/install/voice_processing/lib/python3.8/site-packages:/home/guyechan/slam_ws/build/slam:/home/guyechan/slam_ws/install/slam/lib/python3.8/site-packages:/opt/ros/foxy/lib/python3.8/site-packages /usr/bin/python3 setup.py develop --prefix /home/guyechan/slam_ws/install/yolov3 --editable --build-directory /home/guyechan/slam_ws/build/yolov3/build --no-deps install_data --install-dir /home/guyechan/slam_ws/install/yolov3
[1.242s] Level 1:colcon.colcon_core.shell:create_environment_hook('slam', 'pythonpath_develop')
[1.243s] INFO:colcon.colcon_core.shell:Creating environment hook '/home/guyechan/slam_ws/build/slam/share/slam/hook/pythonpath_develop.ps1'
[1.243s] DEBUG:colcon.colcon_core.event_handler.log_command:Invoked command in '/home/guyechan/slam_ws/build/slam' returned '0': PYTHONPATH=/home/guyechan/slam_ws/install/slam/lib/python3.8/site-packages:${PYTHONPATH} /usr/bin/python3 setup.py develop --prefix /home/guyechan/slam_ws/install/slam --editable --build-directory /home/guyechan/slam_ws/build/slam/build --no-deps install_data --install-dir /home/guyechan/slam_ws/install/slam
[1.244s] INFO:colcon.colcon_core.shell:Creating environment descriptor '/home/guyechan/slam_ws/build/slam/share/slam/hook/pythonpath_develop.dsv'
[1.244s] INFO:colcon.colcon_core.shell:Creating environment hook '/home/guyechan/slam_ws/build/slam/share/slam/hook/pythonpath_develop.sh'
[1.246s] Level 1:colcon.colcon_core.environment:checking '/home/guyechan/slam_ws/install/slam' for CMake module files
[1.246s] Level 1:colcon.colcon_core.environment:checking '/home/guyechan/slam_ws/install/slam' for CMake config files
[1.246s] Level 1:colcon.colcon_core.environment:checking '/home/guyechan/slam_ws/install/slam/lib'
[1.246s] Level 1:colcon.colcon_core.environment:checking '/home/guyechan/slam_ws/install/slam/bin'
[1.246s] Level 1:colcon.colcon_core.environment:checking '/home/guyechan/slam_ws/install/slam/lib/pkgconfig/slam.pc'
[1.247s] Level 1:colcon.colcon_core.environment:checking '/home/guyechan/slam_ws/install/slam/lib/python3.8/site-packages'
[1.247s] Level 1:colcon.colcon_core.shell:create_environment_hook('slam', 'pythonpath')
[1.248s] INFO:colcon.colcon_core.shell:Creating environment hook '/home/guyechan/slam_ws/install/slam/share/slam/hook/pythonpath.ps1'
[1.248s] INFO:colcon.colcon_core.shell:Creating environment descriptor '/home/guyechan/slam_ws/install/slam/share/slam/hook/pythonpath.dsv'
[1.248s] INFO:colcon.colcon_core.shell:Creating environment hook '/home/guyechan/slam_ws/install/slam/share/slam/hook/pythonpath.sh'
[1.248s] Level 1:colcon.colcon_core.environment:checking '/home/guyechan/slam_ws/install/slam/bin'
[1.249s] Level 1:colcon.colcon_core.environment:create_environment_scripts_only(slam)
[1.249s] INFO:colcon.colcon_core.shell:Creating package script '/home/guyechan/slam_ws/install/slam/share/slam/package.ps1'
[1.250s] INFO:colcon.colcon_core.shell:Creating package descriptor '/home/guyechan/slam_ws/install/slam/share/slam/package.dsv'
[1.250s] INFO:colcon.colcon_core.shell:Creating package script '/home/guyechan/slam_ws/install/slam/share/slam/package.sh'
[1.250s] INFO:colcon.colcon_core.shell:Creating package script '/home/guyechan/slam_ws/install/slam/share/slam/package.bash'
[1.250s] INFO:colcon.colcon_core.shell:Creating package script '/home/guyechan/slam_ws/install/slam/share/slam/package.zsh'
[1.251s] Level 1:colcon.colcon_core.environment:create_file_with_runtime_dependencies(/home/guyechan/slam_ws/install/slam/share/colcon-core/packages/slam)
[1.500s] DEBUG:colcon.colcon_core.event_handler.log_command:Invoked command in '/home/guyechan/slam_ws/build/voice_processing' returned '1': CMAKE_PREFIX_PATH=/home/guyechan/slam_ws/install/sana_msgs:/home/guyechan/slam_ws/install/ydlidar LD_LIBRARY_PATH=/home/guyechan/slam_ws/install/sana_msgs/lib:/opt/ros/foxy/opt/yaml_cpp_vendor/lib:/opt/ros/foxy/opt/rviz_ogre_vendor/lib:/opt/ros/foxy/lib/x86_64-linux-gnu:/opt/ros/foxy/lib:/usr/local/cuda-11.6/lib64:/usr/lib/x86_64-linux-gnu/gazebo-11/plugins PYTHONPATH=/home/guyechan/slam_ws/install/voice_processing/lib/python3.8/site-packages:/home/guyechan/slam_ws/install/sana_msgs/lib/python3.8/site-packages:/home/guyechan/slam_ws/build/yolov3:/home/guyechan/slam_ws/install/yolov3/lib/python3.8/site-packages:/home/guyechan/slam_ws/build/voice_processing:/home/guyechan/slam_ws/install/voice_processing/lib/python3.8/site-packages:/home/guyechan/slam_ws/build/slam:/home/guyechan/slam_ws/install/slam/lib/python3.8/site-packages:/opt/ros/foxy/lib/python3.8/site-packages /usr/bin/python3 setup.py develop --prefix /home/guyechan/slam_ws/install/voice_processing --editable --build-directory /home/guyechan/slam_ws/build/voice_processing/build --no-deps install_data --install-dir /home/guyechan/slam_ws/install/voice_processing
[1.511s] DEBUG:colcon.colcon_parallel_executor.executor.parallel:closing loop
[1.511s] DEBUG:colcon.colcon_parallel_executor.executor.parallel:loop closed
[1.511s] DEBUG:colcon.colcon_parallel_executor.executor.parallel:run_until_complete finished with '1'
[1.511s] DEBUG:colcon.colcon_core.event_reactor:joining thread
[1.517s] INFO:colcon.colcon_core.plugin_system:Skipping extension 'colcon_notification.desktop_notification.terminal_notifier': Not used on non-Darwin systems
[1.517s] INFO:colcon.colcon_core.plugin_system:Skipping extension 'colcon_notification.desktop_notification.win32': Not used on non-Windows systems
[1.517s] INFO:colcon.colcon_notification.desktop_notification:Sending desktop notification using 'notify2'
[1.527s] DEBUG:colcon.colcon_core.event_reactor:joined thread
[1.528s] INFO:colcon.colcon_core.shell:Creating prefix script '/home/guyechan/slam_ws/install/local_setup.ps1'
[1.529s] INFO:colcon.colcon_core.shell:Creating prefix util module '/home/guyechan/slam_ws/install/_local_setup_util_ps1.py'
[1.530s] INFO:colcon.colcon_core.shell:Creating prefix chain script '/home/guyechan/slam_ws/install/setup.ps1'
[1.531s] INFO:colcon.colcon_core.shell:Creating prefix script '/home/guyechan/slam_ws/install/local_setup.sh'
[1.531s] INFO:colcon.colcon_core.shell:Creating prefix util module '/home/guyechan/slam_ws/install/_local_setup_util_sh.py'
[1.532s] INFO:colcon.colcon_core.shell:Creating prefix chain script '/home/guyechan/slam_ws/install/setup.sh'
[1.532s] INFO:colcon.colcon_core.shell:Creating prefix script '/home/guyechan/slam_ws/install/local_setup.bash'
[1.533s] INFO:colcon.colcon_core.shell:Creating prefix chain script '/home/guyechan/slam_ws/install/setup.bash'
[1.534s] INFO:colcon.colcon_core.shell:Creating prefix script '/home/guyechan/slam_ws/install/local_setup.zsh'
[1.534s] INFO:colcon.colcon_core.shell:Creating prefix chain script '/home/guyechan/slam_ws/install/setup.zsh'
