[0.076s] DEBUG:colcon:Command line arguments: ['/usr/bin/colcon', 'build', '--symlink-install']
[0.076s] DEBUG:colcon:Parsed command line arguments: Namespace(allow_overriding=[], ament_cmake_args=None, base_paths=['.'], build_base='build', catkin_cmake_args=None, catkin_skip_building_tests=False, cmake_args=None, cmake_clean_cache=False, cmake_clean_first=False, cmake_force_configure=False, cmake_target=None, cmake_target_skip_unavailable=False, continue_on_error=False, event_handlers=None, executor='parallel', ignore_user_meta=False, install_base='install', log_base=None, log_level=None, main=<bound method BuildVerb.main of <colcon_core.verb.build.BuildVerb object at 0x7fe7f4a8de80>>, merge_install=False, metas=['./colcon.meta'], packages_above=None, packages_above_and_dependencies=None, packages_above_depth=None, packages_end=None, packages_ignore=None, packages_ignore_regex=None, packages_select=None, packages_select_build_failed=False, packages_select_by_dep=None, packages_select_regex=None, packages_select_test_failures=False, packages_skip=None, packages_skip_build_finished=False, packages_skip_by_dep=None, packages_skip_regex=None, packages_skip_test_passed=False, packages_skip_up_to=None, packages_start=None, packages_up_to=None, packages_up_to_regex=None, parallel_workers=16, paths=None, symlink_install=True, test_result_base=None, verb_extension=<colcon_core.verb.build.BuildVerb object at 0x7fe7f4a8de80>, verb_name='build', verb_parser=<colcon_defaults.argument_parser.defaults.DefaultArgumentsDecorator object at 0x7fe7f4a96430>)
[0.089s] Level 1:colcon.colcon_core.package_discovery:discover_packages(colcon_meta) check parameters
[0.089s] Level 1:colcon.colcon_core.package_discovery:discover_packages(recursive) check parameters
[0.089s] Level 1:colcon.colcon_core.package_discovery:discover_packages(ignore) check parameters
[0.089s] Level 1:colcon.colcon_core.package_discovery:discover_packages(path) check parameters
[0.089s] Level 1:colcon.colcon_core.package_discovery:discover_packages(colcon_meta) discover
[0.089s] Level 1:colcon.colcon_core.package_discovery:discover_packages(recursive) discover
[0.089s] INFO:colcon.colcon_core.package_discovery:Crawling recursively for packages in '/home/guyechan/slam_ws'
[0.089s] Level 1:colcon.colcon_core.package_identification:_identify(.) by extensions ['ignore', 'ignore_ament_install']
[0.089s] Level 1:colcon.colcon_core.package_identification:_identify(.) by extension 'ignore'
[0.089s] Level 1:colcon.colcon_core.package_identification:_identify(.) by extension 'ignore_ament_install'
[0.089s] Level 1:colcon.colcon_core.package_identification:_identify(.) by extensions ['colcon_pkg']
[0.089s] Level 1:colcon.colcon_core.package_identification:_identify(.) by extension 'colcon_pkg'
[0.089s] Level 1:colcon.colcon_core.package_identification:_identify(.) by extensions ['colcon_meta']
[0.089s] Level 1:colcon.colcon_core.package_identification:_identify(.) by extension 'colcon_meta'
[0.089s] Level 1:colcon.colcon_core.package_identification:_identify(.) by extensions ['ros']
[0.089s] Level 1:colcon.colcon_core.package_identification:_identify(.) by extension 'ros'
[0.096s] Level 1:colcon.colcon_core.package_identification:_identify(.) by extensions ['cmake', 'python']
[0.096s] Level 1:colcon.colcon_core.package_identification:_identify(.) by extension 'cmake'
[0.096s] Level 1:colcon.colcon_core.package_identification:_identify(.) by extension 'python'
[0.096s] Level 1:colcon.colcon_core.package_identification:_identify(.) by extensions ['python_setup_py']
[0.096s] Level 1:colcon.colcon_core.package_identification:_identify(.) by extension 'python_setup_py'
[0.096s] Level 1:colcon.colcon_core.package_identification:_identify(build) by extensions ['ignore', 'ignore_ament_install']
[0.096s] Level 1:colcon.colcon_core.package_identification:_identify(build) by extension 'ignore'
[0.096s] Level 1:colcon.colcon_core.package_identification:_identify(build) ignored
[0.096s] Level 1:colcon.colcon_core.package_identification:_identify(install) by extensions ['ignore', 'ignore_ament_install']
[0.097s] Level 1:colcon.colcon_core.package_identification:_identify(install) by extension 'ignore'
[0.097s] Level 1:colcon.colcon_core.package_identification:_identify(install) ignored
[0.097s] Level 1:colcon.colcon_core.package_identification:_identify(log) by extensions ['ignore', 'ignore_ament_install']
[0.097s] Level 1:colcon.colcon_core.package_identification:_identify(log) by extension 'ignore'
[0.097s] Level 1:colcon.colcon_core.package_identification:_identify(log) ignored
[0.097s] Level 1:colcon.colcon_core.package_identification:_identify(src) by extensions ['ignore', 'ignore_ament_install']
[0.097s] Level 1:colcon.colcon_core.package_identification:_identify(src) by extension 'ignore'
[0.097s] Level 1:colcon.colcon_core.package_identification:_identify(src) by extension 'ignore_ament_install'
[0.097s] Level 1:colcon.colcon_core.package_identification:_identify(src) by extensions ['colcon_pkg']
[0.097s] Level 1:colcon.colcon_core.package_identification:_identify(src) by extension 'colcon_pkg'
[0.097s] Level 1:colcon.colcon_core.package_identification:_identify(src) by extensions ['colcon_meta']
[0.097s] Level 1:colcon.colcon_core.package_identification:_identify(src) by extension 'colcon_meta'
[0.097s] Level 1:colcon.colcon_core.package_identification:_identify(src) by extensions ['ros']
[0.097s] Level 1:colcon.colcon_core.package_identification:_identify(src) by extension 'ros'
[0.097s] Level 1:colcon.colcon_core.package_identification:_identify(src) by extensions ['cmake', 'python']
[0.097s] Level 1:colcon.colcon_core.package_identification:_identify(src) by extension 'cmake'
[0.097s] Level 1:colcon.colcon_core.package_identification:_identify(src) by extension 'python'
[0.097s] Level 1:colcon.colcon_core.package_identification:_identify(src) by extensions ['python_setup_py']
[0.097s] Level 1:colcon.colcon_core.package_identification:_identify(src) by extension 'python_setup_py'
[0.097s] Level 1:colcon.colcon_core.package_identification:_identify(src/slam) by extensions ['ignore', 'ignore_ament_install']
[0.097s] Level 1:colcon.colcon_core.package_identification:_identify(src/slam) by extension 'ignore'
[0.097s] Level 1:colcon.colcon_core.package_identification:_identify(src/slam) by extension 'ignore_ament_install'
[0.097s] Level 1:colcon.colcon_core.package_identification:_identify(src/slam) by extensions ['colcon_pkg']
[0.097s] Level 1:colcon.colcon_core.package_identification:_identify(src/slam) by extension 'colcon_pkg'
[0.097s] Level 1:colcon.colcon_core.package_identification:_identify(src/slam) by extensions ['colcon_meta']
[0.097s] Level 1:colcon.colcon_core.package_identification:_identify(src/slam) by extension 'colcon_meta'
[0.097s] Level 1:colcon.colcon_core.package_identification:_identify(src/slam) by extensions ['ros']
[0.097s] Level 1:colcon.colcon_core.package_identification:_identify(src/slam) by extension 'ros'
[0.099s] DEBUG:colcon.colcon_core.package_identification:Package 'src/slam' with type 'ros.ament_python' and name 'slam'
[0.099s] Level 1:colcon.colcon_core.package_discovery:discover_packages(recursive) using defaults
[0.099s] Level 1:colcon.colcon_core.package_discovery:discover_packages(ignore) discover
[0.099s] Level 1:colcon.colcon_core.package_discovery:discover_packages(ignore) using defaults
[0.099s] Level 1:colcon.colcon_core.package_discovery:discover_packages(path) discover
[0.099s] Level 1:colcon.colcon_core.package_discovery:discover_packages(path) using defaults
[0.109s] Level 1:colcon.colcon_core.package_discovery:discover_packages(prefix_path) check parameters
[0.109s] Level 1:colcon.colcon_core.package_discovery:discover_packages(prefix_path) discover
[0.110s] DEBUG:colcon.colcon_installed_package_information.package_discovery:Found 1 installed packages in /home/guyechan/slam_ws/install
[0.111s] DEBUG:colcon.colcon_installed_package_information.package_discovery:Found 352 installed packages in /opt/ros/foxy
[0.117s] Level 1:colcon.colcon_core.package_discovery:discover_packages(prefix_path) using defaults
[0.161s] Level 5:colcon.colcon_core.verb:set package 'slam' build argument 'cmake_args' from command line to 'None'
[0.161s] Level 5:colcon.colcon_core.verb:set package 'slam' build argument 'cmake_target' from command line to 'None'
[0.161s] Level 5:colcon.colcon_core.verb:set package 'slam' build argument 'cmake_target_skip_unavailable' from command line to 'False'
[0.161s] Level 5:colcon.colcon_core.verb:set package 'slam' build argument 'cmake_clean_cache' from command line to 'False'
[0.161s] Level 5:colcon.colcon_core.verb:set package 'slam' build argument 'cmake_clean_first' from command line to 'False'
[0.161s] Level 5:colcon.colcon_core.verb:set package 'slam' build argument 'cmake_force_configure' from command line to 'False'
[0.161s] Level 5:colcon.colcon_core.verb:set package 'slam' build argument 'ament_cmake_args' from command line to 'None'
[0.161s] Level 5:colcon.colcon_core.verb:set package 'slam' build argument 'catkin_cmake_args' from command line to 'None'
[0.161s] Level 5:colcon.colcon_core.verb:set package 'slam' build argument 'catkin_skip_building_tests' from command line to 'False'
[0.161s] DEBUG:colcon.colcon_core.verb:Building package 'slam' with the following arguments: {'ament_cmake_args': None, 'build_base': '/home/guyechan/slam_ws/build/slam', 'catkin_cmake_args': None, 'catkin_skip_building_tests': False, 'cmake_args': None, 'cmake_clean_cache': False, 'cmake_clean_first': False, 'cmake_force_configure': False, 'cmake_target': None, 'cmake_target_skip_unavailable': False, 'install_base': '/home/guyechan/slam_ws/install/slam', 'merge_install': False, 'path': '/home/guyechan/slam_ws/src/slam', 'symlink_install': True, 'test_result_base': None}
[0.162s] INFO:colcon.colcon_core.executor:Executing jobs using 'parallel' executor
[0.163s] DEBUG:colcon.colcon_parallel_executor.executor.parallel:run_until_complete
[0.163s] INFO:colcon.colcon_ros.task.ament_python.build:Building ROS package in '/home/guyechan/slam_ws/src/slam' with build type 'ament_python'
[0.163s] Level 1:colcon.colcon_core.shell:create_environment_hook('slam', 'ament_prefix_path')
[0.165s] INFO:colcon.colcon_core.plugin_system:Skipping extension 'colcon_core.shell.bat': Not used on non-Windows systems
[0.165s] INFO:colcon.colcon_core.shell:Creating environment hook '/home/guyechan/slam_ws/install/slam/share/slam/hook/ament_prefix_path.ps1'
[0.165s] INFO:colcon.colcon_core.shell:Creating environment descriptor '/home/guyechan/slam_ws/install/slam/share/slam/hook/ament_prefix_path.dsv'
[0.165s] INFO:colcon.colcon_core.shell:Creating environment hook '/home/guyechan/slam_ws/install/slam/share/slam/hook/ament_prefix_path.sh'
[0.166s] INFO:colcon.colcon_core.shell:Skip shell extension 'powershell' for command environment: Not usable outside of PowerShell
[0.166s] DEBUG:colcon.colcon_core.shell:Skip shell extension 'dsv' for command environment
[0.307s] INFO:colcon.colcon_core.task.python.build:Building Python package in '/home/guyechan/slam_ws/src/slam'
[0.308s] INFO:colcon.colcon_core.shell:Skip shell extension 'powershell' for command environment: Not usable outside of PowerShell
[0.308s] DEBUG:colcon.colcon_core.shell:Skip shell extension 'dsv' for command environment
[0.552s] DEBUG:colcon.colcon_core.event_handler.log_command:Invoking command in '/home/guyechan/slam_ws/build/slam': PYTHONPATH=/home/guyechan/slam_ws/build/slam/prefix_override:/home/guyechan/slam_ws/install/slam/lib/python3.8/site-packages:${PYTHONPATH} /usr/bin/python3 setup.py develop --editable --build-directory /home/guyechan/slam_ws/build/slam/build --no-deps install_data
[0.829s] Level 1:colcon.colcon_core.shell:create_environment_hook('slam', 'pythonpath_develop')
[0.830s] INFO:colcon.colcon_core.shell:Creating environment hook '/home/guyechan/slam_ws/build/slam/share/slam/hook/pythonpath_develop.ps1'
[0.830s] DEBUG:colcon.colcon_core.event_handler.log_command:Invoked command in '/home/guyechan/slam_ws/build/slam' returned '0': PYTHONPATH=/home/guyechan/slam_ws/build/slam/prefix_override:/home/guyechan/slam_ws/install/slam/lib/python3.8/site-packages:${PYTHONPATH} /usr/bin/python3 setup.py develop --editable --build-directory /home/guyechan/slam_ws/build/slam/build --no-deps install_data
[0.831s] INFO:colcon.colcon_core.shell:Creating environment descriptor '/home/guyechan/slam_ws/build/slam/share/slam/hook/pythonpath_develop.dsv'
[0.831s] INFO:colcon.colcon_core.shell:Creating environment hook '/home/guyechan/slam_ws/build/slam/share/slam/hook/pythonpath_develop.sh'
[0.833s] Level 1:colcon.colcon_core.environment:checking '/home/guyechan/slam_ws/install/slam' for CMake module files
[0.833s] Level 1:colcon.colcon_core.environment:checking '/home/guyechan/slam_ws/install/slam' for CMake config files
[0.834s] Level 1:colcon.colcon_core.environment:checking '/home/guyechan/slam_ws/install/slam/lib'
[0.834s] Level 1:colcon.colcon_core.environment:checking '/home/guyechan/slam_ws/install/slam/bin'
[0.834s] Level 1:colcon.colcon_core.environment:checking '/home/guyechan/slam_ws/install/slam/lib/pkgconfig/slam.pc'
[0.834s] Level 1:colcon.colcon_core.environment:checking '/home/guyechan/slam_ws/install/slam/lib/python3.8/site-packages'
[0.834s] Level 1:colcon.colcon_core.shell:create_environment_hook('slam', 'pythonpath')
[0.835s] INFO:colcon.colcon_core.shell:Creating environment hook '/home/guyechan/slam_ws/install/slam/share/slam/hook/pythonpath.ps1'
[0.835s] INFO:colcon.colcon_core.shell:Creating environment descriptor '/home/guyechan/slam_ws/install/slam/share/slam/hook/pythonpath.dsv'
[0.835s] INFO:colcon.colcon_core.shell:Creating environment hook '/home/guyechan/slam_ws/install/slam/share/slam/hook/pythonpath.sh'
[0.835s] Level 1:colcon.colcon_core.environment:checking '/home/guyechan/slam_ws/install/slam/bin'
[0.835s] Level 1:colcon.colcon_core.environment:create_environment_scripts_only(slam)
[0.836s] INFO:colcon.colcon_core.shell:Creating package script '/home/guyechan/slam_ws/install/slam/share/slam/package.ps1'
[0.836s] INFO:colcon.colcon_core.shell:Creating package descriptor '/home/guyechan/slam_ws/install/slam/share/slam/package.dsv'
[0.836s] INFO:colcon.colcon_core.shell:Creating package script '/home/guyechan/slam_ws/install/slam/share/slam/package.sh'
[0.837s] INFO:colcon.colcon_core.shell:Creating package script '/home/guyechan/slam_ws/install/slam/share/slam/package.bash'
[0.837s] INFO:colcon.colcon_core.shell:Creating package script '/home/guyechan/slam_ws/install/slam/share/slam/package.zsh'
[0.837s] Level 1:colcon.colcon_core.environment:create_file_with_runtime_dependencies(/home/guyechan/slam_ws/install/slam/share/colcon-core/packages/slam)
[0.838s] DEBUG:colcon.colcon_parallel_executor.executor.parallel:closing loop
[0.838s] DEBUG:colcon.colcon_parallel_executor.executor.parallel:loop closed
[0.838s] DEBUG:colcon.colcon_parallel_executor.executor.parallel:run_until_complete finished with '0'
[0.838s] DEBUG:colcon.colcon_core.event_reactor:joining thread
[0.841s] INFO:colcon.colcon_core.plugin_system:Skipping extension 'colcon_notification.desktop_notification.terminal_notifier': Not used on non-Darwin systems
[0.841s] INFO:colcon.colcon_core.plugin_system:Skipping extension 'colcon_notification.desktop_notification.win32': Not used on non-Windows systems
[0.841s] INFO:colcon.colcon_notification.desktop_notification:Sending desktop notification using 'notify2'
[0.851s] DEBUG:colcon.colcon_core.event_reactor:joined thread
[0.851s] INFO:colcon.colcon_core.shell:Creating prefix script '/home/guyechan/slam_ws/install/local_setup.ps1'
[0.852s] INFO:colcon.colcon_core.shell:Creating prefix util module '/home/guyechan/slam_ws/install/_local_setup_util_ps1.py'
[0.852s] INFO:colcon.colcon_core.shell:Creating prefix chain script '/home/guyechan/slam_ws/install/setup.ps1'
[0.853s] INFO:colcon.colcon_core.shell:Creating prefix script '/home/guyechan/slam_ws/install/local_setup.sh'
[0.854s] INFO:colcon.colcon_core.shell:Creating prefix util module '/home/guyechan/slam_ws/install/_local_setup_util_sh.py'
[0.854s] INFO:colcon.colcon_core.shell:Creating prefix chain script '/home/guyechan/slam_ws/install/setup.sh'
[0.855s] INFO:colcon.colcon_core.shell:Creating prefix script '/home/guyechan/slam_ws/install/local_setup.bash'
[0.855s] INFO:colcon.colcon_core.shell:Creating prefix chain script '/home/guyechan/slam_ws/install/setup.bash'
[0.856s] INFO:colcon.colcon_core.shell:Creating prefix script '/home/guyechan/slam_ws/install/local_setup.zsh'
[0.856s] INFO:colcon.colcon_core.shell:Creating prefix chain script '/home/guyechan/slam_ws/install/setup.zsh'
