[0.089s] DEBUG:colcon:Command line arguments: ['/usr/bin/colcon', 'build', '--symlink-install', '--allow-overriding', 'slam', 'ydlidar', 'yolov3', 'voice_processing', 'sana_msgs']
[0.089s] DEBUG:colcon:Parsed command line arguments: Namespace(allow_overriding=['slam', 'ydlidar', 'yolov3', 'voice_processing', 'sana_msgs'], ament_cmake_args=None, base_paths=['.'], build_base='build', catkin_cmake_args=None, catkin_skip_building_tests=False, cmake_args=None, cmake_clean_cache=False, cmake_clean_first=False, cmake_force_configure=False, cmake_target=None, cmake_target_skip_unavailable=False, continue_on_error=False, event_handlers=None, executor='parallel', ignore_user_meta=False, install_base='install', log_base=None, log_level=None, main=<bound method BuildVerb.main of <colcon_core.verb.build.BuildVerb object at 0x7f35c45327c0>>, merge_install=False, metas=['./colcon.meta'], packages_above=None, packages_above_and_dependencies=None, packages_above_depth=None, packages_end=None, packages_ignore=None, packages_ignore_regex=None, packages_select=None, packages_select_build_failed=False, packages_select_by_dep=None, packages_select_regex=None, packages_select_test_failures=False, packages_skip=None, packages_skip_build_finished=False, packages_skip_by_dep=None, packages_skip_regex=None, packages_skip_test_passed=False, packages_skip_up_to=None, packages_start=None, packages_up_to=None, packages_up_to_regex=None, parallel_workers=16, paths=None, symlink_install=True, test_result_base=None, verb_extension=<colcon_core.verb.build.BuildVerb object at 0x7f35c45327c0>, verb_name='build', verb_parser=<colcon_defaults.argument_parser.defaults.DefaultArgumentsDecorator object at 0x7f35c4532d30>)
[0.104s] Level 1:colcon.colcon_core.package_discovery:discover_packages(colcon_meta) check parameters
[0.104s] Level 1:colcon.colcon_core.package_discovery:discover_packages(recursive) check parameters
[0.104s] Level 1:colcon.colcon_core.package_discovery:discover_packages(ignore) check parameters
[0.104s] Level 1:colcon.colcon_core.package_discovery:discover_packages(path) check parameters
[0.104s] Level 1:colcon.colcon_core.package_discovery:discover_packages(colcon_meta) discover
[0.104s] Level 1:colcon.colcon_core.package_discovery:discover_packages(recursive) discover
[0.104s] INFO:colcon.colcon_core.package_discovery:Crawling recursively for packages in '/home/guyechan/slam_ws'
[0.104s] Level 1:colcon.colcon_core.package_identification:_identify(.) by extensions ['ignore', 'ignore_ament_install']
[0.104s] Level 1:colcon.colcon_core.package_identification:_identify(.) by extension 'ignore'
[0.104s] Level 1:colcon.colcon_core.package_identification:_identify(.) by extension 'ignore_ament_install'
[0.104s] Level 1:colcon.colcon_core.package_identification:_identify(.) by extensions ['colcon_pkg']
[0.104s] Level 1:colcon.colcon_core.package_identification:_identify(.) by extension 'colcon_pkg'
[0.104s] Level 1:colcon.colcon_core.package_identification:_identify(.) by extensions ['colcon_meta']
[0.104s] Level 1:colcon.colcon_core.package_identification:_identify(.) by extension 'colcon_meta'
[0.104s] Level 1:colcon.colcon_core.package_identification:_identify(.) by extensions ['ros']
[0.104s] Level 1:colcon.colcon_core.package_identification:_identify(.) by extension 'ros'
[0.115s] Level 1:colcon.colcon_core.package_identification:_identify(.) by extensions ['cmake', 'python']
[0.115s] Level 1:colcon.colcon_core.package_identification:_identify(.) by extension 'cmake'
[0.115s] Level 1:colcon.colcon_core.package_identification:_identify(.) by extension 'python'
[0.115s] Level 1:colcon.colcon_core.package_identification:_identify(.) by extensions ['python_setup_py']
[0.115s] Level 1:colcon.colcon_core.package_identification:_identify(.) by extension 'python_setup_py'
[0.115s] Level 1:colcon.colcon_core.package_identification:_identify(build) by extensions ['ignore', 'ignore_ament_install']
[0.115s] Level 1:colcon.colcon_core.package_identification:_identify(build) by extension 'ignore'
[0.115s] Level 1:colcon.colcon_core.package_identification:_identify(build) ignored
[0.115s] Level 1:colcon.colcon_core.package_identification:_identify(install) by extensions ['ignore', 'ignore_ament_install']
[0.116s] Level 1:colcon.colcon_core.package_identification:_identify(install) by extension 'ignore'
[0.116s] Level 1:colcon.colcon_core.package_identification:_identify(install) ignored
[0.116s] Level 1:colcon.colcon_core.package_identification:_identify(log) by extensions ['ignore', 'ignore_ament_install']
[0.116s] Level 1:colcon.colcon_core.package_identification:_identify(log) by extension 'ignore'
[0.116s] Level 1:colcon.colcon_core.package_identification:_identify(log) ignored
[0.116s] Level 1:colcon.colcon_core.package_identification:_identify(microros) by extensions ['ignore', 'ignore_ament_install']
[0.116s] Level 1:colcon.colcon_core.package_identification:_identify(microros) by extension 'ignore'
[0.116s] Level 1:colcon.colcon_core.package_identification:_identify(microros) by extension 'ignore_ament_install'
[0.116s] Level 1:colcon.colcon_core.package_identification:_identify(microros) by extensions ['colcon_pkg']
[0.116s] Level 1:colcon.colcon_core.package_identification:_identify(microros) by extension 'colcon_pkg'
[0.116s] Level 1:colcon.colcon_core.package_identification:_identify(microros) by extensions ['colcon_meta']
[0.116s] Level 1:colcon.colcon_core.package_identification:_identify(microros) by extension 'colcon_meta'
[0.116s] Level 1:colcon.colcon_core.package_identification:_identify(microros) by extensions ['ros']
[0.116s] Level 1:colcon.colcon_core.package_identification:_identify(microros) by extension 'ros'
[0.116s] Level 1:colcon.colcon_core.package_identification:_identify(microros) by extensions ['cmake', 'python']
[0.116s] Level 1:colcon.colcon_core.package_identification:_identify(microros) by extension 'cmake'
[0.116s] Level 1:colcon.colcon_core.package_identification:_identify(microros) by extension 'python'
[0.116s] Level 1:colcon.colcon_core.package_identification:_identify(microros) by extensions ['python_setup_py']
[0.116s] Level 1:colcon.colcon_core.package_identification:_identify(microros) by extension 'python_setup_py'
[0.116s] Level 1:colcon.colcon_core.package_identification:_identify(src) by extensions ['ignore', 'ignore_ament_install']
[0.116s] Level 1:colcon.colcon_core.package_identification:_identify(src) by extension 'ignore'
[0.116s] Level 1:colcon.colcon_core.package_identification:_identify(src) by extension 'ignore_ament_install'
[0.116s] Level 1:colcon.colcon_core.package_identification:_identify(src) by extensions ['colcon_pkg']
[0.116s] Level 1:colcon.colcon_core.package_identification:_identify(src) by extension 'colcon_pkg'
[0.116s] Level 1:colcon.colcon_core.package_identification:_identify(src) by extensions ['colcon_meta']
[0.116s] Level 1:colcon.colcon_core.package_identification:_identify(src) by extension 'colcon_meta'
[0.116s] Level 1:colcon.colcon_core.package_identification:_identify(src) by extensions ['ros']
[0.116s] Level 1:colcon.colcon_core.package_identification:_identify(src) by extension 'ros'
[0.116s] Level 1:colcon.colcon_core.package_identification:_identify(src) by extensions ['cmake', 'python']
[0.116s] Level 1:colcon.colcon_core.package_identification:_identify(src) by extension 'cmake'
[0.116s] Level 1:colcon.colcon_core.package_identification:_identify(src) by extension 'python'
[0.116s] Level 1:colcon.colcon_core.package_identification:_identify(src) by extensions ['python_setup_py']
[0.116s] Level 1:colcon.colcon_core.package_identification:_identify(src) by extension 'python_setup_py'
[0.117s] Level 1:colcon.colcon_core.package_identification:_identify(src/sana_msgs) by extensions ['ignore', 'ignore_ament_install']
[0.117s] Level 1:colcon.colcon_core.package_identification:_identify(src/sana_msgs) by extension 'ignore'
[0.117s] Level 1:colcon.colcon_core.package_identification:_identify(src/sana_msgs) by extension 'ignore_ament_install'
[0.117s] Level 1:colcon.colcon_core.package_identification:_identify(src/sana_msgs) by extensions ['colcon_pkg']
[0.117s] Level 1:colcon.colcon_core.package_identification:_identify(src/sana_msgs) by extension 'colcon_pkg'
[0.117s] Level 1:colcon.colcon_core.package_identification:_identify(src/sana_msgs) by extensions ['colcon_meta']
[0.117s] Level 1:colcon.colcon_core.package_identification:_identify(src/sana_msgs) by extension 'colcon_meta'
[0.117s] Level 1:colcon.colcon_core.package_identification:_identify(src/sana_msgs) by extensions ['ros']
[0.117s] Level 1:colcon.colcon_core.package_identification:_identify(src/sana_msgs) by extension 'ros'
[0.118s] DEBUG:colcon.colcon_core.package_identification:Package 'src/sana_msgs' with type 'ros.ament_cmake' and name 'sana_msgs'
[0.118s] Level 1:colcon.colcon_core.package_identification:_identify(src/slam) by extensions ['ignore', 'ignore_ament_install']
[0.118s] Level 1:colcon.colcon_core.package_identification:_identify(src/slam) by extension 'ignore'
[0.118s] Level 1:colcon.colcon_core.package_identification:_identify(src/slam) by extension 'ignore_ament_install'
[0.118s] Level 1:colcon.colcon_core.package_identification:_identify(src/slam) by extensions ['colcon_pkg']
[0.118s] Level 1:colcon.colcon_core.package_identification:_identify(src/slam) by extension 'colcon_pkg'
[0.118s] Level 1:colcon.colcon_core.package_identification:_identify(src/slam) by extensions ['colcon_meta']
[0.118s] Level 1:colcon.colcon_core.package_identification:_identify(src/slam) by extension 'colcon_meta'
[0.118s] Level 1:colcon.colcon_core.package_identification:_identify(src/slam) by extensions ['ros']
[0.118s] Level 1:colcon.colcon_core.package_identification:_identify(src/slam) by extension 'ros'
[0.119s] DEBUG:colcon.colcon_core.package_identification:Package 'src/slam' with type 'ros.ament_python' and name 'slam'
[0.119s] Level 1:colcon.colcon_core.package_identification:_identify(src/voice_processing) by extensions ['ignore', 'ignore_ament_install']
[0.119s] Level 1:colcon.colcon_core.package_identification:_identify(src/voice_processing) by extension 'ignore'
[0.119s] Level 1:colcon.colcon_core.package_identification:_identify(src/voice_processing) by extension 'ignore_ament_install'
[0.119s] Level 1:colcon.colcon_core.package_identification:_identify(src/voice_processing) by extensions ['colcon_pkg']
[0.119s] Level 1:colcon.colcon_core.package_identification:_identify(src/voice_processing) by extension 'colcon_pkg'
[0.119s] Level 1:colcon.colcon_core.package_identification:_identify(src/voice_processing) by extensions ['colcon_meta']
[0.119s] Level 1:colcon.colcon_core.package_identification:_identify(src/voice_processing) by extension 'colcon_meta'
[0.119s] Level 1:colcon.colcon_core.package_identification:_identify(src/voice_processing) by extensions ['ros']
[0.119s] Level 1:colcon.colcon_core.package_identification:_identify(src/voice_processing) by extension 'ros'
[0.120s] DEBUG:colcon.colcon_core.package_identification:Package 'src/voice_processing' with type 'ros.ament_python' and name 'voice_processing'
[0.120s] Level 1:colcon.colcon_core.package_identification:_identify(src/ydlidar_ros2) by extensions ['ignore', 'ignore_ament_install']
[0.120s] Level 1:colcon.colcon_core.package_identification:_identify(src/ydlidar_ros2) by extension 'ignore'
[0.120s] Level 1:colcon.colcon_core.package_identification:_identify(src/ydlidar_ros2) by extension 'ignore_ament_install'
[0.120s] Level 1:colcon.colcon_core.package_identification:_identify(src/ydlidar_ros2) by extensions ['colcon_pkg']
[0.120s] Level 1:colcon.colcon_core.package_identification:_identify(src/ydlidar_ros2) by extension 'colcon_pkg'
[0.120s] Level 1:colcon.colcon_core.package_identification:_identify(src/ydlidar_ros2) by extensions ['colcon_meta']
[0.120s] Level 1:colcon.colcon_core.package_identification:_identify(src/ydlidar_ros2) by extension 'colcon_meta'
[0.120s] Level 1:colcon.colcon_core.package_identification:_identify(src/ydlidar_ros2) by extensions ['ros']
[0.120s] Level 1:colcon.colcon_core.package_identification:_identify(src/ydlidar_ros2) by extension 'ros'
[0.120s] DEBUG:colcon.colcon_core.package_identification:Package 'src/ydlidar_ros2' with type 'ros.ament_cmake' and name 'ydlidar'
[0.120s] Level 1:colcon.colcon_core.package_identification:_identify(src/yolov3) by extensions ['ignore', 'ignore_ament_install']
[0.120s] Level 1:colcon.colcon_core.package_identification:_identify(src/yolov3) by extension 'ignore'
[0.120s] Level 1:colcon.colcon_core.package_identification:_identify(src/yolov3) by extension 'ignore_ament_install'
[0.120s] Level 1:colcon.colcon_core.package_identification:_identify(src/yolov3) by extensions ['colcon_pkg']
[0.120s] Level 1:colcon.colcon_core.package_identification:_identify(src/yolov3) by extension 'colcon_pkg'
[0.120s] Level 1:colcon.colcon_core.package_identification:_identify(src/yolov3) by extensions ['colcon_meta']
[0.120s] Level 1:colcon.colcon_core.package_identification:_identify(src/yolov3) by extension 'colcon_meta'
[0.120s] Level 1:colcon.colcon_core.package_identification:_identify(src/yolov3) by extensions ['ros']
[0.121s] Level 1:colcon.colcon_core.package_identification:_identify(src/yolov3) by extension 'ros'
[0.121s] DEBUG:colcon.colcon_core.package_identification:Package 'src/yolov3' with type 'ros.ament_python' and name 'yolov3'
[0.121s] Level 1:colcon.colcon_core.package_discovery:discover_packages(recursive) using defaults
[0.121s] Level 1:colcon.colcon_core.package_discovery:discover_packages(ignore) discover
[0.121s] Level 1:colcon.colcon_core.package_discovery:discover_packages(ignore) using defaults
[0.121s] Level 1:colcon.colcon_core.package_discovery:discover_packages(path) discover
[0.121s] Level 1:colcon.colcon_core.package_discovery:discover_packages(path) using defaults
[0.133s] Level 1:colcon.colcon_core.package_discovery:discover_packages(prefix_path) check parameters
[0.133s] Level 1:colcon.colcon_core.package_discovery:discover_packages(prefix_path) discover
[0.133s] WARNING:colcon.colcon_ros.prefix_path.ament:The path '/home/guyechan/slam_ws/install/yolov3' in the environment variable AMENT_PREFIX_PATH doesn't exist
[0.133s] WARNING:colcon.colcon_ros.prefix_path.ament:The path '/home/guyechan/slam_ws/install/ydlidar' in the environment variable AMENT_PREFIX_PATH doesn't exist
[0.133s] WARNING:colcon.colcon_ros.prefix_path.ament:The path '/home/guyechan/slam_ws/install/voice_processing' in the environment variable AMENT_PREFIX_PATH doesn't exist
[0.133s] WARNING:colcon.colcon_ros.prefix_path.ament:The path '/home/guyechan/slam_ws/install/slam' in the environment variable AMENT_PREFIX_PATH doesn't exist
[0.133s] WARNING:colcon.colcon_ros.prefix_path.ament:The path '/home/guyechan/slam_ws/install/sana_msgs' in the environment variable AMENT_PREFIX_PATH doesn't exist
[0.133s] WARNING:colcon.colcon_ros.prefix_path.catkin:The path '/home/guyechan/slam_ws/install/ydlidar' in the environment variable CMAKE_PREFIX_PATH doesn't exist
[0.133s] WARNING:colcon.colcon_ros.prefix_path.catkin:The path '/home/guyechan/slam_ws/install/sana_msgs' in the environment variable CMAKE_PREFIX_PATH doesn't exist
[0.134s] DEBUG:colcon.colcon_installed_package_information.package_discovery:Found 0 installed packages in /home/guyechan/slam_ws/install
[0.135s] DEBUG:colcon.colcon_installed_package_information.package_discovery:Found 352 installed packages in /opt/ros/foxy
[0.137s] Level 1:colcon.colcon_core.package_discovery:discover_packages(prefix_path) using defaults
[0.181s] Level 5:colcon.colcon_core.verb:set package 'sana_msgs' build argument 'cmake_args' from command line to 'None'
[0.181s] Level 5:colcon.colcon_core.verb:set package 'sana_msgs' build argument 'cmake_target' from command line to 'None'
[0.181s] Level 5:colcon.colcon_core.verb:set package 'sana_msgs' build argument 'cmake_target_skip_unavailable' from command line to 'False'
[0.181s] Level 5:colcon.colcon_core.verb:set package 'sana_msgs' build argument 'cmake_clean_cache' from command line to 'False'
[0.181s] Level 5:colcon.colcon_core.verb:set package 'sana_msgs' build argument 'cmake_clean_first' from command line to 'False'
[0.181s] Level 5:colcon.colcon_core.verb:set package 'sana_msgs' build argument 'cmake_force_configure' from command line to 'False'
[0.181s] Level 5:colcon.colcon_core.verb:set package 'sana_msgs' build argument 'ament_cmake_args' from command line to 'None'
[0.181s] Level 5:colcon.colcon_core.verb:set package 'sana_msgs' build argument 'catkin_cmake_args' from command line to 'None'
[0.181s] Level 5:colcon.colcon_core.verb:set package 'sana_msgs' build argument 'catkin_skip_building_tests' from command line to 'False'
[0.181s] DEBUG:colcon.colcon_core.verb:Building package 'sana_msgs' with the following arguments: {'ament_cmake_args': None, 'build_base': '/home/guyechan/slam_ws/build/sana_msgs', 'catkin_cmake_args': None, 'catkin_skip_building_tests': False, 'cmake_args': None, 'cmake_clean_cache': False, 'cmake_clean_first': False, 'cmake_force_configure': False, 'cmake_target': None, 'cmake_target_skip_unavailable': False, 'install_base': '/home/guyechan/slam_ws/install/sana_msgs', 'merge_install': False, 'path': '/home/guyechan/slam_ws/src/sana_msgs', 'symlink_install': True, 'test_result_base': None}
[0.182s] Level 5:colcon.colcon_core.verb:set package 'slam' build argument 'cmake_args' from command line to 'None'
[0.182s] Level 5:colcon.colcon_core.verb:set package 'slam' build argument 'cmake_target' from command line to 'None'
[0.182s] Level 5:colcon.colcon_core.verb:set package 'slam' build argument 'cmake_target_skip_unavailable' from command line to 'False'
[0.182s] Level 5:colcon.colcon_core.verb:set package 'slam' build argument 'cmake_clean_cache' from command line to 'False'
[0.182s] Level 5:colcon.colcon_core.verb:set package 'slam' build argument 'cmake_clean_first' from command line to 'False'
[0.182s] Level 5:colcon.colcon_core.verb:set package 'slam' build argument 'cmake_force_configure' from command line to 'False'
[0.182s] Level 5:colcon.colcon_core.verb:set package 'slam' build argument 'ament_cmake_args' from command line to 'None'
[0.182s] Level 5:colcon.colcon_core.verb:set package 'slam' build argument 'catkin_cmake_args' from command line to 'None'
[0.182s] Level 5:colcon.colcon_core.verb:set package 'slam' build argument 'catkin_skip_building_tests' from command line to 'False'
[0.182s] DEBUG:colcon.colcon_core.verb:Building package 'slam' with the following arguments: {'ament_cmake_args': None, 'build_base': '/home/guyechan/slam_ws/build/slam', 'catkin_cmake_args': None, 'catkin_skip_building_tests': False, 'cmake_args': None, 'cmake_clean_cache': False, 'cmake_clean_first': False, 'cmake_force_configure': False, 'cmake_target': None, 'cmake_target_skip_unavailable': False, 'install_base': '/home/guyechan/slam_ws/install/slam', 'merge_install': False, 'path': '/home/guyechan/slam_ws/src/slam', 'symlink_install': True, 'test_result_base': None}
[0.183s] Level 5:colcon.colcon_core.verb:set package 'ydlidar' build argument 'cmake_args' from command line to 'None'
[0.183s] Level 5:colcon.colcon_core.verb:set package 'ydlidar' build argument 'cmake_target' from command line to 'None'
[0.183s] Level 5:colcon.colcon_core.verb:set package 'ydlidar' build argument 'cmake_target_skip_unavailable' from command line to 'False'
[0.183s] Level 5:colcon.colcon_core.verb:set package 'ydlidar' build argument 'cmake_clean_cache' from command line to 'False'
[0.183s] Level 5:colcon.colcon_core.verb:set package 'ydlidar' build argument 'cmake_clean_first' from command line to 'False'
[0.183s] Level 5:colcon.colcon_core.verb:set package 'ydlidar' build argument 'cmake_force_configure' from command line to 'False'
[0.183s] Level 5:colcon.colcon_core.verb:set package 'ydlidar' build argument 'ament_cmake_args' from command line to 'None'
[0.183s] Level 5:colcon.colcon_core.verb:set package 'ydlidar' build argument 'catkin_cmake_args' from command line to 'None'
[0.183s] Level 5:colcon.colcon_core.verb:set package 'ydlidar' build argument 'catkin_skip_building_tests' from command line to 'False'
[0.183s] DEBUG:colcon.colcon_core.verb:Building package 'ydlidar' with the following arguments: {'ament_cmake_args': None, 'build_base': '/home/guyechan/slam_ws/build/ydlidar', 'catkin_cmake_args': None, 'catkin_skip_building_tests': False, 'cmake_args': None, 'cmake_clean_cache': False, 'cmake_clean_first': False, 'cmake_force_configure': False, 'cmake_target': None, 'cmake_target_skip_unavailable': False, 'install_base': '/home/guyechan/slam_ws/install/ydlidar', 'merge_install': False, 'path': '/home/guyechan/slam_ws/src/ydlidar_ros2', 'symlink_install': True, 'test_result_base': None}
[0.183s] Level 5:colcon.colcon_core.verb:set package 'voice_processing' build argument 'cmake_args' from command line to 'None'
[0.183s] Level 5:colcon.colcon_core.verb:set package 'voice_processing' build argument 'cmake_target' from command line to 'None'
[0.183s] Level 5:colcon.colcon_core.verb:set package 'voice_processing' build argument 'cmake_target_skip_unavailable' from command line to 'False'
[0.183s] Level 5:colcon.colcon_core.verb:set package 'voice_processing' build argument 'cmake_clean_cache' from command line to 'False'
[0.183s] Level 5:colcon.colcon_core.verb:set package 'voice_processing' build argument 'cmake_clean_first' from command line to 'False'
[0.183s] Level 5:colcon.colcon_core.verb:set package 'voice_processing' build argument 'cmake_force_configure' from command line to 'False'
[0.183s] Level 5:colcon.colcon_core.verb:set package 'voice_processing' build argument 'ament_cmake_args' from command line to 'None'
[0.184s] Level 5:colcon.colcon_core.verb:set package 'voice_processing' build argument 'catkin_cmake_args' from command line to 'None'
[0.184s] Level 5:colcon.colcon_core.verb:set package 'voice_processing' build argument 'catkin_skip_building_tests' from command line to 'False'
[0.184s] DEBUG:colcon.colcon_core.verb:Building package 'voice_processing' with the following arguments: {'ament_cmake_args': None, 'build_base': '/home/guyechan/slam_ws/build/voice_processing', 'catkin_cmake_args': None, 'catkin_skip_building_tests': False, 'cmake_args': None, 'cmake_clean_cache': False, 'cmake_clean_first': False, 'cmake_force_configure': False, 'cmake_target': None, 'cmake_target_skip_unavailable': False, 'install_base': '/home/guyechan/slam_ws/install/voice_processing', 'merge_install': False, 'path': '/home/guyechan/slam_ws/src/voice_processing', 'symlink_install': True, 'test_result_base': None}
[0.184s] Level 5:colcon.colcon_core.verb:set package 'yolov3' build argument 'cmake_args' from command line to 'None'
[0.184s] Level 5:colcon.colcon_core.verb:set package 'yolov3' build argument 'cmake_target' from command line to 'None'
[0.184s] Level 5:colcon.colcon_core.verb:set package 'yolov3' build argument 'cmake_target_skip_unavailable' from command line to 'False'
[0.184s] Level 5:colcon.colcon_core.verb:set package 'yolov3' build argument 'cmake_clean_cache' from command line to 'False'
[0.184s] Level 5:colcon.colcon_core.verb:set package 'yolov3' build argument 'cmake_clean_first' from command line to 'False'
[0.184s] Level 5:colcon.colcon_core.verb:set package 'yolov3' build argument 'cmake_force_configure' from command line to 'False'
[0.184s] Level 5:colcon.colcon_core.verb:set package 'yolov3' build argument 'ament_cmake_args' from command line to 'None'
[0.184s] Level 5:colcon.colcon_core.verb:set package 'yolov3' build argument 'catkin_cmake_args' from command line to 'None'
[0.184s] Level 5:colcon.colcon_core.verb:set package 'yolov3' build argument 'catkin_skip_building_tests' from command line to 'False'
[0.184s] DEBUG:colcon.colcon_core.verb:Building package 'yolov3' with the following arguments: {'ament_cmake_args': None, 'build_base': '/home/guyechan/slam_ws/build/yolov3', 'catkin_cmake_args': None, 'catkin_skip_building_tests': False, 'cmake_args': None, 'cmake_clean_cache': False, 'cmake_clean_first': False, 'cmake_force_configure': False, 'cmake_target': None, 'cmake_target_skip_unavailable': False, 'install_base': '/home/guyechan/slam_ws/install/yolov3', 'merge_install': False, 'path': '/home/guyechan/slam_ws/src/yolov3', 'symlink_install': True, 'test_result_base': None}
[0.185s] INFO:colcon.colcon_core.executor:Executing jobs using 'parallel' executor
[0.187s] DEBUG:colcon.colcon_parallel_executor.executor.parallel:run_until_complete
[0.187s] INFO:colcon.colcon_ros.task.ament_cmake.build:Building ROS package in '/home/guyechan/slam_ws/src/sana_msgs' with build type 'ament_cmake'
[0.187s] INFO:colcon.colcon_cmake.task.cmake.build:Building CMake package in '/home/guyechan/slam_ws/src/sana_msgs'
[0.190s] INFO:colcon.colcon_core.plugin_system:Skipping extension 'colcon_core.shell.bat': Not used on non-Windows systems
[0.190s] INFO:colcon.colcon_core.shell:Skip shell extension 'powershell' for command environment: Not usable outside of PowerShell
[0.190s] DEBUG:colcon.colcon_core.shell:Skip shell extension 'dsv' for command environment
[0.194s] INFO:colcon.colcon_ros.task.ament_python.build:Building ROS package in '/home/guyechan/slam_ws/src/slam' with build type 'ament_python'
[0.194s] Level 1:colcon.colcon_core.shell:create_environment_hook('slam', 'ament_prefix_path')
[0.195s] INFO:colcon.colcon_core.shell:Creating environment hook '/home/guyechan/slam_ws/install/slam/share/slam/hook/ament_prefix_path.ps1'
[0.196s] INFO:colcon.colcon_core.shell:Creating environment descriptor '/home/guyechan/slam_ws/install/slam/share/slam/hook/ament_prefix_path.dsv'
[0.196s] INFO:colcon.colcon_core.shell:Creating environment hook '/home/guyechan/slam_ws/install/slam/share/slam/hook/ament_prefix_path.sh'
[0.197s] INFO:colcon.colcon_core.shell:Skip shell extension 'powershell' for command environment: Not usable outside of PowerShell
[0.197s] DEBUG:colcon.colcon_core.shell:Skip shell extension 'dsv' for command environment
[0.200s] INFO:colcon.colcon_ros.task.ament_cmake.build:Building ROS package in '/home/guyechan/slam_ws/src/ydlidar_ros2' with build type 'ament_cmake'
[0.201s] INFO:colcon.colcon_cmake.task.cmake.build:Building CMake package in '/home/guyechan/slam_ws/src/ydlidar_ros2'
[0.202s] INFO:colcon.colcon_core.shell:Skip shell extension 'powershell' for command environment: Not usable outside of PowerShell
[0.202s] DEBUG:colcon.colcon_core.shell:Skip shell extension 'dsv' for command environment
[0.209s] DEBUG:colcon.colcon_core.event_handler.log_command:Invoking command in '/home/guyechan/slam_ws/build/sana_msgs': CMAKE_PREFIX_PATH=${CMAKE_PREFIX_PATH}:/home/guyechan/slam_ws/install/yolov3:/home/guyechan/slam_ws/install/voice_processing:/home/guyechan/slam_ws/install/slam:/opt/ros/foxy /usr/bin/cmake /home/guyechan/slam_ws/src/sana_msgs -DAMENT_CMAKE_SYMLINK_INSTALL=1 -DCMAKE_INSTALL_PREFIX=/home/guyechan/slam_ws/install/sana_msgs
[0.354s] INFO:colcon.colcon_core.task.python.build:Building Python package in '/home/guyechan/slam_ws/src/slam'
[0.355s] INFO:colcon.colcon_core.shell:Skip shell extension 'powershell' for command environment: Not usable outside of PowerShell
[0.355s] DEBUG:colcon.colcon_core.shell:Skip shell extension 'dsv' for command environment
[0.363s] DEBUG:colcon.colcon_core.event_handler.log_command:Invoking command in '/home/guyechan/slam_ws/build/ydlidar': CMAKE_PREFIX_PATH=${CMAKE_PREFIX_PATH}:/home/guyechan/slam_ws/install/yolov3:/home/guyechan/slam_ws/install/voice_processing:/home/guyechan/slam_ws/install/slam:/opt/ros/foxy /usr/bin/cmake /home/guyechan/slam_ws/src/ydlidar_ros2 -DAMENT_CMAKE_SYMLINK_INSTALL=1 -DCMAKE_INSTALL_PREFIX=/home/guyechan/slam_ws/install/ydlidar
[0.631s] DEBUG:colcon.colcon_core.event_handler.log_command:Invoking command in '/home/guyechan/slam_ws/build/slam': PYTHONPATH=/home/guyechan/slam_ws/install/slam/lib/python3.8/site-packages:${PYTHONPATH} /usr/bin/python3 setup.py develop --prefix /home/guyechan/slam_ws/install/slam --editable --build-directory /home/guyechan/slam_ws/build/slam/build --no-deps install_data --install-dir /home/guyechan/slam_ws/install/slam
[0.938s] Level 1:colcon.colcon_core.shell:create_environment_hook('slam', 'pythonpath_develop')
[0.939s] INFO:colcon.colcon_core.shell:Creating environment hook '/home/guyechan/slam_ws/build/slam/share/slam/hook/pythonpath_develop.ps1'
[0.940s] DEBUG:colcon.colcon_core.event_handler.log_command:Invoked command in '/home/guyechan/slam_ws/build/slam' returned '0': PYTHONPATH=/home/guyechan/slam_ws/install/slam/lib/python3.8/site-packages:${PYTHONPATH} /usr/bin/python3 setup.py develop --prefix /home/guyechan/slam_ws/install/slam --editable --build-directory /home/guyechan/slam_ws/build/slam/build --no-deps install_data --install-dir /home/guyechan/slam_ws/install/slam
[0.940s] INFO:colcon.colcon_core.shell:Creating environment descriptor '/home/guyechan/slam_ws/build/slam/share/slam/hook/pythonpath_develop.dsv'
[0.940s] INFO:colcon.colcon_core.shell:Creating environment hook '/home/guyechan/slam_ws/build/slam/share/slam/hook/pythonpath_develop.sh'
[0.943s] Level 1:colcon.colcon_core.environment:checking '/home/guyechan/slam_ws/install/slam' for CMake module files
[0.944s] Level 1:colcon.colcon_core.environment:checking '/home/guyechan/slam_ws/install/slam' for CMake config files
[0.944s] Level 1:colcon.colcon_core.environment:checking '/home/guyechan/slam_ws/install/slam/lib'
[0.944s] Level 1:colcon.colcon_core.environment:checking '/home/guyechan/slam_ws/install/slam/bin'
[0.944s] Level 1:colcon.colcon_core.environment:checking '/home/guyechan/slam_ws/install/slam/lib/pkgconfig/slam.pc'
[0.945s] Level 1:colcon.colcon_core.environment:checking '/home/guyechan/slam_ws/install/slam/lib/python3.8/site-packages'
[0.945s] Level 1:colcon.colcon_core.shell:create_environment_hook('slam', 'pythonpath')
[0.945s] INFO:colcon.colcon_core.shell:Creating environment hook '/home/guyechan/slam_ws/install/slam/share/slam/hook/pythonpath.ps1'
[0.946s] INFO:colcon.colcon_core.shell:Creating environment descriptor '/home/guyechan/slam_ws/install/slam/share/slam/hook/pythonpath.dsv'
[0.946s] INFO:colcon.colcon_core.shell:Creating environment hook '/home/guyechan/slam_ws/install/slam/share/slam/hook/pythonpath.sh'
[0.946s] Level 1:colcon.colcon_core.environment:checking '/home/guyechan/slam_ws/install/slam/bin'
[0.946s] Level 1:colcon.colcon_core.environment:create_environment_scripts_only(slam)
[0.947s] INFO:colcon.colcon_core.shell:Creating package script '/home/guyechan/slam_ws/install/slam/share/slam/package.ps1'
[0.947s] INFO:colcon.colcon_core.shell:Creating package descriptor '/home/guyechan/slam_ws/install/slam/share/slam/package.dsv'
[0.948s] INFO:colcon.colcon_core.shell:Creating package script '/home/guyechan/slam_ws/install/slam/share/slam/package.sh'
[0.948s] INFO:colcon.colcon_core.shell:Creating package script '/home/guyechan/slam_ws/install/slam/share/slam/package.bash'
[0.948s] INFO:colcon.colcon_core.shell:Creating package script '/home/guyechan/slam_ws/install/slam/share/slam/package.zsh'
[0.949s] Level 1:colcon.colcon_core.environment:create_file_with_runtime_dependencies(/home/guyechan/slam_ws/install/slam/share/colcon-core/packages/slam)
[1.205s] DEBUG:colcon.colcon_core.event_handler.log_command:Invoked command in '/home/guyechan/slam_ws/build/sana_msgs' returned '0': CMAKE_PREFIX_PATH=${CMAKE_PREFIX_PATH}:/home/guyechan/slam_ws/install/yolov3:/home/guyechan/slam_ws/install/voice_processing:/home/guyechan/slam_ws/install/slam:/opt/ros/foxy /usr/bin/cmake /home/guyechan/slam_ws/src/sana_msgs -DAMENT_CMAKE_SYMLINK_INSTALL=1 -DCMAKE_INSTALL_PREFIX=/home/guyechan/slam_ws/install/sana_msgs
[1.205s] DEBUG:colcon.colcon_core.event_handler.log_command:Invoking command in '/home/guyechan/slam_ws/build/sana_msgs': CMAKE_PREFIX_PATH=${CMAKE_PREFIX_PATH}:/home/guyechan/slam_ws/install/yolov3:/home/guyechan/slam_ws/install/voice_processing:/home/guyechan/slam_ws/install/slam:/opt/ros/foxy /usr/bin/cmake --build /home/guyechan/slam_ws/build/sana_msgs -- -j16 -l16
[1.568s] DEBUG:colcon.colcon_core.event_handler.log_command:Invoked command in '/home/guyechan/slam_ws/build/ydlidar' returned '0': CMAKE_PREFIX_PATH=${CMAKE_PREFIX_PATH}:/home/guyechan/slam_ws/install/yolov3:/home/guyechan/slam_ws/install/voice_processing:/home/guyechan/slam_ws/install/slam:/opt/ros/foxy /usr/bin/cmake /home/guyechan/slam_ws/src/ydlidar_ros2 -DAMENT_CMAKE_SYMLINK_INSTALL=1 -DCMAKE_INSTALL_PREFIX=/home/guyechan/slam_ws/install/ydlidar
[1.568s] DEBUG:colcon.colcon_core.event_handler.log_command:Invoking command in '/home/guyechan/slam_ws/build/ydlidar': CMAKE_PREFIX_PATH=${CMAKE_PREFIX_PATH}:/home/guyechan/slam_ws/install/yolov3:/home/guyechan/slam_ws/install/voice_processing:/home/guyechan/slam_ws/install/slam:/opt/ros/foxy /usr/bin/cmake --build /home/guyechan/slam_ws/build/ydlidar -- -j16 -l16
[3.009s] DEBUG:colcon.colcon_core.event_handler.log_command:Invoked command in '/home/guyechan/slam_ws/build/sana_msgs' returned '0': CMAKE_PREFIX_PATH=${CMAKE_PREFIX_PATH}:/home/guyechan/slam_ws/install/yolov3:/home/guyechan/slam_ws/install/voice_processing:/home/guyechan/slam_ws/install/slam:/opt/ros/foxy /usr/bin/cmake --build /home/guyechan/slam_ws/build/sana_msgs -- -j16 -l16
[3.049s] DEBUG:colcon.colcon_core.event_handler.log_command:Invoking command in '/home/guyechan/slam_ws/build/sana_msgs': CMAKE_PREFIX_PATH=${CMAKE_PREFIX_PATH}:/home/guyechan/slam_ws/install/yolov3:/home/guyechan/slam_ws/install/voice_processing:/home/guyechan/slam_ws/install/slam:/opt/ros/foxy /usr/bin/cmake --install /home/guyechan/slam_ws/build/sana_msgs
[3.391s] Level 1:colcon.colcon_core.environment:create_environment_scripts_only(sana_msgs)
[3.393s] Level 1:colcon.colcon_core.environment:checking '/home/guyechan/slam_ws/install/sana_msgs' for CMake module files
[3.393s] DEBUG:colcon.colcon_core.event_handler.log_command:Invoked command in '/home/guyechan/slam_ws/build/sana_msgs' returned '0': CMAKE_PREFIX_PATH=${CMAKE_PREFIX_PATH}:/home/guyechan/slam_ws/install/yolov3:/home/guyechan/slam_ws/install/voice_processing:/home/guyechan/slam_ws/install/slam:/opt/ros/foxy /usr/bin/cmake --install /home/guyechan/slam_ws/build/sana_msgs
[3.394s] Level 1:colcon.colcon_core.environment:checking '/home/guyechan/slam_ws/install/sana_msgs' for CMake config files
[3.394s] Level 1:colcon.colcon_core.shell:create_environment_hook('sana_msgs', 'cmake_prefix_path')
[3.395s] INFO:colcon.colcon_core.shell:Creating environment hook '/home/guyechan/slam_ws/install/sana_msgs/share/sana_msgs/hook/cmake_prefix_path.ps1'
[3.395s] INFO:colcon.colcon_core.shell:Creating environment descriptor '/home/guyechan/slam_ws/install/sana_msgs/share/sana_msgs/hook/cmake_prefix_path.dsv'
[3.395s] INFO:colcon.colcon_core.shell:Creating environment hook '/home/guyechan/slam_ws/install/sana_msgs/share/sana_msgs/hook/cmake_prefix_path.sh'
[3.396s] Level 1:colcon.colcon_core.environment:checking '/home/guyechan/slam_ws/install/sana_msgs/lib'
[3.396s] Level 1:colcon.colcon_core.shell:create_environment_hook('sana_msgs', 'ld_library_path_lib')
[3.397s] INFO:colcon.colcon_core.shell:Creating environment hook '/home/guyechan/slam_ws/install/sana_msgs/share/sana_msgs/hook/ld_library_path_lib.ps1'
[3.397s] INFO:colcon.colcon_core.shell:Creating environment descriptor '/home/guyechan/slam_ws/install/sana_msgs/share/sana_msgs/hook/ld_library_path_lib.dsv'
[3.397s] INFO:colcon.colcon_core.shell:Creating environment hook '/home/guyechan/slam_ws/install/sana_msgs/share/sana_msgs/hook/ld_library_path_lib.sh'
[3.397s] Level 1:colcon.colcon_core.environment:checking '/home/guyechan/slam_ws/install/sana_msgs/bin'
[3.397s] Level 1:colcon.colcon_core.environment:checking '/home/guyechan/slam_ws/install/sana_msgs/lib/pkgconfig/sana_msgs.pc'
[3.397s] Level 1:colcon.colcon_core.environment:checking '/home/guyechan/slam_ws/install/sana_msgs/lib/python3.8/site-packages'
[3.397s] Level 1:colcon.colcon_core.shell:create_environment_hook('sana_msgs', 'pythonpath')
[3.398s] INFO:colcon.colcon_core.shell:Creating environment hook '/home/guyechan/slam_ws/install/sana_msgs/share/sana_msgs/hook/pythonpath.ps1'
[3.398s] INFO:colcon.colcon_core.shell:Creating environment descriptor '/home/guyechan/slam_ws/install/sana_msgs/share/sana_msgs/hook/pythonpath.dsv'
[3.398s] INFO:colcon.colcon_core.shell:Creating environment hook '/home/guyechan/slam_ws/install/sana_msgs/share/sana_msgs/hook/pythonpath.sh'
[3.399s] Level 1:colcon.colcon_core.environment:checking '/home/guyechan/slam_ws/install/sana_msgs/bin'
[3.399s] INFO:colcon.colcon_core.shell:Creating package script '/home/guyechan/slam_ws/install/sana_msgs/share/sana_msgs/package.ps1'
[3.400s] INFO:colcon.colcon_core.shell:Creating package descriptor '/home/guyechan/slam_ws/install/sana_msgs/share/sana_msgs/package.dsv'
[3.400s] INFO:colcon.colcon_core.shell:Creating package script '/home/guyechan/slam_ws/install/sana_msgs/share/sana_msgs/package.sh'
[3.400s] INFO:colcon.colcon_core.shell:Creating package script '/home/guyechan/slam_ws/install/sana_msgs/share/sana_msgs/package.bash'
[3.400s] INFO:colcon.colcon_core.shell:Creating package script '/home/guyechan/slam_ws/install/sana_msgs/share/sana_msgs/package.zsh'
[3.401s] Level 1:colcon.colcon_core.environment:create_file_with_runtime_dependencies(/home/guyechan/slam_ws/install/sana_msgs/share/colcon-core/packages/sana_msgs)
[3.433s] Level 1:colcon.colcon_core.environment:create_environment_scripts_only(sana_msgs)
[3.434s] Level 1:colcon.colcon_core.environment:checking '/home/guyechan/slam_ws/install/sana_msgs' for CMake module files
[3.435s] Level 1:colcon.colcon_core.environment:checking '/home/guyechan/slam_ws/install/sana_msgs' for CMake config files
[3.435s] Level 1:colcon.colcon_core.shell:create_environment_hook('sana_msgs', 'cmake_prefix_path')
[3.436s] INFO:colcon.colcon_core.shell:Creating environment hook '/home/guyechan/slam_ws/install/sana_msgs/share/sana_msgs/hook/cmake_prefix_path.ps1'
[3.436s] INFO:colcon.colcon_core.shell:Creating environment descriptor '/home/guyechan/slam_ws/install/sana_msgs/share/sana_msgs/hook/cmake_prefix_path.dsv'
[3.436s] INFO:colcon.colcon_core.shell:Creating environment hook '/home/guyechan/slam_ws/install/sana_msgs/share/sana_msgs/hook/cmake_prefix_path.sh'
[3.437s] Level 1:colcon.colcon_core.environment:checking '/home/guyechan/slam_ws/install/sana_msgs/lib'
[3.437s] Level 1:colcon.colcon_core.shell:create_environment_hook('sana_msgs', 'ld_library_path_lib')
[3.438s] INFO:colcon.colcon_core.shell:Creating environment hook '/home/guyechan/slam_ws/install/sana_msgs/share/sana_msgs/hook/ld_library_path_lib.ps1'
[3.438s] INFO:colcon.colcon_core.shell:Creating environment descriptor '/home/guyechan/slam_ws/install/sana_msgs/share/sana_msgs/hook/ld_library_path_lib.dsv'
[3.438s] INFO:colcon.colcon_core.shell:Creating environment hook '/home/guyechan/slam_ws/install/sana_msgs/share/sana_msgs/hook/ld_library_path_lib.sh'
[3.438s] Level 1:colcon.colcon_core.environment:checking '/home/guyechan/slam_ws/install/sana_msgs/bin'
[3.438s] Level 1:colcon.colcon_core.environment:checking '/home/guyechan/slam_ws/install/sana_msgs/lib/pkgconfig/sana_msgs.pc'
[3.438s] Level 1:colcon.colcon_core.environment:checking '/home/guyechan/slam_ws/install/sana_msgs/lib/python3.8/site-packages'
[3.438s] Level 1:colcon.colcon_core.shell:create_environment_hook('sana_msgs', 'pythonpath')
[3.439s] INFO:colcon.colcon_core.shell:Creating environment hook '/home/guyechan/slam_ws/install/sana_msgs/share/sana_msgs/hook/pythonpath.ps1'
[3.439s] INFO:colcon.colcon_core.shell:Creating environment descriptor '/home/guyechan/slam_ws/install/sana_msgs/share/sana_msgs/hook/pythonpath.dsv'
[3.440s] INFO:colcon.colcon_core.shell:Creating environment hook '/home/guyechan/slam_ws/install/sana_msgs/share/sana_msgs/hook/pythonpath.sh'
[3.440s] Level 1:colcon.colcon_core.environment:checking '/home/guyechan/slam_ws/install/sana_msgs/bin'
[3.441s] INFO:colcon.colcon_core.shell:Creating package script '/home/guyechan/slam_ws/install/sana_msgs/share/sana_msgs/package.ps1'
[3.441s] INFO:colcon.colcon_core.shell:Creating package descriptor '/home/guyechan/slam_ws/install/sana_msgs/share/sana_msgs/package.dsv'
[3.441s] INFO:colcon.colcon_core.shell:Creating package script '/home/guyechan/slam_ws/install/sana_msgs/share/sana_msgs/package.sh'
[3.442s] INFO:colcon.colcon_core.shell:Creating package script '/home/guyechan/slam_ws/install/sana_msgs/share/sana_msgs/package.bash'
[3.442s] INFO:colcon.colcon_core.shell:Creating package script '/home/guyechan/slam_ws/install/sana_msgs/share/sana_msgs/package.zsh'
[3.442s] Level 1:colcon.colcon_core.environment:create_file_with_runtime_dependencies(/home/guyechan/slam_ws/install/sana_msgs/share/colcon-core/packages/sana_msgs)
[3.442s] INFO:colcon.colcon_ros.task.ament_python.build:Building ROS package in '/home/guyechan/slam_ws/src/voice_processing' with build type 'ament_python'
[3.442s] Level 1:colcon.colcon_core.shell:create_environment_hook('voice_processing', 'ament_prefix_path')
[3.443s] INFO:colcon.colcon_core.shell:Creating environment hook '/home/guyechan/slam_ws/install/voice_processing/share/voice_processing/hook/ament_prefix_path.ps1'
[3.444s] INFO:colcon.colcon_core.shell:Creating environment descriptor '/home/guyechan/slam_ws/install/voice_processing/share/voice_processing/hook/ament_prefix_path.dsv'
[3.444s] INFO:colcon.colcon_core.shell:Creating environment hook '/home/guyechan/slam_ws/install/voice_processing/share/voice_processing/hook/ament_prefix_path.sh'
[3.445s] INFO:colcon.colcon_core.shell:Skip shell extension 'powershell' for command environment: Not usable outside of PowerShell
[3.445s] DEBUG:colcon.colcon_core.shell:Skip shell extension 'dsv' for command environment
[3.449s] INFO:colcon.colcon_ros.task.ament_python.build:Building ROS package in '/home/guyechan/slam_ws/src/yolov3' with build type 'ament_python'
[3.449s] Level 1:colcon.colcon_core.shell:create_environment_hook('yolov3', 'ament_prefix_path')
[3.450s] INFO:colcon.colcon_core.shell:Creating environment hook '/home/guyechan/slam_ws/install/yolov3/share/yolov3/hook/ament_prefix_path.ps1'
[3.451s] INFO:colcon.colcon_core.shell:Creating environment descriptor '/home/guyechan/slam_ws/install/yolov3/share/yolov3/hook/ament_prefix_path.dsv'
[3.451s] INFO:colcon.colcon_core.shell:Creating environment hook '/home/guyechan/slam_ws/install/yolov3/share/yolov3/hook/ament_prefix_path.sh'
[3.452s] INFO:colcon.colcon_core.shell:Skip shell extension 'powershell' for command environment: Not usable outside of PowerShell
[3.452s] DEBUG:colcon.colcon_core.shell:Skip shell extension 'dsv' for command environment
[3.610s] INFO:colcon.colcon_core.task.python.build:Building Python package in '/home/guyechan/slam_ws/src/voice_processing'
[3.611s] INFO:colcon.colcon_core.shell:Skip shell extension 'powershell' for command environment: Not usable outside of PowerShell
[3.611s] DEBUG:colcon.colcon_core.shell:Skip shell extension 'dsv' for command environment
[3.770s] INFO:colcon.colcon_core.task.python.build:Building Python package in '/home/guyechan/slam_ws/src/yolov3'
[3.771s] INFO:colcon.colcon_core.shell:Skip shell extension 'powershell' for command environment: Not usable outside of PowerShell
[3.771s] DEBUG:colcon.colcon_core.shell:Skip shell extension 'dsv' for command environment
[4.062s] DEBUG:colcon.colcon_core.event_handler.log_command:Invoking command in '/home/guyechan/slam_ws/build/yolov3': CMAKE_PREFIX_PATH=/home/guyechan/slam_ws/install/sana_msgs:/home/guyechan/slam_ws/install/ydlidar LD_LIBRARY_PATH=/home/guyechan/slam_ws/install/sana_msgs/lib:/opt/ros/foxy/opt/yaml_cpp_vendor/lib:/opt/ros/foxy/opt/rviz_ogre_vendor/lib:/opt/ros/foxy/lib/x86_64-linux-gnu:/opt/ros/foxy/lib:/usr/local/cuda-11.6/lib64:/usr/lib/x86_64-linux-gnu/gazebo-11/plugins PYTHONPATH=/home/guyechan/slam_ws/install/yolov3/lib/python3.8/site-packages:/home/guyechan/slam_ws/install/sana_msgs/lib/python3.8/site-packages:/home/guyechan/slam_ws/build/yolov3:/home/guyechan/slam_ws/install/yolov3/lib/python3.8/site-packages:/home/guyechan/slam_ws/build/voice_processing:/home/guyechan/slam_ws/install/voice_processing/lib/python3.8/site-packages:/home/guyechan/slam_ws/build/slam:/home/guyechan/slam_ws/install/slam/lib/python3.8/site-packages:/opt/ros/foxy/lib/python3.8/site-packages /usr/bin/python3 setup.py develop --prefix /home/guyechan/slam_ws/install/yolov3 --editable --build-directory /home/guyechan/slam_ws/build/yolov3/build --no-deps install_data --install-dir /home/guyechan/slam_ws/install/yolov3
[4.065s] DEBUG:colcon.colcon_core.event_handler.log_command:Invoking command in '/home/guyechan/slam_ws/build/voice_processing': CMAKE_PREFIX_PATH=/home/guyechan/slam_ws/install/sana_msgs:/home/guyechan/slam_ws/install/ydlidar LD_LIBRARY_PATH=/home/guyechan/slam_ws/install/sana_msgs/lib:/opt/ros/foxy/opt/yaml_cpp_vendor/lib:/opt/ros/foxy/opt/rviz_ogre_vendor/lib:/opt/ros/foxy/lib/x86_64-linux-gnu:/opt/ros/foxy/lib:/usr/local/cuda-11.6/lib64:/usr/lib/x86_64-linux-gnu/gazebo-11/plugins PYTHONPATH=/home/guyechan/slam_ws/install/voice_processing/lib/python3.8/site-packages:/home/guyechan/slam_ws/install/sana_msgs/lib/python3.8/site-packages:/home/guyechan/slam_ws/build/yolov3:/home/guyechan/slam_ws/install/yolov3/lib/python3.8/site-packages:/home/guyechan/slam_ws/build/voice_processing:/home/guyechan/slam_ws/install/voice_processing/lib/python3.8/site-packages:/home/guyechan/slam_ws/build/slam:/home/guyechan/slam_ws/install/slam/lib/python3.8/site-packages:/opt/ros/foxy/lib/python3.8/site-packages /usr/bin/python3 setup.py develop --prefix /home/guyechan/slam_ws/install/voice_processing --editable --build-directory /home/guyechan/slam_ws/build/voice_processing/build --no-deps install_data --install-dir /home/guyechan/slam_ws/install/voice_processing
[4.371s] Level 1:colcon.colcon_core.shell:create_environment_hook('voice_processing', 'pythonpath_develop')
[4.372s] INFO:colcon.colcon_core.shell:Creating environment hook '/home/guyechan/slam_ws/build/voice_processing/share/voice_processing/hook/pythonpath_develop.ps1'
[4.373s] DEBUG:colcon.colcon_core.event_handler.log_command:Invoked command in '/home/guyechan/slam_ws/build/voice_processing' returned '0': CMAKE_PREFIX_PATH=/home/guyechan/slam_ws/install/sana_msgs:/home/guyechan/slam_ws/install/ydlidar LD_LIBRARY_PATH=/home/guyechan/slam_ws/install/sana_msgs/lib:/opt/ros/foxy/opt/yaml_cpp_vendor/lib:/opt/ros/foxy/opt/rviz_ogre_vendor/lib:/opt/ros/foxy/lib/x86_64-linux-gnu:/opt/ros/foxy/lib:/usr/local/cuda-11.6/lib64:/usr/lib/x86_64-linux-gnu/gazebo-11/plugins PYTHONPATH=/home/guyechan/slam_ws/install/voice_processing/lib/python3.8/site-packages:/home/guyechan/slam_ws/install/sana_msgs/lib/python3.8/site-packages:/home/guyechan/slam_ws/build/yolov3:/home/guyechan/slam_ws/install/yolov3/lib/python3.8/site-packages:/home/guyechan/slam_ws/build/voice_processing:/home/guyechan/slam_ws/install/voice_processing/lib/python3.8/site-packages:/home/guyechan/slam_ws/build/slam:/home/guyechan/slam_ws/install/slam/lib/python3.8/site-packages:/opt/ros/foxy/lib/python3.8/site-packages /usr/bin/python3 setup.py develop --prefix /home/guyechan/slam_ws/install/voice_processing --editable --build-directory /home/guyechan/slam_ws/build/voice_processing/build --no-deps install_data --install-dir /home/guyechan/slam_ws/install/voice_processing
[4.373s] INFO:colcon.colcon_core.shell:Creating environment descriptor '/home/guyechan/slam_ws/build/voice_processing/share/voice_processing/hook/pythonpath_develop.dsv'
[4.373s] INFO:colcon.colcon_core.shell:Creating environment hook '/home/guyechan/slam_ws/build/voice_processing/share/voice_processing/hook/pythonpath_develop.sh'
[4.375s] Level 1:colcon.colcon_core.environment:checking '/home/guyechan/slam_ws/install/voice_processing' for CMake module files
[4.375s] Level 1:colcon.colcon_core.environment:checking '/home/guyechan/slam_ws/install/voice_processing' for CMake config files
[4.375s] Level 1:colcon.colcon_core.environment:checking '/home/guyechan/slam_ws/install/voice_processing/lib'
[4.375s] Level 1:colcon.colcon_core.environment:checking '/home/guyechan/slam_ws/install/voice_processing/bin'
[4.375s] Level 1:colcon.colcon_core.environment:checking '/home/guyechan/slam_ws/install/voice_processing/lib/pkgconfig/voice_processing.pc'
[4.376s] Level 1:colcon.colcon_core.environment:checking '/home/guyechan/slam_ws/install/voice_processing/lib/python3.8/site-packages'
[4.376s] Level 1:colcon.colcon_core.shell:create_environment_hook('voice_processing', 'pythonpath')
[4.376s] INFO:colcon.colcon_core.shell:Creating environment hook '/home/guyechan/slam_ws/install/voice_processing/share/voice_processing/hook/pythonpath.ps1'
[4.377s] INFO:colcon.colcon_core.shell:Creating environment descriptor '/home/guyechan/slam_ws/install/voice_processing/share/voice_processing/hook/pythonpath.dsv'
[4.377s] INFO:colcon.colcon_core.shell:Creating environment hook '/home/guyechan/slam_ws/install/voice_processing/share/voice_processing/hook/pythonpath.sh'
[4.377s] Level 1:colcon.colcon_core.environment:checking '/home/guyechan/slam_ws/install/voice_processing/bin'
[4.377s] Level 1:colcon.colcon_core.environment:create_environment_scripts_only(voice_processing)
[4.378s] INFO:colcon.colcon_core.shell:Creating package script '/home/guyechan/slam_ws/install/voice_processing/share/voice_processing/package.ps1'
[4.378s] INFO:colcon.colcon_core.shell:Creating package descriptor '/home/guyechan/slam_ws/install/voice_processing/share/voice_processing/package.dsv'
[4.379s] INFO:colcon.colcon_core.shell:Creating package script '/home/guyechan/slam_ws/install/voice_processing/share/voice_processing/package.sh'
[4.379s] INFO:colcon.colcon_core.shell:Creating package script '/home/guyechan/slam_ws/install/voice_processing/share/voice_processing/package.bash'
[4.379s] INFO:colcon.colcon_core.shell:Creating package script '/home/guyechan/slam_ws/install/voice_processing/share/voice_processing/package.zsh'
[4.379s] Level 1:colcon.colcon_core.environment:create_file_with_runtime_dependencies(/home/guyechan/slam_ws/install/voice_processing/share/colcon-core/packages/voice_processing)
[4.503s] Level 1:colcon.colcon_core.shell:create_environment_hook('yolov3', 'pythonpath_develop')
[4.503s] DEBUG:colcon.colcon_core.event_handler.log_command:Invoked command in '/home/guyechan/slam_ws/build/yolov3' returned '0': CMAKE_PREFIX_PATH=/home/guyechan/slam_ws/install/sana_msgs:/home/guyechan/slam_ws/install/ydlidar LD_LIBRARY_PATH=/home/guyechan/slam_ws/install/sana_msgs/lib:/opt/ros/foxy/opt/yaml_cpp_vendor/lib:/opt/ros/foxy/opt/rviz_ogre_vendor/lib:/opt/ros/foxy/lib/x86_64-linux-gnu:/opt/ros/foxy/lib:/usr/local/cuda-11.6/lib64:/usr/lib/x86_64-linux-gnu/gazebo-11/plugins PYTHONPATH=/home/guyechan/slam_ws/install/yolov3/lib/python3.8/site-packages:/home/guyechan/slam_ws/install/sana_msgs/lib/python3.8/site-packages:/home/guyechan/slam_ws/build/yolov3:/home/guyechan/slam_ws/install/yolov3/lib/python3.8/site-packages:/home/guyechan/slam_ws/build/voice_processing:/home/guyechan/slam_ws/install/voice_processing/lib/python3.8/site-packages:/home/guyechan/slam_ws/build/slam:/home/guyechan/slam_ws/install/slam/lib/python3.8/site-packages:/opt/ros/foxy/lib/python3.8/site-packages /usr/bin/python3 setup.py develop --prefix /home/guyechan/slam_ws/install/yolov3 --editable --build-directory /home/guyechan/slam_ws/build/yolov3/build --no-deps install_data --install-dir /home/guyechan/slam_ws/install/yolov3
[4.504s] INFO:colcon.colcon_core.shell:Creating environment hook '/home/guyechan/slam_ws/build/yolov3/share/yolov3/hook/pythonpath_develop.ps1'
[4.505s] INFO:colcon.colcon_core.shell:Creating environment descriptor '/home/guyechan/slam_ws/build/yolov3/share/yolov3/hook/pythonpath_develop.dsv'
[4.505s] INFO:colcon.colcon_core.shell:Creating environment hook '/home/guyechan/slam_ws/build/yolov3/share/yolov3/hook/pythonpath_develop.sh'
[4.506s] Level 1:colcon.colcon_core.environment:checking '/home/guyechan/slam_ws/install/yolov3' for CMake module files
[4.507s] Level 1:colcon.colcon_core.environment:checking '/home/guyechan/slam_ws/install/yolov3' for CMake config files
[4.507s] Level 1:colcon.colcon_core.environment:checking '/home/guyechan/slam_ws/install/yolov3/lib'
[4.507s] Level 1:colcon.colcon_core.environment:checking '/home/guyechan/slam_ws/install/yolov3/bin'
[4.507s] Level 1:colcon.colcon_core.environment:checking '/home/guyechan/slam_ws/install/yolov3/lib/pkgconfig/yolov3.pc'
[4.507s] Level 1:colcon.colcon_core.environment:checking '/home/guyechan/slam_ws/install/yolov3/lib/python3.8/site-packages'
[4.507s] Level 1:colcon.colcon_core.shell:create_environment_hook('yolov3', 'pythonpath')
[4.508s] INFO:colcon.colcon_core.shell:Creating environment hook '/home/guyechan/slam_ws/install/yolov3/share/yolov3/hook/pythonpath.ps1'
[4.508s] INFO:colcon.colcon_core.shell:Creating environment descriptor '/home/guyechan/slam_ws/install/yolov3/share/yolov3/hook/pythonpath.dsv'
[4.508s] INFO:colcon.colcon_core.shell:Creating environment hook '/home/guyechan/slam_ws/install/yolov3/share/yolov3/hook/pythonpath.sh'
[4.508s] Level 1:colcon.colcon_core.environment:checking '/home/guyechan/slam_ws/install/yolov3/bin'
[4.508s] Level 1:colcon.colcon_core.environment:create_environment_scripts_only(yolov3)
[4.509s] INFO:colcon.colcon_core.shell:Creating package script '/home/guyechan/slam_ws/install/yolov3/share/yolov3/package.ps1'
[4.510s] INFO:colcon.colcon_core.shell:Creating package descriptor '/home/guyechan/slam_ws/install/yolov3/share/yolov3/package.dsv'
[4.510s] INFO:colcon.colcon_core.shell:Creating package script '/home/guyechan/slam_ws/install/yolov3/share/yolov3/package.sh'
[4.510s] INFO:colcon.colcon_core.shell:Creating package script '/home/guyechan/slam_ws/install/yolov3/share/yolov3/package.bash'
[4.510s] INFO:colcon.colcon_core.shell:Creating package script '/home/guyechan/slam_ws/install/yolov3/share/yolov3/package.zsh'
[4.510s] Level 1:colcon.colcon_core.environment:create_file_with_runtime_dependencies(/home/guyechan/slam_ws/install/yolov3/share/colcon-core/packages/yolov3)
[4.868s] DEBUG:colcon.colcon_core.event_handler.log_command:Invoked command in '/home/guyechan/slam_ws/build/ydlidar' returned '0': CMAKE_PREFIX_PATH=${CMAKE_PREFIX_PATH}:/home/guyechan/slam_ws/install/yolov3:/home/guyechan/slam_ws/install/voice_processing:/home/guyechan/slam_ws/install/slam:/opt/ros/foxy /usr/bin/cmake --build /home/guyechan/slam_ws/build/ydlidar -- -j16 -l16
[4.901s] DEBUG:colcon.colcon_core.event_handler.log_command:Invoking command in '/home/guyechan/slam_ws/build/ydlidar': CMAKE_PREFIX_PATH=${CMAKE_PREFIX_PATH}:/home/guyechan/slam_ws/install/yolov3:/home/guyechan/slam_ws/install/voice_processing:/home/guyechan/slam_ws/install/slam:/opt/ros/foxy /usr/bin/cmake --install /home/guyechan/slam_ws/build/ydlidar
[5.013s] Level 1:colcon.colcon_core.environment:create_environment_scripts_only(ydlidar)
[5.015s] Level 1:colcon.colcon_core.environment:checking '/home/guyechan/slam_ws/install/ydlidar' for CMake module files
[5.015s] DEBUG:colcon.colcon_core.event_handler.log_command:Invoked command in '/home/guyechan/slam_ws/build/ydlidar' returned '0': CMAKE_PREFIX_PATH=${CMAKE_PREFIX_PATH}:/home/guyechan/slam_ws/install/yolov3:/home/guyechan/slam_ws/install/voice_processing:/home/guyechan/slam_ws/install/slam:/opt/ros/foxy /usr/bin/cmake --install /home/guyechan/slam_ws/build/ydlidar
[5.016s] Level 1:colcon.colcon_core.environment:checking '/home/guyechan/slam_ws/install/ydlidar' for CMake config files
[5.016s] Level 1:colcon.colcon_core.shell:create_environment_hook('ydlidar', 'cmake_prefix_path')
[5.017s] INFO:colcon.colcon_core.shell:Creating environment hook '/home/guyechan/slam_ws/install/ydlidar/share/ydlidar/hook/cmake_prefix_path.ps1'
[5.017s] INFO:colcon.colcon_core.shell:Creating environment descriptor '/home/guyechan/slam_ws/install/ydlidar/share/ydlidar/hook/cmake_prefix_path.dsv'
[5.017s] INFO:colcon.colcon_core.shell:Creating environment hook '/home/guyechan/slam_ws/install/ydlidar/share/ydlidar/hook/cmake_prefix_path.sh'
[5.018s] Level 1:colcon.colcon_core.environment:checking '/home/guyechan/slam_ws/install/ydlidar/lib'
[5.018s] Level 1:colcon.colcon_core.environment:checking '/home/guyechan/slam_ws/install/ydlidar/bin'
[5.018s] Level 1:colcon.colcon_core.environment:checking '/home/guyechan/slam_ws/install/ydlidar/lib/pkgconfig/ydlidar.pc'
[5.018s] Level 1:colcon.colcon_core.environment:checking '/home/guyechan/slam_ws/install/ydlidar/lib/python3.8/site-packages'
[5.018s] Level 1:colcon.colcon_core.environment:checking '/home/guyechan/slam_ws/install/ydlidar/bin'
[5.019s] INFO:colcon.colcon_core.shell:Creating package script '/home/guyechan/slam_ws/install/ydlidar/share/ydlidar/package.ps1'
[5.019s] INFO:colcon.colcon_core.shell:Creating package descriptor '/home/guyechan/slam_ws/install/ydlidar/share/ydlidar/package.dsv'
[5.019s] INFO:colcon.colcon_core.shell:Creating package script '/home/guyechan/slam_ws/install/ydlidar/share/ydlidar/package.sh'
[5.019s] INFO:colcon.colcon_core.shell:Creating package script '/home/guyechan/slam_ws/install/ydlidar/share/ydlidar/package.bash'
[5.019s] INFO:colcon.colcon_core.shell:Creating package script '/home/guyechan/slam_ws/install/ydlidar/share/ydlidar/package.zsh'
[5.020s] Level 1:colcon.colcon_core.environment:create_file_with_runtime_dependencies(/home/guyechan/slam_ws/install/ydlidar/share/colcon-core/packages/ydlidar)
[5.044s] Level 1:colcon.colcon_core.environment:create_environment_scripts_only(ydlidar)
[5.045s] Level 1:colcon.colcon_core.environment:checking '/home/guyechan/slam_ws/install/ydlidar' for CMake module files
[5.046s] Level 1:colcon.colcon_core.environment:checking '/home/guyechan/slam_ws/install/ydlidar' for CMake config files
[5.046s] Level 1:colcon.colcon_core.shell:create_environment_hook('ydlidar', 'cmake_prefix_path')
[5.047s] INFO:colcon.colcon_core.shell:Creating environment hook '/home/guyechan/slam_ws/install/ydlidar/share/ydlidar/hook/cmake_prefix_path.ps1'
[5.047s] INFO:colcon.colcon_core.shell:Creating environment descriptor '/home/guyechan/slam_ws/install/ydlidar/share/ydlidar/hook/cmake_prefix_path.dsv'
[5.047s] INFO:colcon.colcon_core.shell:Creating environment hook '/home/guyechan/slam_ws/install/ydlidar/share/ydlidar/hook/cmake_prefix_path.sh'
[5.047s] Level 1:colcon.colcon_core.environment:checking '/home/guyechan/slam_ws/install/ydlidar/lib'
[5.047s] Level 1:colcon.colcon_core.environment:checking '/home/guyechan/slam_ws/install/ydlidar/bin'
[5.047s] Level 1:colcon.colcon_core.environment:checking '/home/guyechan/slam_ws/install/ydlidar/lib/pkgconfig/ydlidar.pc'
[5.048s] Level 1:colcon.colcon_core.environment:checking '/home/guyechan/slam_ws/install/ydlidar/lib/python3.8/site-packages'
[5.048s] Level 1:colcon.colcon_core.environment:checking '/home/guyechan/slam_ws/install/ydlidar/bin'
[5.048s] INFO:colcon.colcon_core.shell:Creating package script '/home/guyechan/slam_ws/install/ydlidar/share/ydlidar/package.ps1'
[5.049s] INFO:colcon.colcon_core.shell:Creating package descriptor '/home/guyechan/slam_ws/install/ydlidar/share/ydlidar/package.dsv'
[5.049s] INFO:colcon.colcon_core.shell:Creating package script '/home/guyechan/slam_ws/install/ydlidar/share/ydlidar/package.sh'
[5.049s] INFO:colcon.colcon_core.shell:Creating package script '/home/guyechan/slam_ws/install/ydlidar/share/ydlidar/package.bash'
[5.049s] INFO:colcon.colcon_core.shell:Creating package script '/home/guyechan/slam_ws/install/ydlidar/share/ydlidar/package.zsh'
[5.050s] Level 1:colcon.colcon_core.environment:create_file_with_runtime_dependencies(/home/guyechan/slam_ws/install/ydlidar/share/colcon-core/packages/ydlidar)
[5.050s] DEBUG:colcon.colcon_parallel_executor.executor.parallel:closing loop
[5.050s] DEBUG:colcon.colcon_parallel_executor.executor.parallel:loop closed
[5.050s] DEBUG:colcon.colcon_parallel_executor.executor.parallel:run_until_complete finished with '0'
[5.050s] DEBUG:colcon.colcon_core.event_reactor:joining thread
[5.055s] INFO:colcon.colcon_core.plugin_system:Skipping extension 'colcon_notification.desktop_notification.terminal_notifier': Not used on non-Darwin systems
[5.055s] INFO:colcon.colcon_core.plugin_system:Skipping extension 'colcon_notification.desktop_notification.win32': Not used on non-Windows systems
[5.055s] INFO:colcon.colcon_notification.desktop_notification:Sending desktop notification using 'notify2'
[5.064s] DEBUG:colcon.colcon_core.event_reactor:joined thread
[5.065s] INFO:colcon.colcon_core.shell:Creating prefix script '/home/guyechan/slam_ws/install/local_setup.ps1'
[5.065s] INFO:colcon.colcon_core.shell:Creating prefix util module '/home/guyechan/slam_ws/install/_local_setup_util_ps1.py'
[5.066s] INFO:colcon.colcon_core.shell:Creating prefix chain script '/home/guyechan/slam_ws/install/setup.ps1'
[5.067s] INFO:colcon.colcon_core.shell:Creating prefix script '/home/guyechan/slam_ws/install/local_setup.sh'
[5.067s] INFO:colcon.colcon_core.shell:Creating prefix util module '/home/guyechan/slam_ws/install/_local_setup_util_sh.py'
[5.067s] INFO:colcon.colcon_core.shell:Creating prefix chain script '/home/guyechan/slam_ws/install/setup.sh'
[5.068s] INFO:colcon.colcon_core.shell:Creating prefix script '/home/guyechan/slam_ws/install/local_setup.bash'
[5.068s] INFO:colcon.colcon_core.shell:Creating prefix chain script '/home/guyechan/slam_ws/install/setup.bash'
[5.069s] INFO:colcon.colcon_core.shell:Creating prefix script '/home/guyechan/slam_ws/install/local_setup.zsh'
[5.069s] INFO:colcon.colcon_core.shell:Creating prefix chain script '/home/guyechan/slam_ws/install/setup.zsh'
