[0.785s] Invoking command in '/home/guyechan/slam_ws/build/voice_processing': PYTHONPATH=/home/guyechan/slam_ws/install/voice_processing/lib/python3.8/site-packages:${PYTHONPATH} /usr/bin/python3 setup.py develop --prefix /home/guyechan/slam_ws/install/voice_processing --editable --build-directory /home/guyechan/slam_ws/build/voice_processing/build --no-deps install_data --install-dir /home/guyechan/slam_ws/install/voice_processing
[0.946s] running develop
[1.042s] running egg_info
[1.042s] writing voice_processing.egg-info/PKG-INFO
[1.042s] writing dependency_links to voice_processing.egg-info/dependency_links.txt
[1.042s] writing entry points to voice_processing.egg-info/entry_points.txt
[1.042s] writing requirements to voice_processing.egg-info/requires.txt
[1.042s] writing top-level names to voice_processing.egg-info/top_level.txt
[1.063s] reading manifest file 'voice_processing.egg-info/SOURCES.txt'
[1.063s] writing manifest file 'voice_processing.egg-info/SOURCES.txt'
[1.084s] running build_ext
[1.084s] Creating /home/guyechan/slam_ws/install/voice_processing/lib/python3.8/site-packages/voice-processing.egg-link (link to .)
[1.084s] Installing hotword script to /home/guyechan/slam_ws/install/voice_processing/lib/voice_processing
[1.084s] Installing intent script to /home/guyechan/slam_ws/install/voice_processing/lib/voice_processing
[1.084s] Installing stt script to /home/guyechan/slam_ws/install/voice_processing/lib/voice_processing
[1.084s] Installing tts script to /home/guyechan/slam_ws/install/voice_processing/lib/voice_processing
[1.085s] 
[1.085s] Installed /home/guyechan/slam_ws/build/voice_processing
[1.085s] running install_data
[1.085s] creating /home/guyechan/slam_ws/install/voice_processing/share/voice_processing/launch
[1.085s] creating /home/guyechan/slam_ws/install/voice_processing/share/voice_processing/model
[1.085s] copying model/WWD2.h5 -> /home/guyechan/slam_ws/install/voice_processing/share/voice_processing/model
[1.085s] copying model/WWD.h5 -> /home/guyechan/slam_ws/install/voice_processing/share/voice_processing/model
[1.108s] Invoked command in '/home/guyechan/slam_ws/build/voice_processing' returned '0': PYTHONPATH=/home/guyechan/slam_ws/install/voice_processing/lib/python3.8/site-packages:${PYTHONPATH} /usr/bin/python3 setup.py develop --prefix /home/guyechan/slam_ws/install/voice_processing --editable --build-directory /home/guyechan/slam_ws/build/voice_processing/build --no-deps install_data --install-dir /home/guyechan/slam_ws/install/voice_processing
