-- Found ament_cmake: 0.9.11 (/opt/ros/foxy/share/ament_cmake/cmake)
-- Found PythonInterp: /usr/bin/python3 (found suitable version "3.8.10", minimum required is "3") 
-- Using PYTHON_EXECUTABLE: /usr/bin/python3
-- Override CMake install command with custom implementation using symlinks instead of copying resources
-- Found rosidl_default_generators: 1.0.1 (/opt/ros/foxy/share/rosidl_default_generators/cmake)
-- Using all available rosidl_typesupport_c: rosidl_typesupport_fastrtps_c;rosidl_typesupport_introspection_c
-- Found rosidl_adapter: 1.3.0 (/opt/ros/foxy/share/rosidl_adapter/cmake)
-- Using all available rosidl_typesupport_cpp: rosidl_typesupport_fastrtps_cpp;rosidl_typesupport_introspection_cpp
-- Found PythonInterp: /usr/bin/python3 (found version "3.8.10") 
-- Found ament_cmake_ros: 0.9.2 (/opt/ros/foxy/share/ament_cmake_ros/cmake)
-- Using all available rosidl_typesupport_c: rosidl_typesupport_fastrtps_c;rosidl_typesupport_introspection_c
-- Using all available rosidl_typesupport_cpp: rosidl_typesupport_fastrtps_cpp;rosidl_typesupport_introspection_cpp
-- Found PythonInterp: /usr/bin/python3 (found suitable version "3.8.10", minimum required is "3.5") 
-- Found python_cmake_module: 0.8.1 (/opt/ros/foxy/share/python_cmake_module/cmake)
-- Using PYTHON_EXECUTABLE: /usr/bin/python3
-- Using PYTHON_INCLUDE_DIRS: /usr/include/python3.8
-- Using PYTHON_LIBRARIES: /usr/lib/x86_64-linux-gnu/libpython3.8.so
-- Found ament_lint_auto: 0.9.7 (/opt/ros/foxy/share/ament_lint_auto/cmake)
-- Added test 'copyright' to check source files copyright and LICENSE
-- Added test 'lint_cmake' to check CMake code style
-- Added test 'xmllint' to check XML markup files
-- Configuring done
-- Generating done
-- Build files have been written to: /home/guyechan/slam_ws/build/sana_msgs
[  3%] [34m[1mGenerating C code for ROS interfaces[0m
[  6%] [34m[1mGenerating C++ code for ROS interfaces[0m
[  6%] Built target sana_msgs__cpp
[35m[1mScanning dependencies of target sana_msgs__rosidl_generator_c[0m
[  9%] [34m[1mGenerating C++ type support dispatch for ROS interfaces[0m
[ 12%] [34m[1mGenerating C++ type support for eProsima Fast-RTPS[0m
[ 16%] [34m[1mGenerating C++ introspection for ROS interfaces[0m
[ 19%] [32mBuilding C object CMakeFiles/sana_msgs__rosidl_generator_c.dir/rosidl_generator_c/sana_msgs/msg/detail/sana__functions.c.o[0m
[ 22%] [32m[1mLinking C shared library libsana_msgs__rosidl_generator_c.so[0m
[ 22%] Built target sana_msgs__rosidl_generator_c
[ 25%] [34m[1mGenerating C type support dispatch for ROS interfaces[0m
[ 29%] [34m[1mGenerating C introspection for ROS interfaces[0m
[35m[1mScanning dependencies of target sana_msgs__rosidl_typesupport_cpp[0m
[ 32%] [32mBuilding CXX object CMakeFiles/sana_msgs__rosidl_typesupport_cpp.dir/rosidl_typesupport_cpp/sana_msgs/msg/sana__type_support.cpp.o[0m
[35m[1mScanning dependencies of target sana_msgs__rosidl_typesupport_introspection_cpp[0m
[35m[1mScanning dependencies of target sana_msgs__rosidl_typesupport_fastrtps_cpp[0m
[ 35%] [32mBuilding CXX object CMakeFiles/sana_msgs__rosidl_typesupport_introspection_cpp.dir/rosidl_typesupport_introspection_cpp/sana_msgs/msg/detail/sana__type_support.cpp.o[0m
[ 38%] [32mBuilding CXX object CMakeFiles/sana_msgs__rosidl_typesupport_fastrtps_cpp.dir/rosidl_typesupport_fastrtps_cpp/sana_msgs/msg/detail/dds_fastrtps/sana__type_support.cpp.o[0m
[35m[1mScanning dependencies of target sana_msgs__rosidl_typesupport_c[0m
[ 41%] [32mBuilding CXX object CMakeFiles/sana_msgs__rosidl_typesupport_c.dir/rosidl_typesupport_c/sana_msgs/msg/sana__type_support.cpp.o[0m
[35m[1mScanning dependencies of target sana_msgs__rosidl_typesupport_introspection_c[0m
[ 45%] [32mBuilding C object CMakeFiles/sana_msgs__rosidl_typesupport_introspection_c.dir/rosidl_typesupport_introspection_c/sana_msgs/msg/detail/sana__type_support.c.o[0m
[ 48%] [32m[1mLinking CXX shared library libsana_msgs__rosidl_typesupport_c.so[0m
[ 51%] [32m[1mLinking C shared library libsana_msgs__rosidl_typesupport_introspection_c.so[0m
[ 51%] Built target sana_msgs__rosidl_typesupport_c
[ 51%] Built target sana_msgs__rosidl_typesupport_introspection_c
[ 54%] [32m[1mLinking CXX shared library libsana_msgs__rosidl_typesupport_cpp.so[0m
[ 58%] [32m[1mLinking CXX shared library libsana_msgs__rosidl_typesupport_introspection_cpp.so[0m
[ 58%] Built target sana_msgs__rosidl_typesupport_cpp
[ 58%] Built target sana_msgs__rosidl_typesupport_introspection_cpp
[ 61%] [32m[1mLinking CXX shared library libsana_msgs__rosidl_typesupport_fastrtps_cpp.so[0m
[ 61%] Built target sana_msgs__rosidl_typesupport_fastrtps_cpp
[ 64%] [34m[1mGenerating C type support for eProsima Fast-RTPS[0m
[35m[1mScanning dependencies of target sana_msgs__rosidl_typesupport_fastrtps_c[0m
[ 67%] [32mBuilding CXX object CMakeFiles/sana_msgs__rosidl_typesupport_fastrtps_c.dir/rosidl_typesupport_fastrtps_c/sana_msgs/msg/detail/sana__type_support_c.cpp.o[0m
[ 70%] [32m[1mLinking CXX shared library libsana_msgs__rosidl_typesupport_fastrtps_c.so[0m
[ 70%] Built target sana_msgs__rosidl_typesupport_fastrtps_c
[ 70%] Built target sana_msgs
[ 74%] [34m[1mGenerating Python code for ROS interfaces[0m
[ 74%] Built target sana_msgs__py
[35m[1mScanning dependencies of target sana_msgs__python[0m
[ 77%] [32mBuilding C object CMakeFiles/sana_msgs__python.dir/rosidl_generator_py/sana_msgs/msg/_sana_s.c.o[0m
[ 80%] [32m[1mLinking C shared library rosidl_generator_py/sana_msgs/libsana_msgs__python.so[0m
[ 80%] Built target sana_msgs__python
[35m[1mScanning dependencies of target sana_msgs__rosidl_typesupport_fastrtps_c__pyext[0m
[35m[1mScanning dependencies of target sana_msgs__rosidl_typesupport_c__pyext[0m
[35m[1mScanning dependencies of target sana_msgs__rosidl_typesupport_introspection_c__pyext[0m
[ 83%] [32mBuilding C object CMakeFiles/sana_msgs__rosidl_typesupport_fastrtps_c__pyext.dir/rosidl_generator_py/sana_msgs/_sana_msgs_s.ep.rosidl_typesupport_fastrtps_c.c.o[0m
[ 90%] [32mBuilding C object CMakeFiles/sana_msgs__rosidl_typesupport_c__pyext.dir/rosidl_generator_py/sana_msgs/_sana_msgs_s.ep.rosidl_typesupport_c.c.o[0m
[ 90%] [32mBuilding C object CMakeFiles/sana_msgs__rosidl_typesupport_introspection_c__pyext.dir/rosidl_generator_py/sana_msgs/_sana_msgs_s.ep.rosidl_typesupport_introspection_c.c.o[0m
[ 96%] [32m[1mLinking C shared library rosidl_generator_py/sana_msgs/sana_msgs_s__rosidl_typesupport_c.cpython-38-x86_64-linux-gnu.so[0m
[ 96%] [32m[1mLinking CXX shared library rosidl_generator_py/sana_msgs/sana_msgs_s__rosidl_typesupport_fastrtps_c.cpython-38-x86_64-linux-gnu.so[0m
[100%] [32m[1mLinking C shared library rosidl_generator_py/sana_msgs/sana_msgs_s__rosidl_typesupport_introspection_c.cpython-38-x86_64-linux-gnu.so[0m
[100%] Built target sana_msgs__rosidl_typesupport_c__pyext
[100%] Built target sana_msgs__rosidl_typesupport_introspection_c__pyext
[100%] Built target sana_msgs__rosidl_typesupport_fastrtps_c__pyext
-- Install configuration: ""
-- Execute custom install script
-- Up-to-date symlink: /home/guyechan/slam_ws/install/sana_msgs/share/ament_index/resource_index/rosidl_interfaces/sana_msgs
-- Up-to-date symlink: /home/guyechan/slam_ws/install/sana_msgs/include/sana_msgs/msg/detail/sana__functions.h
-- Up-to-date symlink: /home/guyechan/slam_ws/install/sana_msgs/include/sana_msgs/msg/detail/sana__struct.h
-- Up-to-date symlink: /home/guyechan/slam_ws/install/sana_msgs/include/sana_msgs/msg/detail/sana__type_support.h
-- Up-to-date symlink: /home/guyechan/slam_ws/install/sana_msgs/include/sana_msgs/msg/rosidl_generator_c__visibility_control.h
-- Up-to-date symlink: /home/guyechan/slam_ws/install/sana_msgs/include/sana_msgs/msg/sana.h
-- Up-to-date symlink: /home/guyechan/slam_ws/install/sana_msgs/share/sana_msgs/environment/library_path.sh
-- Up-to-date symlink: /home/guyechan/slam_ws/install/sana_msgs/share/sana_msgs/environment/library_path.dsv
-- Up-to-date symlink: /home/guyechan/slam_ws/install/sana_msgs/include/sana_msgs/msg/detail/sana__rosidl_typesupport_fastrtps_c.h
-- Up-to-date symlink: /home/guyechan/slam_ws/install/sana_msgs/include/sana_msgs/msg/rosidl_typesupport_fastrtps_c__visibility_control.h
-- Up-to-date symlink: /home/guyechan/slam_ws/install/sana_msgs/lib/libsana_msgs__rosidl_typesupport_fastrtps_c.so
-- Up-to-date symlink: /home/guyechan/slam_ws/install/sana_msgs/include/sana_msgs/msg/detail/sana__rosidl_typesupport_fastrtps_cpp.hpp
-- Up-to-date symlink: /home/guyechan/slam_ws/install/sana_msgs/include/sana_msgs/msg/rosidl_typesupport_fastrtps_cpp__visibility_control.h
-- Up-to-date symlink: /home/guyechan/slam_ws/install/sana_msgs/lib/libsana_msgs__rosidl_typesupport_fastrtps_cpp.so
-- Up-to-date symlink: /home/guyechan/slam_ws/install/sana_msgs/include/sana_msgs/msg/detail/sana__rosidl_typesupport_introspection_c.h
-- Up-to-date symlink: /home/guyechan/slam_ws/install/sana_msgs/include/sana_msgs/msg/rosidl_typesupport_introspection_c__visibility_control.h
-- Up-to-date symlink: /home/guyechan/slam_ws/install/sana_msgs/include/sana_msgs/msg/detail/sana__builder.hpp
-- Up-to-date symlink: /home/guyechan/slam_ws/install/sana_msgs/include/sana_msgs/msg/detail/sana__struct.hpp
-- Up-to-date symlink: /home/guyechan/slam_ws/install/sana_msgs/include/sana_msgs/msg/detail/sana__traits.hpp
-- Up-to-date symlink: /home/guyechan/slam_ws/install/sana_msgs/include/sana_msgs/msg/sana.hpp
-- Up-to-date symlink: /home/guyechan/slam_ws/install/sana_msgs/include/sana_msgs/msg/detail/sana__rosidl_typesupport_introspection_cpp.hpp
-- Up-to-date symlink: /home/guyechan/slam_ws/install/sana_msgs/share/sana_msgs/environment/pythonpath.sh
-- Up-to-date symlink: /home/guyechan/slam_ws/install/sana_msgs/share/sana_msgs/environment/pythonpath.dsv
-- Up-to-date symlink: /home/guyechan/slam_ws/install/sana_msgs/lib/python3.8/site-packages/sana_msgs/__init__.py
-- Up-to-date symlink: /home/guyechan/slam_ws/install/sana_msgs/lib/python3.8/site-packages/sana_msgs/msg/__init__.py
-- Up-to-date symlink: /home/guyechan/slam_ws/install/sana_msgs/lib/python3.8/site-packages/sana_msgs/msg/_sana.py
-- Up-to-date symlink: /home/guyechan/slam_ws/install/sana_msgs/lib/python3.8/site-packages/sana_msgs/sana_msgs_s__rosidl_typesupport_fastrtps_c.cpython-38-x86_64-linux-gnu.so
-- Up-to-date symlink: /home/guyechan/slam_ws/install/sana_msgs/lib/python3.8/site-packages/sana_msgs/sana_msgs_s__rosidl_typesupport_introspection_c.cpython-38-x86_64-linux-gnu.so
-- Up-to-date symlink: /home/guyechan/slam_ws/install/sana_msgs/lib/python3.8/site-packages/sana_msgs/sana_msgs_s__rosidl_typesupport_c.cpython-38-x86_64-linux-gnu.so
-- Up-to-date symlink: /home/guyechan/slam_ws/install/sana_msgs/lib/libsana_msgs__python.so
-- Up-to-date symlink: /home/guyechan/slam_ws/install/sana_msgs/share/sana_msgs/msg/Sana.idl
-- Up-to-date symlink: /home/guyechan/slam_ws/install/sana_msgs/share/sana_msgs/msg/Sana.msg
-- Up-to-date symlink: /home/guyechan/slam_ws/install/sana_msgs/share/ament_index/resource_index/package_run_dependencies/sana_msgs
-- Up-to-date symlink: /home/guyechan/slam_ws/install/sana_msgs/share/ament_index/resource_index/parent_prefix_path/sana_msgs
-- Up-to-date symlink: /home/guyechan/slam_ws/install/sana_msgs/share/sana_msgs/environment/ament_prefix_path.sh
-- Up-to-date symlink: /home/guyechan/slam_ws/install/sana_msgs/share/sana_msgs/environment/ament_prefix_path.dsv
-- Up-to-date symlink: /home/guyechan/slam_ws/install/sana_msgs/share/sana_msgs/environment/path.sh
-- Up-to-date symlink: /home/guyechan/slam_ws/install/sana_msgs/share/sana_msgs/environment/path.dsv
-- Up-to-date symlink: /home/guyechan/slam_ws/install/sana_msgs/share/sana_msgs/local_setup.bash
-- Up-to-date symlink: /home/guyechan/slam_ws/install/sana_msgs/share/sana_msgs/local_setup.sh
-- Up-to-date symlink: /home/guyechan/slam_ws/install/sana_msgs/share/sana_msgs/local_setup.zsh
-- Up-to-date symlink: /home/guyechan/slam_ws/install/sana_msgs/share/sana_msgs/local_setup.dsv
-- Symlinking: /home/guyechan/slam_ws/install/sana_msgs/share/sana_msgs/package.dsv
-- Up-to-date symlink: /home/guyechan/slam_ws/install/sana_msgs/share/ament_index/resource_index/packages/sana_msgs
-- Up-to-date symlink: /home/guyechan/slam_ws/install/sana_msgs/share/sana_msgs/cmake/rosidl_cmake-extras.cmake
-- Up-to-date symlink: /home/guyechan/slam_ws/install/sana_msgs/share/sana_msgs/cmake/ament_cmake_export_dependencies-extras.cmake
-- Up-to-date symlink: /home/guyechan/slam_ws/install/sana_msgs/share/sana_msgs/cmake/ament_cmake_export_libraries-extras.cmake
-- Up-to-date symlink: /home/guyechan/slam_ws/install/sana_msgs/share/sana_msgs/cmake/ament_cmake_export_targets-extras.cmake
-- Up-to-date symlink: /home/guyechan/slam_ws/install/sana_msgs/share/sana_msgs/cmake/ament_cmake_export_include_directories-extras.cmake
-- Up-to-date symlink: /home/guyechan/slam_ws/install/sana_msgs/share/sana_msgs/cmake/rosidl_cmake_export_typesupport_libraries-extras.cmake
-- Up-to-date symlink: /home/guyechan/slam_ws/install/sana_msgs/share/sana_msgs/cmake/rosidl_cmake_export_typesupport_targets-extras.cmake
-- Up-to-date symlink: /home/guyechan/slam_ws/install/sana_msgs/share/sana_msgs/cmake/sana_msgsConfig.cmake
-- Up-to-date symlink: /home/guyechan/slam_ws/install/sana_msgs/share/sana_msgs/cmake/sana_msgsConfig-version.cmake
-- Up-to-date symlink: /home/guyechan/slam_ws/install/sana_msgs/share/sana_msgs/package.xml
-- Installing: /home/guyechan/slam_ws/install/sana_msgs/lib/libsana_msgs__rosidl_generator_c.so
-- Set runtime path of "/home/guyechan/slam_ws/install/sana_msgs/lib/libsana_msgs__rosidl_generator_c.so" to ""
-- Installing: /home/guyechan/slam_ws/install/sana_msgs/lib/libsana_msgs__rosidl_typesupport_introspection_c.so
-- Set runtime path of "/home/guyechan/slam_ws/install/sana_msgs/lib/libsana_msgs__rosidl_typesupport_introspection_c.so" to ""
-- Installing: /home/guyechan/slam_ws/install/sana_msgs/lib/libsana_msgs__rosidl_typesupport_c.so
-- Set runtime path of "/home/guyechan/slam_ws/install/sana_msgs/lib/libsana_msgs__rosidl_typesupport_c.so" to ""
-- Installing: /home/guyechan/slam_ws/install/sana_msgs/lib/libsana_msgs__rosidl_typesupport_introspection_cpp.so
-- Set runtime path of "/home/guyechan/slam_ws/install/sana_msgs/lib/libsana_msgs__rosidl_typesupport_introspection_cpp.so" to ""
-- Installing: /home/guyechan/slam_ws/install/sana_msgs/lib/libsana_msgs__rosidl_typesupport_cpp.so
-- Set runtime path of "/home/guyechan/slam_ws/install/sana_msgs/lib/libsana_msgs__rosidl_typesupport_cpp.so" to ""
Compiling '/home/guyechan/slam_ws/install/sana_msgs/lib/python3.8/site-packages/sana_msgs/__init__.py'...
-- Up-to-date: /home/guyechan/slam_ws/install/sana_msgs/share/sana_msgs/cmake/sana_msgs__rosidl_generator_cExport.cmake
-- Installing: /home/guyechan/slam_ws/install/sana_msgs/share/sana_msgs/cmake/sana_msgs__rosidl_generator_cExport-noconfig.cmake
-- Up-to-date: /home/guyechan/slam_ws/install/sana_msgs/share/sana_msgs/cmake/sana_msgs__rosidl_typesupport_introspection_cExport.cmake
-- Installing: /home/guyechan/slam_ws/install/sana_msgs/share/sana_msgs/cmake/sana_msgs__rosidl_typesupport_introspection_cExport-noconfig.cmake
-- Up-to-date: /home/guyechan/slam_ws/install/sana_msgs/share/sana_msgs/cmake/sana_msgs__rosidl_typesupport_cExport.cmake
-- Installing: /home/guyechan/slam_ws/install/sana_msgs/share/sana_msgs/cmake/sana_msgs__rosidl_typesupport_cExport-noconfig.cmake
-- Up-to-date: /home/guyechan/slam_ws/install/sana_msgs/share/sana_msgs/cmake/sana_msgs__rosidl_generator_cppExport.cmake
-- Up-to-date: /home/guyechan/slam_ws/install/sana_msgs/share/sana_msgs/cmake/sana_msgs__rosidl_typesupport_introspection_cppExport.cmake
-- Installing: /home/guyechan/slam_ws/install/sana_msgs/share/sana_msgs/cmake/sana_msgs__rosidl_typesupport_introspection_cppExport-noconfig.cmake
-- Up-to-date: /home/guyechan/slam_ws/install/sana_msgs/share/sana_msgs/cmake/sana_msgs__rosidl_typesupport_cppExport.cmake
-- Installing: /home/guyechan/slam_ws/install/sana_msgs/share/sana_msgs/cmake/sana_msgs__rosidl_typesupport_cppExport-noconfig.cmake
