[0.021s] Invoking command in '/home/guyechan/slam_ws/build/sana_msgs': CMAKE_PREFIX_PATH=${CMAKE_PREFIX_PATH}:/home/guyechan/slam_ws/install/voice_processing:/home/guyechan/slam_ws/install/yolov3:/home/guyechan/slam_ws/install/slam:/opt/ros/foxy /usr/bin/cmake --build /home/guyechan/slam_ws/build/sana_msgs -- -j16 -l16
[0.174s] -- Found ament_cmake: 0.9.11 (/opt/ros/foxy/share/ament_cmake/cmake)
[0.174s] -- Found PythonInterp: /usr/bin/python3 (found suitable version "3.8.10", minimum required is "3") 
[0.174s] -- Using PYTHON_EXECUTABLE: /usr/bin/python3
[0.176s] -- Override CMake install command with custom implementation using symlinks instead of copying resources
[0.180s] -- Found rosidl_default_generators: 1.0.1 (/opt/ros/foxy/share/rosidl_default_generators/cmake)
[0.181s] -- Using all available rosidl_typesupport_c: rosidl_typesupport_fastrtps_c;rosidl_typesupport_introspection_c
[0.183s] -- Found rosidl_adapter: 1.3.0 (/opt/ros/foxy/share/rosidl_adapter/cmake)
[0.277s] -- Using all available rosidl_typesupport_cpp: rosidl_typesupport_fastrtps_cpp;rosidl_typesupport_introspection_cpp
[0.315s] -- Found PythonInterp: /usr/bin/python3 (found version "3.8.10") 
[0.393s] -- Found ament_cmake_ros: 0.9.2 (/opt/ros/foxy/share/ament_cmake_ros/cmake)
[0.457s] -- Using all available rosidl_typesupport_c: rosidl_typesupport_fastrtps_c;rosidl_typesupport_introspection_c
[0.461s] -- Using all available rosidl_typesupport_cpp: rosidl_typesupport_fastrtps_cpp;rosidl_typesupport_introspection_cpp
[0.480s] -- Found PythonInterp: /usr/bin/python3 (found suitable version "3.8.10", minimum required is "3.5") 
[0.481s] -- Found python_cmake_module: 0.8.1 (/opt/ros/foxy/share/python_cmake_module/cmake)
[0.500s] -- Using PYTHON_EXECUTABLE: /usr/bin/python3
[0.500s] -- Using PYTHON_INCLUDE_DIRS: /usr/include/python3.8
[0.500s] -- Using PYTHON_LIBRARIES: /usr/lib/x86_64-linux-gnu/libpython3.8.so
[0.509s] -- Found ament_lint_auto: 0.9.7 (/opt/ros/foxy/share/ament_lint_auto/cmake)
[0.515s] -- Added test 'copyright' to check source files copyright and LICENSE
[0.516s] -- Added test 'lint_cmake' to check CMake code style
[0.517s] -- Added test 'xmllint' to check XML markup files
[0.519s] -- Configuring done
[0.533s] -- Generating done
[0.535s] -- Build files have been written to: /home/guyechan/slam_ws/build/sana_msgs
[0.551s] [  3%] [34m[1mGenerating C code for ROS interfaces[0m
[0.558s] [  6%] [34m[1mGenerating C++ code for ROS interfaces[0m
[0.692s] [35m[1mScanning dependencies of target sana_msgs__rosidl_generator_c[0m
[0.694s] [  6%] Built target sana_msgs__cpp
[0.699s] [  9%] [32mBuilding C object CMakeFiles/sana_msgs__rosidl_generator_c.dir/rosidl_generator_c/sana_msgs/msg/detail/sana__functions.c.o[0m
[0.700s] [ 12%] [34m[1mGenerating C++ type support dispatch for ROS interfaces[0m
[0.700s] [ 16%] [34m[1mGenerating C++ type support for eProsima Fast-RTPS[0m
[0.701s] [ 19%] [34m[1mGenerating C++ introspection for ROS interfaces[0m
[0.731s] [ 22%] [32m[1mLinking C shared library libsana_msgs__rosidl_generator_c.so[0m
[0.754s] [ 22%] Built target sana_msgs__rosidl_generator_c
[0.761s] [ 25%] [34m[1mGenerating C type support dispatch for ROS interfaces[0m
[0.761s] [ 29%] [34m[1mGenerating C introspection for ROS interfaces[0m
[0.825s] [35m[1mScanning dependencies of target sana_msgs__rosidl_typesupport_cpp[0m
[0.832s] [ 32%] [32mBuilding CXX object CMakeFiles/sana_msgs__rosidl_typesupport_cpp.dir/rosidl_typesupport_cpp/sana_msgs/msg/sana__type_support.cpp.o[0m
[0.836s] [35m[1mScanning dependencies of target sana_msgs__rosidl_typesupport_introspection_cpp[0m
[0.839s] [35m[1mScanning dependencies of target sana_msgs__rosidl_typesupport_fastrtps_cpp[0m
[0.843s] [ 35%] [32mBuilding CXX object CMakeFiles/sana_msgs__rosidl_typesupport_introspection_cpp.dir/rosidl_typesupport_introspection_cpp/sana_msgs/msg/detail/sana__type_support.cpp.o[0m
[0.846s] [ 38%] [32mBuilding CXX object CMakeFiles/sana_msgs__rosidl_typesupport_fastrtps_cpp.dir/rosidl_typesupport_fastrtps_cpp/sana_msgs/msg/detail/dds_fastrtps/sana__type_support.cpp.o[0m
[0.883s] [35m[1mScanning dependencies of target sana_msgs__rosidl_typesupport_c[0m
[0.891s] [ 41%] [32mBuilding CXX object CMakeFiles/sana_msgs__rosidl_typesupport_c.dir/rosidl_typesupport_c/sana_msgs/msg/sana__type_support.cpp.o[0m
[0.897s] [35m[1mScanning dependencies of target sana_msgs__rosidl_typesupport_introspection_c[0m
[0.905s] [ 45%] [32mBuilding C object CMakeFiles/sana_msgs__rosidl_typesupport_introspection_c.dir/rosidl_typesupport_introspection_c/sana_msgs/msg/detail/sana__type_support.c.o[0m
[0.910s] [ 48%] [32m[1mLinking CXX shared library libsana_msgs__rosidl_typesupport_c.so[0m
[0.925s] [ 51%] [32m[1mLinking C shared library libsana_msgs__rosidl_typesupport_introspection_c.so[0m
[0.935s] [ 51%] Built target sana_msgs__rosidl_typesupport_c
[0.945s] [ 51%] Built target sana_msgs__rosidl_typesupport_introspection_c
[0.993s] [ 54%] [32m[1mLinking CXX shared library libsana_msgs__rosidl_typesupport_cpp.so[0m
[1.005s] [ 58%] [32m[1mLinking CXX shared library libsana_msgs__rosidl_typesupport_introspection_cpp.so[0m
[1.017s] [ 58%] Built target sana_msgs__rosidl_typesupport_cpp
[1.041s] [ 58%] Built target sana_msgs__rosidl_typesupport_introspection_cpp
[1.086s] [ 61%] [32m[1mLinking CXX shared library libsana_msgs__rosidl_typesupport_fastrtps_cpp.so[0m
[1.138s] [ 61%] Built target sana_msgs__rosidl_typesupport_fastrtps_cpp
[1.144s] [ 64%] [34m[1mGenerating C type support for eProsima Fast-RTPS[0m
[1.280s] [35m[1mScanning dependencies of target sana_msgs__rosidl_typesupport_fastrtps_c[0m
[1.287s] [ 67%] [32mBuilding CXX object CMakeFiles/sana_msgs__rosidl_typesupport_fastrtps_c.dir/rosidl_typesupport_fastrtps_c/sana_msgs/msg/detail/sana__type_support_c.cpp.o[0m
[1.480s] [ 70%] [32m[1mLinking CXX shared library libsana_msgs__rosidl_typesupport_fastrtps_c.so[0m
[1.529s] [ 70%] Built target sana_msgs__rosidl_typesupport_fastrtps_c
[1.541s] [ 70%] Built target sana_msgs
[1.553s] [ 74%] [34m[1mGenerating Python code for ROS interfaces[0m
[1.765s] [ 74%] Built target sana_msgs__py
[1.771s] [35m[1mScanning dependencies of target sana_msgs__python[0m
[1.779s] [ 77%] [32mBuilding C object CMakeFiles/sana_msgs__python.dir/rosidl_generator_py/sana_msgs/msg/_sana_s.c.o[0m
[1.833s] [ 80%] [32m[1mLinking C shared library rosidl_generator_py/sana_msgs/libsana_msgs__python.so[0m
[1.864s] [ 80%] Built target sana_msgs__python
[1.877s] [35m[1mScanning dependencies of target sana_msgs__rosidl_typesupport_c__pyext[0m
[1.877s] [35m[1mScanning dependencies of target sana_msgs__rosidl_typesupport_introspection_c__pyext[0m
[1.877s] [35m[1mScanning dependencies of target sana_msgs__rosidl_typesupport_fastrtps_c__pyext[0m
[1.887s] [ 87%] [32mBuilding C object CMakeFiles/sana_msgs__rosidl_typesupport_introspection_c__pyext.dir/rosidl_generator_py/sana_msgs/_sana_msgs_s.ep.rosidl_typesupport_introspection_c.c.o[0m
[1.887s] [ 87%] [32mBuilding C object CMakeFiles/sana_msgs__rosidl_typesupport_c__pyext.dir/rosidl_generator_py/sana_msgs/_sana_msgs_s.ep.rosidl_typesupport_c.c.o[0m
[1.887s] [ 90%] [32mBuilding C object CMakeFiles/sana_msgs__rosidl_typesupport_fastrtps_c__pyext.dir/rosidl_generator_py/sana_msgs/_sana_msgs_s.ep.rosidl_typesupport_fastrtps_c.c.o[0m
[1.934s] [ 96%] [32m[1mLinking C shared library rosidl_generator_py/sana_msgs/sana_msgs_s__rosidl_typesupport_introspection_c.cpython-38-x86_64-linux-gnu.so[0m
[1.934s] [ 96%] [32m[1mLinking CXX shared library rosidl_generator_py/sana_msgs/sana_msgs_s__rosidl_typesupport_fastrtps_c.cpython-38-x86_64-linux-gnu.so[0m
[1.934s] [100%] [32m[1mLinking C shared library rosidl_generator_py/sana_msgs/sana_msgs_s__rosidl_typesupport_c.cpython-38-x86_64-linux-gnu.so[0m
[1.955s] [100%] Built target sana_msgs__rosidl_typesupport_introspection_c__pyext
[1.955s] [100%] Built target sana_msgs__rosidl_typesupport_c__pyext
[1.972s] [100%] Built target sana_msgs__rosidl_typesupport_fastrtps_c__pyext
[1.980s] Invoked command in '/home/guyechan/slam_ws/build/sana_msgs' returned '0': CMAKE_PREFIX_PATH=${CMAKE_PREFIX_PATH}:/home/guyechan/slam_ws/install/voice_processing:/home/guyechan/slam_ws/install/yolov3:/home/guyechan/slam_ws/install/slam:/opt/ros/foxy /usr/bin/cmake --build /home/guyechan/slam_ws/build/sana_msgs -- -j16 -l16
[2.018s] Invoking command in '/home/guyechan/slam_ws/build/sana_msgs': CMAKE_PREFIX_PATH=${CMAKE_PREFIX_PATH}:/home/guyechan/slam_ws/install/voice_processing:/home/guyechan/slam_ws/install/yolov3:/home/guyechan/slam_ws/install/slam:/opt/ros/foxy /usr/bin/cmake --install /home/guyechan/slam_ws/build/sana_msgs
[2.023s] -- Install configuration: ""
[2.023s] -- Execute custom install script
[2.023s] -- Up-to-date symlink: /home/guyechan/slam_ws/install/sana_msgs/share/ament_index/resource_index/rosidl_interfaces/sana_msgs
[2.024s] -- Up-to-date symlink: /home/guyechan/slam_ws/install/sana_msgs/include/sana_msgs/msg/detail/sana__functions.h
[2.024s] -- Up-to-date symlink: /home/guyechan/slam_ws/install/sana_msgs/include/sana_msgs/msg/detail/sana__struct.h
[2.024s] -- Up-to-date symlink: /home/guyechan/slam_ws/install/sana_msgs/include/sana_msgs/msg/detail/sana__type_support.h
[2.024s] -- Up-to-date symlink: /home/guyechan/slam_ws/install/sana_msgs/include/sana_msgs/msg/rosidl_generator_c__visibility_control.h
[2.024s] -- Up-to-date symlink: /home/guyechan/slam_ws/install/sana_msgs/include/sana_msgs/msg/sana.h
[2.024s] -- Up-to-date symlink: /home/guyechan/slam_ws/install/sana_msgs/share/sana_msgs/environment/library_path.sh
[2.024s] -- Up-to-date symlink: /home/guyechan/slam_ws/install/sana_msgs/share/sana_msgs/environment/library_path.dsv
[2.024s] -- Up-to-date symlink: /home/guyechan/slam_ws/install/sana_msgs/include/sana_msgs/msg/detail/sana__rosidl_typesupport_fastrtps_c.h
[2.025s] -- Up-to-date symlink: /home/guyechan/slam_ws/install/sana_msgs/include/sana_msgs/msg/rosidl_typesupport_fastrtps_c__visibility_control.h
[2.025s] -- Up-to-date symlink: /home/guyechan/slam_ws/install/sana_msgs/lib/libsana_msgs__rosidl_typesupport_fastrtps_c.so
[2.025s] -- Up-to-date symlink: /home/guyechan/slam_ws/install/sana_msgs/include/sana_msgs/msg/detail/sana__rosidl_typesupport_fastrtps_cpp.hpp
[2.025s] -- Up-to-date symlink: /home/guyechan/slam_ws/install/sana_msgs/include/sana_msgs/msg/rosidl_typesupport_fastrtps_cpp__visibility_control.h
[2.025s] -- Up-to-date symlink: /home/guyechan/slam_ws/install/sana_msgs/lib/libsana_msgs__rosidl_typesupport_fastrtps_cpp.so
[2.026s] -- Up-to-date symlink: /home/guyechan/slam_ws/install/sana_msgs/include/sana_msgs/msg/detail/sana__rosidl_typesupport_introspection_c.h
[2.026s] -- Up-to-date symlink: /home/guyechan/slam_ws/install/sana_msgs/include/sana_msgs/msg/rosidl_typesupport_introspection_c__visibility_control.h
[2.026s] -- Up-to-date symlink: /home/guyechan/slam_ws/install/sana_msgs/include/sana_msgs/msg/detail/sana__builder.hpp
[2.026s] -- Up-to-date symlink: /home/guyechan/slam_ws/install/sana_msgs/include/sana_msgs/msg/detail/sana__struct.hpp
[2.026s] -- Up-to-date symlink: /home/guyechan/slam_ws/install/sana_msgs/include/sana_msgs/msg/detail/sana__traits.hpp
[2.026s] -- Up-to-date symlink: /home/guyechan/slam_ws/install/sana_msgs/include/sana_msgs/msg/sana.hpp
[2.026s] -- Up-to-date symlink: /home/guyechan/slam_ws/install/sana_msgs/include/sana_msgs/msg/detail/sana__rosidl_typesupport_introspection_cpp.hpp
[2.027s] -- Up-to-date symlink: /home/guyechan/slam_ws/install/sana_msgs/share/sana_msgs/environment/pythonpath.sh
[2.027s] -- Up-to-date symlink: /home/guyechan/slam_ws/install/sana_msgs/share/sana_msgs/environment/pythonpath.dsv
[2.027s] -- Up-to-date symlink: /home/guyechan/slam_ws/install/sana_msgs/lib/python3.8/site-packages/sana_msgs/__init__.py
[2.027s] -- Up-to-date symlink: /home/guyechan/slam_ws/install/sana_msgs/lib/python3.8/site-packages/sana_msgs/msg/__init__.py
[2.027s] -- Up-to-date symlink: /home/guyechan/slam_ws/install/sana_msgs/lib/python3.8/site-packages/sana_msgs/msg/_sana.py
[2.027s] -- Up-to-date symlink: /home/guyechan/slam_ws/install/sana_msgs/lib/python3.8/site-packages/sana_msgs/sana_msgs_s__rosidl_typesupport_fastrtps_c.cpython-38-x86_64-linux-gnu.so
[2.027s] -- Up-to-date symlink: /home/guyechan/slam_ws/install/sana_msgs/lib/python3.8/site-packages/sana_msgs/sana_msgs_s__rosidl_typesupport_introspection_c.cpython-38-x86_64-linux-gnu.so
[2.028s] -- Up-to-date symlink: /home/guyechan/slam_ws/install/sana_msgs/lib/python3.8/site-packages/sana_msgs/sana_msgs_s__rosidl_typesupport_c.cpython-38-x86_64-linux-gnu.so
[2.028s] -- Up-to-date symlink: /home/guyechan/slam_ws/install/sana_msgs/lib/libsana_msgs__python.so
[2.028s] -- Up-to-date symlink: /home/guyechan/slam_ws/install/sana_msgs/share/sana_msgs/msg/Sana.idl
[2.028s] -- Up-to-date symlink: /home/guyechan/slam_ws/install/sana_msgs/share/sana_msgs/msg/Sana.msg
[2.028s] -- Up-to-date symlink: /home/guyechan/slam_ws/install/sana_msgs/share/ament_index/resource_index/package_run_dependencies/sana_msgs
[2.028s] -- Up-to-date symlink: /home/guyechan/slam_ws/install/sana_msgs/share/ament_index/resource_index/parent_prefix_path/sana_msgs
[2.029s] -- Up-to-date symlink: /home/guyechan/slam_ws/install/sana_msgs/share/sana_msgs/environment/ament_prefix_path.sh
[2.029s] -- Up-to-date symlink: /home/guyechan/slam_ws/install/sana_msgs/share/sana_msgs/environment/ament_prefix_path.dsv
[2.029s] -- Up-to-date symlink: /home/guyechan/slam_ws/install/sana_msgs/share/sana_msgs/environment/path.sh
[2.029s] -- Up-to-date symlink: /home/guyechan/slam_ws/install/sana_msgs/share/sana_msgs/environment/path.dsv
[2.029s] -- Up-to-date symlink: /home/guyechan/slam_ws/install/sana_msgs/share/sana_msgs/local_setup.bash
[2.029s] -- Up-to-date symlink: /home/guyechan/slam_ws/install/sana_msgs/share/sana_msgs/local_setup.sh
[2.029s] -- Up-to-date symlink: /home/guyechan/slam_ws/install/sana_msgs/share/sana_msgs/local_setup.zsh
[2.029s] -- Up-to-date symlink: /home/guyechan/slam_ws/install/sana_msgs/share/sana_msgs/local_setup.dsv
[2.029s] -- Symlinking: /home/guyechan/slam_ws/install/sana_msgs/share/sana_msgs/package.dsv
[2.035s] -- Up-to-date symlink: /home/guyechan/slam_ws/install/sana_msgs/share/ament_index/resource_index/packages/sana_msgs
[2.035s] -- Up-to-date symlink: /home/guyechan/slam_ws/install/sana_msgs/share/sana_msgs/cmake/rosidl_cmake-extras.cmake
[2.035s] -- Up-to-date symlink: /home/guyechan/slam_ws/install/sana_msgs/share/sana_msgs/cmake/ament_cmake_export_dependencies-extras.cmake
[2.035s] -- Up-to-date symlink: /home/guyechan/slam_ws/install/sana_msgs/share/sana_msgs/cmake/ament_cmake_export_libraries-extras.cmake
[2.036s] -- Up-to-date symlink: /home/guyechan/slam_ws/install/sana_msgs/share/sana_msgs/cmake/ament_cmake_export_targets-extras.cmake
[2.036s] -- Up-to-date symlink: /home/guyechan/slam_ws/install/sana_msgs/share/sana_msgs/cmake/ament_cmake_export_include_directories-extras.cmake
[2.036s] -- Up-to-date symlink: /home/guyechan/slam_ws/install/sana_msgs/share/sana_msgs/cmake/rosidl_cmake_export_typesupport_libraries-extras.cmake
[2.036s] -- Up-to-date symlink: /home/guyechan/slam_ws/install/sana_msgs/share/sana_msgs/cmake/rosidl_cmake_export_typesupport_targets-extras.cmake
[2.036s] -- Up-to-date symlink: /home/guyechan/slam_ws/install/sana_msgs/share/sana_msgs/cmake/sana_msgsConfig.cmake
[2.036s] -- Up-to-date symlink: /home/guyechan/slam_ws/install/sana_msgs/share/sana_msgs/cmake/sana_msgsConfig-version.cmake
[2.036s] -- Up-to-date symlink: /home/guyechan/slam_ws/install/sana_msgs/share/sana_msgs/package.xml
[2.036s] -- Installing: /home/guyechan/slam_ws/install/sana_msgs/lib/libsana_msgs__rosidl_generator_c.so
[2.037s] -- Set runtime path of "/home/guyechan/slam_ws/install/sana_msgs/lib/libsana_msgs__rosidl_generator_c.so" to ""
[2.037s] -- Installing: /home/guyechan/slam_ws/install/sana_msgs/lib/libsana_msgs__rosidl_typesupport_introspection_c.so
[2.037s] -- Set runtime path of "/home/guyechan/slam_ws/install/sana_msgs/lib/libsana_msgs__rosidl_typesupport_introspection_c.so" to ""
[2.037s] -- Installing: /home/guyechan/slam_ws/install/sana_msgs/lib/libsana_msgs__rosidl_typesupport_c.so
[2.037s] -- Set runtime path of "/home/guyechan/slam_ws/install/sana_msgs/lib/libsana_msgs__rosidl_typesupport_c.so" to ""
[2.037s] -- Installing: /home/guyechan/slam_ws/install/sana_msgs/lib/libsana_msgs__rosidl_typesupport_introspection_cpp.so
[2.037s] -- Set runtime path of "/home/guyechan/slam_ws/install/sana_msgs/lib/libsana_msgs__rosidl_typesupport_introspection_cpp.so" to ""
[2.037s] -- Installing: /home/guyechan/slam_ws/install/sana_msgs/lib/libsana_msgs__rosidl_typesupport_cpp.so
[2.037s] -- Set runtime path of "/home/guyechan/slam_ws/install/sana_msgs/lib/libsana_msgs__rosidl_typesupport_cpp.so" to ""
[2.060s] Compiling '/home/guyechan/slam_ws/install/sana_msgs/lib/python3.8/site-packages/sana_msgs/__init__.py'...
[2.062s] -- Up-to-date: /home/guyechan/slam_ws/install/sana_msgs/share/sana_msgs/cmake/sana_msgs__rosidl_generator_cExport.cmake
[2.062s] -- Installing: /home/guyechan/slam_ws/install/sana_msgs/share/sana_msgs/cmake/sana_msgs__rosidl_generator_cExport-noconfig.cmake
[2.062s] -- Up-to-date: /home/guyechan/slam_ws/install/sana_msgs/share/sana_msgs/cmake/sana_msgs__rosidl_typesupport_introspection_cExport.cmake
[2.062s] -- Installing: /home/guyechan/slam_ws/install/sana_msgs/share/sana_msgs/cmake/sana_msgs__rosidl_typesupport_introspection_cExport-noconfig.cmake
[2.063s] -- Up-to-date: /home/guyechan/slam_ws/install/sana_msgs/share/sana_msgs/cmake/sana_msgs__rosidl_typesupport_cExport.cmake
[2.063s] -- Installing: /home/guyechan/slam_ws/install/sana_msgs/share/sana_msgs/cmake/sana_msgs__rosidl_typesupport_cExport-noconfig.cmake
[2.063s] -- Up-to-date: /home/guyechan/slam_ws/install/sana_msgs/share/sana_msgs/cmake/sana_msgs__rosidl_generator_cppExport.cmake
[2.063s] -- Up-to-date: /home/guyechan/slam_ws/install/sana_msgs/share/sana_msgs/cmake/sana_msgs__rosidl_typesupport_introspection_cppExport.cmake
[2.063s] -- Installing: /home/guyechan/slam_ws/install/sana_msgs/share/sana_msgs/cmake/sana_msgs__rosidl_typesupport_introspection_cppExport-noconfig.cmake
[2.063s] -- Up-to-date: /home/guyechan/slam_ws/install/sana_msgs/share/sana_msgs/cmake/sana_msgs__rosidl_typesupport_cppExport.cmake
[2.063s] -- Installing: /home/guyechan/slam_ws/install/sana_msgs/share/sana_msgs/cmake/sana_msgs__rosidl_typesupport_cppExport-noconfig.cmake
[2.066s] Invoked command in '/home/guyechan/slam_ws/build/sana_msgs' returned '0': CMAKE_PREFIX_PATH=${CMAKE_PREFIX_PATH}:/home/guyechan/slam_ws/install/voice_processing:/home/guyechan/slam_ws/install/yolov3:/home/guyechan/slam_ws/install/slam:/opt/ros/foxy /usr/bin/cmake --install /home/guyechan/slam_ws/build/sana_msgs
