[0.386s] Invoking command in '/home/guyechan/slam_ws/build/slam': PYTHONPATH=/home/guyechan/slam_ws/build/slam/prefix_override:/home/guyechan/slam_ws/install/slam/lib/python3.8/site-packages:${PYTHONPATH} /usr/bin/python3 setup.py develop --editable --build-directory /home/guyechan/slam_ws/build/slam/build --no-deps install_data
[0.526s] running develop
[0.608s] running egg_info
[0.609s] creating slam.egg-info
[0.609s] writing slam.egg-info/PKG-INFO
[0.609s] writing dependency_links to slam.egg-info/dependency_links.txt
[0.609s] writing entry points to slam.egg-info/entry_points.txt
[0.609s] writing requirements to slam.egg-info/requires.txt
[0.609s] writing top-level names to slam.egg-info/top_level.txt
[0.609s] writing manifest file 'slam.egg-info/SOURCES.txt'
[0.628s] reading manifest file 'slam.egg-info/SOURCES.txt'
[0.628s] writing manifest file 'slam.egg-info/SOURCES.txt'
[0.647s] running build_ext
[0.647s] Creating /home/guyechan/slam_ws/install/slam/lib/python3.8/site-packages/site.py
[0.648s] Creating /home/guyechan/slam_ws/install/slam/lib/python3.8/site-packages/slam.egg-link (link to .)
[0.648s] 
[0.648s] Installed /home/guyechan/slam_ws/build/slam
[0.648s] running install_data
[0.649s] creating /home/guyechan/slam_ws/install/slam/share/ament_index
[0.649s] creating /home/guyechan/slam_ws/install/slam/share/ament_index/resource_index
[0.649s] creating /home/guyechan/slam_ws/install/slam/share/ament_index/resource_index/packages
[0.649s] copying resource/slam -> /home/guyechan/slam_ws/install/slam/share/ament_index/resource_index/packages
[0.649s] copying package.xml -> /home/guyechan/slam_ws/install/slam/share/slam
[0.649s] creating /home/guyechan/slam_ws/install/slam/share/slam/launch
[0.649s] copying launch/occupancy_grid.launch.py -> /home/guyechan/slam_ws/install/slam/share/slam/launch
[0.649s] copying launch/slam_state_publisher.launch.py -> /home/guyechan/slam_ws/install/slam/share/slam/launch
[0.649s] copying launch/cartographer.launch.py -> /home/guyechan/slam_ws/install/slam/share/slam/launch
[0.649s] copying launch/rviz.launch.py -> /home/guyechan/slam_ws/install/slam/share/slam/launch
[0.649s] copying launch/cartographer_rviz.launch.py -> /home/guyechan/slam_ws/install/slam/share/slam/launch
[0.649s] creating /home/guyechan/slam_ws/install/slam/share/slam/config
[0.649s] copying config/slam_lidar.lua -> /home/guyechan/slam_ws/install/slam/share/slam/config
[0.649s] creating /home/guyechan/slam_ws/install/slam/share/slam/rviz
[0.649s] creating /home/guyechan/slam_ws/install/slam/share/slam/urdf
[0.649s] copying urdf/hardware.urdf -> /home/guyechan/slam_ws/install/slam/share/slam/urdf
[0.649s] copying urdf/rlautocar.urdf -> /home/guyechan/slam_ws/install/slam/share/slam/urdf
[0.649s] copying urdf/hardware1.urdf -> /home/guyechan/slam_ws/install/slam/share/slam/urdf
[0.649s] creating /home/guyechan/slam_ws/install/slam/share/slam/meshes
[0.649s] copying meshes/left_Link.STL -> /home/guyechan/slam_ws/install/slam/share/slam/meshes
[0.649s] copying meshes/base_link.STL -> /home/guyechan/slam_ws/install/slam/share/slam/meshes
[0.649s] copying meshes/right_Link.STL -> /home/guyechan/slam_ws/install/slam/share/slam/meshes
[0.650s] copying meshes/lidar_Link.STL -> /home/guyechan/slam_ws/install/slam/share/slam/meshes
[0.664s] Invoked command in '/home/guyechan/slam_ws/build/slam' returned '0': PYTHONPATH=/home/guyechan/slam_ws/build/slam/prefix_override:/home/guyechan/slam_ws/install/slam/lib/python3.8/site-packages:${PYTHONPATH} /usr/bin/python3 setup.py develop --editable --build-directory /home/guyechan/slam_ws/build/slam/build --no-deps install_data
