[0.450s] Invoking command in '/home/guyechan/slam_ws/build/voice_processing': AMENT_PREFIX_PATH=/home/guyechan/slam_ws/install/sana_msgs:${AMENT_PREFIX_PATH} CMAKE_PREFIX_PATH=/home/guyechan/slam_ws/install/sana_msgs:${CMAKE_PREFIX_PATH} LD_LIBRARY_PATH=/home/guyechan/slam_ws/install/sana_msgs/lib:/usr/local/cuda-11.6/lib64:/usr/local/cuda-11.6/lib64:/usr/local/cuda-11.6/lib64:/opt/ros/foxy/opt/yaml_cpp_vendor/lib:/opt/ros/foxy/opt/rviz_ogre_vendor/lib:/opt/ros/foxy/lib/x86_64-linux-gnu:/opt/ros/foxy/lib:/usr/local/cuda-11.6/lib64:/usr/lib/x86_64-linux-gnu/gazebo-11/plugins:/usr/lib/x86_64-linux-gnu/gazebo-11/plugins:/home/guyechan/autocar_ws/build/rlautocar:/usr/lib/x86_64-linux-gnu/gazebo-11/plugins:/usr/lib/x86_64-linux-gnu/gazebo-11/plugins:/home/guyechan/autocar_ws/build/rlautocar:/usr/lib/x86_64-linux-gnu/gazebo-11/plugins:/home/guyechan/autocar_ws/build/rlautocar:/usr/lib/x86_64-linux-gnu/gazebo-11/plugins:/usr/lib/x86_64-linux-gnu/gazebo-11/plugins:/home/guyechan/autocar_ws/build/rlautocar:/usr/lib/x86_64-linux-gnu/gazebo-11/plugins:/home/guyechan/autocar_ws/build/rlautocar:/usr/lib/x86_64-linux-gnu/gazebo-11/plugins:/home/guyechan/autocar_ws/build/rlautocar:/usr/lib/x86_64-linux-gnu/gazebo-11/plugins PYTHONPATH=/home/guyechan/slam_ws/install/voice_processing/lib/python3.8/site-packages:/home/guyechan/slam_ws/install/sana_msgs/lib/python3.8/site-packages:${PYTHONPATH} /usr/bin/python3 setup.py develop --prefix /home/guyechan/slam_ws/install/voice_processing --editable --build-directory /home/guyechan/slam_ws/build/voice_processing/build --no-deps install_data --install-dir /home/guyechan/slam_ws/install/voice_processing
[0.609s] running develop
[0.706s] running egg_info
[0.706s] writing voice_processing.egg-info/PKG-INFO
[0.706s] writing dependency_links to voice_processing.egg-info/dependency_links.txt
[0.706s] writing entry points to voice_processing.egg-info/entry_points.txt
[0.706s] writing requirements to voice_processing.egg-info/requires.txt
[0.706s] writing top-level names to voice_processing.egg-info/top_level.txt
[0.727s] reading manifest file 'voice_processing.egg-info/SOURCES.txt'
[0.727s] writing manifest file 'voice_processing.egg-info/SOURCES.txt'
[0.747s] running build_ext
[0.747s] Creating /home/guyechan/slam_ws/install/voice_processing/lib/python3.8/site-packages/voice-processing.egg-link (link to .)
[0.748s] Installing hotword script to /home/guyechan/slam_ws/install/voice_processing/lib/voice_processing
[0.748s] Installing intent script to /home/guyechan/slam_ws/install/voice_processing/lib/voice_processing
[0.748s] Installing stt script to /home/guyechan/slam_ws/install/voice_processing/lib/voice_processing
[0.748s] Installing tts script to /home/guyechan/slam_ws/install/voice_processing/lib/voice_processing
[0.748s] 
[0.748s] Installed /home/guyechan/slam_ws/build/voice_processing
[0.748s] running install_data
[0.748s] copying package.xml -> /home/guyechan/slam_ws/install/voice_processing/share/voice_processing
[0.767s] Invoked command in '/home/guyechan/slam_ws/build/voice_processing' returned '0': AMENT_PREFIX_PATH=/home/guyechan/slam_ws/install/sana_msgs:${AMENT_PREFIX_PATH} CMAKE_PREFIX_PATH=/home/guyechan/slam_ws/install/sana_msgs:${CMAKE_PREFIX_PATH} LD_LIBRARY_PATH=/home/guyechan/slam_ws/install/sana_msgs/lib:/usr/local/cuda-11.6/lib64:/usr/local/cuda-11.6/lib64:/usr/local/cuda-11.6/lib64:/opt/ros/foxy/opt/yaml_cpp_vendor/lib:/opt/ros/foxy/opt/rviz_ogre_vendor/lib:/opt/ros/foxy/lib/x86_64-linux-gnu:/opt/ros/foxy/lib:/usr/local/cuda-11.6/lib64:/usr/lib/x86_64-linux-gnu/gazebo-11/plugins:/usr/lib/x86_64-linux-gnu/gazebo-11/plugins:/home/guyechan/autocar_ws/build/rlautocar:/usr/lib/x86_64-linux-gnu/gazebo-11/plugins:/usr/lib/x86_64-linux-gnu/gazebo-11/plugins:/home/guyechan/autocar_ws/build/rlautocar:/usr/lib/x86_64-linux-gnu/gazebo-11/plugins:/home/guyechan/autocar_ws/build/rlautocar:/usr/lib/x86_64-linux-gnu/gazebo-11/plugins:/usr/lib/x86_64-linux-gnu/gazebo-11/plugins:/home/guyechan/autocar_ws/build/rlautocar:/usr/lib/x86_64-linux-gnu/gazebo-11/plugins:/home/guyechan/autocar_ws/build/rlautocar:/usr/lib/x86_64-linux-gnu/gazebo-11/plugins:/home/guyechan/autocar_ws/build/rlautocar:/usr/lib/x86_64-linux-gnu/gazebo-11/plugins PYTHONPATH=/home/guyechan/slam_ws/install/voice_processing/lib/python3.8/site-packages:/home/guyechan/slam_ws/install/sana_msgs/lib/python3.8/site-packages:${PYTHONPATH} /usr/bin/python3 setup.py develop --prefix /home/guyechan/slam_ws/install/voice_processing --editable --build-directory /home/guyechan/slam_ws/build/voice_processing/build --no-deps install_data --install-dir /home/guyechan/slam_ws/install/voice_processing
