[0.386s] Invoking command in '/home/guyechan/slam_ws/build/slam': PYTHONPATH=/home/guyechan/slam_ws/build/slam/prefix_override:/home/guyechan/slam_ws/install/slam/lib/python3.8/site-packages:${PYTHONPATH} /usr/bin/python3 setup.py develop --editable --build-directory /home/guyechan/slam_ws/build/slam/build --no-deps install_data
[0.528s] running develop
[0.611s] running egg_info
[0.611s] creating slam.egg-info
[0.611s] writing slam.egg-info/PKG-INFO
[0.611s] writing dependency_links to slam.egg-info/dependency_links.txt
[0.612s] writing entry points to slam.egg-info/entry_points.txt
[0.612s] writing requirements to slam.egg-info/requires.txt
[0.612s] writing top-level names to slam.egg-info/top_level.txt
[0.612s] writing manifest file 'slam.egg-info/SOURCES.txt'
[0.631s] reading manifest file 'slam.egg-info/SOURCES.txt'
[0.631s] writing manifest file 'slam.egg-info/SOURCES.txt'
[0.650s] running build_ext
[0.650s] Creating /home/guyechan/slam_ws/install/slam/lib/python3.8/site-packages/site.py
[0.651s] Creating /home/guyechan/slam_ws/install/slam/lib/python3.8/site-packages/slam.egg-link (link to .)
[0.652s] 
[0.652s] Installed /home/guyechan/slam_ws/build/slam
[0.652s] running install_data
[0.652s] creating /home/guyechan/slam_ws/install/slam/share/ament_index
[0.652s] creating /home/guyechan/slam_ws/install/slam/share/ament_index/resource_index
[0.652s] creating /home/guyechan/slam_ws/install/slam/share/ament_index/resource_index/packages
[0.652s] copying resource/slam -> /home/guyechan/slam_ws/install/slam/share/ament_index/resource_index/packages
[0.652s] copying package.xml -> /home/guyechan/slam_ws/install/slam/share/slam
[0.652s] creating /home/guyechan/slam_ws/install/slam/share/slam/launch
[0.652s] copying launch/occupancy_grid.launch.py -> /home/guyechan/slam_ws/install/slam/share/slam/launch
[0.652s] copying launch/slam_state_publisher.launch.py -> /home/guyechan/slam_ws/install/slam/share/slam/launch
[0.652s] copying launch/cartographer.launch.py -> /home/guyechan/slam_ws/install/slam/share/slam/launch
[0.653s] copying launch/rviz.launch.py -> /home/guyechan/slam_ws/install/slam/share/slam/launch
[0.653s] copying launch/cartographer_rviz.launch.py -> /home/guyechan/slam_ws/install/slam/share/slam/launch
[0.653s] creating /home/guyechan/slam_ws/install/slam/share/slam/config
[0.653s] copying config/slam_lidar.lua -> /home/guyechan/slam_ws/install/slam/share/slam/config
[0.653s] creating /home/guyechan/slam_ws/install/slam/share/slam/rviz
[0.653s] creating /home/guyechan/slam_ws/install/slam/share/slam/urdf
[0.653s] copying urdf/hardware.urdf -> /home/guyechan/slam_ws/install/slam/share/slam/urdf
[0.653s] copying urdf/rlautocar.urdf -> /home/guyechan/slam_ws/install/slam/share/slam/urdf
[0.653s] copying urdf/slam.urdf -> /home/guyechan/slam_ws/install/slam/share/slam/urdf
[0.653s] copying urdf/hardware1.urdf -> /home/guyechan/slam_ws/install/slam/share/slam/urdf
[0.653s] creating /home/guyechan/slam_ws/install/slam/share/slam/meshes
[0.653s] copying meshes/left_link.STL -> /home/guyechan/slam_ws/install/slam/share/slam/meshes
[0.653s] copying meshes/left_Link.STL -> /home/guyechan/slam_ws/install/slam/share/slam/meshes
[0.653s] copying meshes/base_link.STL -> /home/guyechan/slam_ws/install/slam/share/slam/meshes
[0.654s] copying meshes/right_Link.STL -> /home/guyechan/slam_ws/install/slam/share/slam/meshes
[0.654s] copying meshes/lidar_link.STL -> /home/guyechan/slam_ws/install/slam/share/slam/meshes
[0.654s] copying meshes/lidar_Link.STL -> /home/guyechan/slam_ws/install/slam/share/slam/meshes
[0.654s] copying meshes/right_link.STL -> /home/guyechan/slam_ws/install/slam/share/slam/meshes
[0.669s] Invoked command in '/home/guyechan/slam_ws/build/slam' returned '0': PYTHONPATH=/home/guyechan/slam_ws/build/slam/prefix_override:/home/guyechan/slam_ws/install/slam/lib/python3.8/site-packages:${PYTHONPATH} /usr/bin/python3 setup.py develop --editable --build-directory /home/guyechan/slam_ws/build/slam/build --no-deps install_data
