[0.391s] Invoking command in '/home/guyechan/slam_ws/build/slam': PYTHONPATH=/home/guyechan/slam_ws/build/slam/prefix_override:/home/guyechan/slam_ws/install/slam/lib/python3.8/site-packages:${PYTHONPATH} /usr/bin/python3 setup.py develop --editable --build-directory /home/guyechan/slam_ws/build/slam/build --no-deps install_data
[0.532s] running develop
[0.616s] running egg_info
[0.616s] creating slam.egg-info
[0.616s] writing slam.egg-info/PKG-INFO
[0.616s] writing dependency_links to slam.egg-info/dependency_links.txt
[0.616s] writing entry points to slam.egg-info/entry_points.txt
[0.616s] writing requirements to slam.egg-info/requires.txt
[0.616s] writing top-level names to slam.egg-info/top_level.txt
[0.617s] writing manifest file 'slam.egg-info/SOURCES.txt'
[0.636s] reading manifest file 'slam.egg-info/SOURCES.txt'
[0.636s] writing manifest file 'slam.egg-info/SOURCES.txt'
[0.654s] running build_ext
[0.655s] Creating /home/guyechan/slam_ws/install/slam/lib/python3.8/site-packages/site.py
[0.656s] Creating /home/guyechan/slam_ws/install/slam/lib/python3.8/site-packages/slam.egg-link (link to .)
[0.656s] 
[0.656s] Installed /home/guyechan/slam_ws/build/slam
[0.656s] running install_data
[0.656s] creating /home/guyechan/slam_ws/install/slam/share/ament_index
[0.656s] creating /home/guyechan/slam_ws/install/slam/share/ament_index/resource_index
[0.656s] creating /home/guyechan/slam_ws/install/slam/share/ament_index/resource_index/packages
[0.656s] copying resource/slam -> /home/guyechan/slam_ws/install/slam/share/ament_index/resource_index/packages
[0.656s] copying package.xml -> /home/guyechan/slam_ws/install/slam/share/slam
[0.656s] creating /home/guyechan/slam_ws/install/slam/share/slam/launch
[0.657s] copying launch/occupancy_grid.launch.py -> /home/guyechan/slam_ws/install/slam/share/slam/launch
[0.657s] copying launch/cartographer.launch.py -> /home/guyechan/slam_ws/install/slam/share/slam/launch
[0.657s] creating /home/guyechan/slam_ws/install/slam/share/slam/config
[0.657s] copying config/slam_lidar.lua -> /home/guyechan/slam_ws/install/slam/share/slam/config
[0.671s] Invoked command in '/home/guyechan/slam_ws/build/slam' returned '0': PYTHONPATH=/home/guyechan/slam_ws/build/slam/prefix_override:/home/guyechan/slam_ws/install/slam/lib/python3.8/site-packages:${PYTHONPATH} /usr/bin/python3 setup.py develop --editable --build-directory /home/guyechan/slam_ws/build/slam/build --no-deps install_data
