-- Found ament_cmake: 0.9.9 (/opt/ros/foxy/share/ament_cmake/cmake)
-- Using PYTHON_EXECUTABLE: /usr/bin/python3
-- Override CMake install command with custom implementation using symlinks instead of copying resources
-- Found rclcpp: 2.4.1 (/opt/ros/foxy/share/rclcpp/cmake)
-- Using all available rosidl_typesupport_c: rosidl_typesupport_fastrtps_c;rosidl_typesupport_introspection_c
-- Found rosidl_adapter: 1.2.1 (/opt/ros/foxy/share/rosidl_adapter/cmake)
-- Using all available rosidl_typesupport_cpp: rosidl_typesupport_fastrtps_cpp;rosidl_typesupport_introspection_cpp
-- Found rmw_implementation_cmake: 1.0.3 (/opt/ros/foxy/share/rmw_implementation_cmake/cmake)
-- Using RMW implementation 'rmw_fastrtps_cpp' as default
-- Found sensor_msgs: 2.0.5 (/opt/ros/foxy/share/sensor_msgs/cmake)
-- Found visualization_msgs: 2.0.5 (/opt/ros/foxy/share/visualization_msgs/cmake)
-- Found ament_lint_auto: 0.9.6 (/opt/ros/foxy/share/ament_lint_auto/cmake)
-- Added test 'copyright' to check source files copyright and LICENSE
-- Added test 'cppcheck' to perform static code analysis on C / C++ code
-- Configured cppcheck include dirs: /home/guyechan/slam_ws/src/ydlidar_ros2/src;/home/guyechan/slam_ws/src/ydlidar_ros2/sdk/include;/home/guyechan/slam_ws/src/ydlidar_ros2/sdk/src
-- Configured cppcheck exclude dirs and/or files: 
-- Added test 'cpplint' to check C / C++ code against the Google style
-- Configured cpplint exclude dirs and/or files: 
-- Added test 'flake8' to check Python code syntax and style conventions
-- Added test 'lint_cmake' to check CMake code style
-- Added test 'pep257' to check Python code against some of the style conventions in PEP 257
-- Added test 'uncrustify' to check C / C++ code style
-- Configured uncrustify additional arguments: 
-- Added test 'xmllint' to check XML markup files
-- Configuring done
-- Generating done
-- Build files have been written to: /home/guyechan/slam_ws/build/ydlidar
[  9%] [32mBuilding CXX object CMakeFiles/ydlidar_client.dir/src/ydlidar_client.cpp.o[0m
[ 18%] [32mBuilding CXX object CMakeFiles/ydlidar_node.dir/sdk/src/impl/unix/unix_timer.cpp.o[0m
[ 27%] [32mBuilding CXX object CMakeFiles/ydlidar_node.dir/sdk/src/impl/unix/unix_serial.cpp.o[0m
[ 36%] [32mBuilding CXX object CMakeFiles/ydlidar_node.dir/src/ydlidar_node.cpp.o[0m
[ 45%] [32mBuilding CXX object CMakeFiles/ydlidar_node.dir/sdk/src/CYdLidar.cpp.o[0m
[ 54%] [32mBuilding CXX object CMakeFiles/ydlidar_node.dir/sdk/src/impl/unix/list_ports_linux.cpp.o[0m
[ 63%] [32mBuilding C object CMakeFiles/ydlidar_node.dir/sdk/src/lock.c.o[0m
[ 72%] [32mBuilding CXX object CMakeFiles/ydlidar_node.dir/sdk/src/ydlidar_driver.cpp.o[0m
[ 81%] [32mBuilding CXX object CMakeFiles/ydlidar_node.dir/sdk/src/serial.cpp.o[0m
[ 90%] [32m[1mLinking CXX executable ydlidar_node[0m
[ 90%] Built target ydlidar_node
[100%] [32m[1mLinking CXX executable ydlidar_client[0m
[100%] Built target ydlidar_client
-- Install configuration: ""
-- Execute custom install script
-- Up-to-date symlink: /home/guyechan/slam_ws/install/ydlidar/lib/ydlidar/ydlidar_node
-- Up-to-date symlink: /home/guyechan/slam_ws/install/ydlidar/lib/ydlidar/ydlidar_client
-- Up-to-date symlink: /home/guyechan/slam_ws/install/ydlidar/share/ydlidar/launch/ydlidar.py
-- Up-to-date symlink: /home/guyechan/slam_ws/install/ydlidar/share/ydlidar/launch/ydlidar_launch.py
-- Up-to-date symlink: /home/guyechan/slam_ws/install/ydlidar/share/ydlidar/params/ydlidar.yaml
-- Up-to-date symlink: /home/guyechan/slam_ws/install/ydlidar/share/ydlidar/startup/initenv.sh
-- Up-to-date symlink: /home/guyechan/slam_ws/install/ydlidar/share/ament_index/resource_index/package_run_dependencies/ydlidar
-- Up-to-date symlink: /home/guyechan/slam_ws/install/ydlidar/share/ament_index/resource_index/parent_prefix_path/ydlidar
-- Up-to-date symlink: /home/guyechan/slam_ws/install/ydlidar/share/ydlidar/environment/ament_prefix_path.sh
-- Up-to-date symlink: /home/guyechan/slam_ws/install/ydlidar/share/ydlidar/environment/ament_prefix_path.dsv
-- Up-to-date symlink: /home/guyechan/slam_ws/install/ydlidar/share/ydlidar/environment/path.sh
-- Up-to-date symlink: /home/guyechan/slam_ws/install/ydlidar/share/ydlidar/environment/path.dsv
-- Up-to-date symlink: /home/guyechan/slam_ws/install/ydlidar/share/ydlidar/local_setup.bash
-- Up-to-date symlink: /home/guyechan/slam_ws/install/ydlidar/share/ydlidar/local_setup.sh
-- Up-to-date symlink: /home/guyechan/slam_ws/install/ydlidar/share/ydlidar/local_setup.zsh
-- Up-to-date symlink: /home/guyechan/slam_ws/install/ydlidar/share/ydlidar/local_setup.dsv
-- Symlinking: /home/guyechan/slam_ws/install/ydlidar/share/ydlidar/package.dsv
-- Up-to-date symlink: /home/guyechan/slam_ws/install/ydlidar/share/ament_index/resource_index/packages/ydlidar
-- Up-to-date symlink: /home/guyechan/slam_ws/install/ydlidar/share/ydlidar/cmake/ydlidarConfig.cmake
-- Up-to-date symlink: /home/guyechan/slam_ws/install/ydlidar/share/ydlidar/cmake/ydlidarConfig-version.cmake
-- Up-to-date symlink: /home/guyechan/slam_ws/install/ydlidar/share/ydlidar/package.xml
