[0.546s] Invoking command in '/home/guyechan/slam_ws/build/yolov3': PYTHONPATH=/home/guyechan/slam_ws/install/yolov3/lib/python3.8/site-packages:${PYTHONPATH} /usr/bin/python3 setup.py develop --prefix /home/guyechan/slam_ws/install/yolov3 --editable --build-directory /home/guyechan/slam_ws/build/yolov3/build --no-deps install_data --install-dir /home/guyechan/slam_ws/install/yolov3
[0.685s] running develop
[0.768s] running egg_info
[0.768s] writing yolov3.egg-info/PKG-INFO
[0.768s] writing dependency_links to yolov3.egg-info/dependency_links.txt
[0.768s] writing entry points to yolov3.egg-info/entry_points.txt
[0.768s] writing requirements to yolov3.egg-info/requires.txt
[0.768s] writing top-level names to yolov3.egg-info/top_level.txt
[0.787s] reading manifest file 'yolov3.egg-info/SOURCES.txt'
[0.788s] writing manifest file 'yolov3.egg-info/SOURCES.txt'
[0.806s] running build_ext
[0.806s] Creating /home/guyechan/slam_ws/install/yolov3/lib/python3.8/site-packages/yolov3.egg-link (link to .)
[0.807s] Installing yolov3 script to /home/guyechan/slam_ws/install/yolov3/lib/yolov3
[0.807s] 
[0.807s] Installed /home/guyechan/slam_ws/build/yolov3
[0.807s] running install_data
[0.807s] creating /home/guyechan/slam_ws/install/yolov3/share/yolov3/launch
[0.807s] creating /home/guyechan/slam_ws/install/yolov3/share/yolov3/config
[0.807s] copying config/_yolov3_data5_2_test.cfg -> /home/guyechan/slam_ws/install/yolov3/share/yolov3/config
[0.807s] creating /home/guyechan/slam_ws/install/yolov3/share/yolov3/weights
[0.807s] copying weights/_yolov3_data5_2_train_final.weights -> /home/guyechan/slam_ws/install/yolov3/share/yolov3/weights
[0.910s] creating /home/guyechan/slam_ws/install/yolov3/share/yolov3/parameter
[0.910s] copying parameter/labels.names -> /home/guyechan/slam_ws/install/yolov3/share/yolov3/parameter
[0.925s] Invoked command in '/home/guyechan/slam_ws/build/yolov3' returned '0': PYTHONPATH=/home/guyechan/slam_ws/install/yolov3/lib/python3.8/site-packages:${PYTHONPATH} /usr/bin/python3 setup.py develop --prefix /home/guyechan/slam_ws/install/yolov3 --editable --build-directory /home/guyechan/slam_ws/build/yolov3/build --no-deps install_data --install-dir /home/guyechan/slam_ws/install/yolov3
