[0.799s] Invoking command in '/home/guyechan/slam_ws/build/voice_processing': PYTHONPATH=/home/guyechan/slam_ws/install/voice_processing/lib/python3.8/site-packages:${PYTHONPATH} /usr/bin/python3 setup.py develop --prefix /home/guyechan/slam_ws/install/voice_processing --editable --build-directory /home/guyechan/slam_ws/build/voice_processing/build --no-deps install_data --install-dir /home/guyechan/slam_ws/install/voice_processing
[0.959s] running develop
[1.055s] running egg_info
[1.055s] writing voice_processing.egg-info/PKG-INFO
[1.055s] writing dependency_links to voice_processing.egg-info/dependency_links.txt
[1.055s] writing entry points to voice_processing.egg-info/entry_points.txt
[1.056s] writing requirements to voice_processing.egg-info/requires.txt
[1.056s] writing top-level names to voice_processing.egg-info/top_level.txt
[1.077s] reading manifest file 'voice_processing.egg-info/SOURCES.txt'
[1.077s] writing manifest file 'voice_processing.egg-info/SOURCES.txt'
[1.097s] running build_ext
[1.098s] Creating /home/guyechan/slam_ws/install/voice_processing/lib/python3.8/site-packages/voice-processing.egg-link (link to .)
[1.098s] Installing hotword script to /home/guyechan/slam_ws/install/voice_processing/lib/voice_processing
[1.098s] Installing intent script to /home/guyechan/slam_ws/install/voice_processing/lib/voice_processing
[1.098s] Installing stt script to /home/guyechan/slam_ws/install/voice_processing/lib/voice_processing
[1.099s] Installing tts script to /home/guyechan/slam_ws/install/voice_processing/lib/voice_processing
[1.099s] 
[1.099s] Installed /home/guyechan/slam_ws/build/voice_processing
[1.099s] running install_data
[1.122s] Invoked command in '/home/guyechan/slam_ws/build/voice_processing' returned '0': PYTHONPATH=/home/guyechan/slam_ws/install/voice_processing/lib/python3.8/site-packages:${PYTHONPATH} /usr/bin/python3 setup.py develop --prefix /home/guyechan/slam_ws/install/voice_processing --editable --build-directory /home/guyechan/slam_ws/build/voice_processing/build --no-deps install_data --install-dir /home/guyechan/slam_ws/install/voice_processing
