[0.388s] Invoking command in '/home/guyechan/slam_ws/build/slam': PYTHONPATH=/home/guyechan/slam_ws/build/slam/prefix_override:/home/guyechan/slam_ws/install/slam/lib/python3.8/site-packages:${PYTHONPATH} /usr/bin/python3 setup.py develop --editable --build-directory /home/guyechan/slam_ws/build/slam/build --no-deps install_data
[0.529s] running develop
[0.611s] running egg_info
[0.612s] writing slam.egg-info/PKG-INFO
[0.612s] writing dependency_links to slam.egg-info/dependency_links.txt
[0.612s] writing entry points to slam.egg-info/entry_points.txt
[0.612s] writing requirements to slam.egg-info/requires.txt
[0.612s] writing top-level names to slam.egg-info/top_level.txt
[0.631s] reading manifest file 'slam.egg-info/SOURCES.txt'
[0.632s] writing manifest file 'slam.egg-info/SOURCES.txt'
[0.650s] running build_ext
[0.650s] Creating /home/guyechan/slam_ws/install/slam/lib/python3.8/site-packages/slam.egg-link (link to .)
[0.651s] 
[0.651s] Installed /home/guyechan/slam_ws/build/slam
[0.651s] running install_data
[0.651s] copying launch/gazebo.launch.py -> /home/guyechan/slam_ws/install/slam/share/slam/launch
[0.651s] creating /home/guyechan/slam_ws/install/slam/share/slam/worlds
[0.651s] copying worlds/dqn (사본).world -> /home/guyechan/slam_ws/install/slam/share/slam/worlds
[0.651s] copying worlds/dqn.world -> /home/guyechan/slam_ws/install/slam/share/slam/worlds
[0.652s] copying worlds/empty.world -> /home/guyechan/slam_ws/install/slam/share/slam/worlds
[0.652s] creating /home/guyechan/slam_ws/install/slam/share/slam/models
[0.652s] error: can't copy 'models/dqn_world': doesn't exist or not a regular file
[0.665s] Invoked command in '/home/guyechan/slam_ws/build/slam' returned '1': PYTHONPATH=/home/guyechan/slam_ws/build/slam/prefix_override:/home/guyechan/slam_ws/install/slam/lib/python3.8/site-packages:${PYTHONPATH} /usr/bin/python3 setup.py develop --editable --build-directory /home/guyechan/slam_ws/build/slam/build --no-deps install_data
