[0.088s] DEBUG:colcon:Command line arguments: ['/usr/bin/colcon', 'build', '--symlink-install', '--allow-overriding', 'slam', 'ydlidar', 'yolov3']
[0.088s] DEBUG:colcon:Parsed command line arguments: Namespace(allow_overriding=['slam', 'ydlidar', 'yolov3'], ament_cmake_args=None, base_paths=['.'], build_base='build', catkin_cmake_args=None, catkin_skip_building_tests=False, cmake_args=None, cmake_clean_cache=False, cmake_clean_first=False, cmake_force_configure=False, cmake_target=None, cmake_target_skip_unavailable=False, continue_on_error=False, event_handlers=None, executor='parallel', ignore_user_meta=False, install_base='install', log_base=None, log_level=None, main=<bound method BuildVerb.main of <colcon_core.verb.build.BuildVerb object at 0x7f00837261f0>>, merge_install=False, metas=['./colcon.meta'], packages_above=None, packages_above_and_dependencies=None, packages_above_depth=None, packages_end=None, packages_ignore=None, packages_ignore_regex=None, packages_select=None, packages_select_build_failed=False, packages_select_by_dep=None, packages_select_regex=None, packages_select_test_failures=False, packages_skip=None, packages_skip_build_finished=False, packages_skip_by_dep=None, packages_skip_regex=None, packages_skip_test_passed=False, packages_skip_up_to=None, packages_start=None, packages_up_to=None, packages_up_to_regex=None, parallel_workers=16, paths=None, symlink_install=True, test_result_base=None, verb_extension=<colcon_core.verb.build.BuildVerb object at 0x7f00837261f0>, verb_name='build', verb_parser=<colcon_defaults.argument_parser.defaults.DefaultArgumentsDecorator object at 0x7f0083726730>)
[0.102s] Level 1:colcon.colcon_core.package_discovery:discover_packages(colcon_meta) check parameters
[0.102s] Level 1:colcon.colcon_core.package_discovery:discover_packages(recursive) check parameters
[0.102s] Level 1:colcon.colcon_core.package_discovery:discover_packages(ignore) check parameters
[0.102s] Level 1:colcon.colcon_core.package_discovery:discover_packages(path) check parameters
[0.102s] Level 1:colcon.colcon_core.package_discovery:discover_packages(colcon_meta) discover
[0.102s] Level 1:colcon.colcon_core.package_discovery:discover_packages(recursive) discover
[0.102s] INFO:colcon.colcon_core.package_discovery:Crawling recursively for packages in '/home/guyechan/slam_ws'
[0.102s] Level 1:colcon.colcon_core.package_identification:_identify(.) by extensions ['ignore', 'ignore_ament_install']
[0.102s] Level 1:colcon.colcon_core.package_identification:_identify(.) by extension 'ignore'
[0.102s] Level 1:colcon.colcon_core.package_identification:_identify(.) by extension 'ignore_ament_install'
[0.102s] Level 1:colcon.colcon_core.package_identification:_identify(.) by extensions ['colcon_pkg']
[0.102s] Level 1:colcon.colcon_core.package_identification:_identify(.) by extension 'colcon_pkg'
[0.102s] Level 1:colcon.colcon_core.package_identification:_identify(.) by extensions ['colcon_meta']
[0.102s] Level 1:colcon.colcon_core.package_identification:_identify(.) by extension 'colcon_meta'
[0.102s] Level 1:colcon.colcon_core.package_identification:_identify(.) by extensions ['ros']
[0.102s] Level 1:colcon.colcon_core.package_identification:_identify(.) by extension 'ros'
[0.113s] Level 1:colcon.colcon_core.package_identification:_identify(.) by extensions ['cmake', 'python']
[0.113s] Level 1:colcon.colcon_core.package_identification:_identify(.) by extension 'cmake'
[0.113s] Level 1:colcon.colcon_core.package_identification:_identify(.) by extension 'python'
[0.113s] Level 1:colcon.colcon_core.package_identification:_identify(.) by extensions ['python_setup_py']
[0.113s] Level 1:colcon.colcon_core.package_identification:_identify(.) by extension 'python_setup_py'
[0.113s] Level 1:colcon.colcon_core.package_identification:_identify(build) by extensions ['ignore', 'ignore_ament_install']
[0.114s] Level 1:colcon.colcon_core.package_identification:_identify(build) by extension 'ignore'
[0.114s] Level 1:colcon.colcon_core.package_identification:_identify(build) ignored
[0.114s] Level 1:colcon.colcon_core.package_identification:_identify(install) by extensions ['ignore', 'ignore_ament_install']
[0.114s] Level 1:colcon.colcon_core.package_identification:_identify(install) by extension 'ignore'
[0.114s] Level 1:colcon.colcon_core.package_identification:_identify(install) ignored
[0.114s] Level 1:colcon.colcon_core.package_identification:_identify(log) by extensions ['ignore', 'ignore_ament_install']
[0.114s] Level 1:colcon.colcon_core.package_identification:_identify(log) by extension 'ignore'
[0.114s] Level 1:colcon.colcon_core.package_identification:_identify(log) ignored
[0.114s] Level 1:colcon.colcon_core.package_identification:_identify(microros) by extensions ['ignore', 'ignore_ament_install']
[0.114s] Level 1:colcon.colcon_core.package_identification:_identify(microros) by extension 'ignore'
[0.114s] Level 1:colcon.colcon_core.package_identification:_identify(microros) by extension 'ignore_ament_install'
[0.114s] Level 1:colcon.colcon_core.package_identification:_identify(microros) by extensions ['colcon_pkg']
[0.114s] Level 1:colcon.colcon_core.package_identification:_identify(microros) by extension 'colcon_pkg'
[0.114s] Level 1:colcon.colcon_core.package_identification:_identify(microros) by extensions ['colcon_meta']
[0.114s] Level 1:colcon.colcon_core.package_identification:_identify(microros) by extension 'colcon_meta'
[0.114s] Level 1:colcon.colcon_core.package_identification:_identify(microros) by extensions ['ros']
[0.114s] Level 1:colcon.colcon_core.package_identification:_identify(microros) by extension 'ros'
[0.114s] Level 1:colcon.colcon_core.package_identification:_identify(microros) by extensions ['cmake', 'python']
[0.114s] Level 1:colcon.colcon_core.package_identification:_identify(microros) by extension 'cmake'
[0.114s] Level 1:colcon.colcon_core.package_identification:_identify(microros) by extension 'python'
[0.114s] Level 1:colcon.colcon_core.package_identification:_identify(microros) by extensions ['python_setup_py']
[0.114s] Level 1:colcon.colcon_core.package_identification:_identify(microros) by extension 'python_setup_py'
[0.114s] Level 1:colcon.colcon_core.package_identification:_identify(src) by extensions ['ignore', 'ignore_ament_install']
[0.114s] Level 1:colcon.colcon_core.package_identification:_identify(src) by extension 'ignore'
[0.114s] Level 1:colcon.colcon_core.package_identification:_identify(src) by extension 'ignore_ament_install'
[0.114s] Level 1:colcon.colcon_core.package_identification:_identify(src) by extensions ['colcon_pkg']
[0.114s] Level 1:colcon.colcon_core.package_identification:_identify(src) by extension 'colcon_pkg'
[0.114s] Level 1:colcon.colcon_core.package_identification:_identify(src) by extensions ['colcon_meta']
[0.114s] Level 1:colcon.colcon_core.package_identification:_identify(src) by extension 'colcon_meta'
[0.114s] Level 1:colcon.colcon_core.package_identification:_identify(src) by extensions ['ros']
[0.114s] Level 1:colcon.colcon_core.package_identification:_identify(src) by extension 'ros'
[0.115s] Level 1:colcon.colcon_core.package_identification:_identify(src) by extensions ['cmake', 'python']
[0.115s] Level 1:colcon.colcon_core.package_identification:_identify(src) by extension 'cmake'
[0.115s] Level 1:colcon.colcon_core.package_identification:_identify(src) by extension 'python'
[0.115s] Level 1:colcon.colcon_core.package_identification:_identify(src) by extensions ['python_setup_py']
[0.115s] Level 1:colcon.colcon_core.package_identification:_identify(src) by extension 'python_setup_py'
[0.115s] Level 1:colcon.colcon_core.package_identification:_identify(src/slam) by extensions ['ignore', 'ignore_ament_install']
[0.115s] Level 1:colcon.colcon_core.package_identification:_identify(src/slam) by extension 'ignore'
[0.115s] Level 1:colcon.colcon_core.package_identification:_identify(src/slam) by extension 'ignore_ament_install'
[0.115s] Level 1:colcon.colcon_core.package_identification:_identify(src/slam) by extensions ['colcon_pkg']
[0.115s] Level 1:colcon.colcon_core.package_identification:_identify(src/slam) by extension 'colcon_pkg'
[0.115s] Level 1:colcon.colcon_core.package_identification:_identify(src/slam) by extensions ['colcon_meta']
[0.115s] Level 1:colcon.colcon_core.package_identification:_identify(src/slam) by extension 'colcon_meta'
[0.115s] Level 1:colcon.colcon_core.package_identification:_identify(src/slam) by extensions ['ros']
[0.115s] Level 1:colcon.colcon_core.package_identification:_identify(src/slam) by extension 'ros'
[0.116s] DEBUG:colcon.colcon_core.package_identification:Package 'src/slam' with type 'ros.ament_python' and name 'slam'
[0.117s] Level 1:colcon.colcon_core.package_identification:_identify(src/voice_processing) by extensions ['ignore', 'ignore_ament_install']
[0.117s] Level 1:colcon.colcon_core.package_identification:_identify(src/voice_processing) by extension 'ignore'
[0.117s] Level 1:colcon.colcon_core.package_identification:_identify(src/voice_processing) by extension 'ignore_ament_install'
[0.117s] Level 1:colcon.colcon_core.package_identification:_identify(src/voice_processing) by extensions ['colcon_pkg']
[0.117s] Level 1:colcon.colcon_core.package_identification:_identify(src/voice_processing) by extension 'colcon_pkg'
[0.117s] Level 1:colcon.colcon_core.package_identification:_identify(src/voice_processing) by extensions ['colcon_meta']
[0.117s] Level 1:colcon.colcon_core.package_identification:_identify(src/voice_processing) by extension 'colcon_meta'
[0.117s] Level 1:colcon.colcon_core.package_identification:_identify(src/voice_processing) by extensions ['ros']
[0.117s] Level 1:colcon.colcon_core.package_identification:_identify(src/voice_processing) by extension 'ros'
[0.117s] DEBUG:colcon.colcon_core.package_identification:Package 'src/voice_processing' with type 'ros.ament_python' and name 'voice_processing'
[0.117s] Level 1:colcon.colcon_core.package_identification:_identify(src/ydlidar_ros2) by extensions ['ignore', 'ignore_ament_install']
[0.117s] Level 1:colcon.colcon_core.package_identification:_identify(src/ydlidar_ros2) by extension 'ignore'
[0.117s] Level 1:colcon.colcon_core.package_identification:_identify(src/ydlidar_ros2) by extension 'ignore_ament_install'
[0.117s] Level 1:colcon.colcon_core.package_identification:_identify(src/ydlidar_ros2) by extensions ['colcon_pkg']
[0.117s] Level 1:colcon.colcon_core.package_identification:_identify(src/ydlidar_ros2) by extension 'colcon_pkg'
[0.117s] Level 1:colcon.colcon_core.package_identification:_identify(src/ydlidar_ros2) by extensions ['colcon_meta']
[0.117s] Level 1:colcon.colcon_core.package_identification:_identify(src/ydlidar_ros2) by extension 'colcon_meta'
[0.117s] Level 1:colcon.colcon_core.package_identification:_identify(src/ydlidar_ros2) by extensions ['ros']
[0.117s] Level 1:colcon.colcon_core.package_identification:_identify(src/ydlidar_ros2) by extension 'ros'
[0.118s] DEBUG:colcon.colcon_core.package_identification:Package 'src/ydlidar_ros2' with type 'ros.ament_cmake' and name 'ydlidar'
[0.118s] Level 1:colcon.colcon_core.package_identification:_identify(src/yolov3) by extensions ['ignore', 'ignore_ament_install']
[0.118s] Level 1:colcon.colcon_core.package_identification:_identify(src/yolov3) by extension 'ignore'
[0.118s] Level 1:colcon.colcon_core.package_identification:_identify(src/yolov3) by extension 'ignore_ament_install'
[0.118s] Level 1:colcon.colcon_core.package_identification:_identify(src/yolov3) by extensions ['colcon_pkg']
[0.118s] Level 1:colcon.colcon_core.package_identification:_identify(src/yolov3) by extension 'colcon_pkg'
[0.118s] Level 1:colcon.colcon_core.package_identification:_identify(src/yolov3) by extensions ['colcon_meta']
[0.118s] Level 1:colcon.colcon_core.package_identification:_identify(src/yolov3) by extension 'colcon_meta'
[0.118s] Level 1:colcon.colcon_core.package_identification:_identify(src/yolov3) by extensions ['ros']
[0.118s] Level 1:colcon.colcon_core.package_identification:_identify(src/yolov3) by extension 'ros'
[0.118s] DEBUG:colcon.colcon_core.package_identification:Package 'src/yolov3' with type 'ros.ament_python' and name 'yolov3'
[0.118s] Level 1:colcon.colcon_core.package_discovery:discover_packages(recursive) using defaults
[0.118s] Level 1:colcon.colcon_core.package_discovery:discover_packages(ignore) discover
[0.118s] Level 1:colcon.colcon_core.package_discovery:discover_packages(ignore) using defaults
[0.118s] Level 1:colcon.colcon_core.package_discovery:discover_packages(path) discover
[0.118s] Level 1:colcon.colcon_core.package_discovery:discover_packages(path) using defaults
[0.130s] Level 1:colcon.colcon_core.package_discovery:discover_packages(prefix_path) check parameters
[0.130s] Level 1:colcon.colcon_core.package_discovery:discover_packages(prefix_path) discover
[0.131s] DEBUG:colcon.colcon_installed_package_information.package_discovery:Found 3 installed packages in /home/guyechan/slam_ws/install
[0.132s] DEBUG:colcon.colcon_installed_package_information.package_discovery:Found 352 installed packages in /opt/ros/foxy
[0.134s] Level 1:colcon.colcon_core.package_discovery:discover_packages(prefix_path) using defaults
[0.178s] Level 5:colcon.colcon_core.verb:set package 'slam' build argument 'cmake_args' from command line to 'None'
[0.178s] Level 5:colcon.colcon_core.verb:set package 'slam' build argument 'cmake_target' from command line to 'None'
[0.178s] Level 5:colcon.colcon_core.verb:set package 'slam' build argument 'cmake_target_skip_unavailable' from command line to 'False'
[0.178s] Level 5:colcon.colcon_core.verb:set package 'slam' build argument 'cmake_clean_cache' from command line to 'False'
[0.178s] Level 5:colcon.colcon_core.verb:set package 'slam' build argument 'cmake_clean_first' from command line to 'False'
[0.178s] Level 5:colcon.colcon_core.verb:set package 'slam' build argument 'cmake_force_configure' from command line to 'False'
[0.178s] Level 5:colcon.colcon_core.verb:set package 'slam' build argument 'ament_cmake_args' from command line to 'None'
[0.178s] Level 5:colcon.colcon_core.verb:set package 'slam' build argument 'catkin_cmake_args' from command line to 'None'
[0.178s] Level 5:colcon.colcon_core.verb:set package 'slam' build argument 'catkin_skip_building_tests' from command line to 'False'
[0.178s] DEBUG:colcon.colcon_core.verb:Building package 'slam' with the following arguments: {'ament_cmake_args': None, 'build_base': '/home/guyechan/slam_ws/build/slam', 'catkin_cmake_args': None, 'catkin_skip_building_tests': False, 'cmake_args': None, 'cmake_clean_cache': False, 'cmake_clean_first': False, 'cmake_force_configure': False, 'cmake_target': None, 'cmake_target_skip_unavailable': False, 'install_base': '/home/guyechan/slam_ws/install/slam', 'merge_install': False, 'path': '/home/guyechan/slam_ws/src/slam', 'symlink_install': True, 'test_result_base': None}
[0.178s] Level 5:colcon.colcon_core.verb:set package 'voice_processing' build argument 'cmake_args' from command line to 'None'
[0.178s] Level 5:colcon.colcon_core.verb:set package 'voice_processing' build argument 'cmake_target' from command line to 'None'
[0.178s] Level 5:colcon.colcon_core.verb:set package 'voice_processing' build argument 'cmake_target_skip_unavailable' from command line to 'False'
[0.178s] Level 5:colcon.colcon_core.verb:set package 'voice_processing' build argument 'cmake_clean_cache' from command line to 'False'
[0.178s] Level 5:colcon.colcon_core.verb:set package 'voice_processing' build argument 'cmake_clean_first' from command line to 'False'
[0.178s] Level 5:colcon.colcon_core.verb:set package 'voice_processing' build argument 'cmake_force_configure' from command line to 'False'
[0.178s] Level 5:colcon.colcon_core.verb:set package 'voice_processing' build argument 'ament_cmake_args' from command line to 'None'
[0.178s] Level 5:colcon.colcon_core.verb:set package 'voice_processing' build argument 'catkin_cmake_args' from command line to 'None'
[0.178s] Level 5:colcon.colcon_core.verb:set package 'voice_processing' build argument 'catkin_skip_building_tests' from command line to 'False'
[0.179s] DEBUG:colcon.colcon_core.verb:Building package 'voice_processing' with the following arguments: {'ament_cmake_args': None, 'build_base': '/home/guyechan/slam_ws/build/voice_processing', 'catkin_cmake_args': None, 'catkin_skip_building_tests': False, 'cmake_args': None, 'cmake_clean_cache': False, 'cmake_clean_first': False, 'cmake_force_configure': False, 'cmake_target': None, 'cmake_target_skip_unavailable': False, 'install_base': '/home/guyechan/slam_ws/install/voice_processing', 'merge_install': False, 'path': '/home/guyechan/slam_ws/src/voice_processing', 'symlink_install': True, 'test_result_base': None}
[0.179s] Level 5:colcon.colcon_core.verb:set package 'ydlidar' build argument 'cmake_args' from command line to 'None'
[0.179s] Level 5:colcon.colcon_core.verb:set package 'ydlidar' build argument 'cmake_target' from command line to 'None'
[0.179s] Level 5:colcon.colcon_core.verb:set package 'ydlidar' build argument 'cmake_target_skip_unavailable' from command line to 'False'
[0.179s] Level 5:colcon.colcon_core.verb:set package 'ydlidar' build argument 'cmake_clean_cache' from command line to 'False'
[0.179s] Level 5:colcon.colcon_core.verb:set package 'ydlidar' build argument 'cmake_clean_first' from command line to 'False'
[0.179s] Level 5:colcon.colcon_core.verb:set package 'ydlidar' build argument 'cmake_force_configure' from command line to 'False'
[0.179s] Level 5:colcon.colcon_core.verb:set package 'ydlidar' build argument 'ament_cmake_args' from command line to 'None'
[0.179s] Level 5:colcon.colcon_core.verb:set package 'ydlidar' build argument 'catkin_cmake_args' from command line to 'None'
[0.179s] Level 5:colcon.colcon_core.verb:set package 'ydlidar' build argument 'catkin_skip_building_tests' from command line to 'False'
[0.179s] DEBUG:colcon.colcon_core.verb:Building package 'ydlidar' with the following arguments: {'ament_cmake_args': None, 'build_base': '/home/guyechan/slam_ws/build/ydlidar', 'catkin_cmake_args': None, 'catkin_skip_building_tests': False, 'cmake_args': None, 'cmake_clean_cache': False, 'cmake_clean_first': False, 'cmake_force_configure': False, 'cmake_target': None, 'cmake_target_skip_unavailable': False, 'install_base': '/home/guyechan/slam_ws/install/ydlidar', 'merge_install': False, 'path': '/home/guyechan/slam_ws/src/ydlidar_ros2', 'symlink_install': True, 'test_result_base': None}
[0.180s] Level 5:colcon.colcon_core.verb:set package 'yolov3' build argument 'cmake_args' from command line to 'None'
[0.180s] Level 5:colcon.colcon_core.verb:set package 'yolov3' build argument 'cmake_target' from command line to 'None'
[0.180s] Level 5:colcon.colcon_core.verb:set package 'yolov3' build argument 'cmake_target_skip_unavailable' from command line to 'False'
[0.180s] Level 5:colcon.colcon_core.verb:set package 'yolov3' build argument 'cmake_clean_cache' from command line to 'False'
[0.180s] Level 5:colcon.colcon_core.verb:set package 'yolov3' build argument 'cmake_clean_first' from command line to 'False'
[0.180s] Level 5:colcon.colcon_core.verb:set package 'yolov3' build argument 'cmake_force_configure' from command line to 'False'
[0.180s] Level 5:colcon.colcon_core.verb:set package 'yolov3' build argument 'ament_cmake_args' from command line to 'None'
[0.180s] Level 5:colcon.colcon_core.verb:set package 'yolov3' build argument 'catkin_cmake_args' from command line to 'None'
[0.180s] Level 5:colcon.colcon_core.verb:set package 'yolov3' build argument 'catkin_skip_building_tests' from command line to 'False'
[0.180s] DEBUG:colcon.colcon_core.verb:Building package 'yolov3' with the following arguments: {'ament_cmake_args': None, 'build_base': '/home/guyechan/slam_ws/build/yolov3', 'catkin_cmake_args': None, 'catkin_skip_building_tests': False, 'cmake_args': None, 'cmake_clean_cache': False, 'cmake_clean_first': False, 'cmake_force_configure': False, 'cmake_target': None, 'cmake_target_skip_unavailable': False, 'install_base': '/home/guyechan/slam_ws/install/yolov3', 'merge_install': False, 'path': '/home/guyechan/slam_ws/src/yolov3', 'symlink_install': True, 'test_result_base': None}
[0.180s] INFO:colcon.colcon_core.executor:Executing jobs using 'parallel' executor
[0.183s] DEBUG:colcon.colcon_parallel_executor.executor.parallel:run_until_complete
[0.183s] INFO:colcon.colcon_ros.task.ament_python.build:Building ROS package in '/home/guyechan/slam_ws/src/slam' with build type 'ament_python'
[0.183s] Level 1:colcon.colcon_core.shell:create_environment_hook('slam', 'ament_prefix_path')
[0.185s] INFO:colcon.colcon_core.plugin_system:Skipping extension 'colcon_core.shell.bat': Not used on non-Windows systems
[0.185s] INFO:colcon.colcon_core.shell:Creating environment hook '/home/guyechan/slam_ws/install/slam/share/slam/hook/ament_prefix_path.ps1'
[0.186s] INFO:colcon.colcon_core.shell:Creating environment descriptor '/home/guyechan/slam_ws/install/slam/share/slam/hook/ament_prefix_path.dsv'
[0.186s] INFO:colcon.colcon_core.shell:Creating environment hook '/home/guyechan/slam_ws/install/slam/share/slam/hook/ament_prefix_path.sh'
[0.187s] INFO:colcon.colcon_core.shell:Skip shell extension 'powershell' for command environment: Not usable outside of PowerShell
[0.187s] DEBUG:colcon.colcon_core.shell:Skip shell extension 'dsv' for command environment
[0.191s] INFO:colcon.colcon_ros.task.ament_python.build:Building ROS package in '/home/guyechan/slam_ws/src/voice_processing' with build type 'ament_python'
[0.191s] Level 1:colcon.colcon_core.shell:create_environment_hook('voice_processing', 'ament_prefix_path')
[0.192s] INFO:colcon.colcon_core.shell:Creating environment hook '/home/guyechan/slam_ws/install/voice_processing/share/voice_processing/hook/ament_prefix_path.ps1'
[0.192s] INFO:colcon.colcon_core.shell:Creating environment descriptor '/home/guyechan/slam_ws/install/voice_processing/share/voice_processing/hook/ament_prefix_path.dsv'
[0.193s] INFO:colcon.colcon_core.shell:Creating environment hook '/home/guyechan/slam_ws/install/voice_processing/share/voice_processing/hook/ament_prefix_path.sh'
[0.194s] INFO:colcon.colcon_core.shell:Skip shell extension 'powershell' for command environment: Not usable outside of PowerShell
[0.194s] DEBUG:colcon.colcon_core.shell:Skip shell extension 'dsv' for command environment
[0.197s] INFO:colcon.colcon_ros.task.ament_cmake.build:Building ROS package in '/home/guyechan/slam_ws/src/ydlidar_ros2' with build type 'ament_cmake'
[0.197s] INFO:colcon.colcon_cmake.task.cmake.build:Building CMake package in '/home/guyechan/slam_ws/src/ydlidar_ros2'
[0.198s] INFO:colcon.colcon_core.shell:Skip shell extension 'powershell' for command environment: Not usable outside of PowerShell
[0.198s] DEBUG:colcon.colcon_core.shell:Skip shell extension 'dsv' for command environment
[0.202s] INFO:colcon.colcon_ros.task.ament_python.build:Building ROS package in '/home/guyechan/slam_ws/src/yolov3' with build type 'ament_python'
[0.202s] Level 1:colcon.colcon_core.shell:create_environment_hook('yolov3', 'ament_prefix_path')
[0.203s] INFO:colcon.colcon_core.shell:Creating environment hook '/home/guyechan/slam_ws/install/yolov3/share/yolov3/hook/ament_prefix_path.ps1'
[0.203s] INFO:colcon.colcon_core.shell:Creating environment descriptor '/home/guyechan/slam_ws/install/yolov3/share/yolov3/hook/ament_prefix_path.dsv'
[0.203s] INFO:colcon.colcon_core.shell:Creating environment hook '/home/guyechan/slam_ws/install/yolov3/share/yolov3/hook/ament_prefix_path.sh'
[0.204s] INFO:colcon.colcon_core.shell:Skip shell extension 'powershell' for command environment: Not usable outside of PowerShell
[0.204s] DEBUG:colcon.colcon_core.shell:Skip shell extension 'dsv' for command environment
[0.351s] INFO:colcon.colcon_core.task.python.build:Building Python package in '/home/guyechan/slam_ws/src/slam'
[0.353s] INFO:colcon.colcon_core.shell:Skip shell extension 'powershell' for command environment: Not usable outside of PowerShell
[0.353s] DEBUG:colcon.colcon_core.shell:Skip shell extension 'dsv' for command environment
[0.496s] INFO:colcon.colcon_core.task.python.build:Building Python package in '/home/guyechan/slam_ws/src/voice_processing'
[0.497s] INFO:colcon.colcon_core.shell:Skip shell extension 'powershell' for command environment: Not usable outside of PowerShell
[0.497s] DEBUG:colcon.colcon_core.shell:Skip shell extension 'dsv' for command environment
[0.505s] DEBUG:colcon.colcon_core.event_handler.log_command:Invoking command in '/home/guyechan/slam_ws/build/ydlidar': CMAKE_PREFIX_PATH=${CMAKE_PREFIX_PATH}:/home/guyechan/slam_ws/install/yolov3:/home/guyechan/slam_ws/install/slam:/opt/ros/foxy /usr/bin/cmake --build /home/guyechan/slam_ws/build/ydlidar -- -j16 -l16
[0.646s] INFO:colcon.colcon_core.task.python.build:Building Python package in '/home/guyechan/slam_ws/src/yolov3'
[0.647s] INFO:colcon.colcon_core.shell:Skip shell extension 'powershell' for command environment: Not usable outside of PowerShell
[0.647s] DEBUG:colcon.colcon_core.shell:Skip shell extension 'dsv' for command environment
[0.657s] DEBUG:colcon.colcon_core.event_handler.log_command:Invoked command in '/home/guyechan/slam_ws/build/ydlidar' returned '0': CMAKE_PREFIX_PATH=${CMAKE_PREFIX_PATH}:/home/guyechan/slam_ws/install/yolov3:/home/guyechan/slam_ws/install/slam:/opt/ros/foxy /usr/bin/cmake --build /home/guyechan/slam_ws/build/ydlidar -- -j16 -l16
[0.690s] DEBUG:colcon.colcon_core.event_handler.log_command:Invoking command in '/home/guyechan/slam_ws/build/ydlidar': CMAKE_PREFIX_PATH=${CMAKE_PREFIX_PATH}:/home/guyechan/slam_ws/install/yolov3:/home/guyechan/slam_ws/install/slam:/opt/ros/foxy /usr/bin/cmake --install /home/guyechan/slam_ws/build/ydlidar
[0.706s] Level 1:colcon.colcon_core.environment:create_environment_scripts_only(ydlidar)
[0.706s] DEBUG:colcon.colcon_core.event_handler.log_command:Invoked command in '/home/guyechan/slam_ws/build/ydlidar' returned '0': CMAKE_PREFIX_PATH=${CMAKE_PREFIX_PATH}:/home/guyechan/slam_ws/install/yolov3:/home/guyechan/slam_ws/install/slam:/opt/ros/foxy /usr/bin/cmake --install /home/guyechan/slam_ws/build/ydlidar
[0.710s] Level 1:colcon.colcon_core.environment:checking '/home/guyechan/slam_ws/install/ydlidar' for CMake module files
[0.710s] Level 1:colcon.colcon_core.environment:checking '/home/guyechan/slam_ws/install/ydlidar' for CMake config files
[0.710s] Level 1:colcon.colcon_core.shell:create_environment_hook('ydlidar', 'cmake_prefix_path')
[0.711s] INFO:colcon.colcon_core.shell:Creating environment hook '/home/guyechan/slam_ws/install/ydlidar/share/ydlidar/hook/cmake_prefix_path.ps1'
[0.711s] INFO:colcon.colcon_core.shell:Creating environment descriptor '/home/guyechan/slam_ws/install/ydlidar/share/ydlidar/hook/cmake_prefix_path.dsv'
[0.711s] INFO:colcon.colcon_core.shell:Creating environment hook '/home/guyechan/slam_ws/install/ydlidar/share/ydlidar/hook/cmake_prefix_path.sh'
[0.712s] Level 1:colcon.colcon_core.environment:checking '/home/guyechan/slam_ws/install/ydlidar/lib'
[0.712s] Level 1:colcon.colcon_core.environment:checking '/home/guyechan/slam_ws/install/ydlidar/bin'
[0.712s] Level 1:colcon.colcon_core.environment:checking '/home/guyechan/slam_ws/install/ydlidar/lib/pkgconfig/ydlidar.pc'
[0.712s] Level 1:colcon.colcon_core.environment:checking '/home/guyechan/slam_ws/install/ydlidar/lib/python3.8/site-packages'
[0.712s] Level 1:colcon.colcon_core.environment:checking '/home/guyechan/slam_ws/install/ydlidar/bin'
[0.713s] INFO:colcon.colcon_core.shell:Creating package script '/home/guyechan/slam_ws/install/ydlidar/share/ydlidar/package.ps1'
[0.714s] INFO:colcon.colcon_core.shell:Creating package descriptor '/home/guyechan/slam_ws/install/ydlidar/share/ydlidar/package.dsv'
[0.714s] INFO:colcon.colcon_core.shell:Creating package script '/home/guyechan/slam_ws/install/ydlidar/share/ydlidar/package.sh'
[0.714s] INFO:colcon.colcon_core.shell:Creating package script '/home/guyechan/slam_ws/install/ydlidar/share/ydlidar/package.bash'
[0.715s] INFO:colcon.colcon_core.shell:Creating package script '/home/guyechan/slam_ws/install/ydlidar/share/ydlidar/package.zsh'
[0.715s] Level 1:colcon.colcon_core.environment:create_file_with_runtime_dependencies(/home/guyechan/slam_ws/install/ydlidar/share/colcon-core/packages/ydlidar)
[0.743s] Level 1:colcon.colcon_core.environment:create_environment_scripts_only(ydlidar)
[0.745s] Level 1:colcon.colcon_core.environment:checking '/home/guyechan/slam_ws/install/ydlidar' for CMake module files
[0.746s] Level 1:colcon.colcon_core.environment:checking '/home/guyechan/slam_ws/install/ydlidar' for CMake config files
[0.746s] Level 1:colcon.colcon_core.shell:create_environment_hook('ydlidar', 'cmake_prefix_path')
[0.747s] INFO:colcon.colcon_core.shell:Creating environment hook '/home/guyechan/slam_ws/install/ydlidar/share/ydlidar/hook/cmake_prefix_path.ps1'
[0.748s] INFO:colcon.colcon_core.shell:Creating environment descriptor '/home/guyechan/slam_ws/install/ydlidar/share/ydlidar/hook/cmake_prefix_path.dsv'
[0.748s] INFO:colcon.colcon_core.shell:Creating environment hook '/home/guyechan/slam_ws/install/ydlidar/share/ydlidar/hook/cmake_prefix_path.sh'
[0.749s] Level 1:colcon.colcon_core.environment:checking '/home/guyechan/slam_ws/install/ydlidar/lib'
[0.749s] Level 1:colcon.colcon_core.environment:checking '/home/guyechan/slam_ws/install/ydlidar/bin'
[0.749s] Level 1:colcon.colcon_core.environment:checking '/home/guyechan/slam_ws/install/ydlidar/lib/pkgconfig/ydlidar.pc'
[0.749s] Level 1:colcon.colcon_core.environment:checking '/home/guyechan/slam_ws/install/ydlidar/lib/python3.8/site-packages'
[0.749s] Level 1:colcon.colcon_core.environment:checking '/home/guyechan/slam_ws/install/ydlidar/bin'
[0.751s] INFO:colcon.colcon_core.shell:Creating package script '/home/guyechan/slam_ws/install/ydlidar/share/ydlidar/package.ps1'
[0.752s] INFO:colcon.colcon_core.shell:Creating package descriptor '/home/guyechan/slam_ws/install/ydlidar/share/ydlidar/package.dsv'
[0.752s] INFO:colcon.colcon_core.shell:Creating package script '/home/guyechan/slam_ws/install/ydlidar/share/ydlidar/package.sh'
[0.752s] INFO:colcon.colcon_core.shell:Creating package script '/home/guyechan/slam_ws/install/ydlidar/share/ydlidar/package.bash'
[0.753s] INFO:colcon.colcon_core.shell:Creating package script '/home/guyechan/slam_ws/install/ydlidar/share/ydlidar/package.zsh'
[0.753s] Level 1:colcon.colcon_core.environment:create_file_with_runtime_dependencies(/home/guyechan/slam_ws/install/ydlidar/share/colcon-core/packages/ydlidar)
[0.918s] DEBUG:colcon.colcon_core.event_handler.log_command:Invoking command in '/home/guyechan/slam_ws/build/slam': PYTHONPATH=/home/guyechan/slam_ws/install/slam/lib/python3.8/site-packages:${PYTHONPATH} /usr/bin/python3 setup.py develop --prefix /home/guyechan/slam_ws/install/slam --editable --build-directory /home/guyechan/slam_ws/build/slam/build --no-deps install_data --install-dir /home/guyechan/slam_ws/install/slam
[0.922s] DEBUG:colcon.colcon_core.event_handler.log_command:Invoking command in '/home/guyechan/slam_ws/build/voice_processing': PYTHONPATH=/home/guyechan/slam_ws/install/voice_processing/lib/python3.8/site-packages:${PYTHONPATH} /usr/bin/python3 setup.py develop --prefix /home/guyechan/slam_ws/install/voice_processing --editable --build-directory /home/guyechan/slam_ws/build/voice_processing/build --no-deps install_data --install-dir /home/guyechan/slam_ws/install/voice_processing
[0.928s] DEBUG:colcon.colcon_core.event_handler.log_command:Invoking command in '/home/guyechan/slam_ws/build/yolov3': PYTHONPATH=/home/guyechan/slam_ws/install/yolov3/lib/python3.8/site-packages:${PYTHONPATH} /usr/bin/python3 setup.py develop --prefix /home/guyechan/slam_ws/install/yolov3 --editable --build-directory /home/guyechan/slam_ws/build/yolov3/build --no-deps install_data --install-dir /home/guyechan/slam_ws/install/yolov3
[1.216s] Level 1:colcon.colcon_core.shell:create_environment_hook('voice_processing', 'pythonpath_develop')
[1.217s] INFO:colcon.colcon_core.shell:Creating environment hook '/home/guyechan/slam_ws/build/voice_processing/share/voice_processing/hook/pythonpath_develop.ps1'
[1.218s] DEBUG:colcon.colcon_core.event_handler.log_command:Invoked command in '/home/guyechan/slam_ws/build/voice_processing' returned '0': PYTHONPATH=/home/guyechan/slam_ws/install/voice_processing/lib/python3.8/site-packages:${PYTHONPATH} /usr/bin/python3 setup.py develop --prefix /home/guyechan/slam_ws/install/voice_processing --editable --build-directory /home/guyechan/slam_ws/build/voice_processing/build --no-deps install_data --install-dir /home/guyechan/slam_ws/install/voice_processing
[1.218s] INFO:colcon.colcon_core.shell:Creating environment descriptor '/home/guyechan/slam_ws/build/voice_processing/share/voice_processing/hook/pythonpath_develop.dsv'
[1.218s] INFO:colcon.colcon_core.shell:Creating environment hook '/home/guyechan/slam_ws/build/voice_processing/share/voice_processing/hook/pythonpath_develop.sh'
[1.220s] Level 1:colcon.colcon_core.environment:checking '/home/guyechan/slam_ws/install/voice_processing' for CMake module files
[1.220s] Level 1:colcon.colcon_core.environment:checking '/home/guyechan/slam_ws/install/voice_processing' for CMake config files
[1.220s] Level 1:colcon.colcon_core.environment:checking '/home/guyechan/slam_ws/install/voice_processing/lib'
[1.220s] Level 1:colcon.colcon_core.environment:checking '/home/guyechan/slam_ws/install/voice_processing/bin'
[1.220s] Level 1:colcon.colcon_core.environment:checking '/home/guyechan/slam_ws/install/voice_processing/lib/pkgconfig/voice_processing.pc'
[1.221s] Level 1:colcon.colcon_core.environment:checking '/home/guyechan/slam_ws/install/voice_processing/lib/python3.8/site-packages'
[1.221s] Level 1:colcon.colcon_core.shell:create_environment_hook('voice_processing', 'pythonpath')
[1.222s] INFO:colcon.colcon_core.shell:Creating environment hook '/home/guyechan/slam_ws/install/voice_processing/share/voice_processing/hook/pythonpath.ps1'
[1.222s] INFO:colcon.colcon_core.shell:Creating environment descriptor '/home/guyechan/slam_ws/install/voice_processing/share/voice_processing/hook/pythonpath.dsv'
[1.222s] INFO:colcon.colcon_core.shell:Creating environment hook '/home/guyechan/slam_ws/install/voice_processing/share/voice_processing/hook/pythonpath.sh'
[1.222s] Level 1:colcon.colcon_core.environment:checking '/home/guyechan/slam_ws/install/voice_processing/bin'
[1.222s] Level 1:colcon.colcon_core.environment:create_environment_scripts_only(voice_processing)
[1.223s] INFO:colcon.colcon_core.shell:Creating package script '/home/guyechan/slam_ws/install/voice_processing/share/voice_processing/package.ps1'
[1.223s] INFO:colcon.colcon_core.shell:Creating package descriptor '/home/guyechan/slam_ws/install/voice_processing/share/voice_processing/package.dsv'
[1.224s] INFO:colcon.colcon_core.shell:Creating package script '/home/guyechan/slam_ws/install/voice_processing/share/voice_processing/package.sh'
[1.224s] INFO:colcon.colcon_core.shell:Creating package script '/home/guyechan/slam_ws/install/voice_processing/share/voice_processing/package.bash'
[1.224s] INFO:colcon.colcon_core.shell:Creating package script '/home/guyechan/slam_ws/install/voice_processing/share/voice_processing/package.zsh'
[1.224s] Level 1:colcon.colcon_core.environment:create_file_with_runtime_dependencies(/home/guyechan/slam_ws/install/voice_processing/share/colcon-core/packages/voice_processing)
[1.225s] Level 1:colcon.colcon_core.shell:create_environment_hook('slam', 'pythonpath_develop')
[1.225s] INFO:colcon.colcon_core.shell:Creating environment hook '/home/guyechan/slam_ws/build/slam/share/slam/hook/pythonpath_develop.ps1'
[1.226s] INFO:colcon.colcon_core.shell:Creating environment descriptor '/home/guyechan/slam_ws/build/slam/share/slam/hook/pythonpath_develop.dsv'
[1.227s] DEBUG:colcon.colcon_core.event_handler.log_command:Invoked command in '/home/guyechan/slam_ws/build/slam' returned '0': PYTHONPATH=/home/guyechan/slam_ws/install/slam/lib/python3.8/site-packages:${PYTHONPATH} /usr/bin/python3 setup.py develop --prefix /home/guyechan/slam_ws/install/slam --editable --build-directory /home/guyechan/slam_ws/build/slam/build --no-deps install_data --install-dir /home/guyechan/slam_ws/install/slam
[1.227s] INFO:colcon.colcon_core.shell:Creating environment hook '/home/guyechan/slam_ws/build/slam/share/slam/hook/pythonpath_develop.sh'
[1.229s] Level 1:colcon.colcon_core.environment:checking '/home/guyechan/slam_ws/install/slam' for CMake module files
[1.229s] Level 1:colcon.colcon_core.environment:checking '/home/guyechan/slam_ws/install/slam' for CMake config files
[1.229s] Level 1:colcon.colcon_core.environment:checking '/home/guyechan/slam_ws/install/slam/lib'
[1.229s] Level 1:colcon.colcon_core.environment:checking '/home/guyechan/slam_ws/install/slam/bin'
[1.229s] Level 1:colcon.colcon_core.environment:checking '/home/guyechan/slam_ws/install/slam/lib/pkgconfig/slam.pc'
[1.230s] Level 1:colcon.colcon_core.environment:checking '/home/guyechan/slam_ws/install/slam/lib/python3.8/site-packages'
[1.230s] Level 1:colcon.colcon_core.shell:create_environment_hook('slam', 'pythonpath')
[1.230s] INFO:colcon.colcon_core.shell:Creating environment hook '/home/guyechan/slam_ws/install/slam/share/slam/hook/pythonpath.ps1'
[1.231s] INFO:colcon.colcon_core.shell:Creating environment descriptor '/home/guyechan/slam_ws/install/slam/share/slam/hook/pythonpath.dsv'
[1.231s] INFO:colcon.colcon_core.shell:Creating environment hook '/home/guyechan/slam_ws/install/slam/share/slam/hook/pythonpath.sh'
[1.231s] Level 1:colcon.colcon_core.environment:checking '/home/guyechan/slam_ws/install/slam/bin'
[1.231s] Level 1:colcon.colcon_core.environment:create_environment_scripts_only(slam)
[1.232s] INFO:colcon.colcon_core.shell:Creating package script '/home/guyechan/slam_ws/install/slam/share/slam/package.ps1'
[1.232s] INFO:colcon.colcon_core.shell:Creating package descriptor '/home/guyechan/slam_ws/install/slam/share/slam/package.dsv'
[1.233s] INFO:colcon.colcon_core.shell:Creating package script '/home/guyechan/slam_ws/install/slam/share/slam/package.sh'
[1.233s] INFO:colcon.colcon_core.shell:Creating package script '/home/guyechan/slam_ws/install/slam/share/slam/package.bash'
[1.233s] INFO:colcon.colcon_core.shell:Creating package script '/home/guyechan/slam_ws/install/slam/share/slam/package.zsh'
[1.233s] Level 1:colcon.colcon_core.environment:create_file_with_runtime_dependencies(/home/guyechan/slam_ws/install/slam/share/colcon-core/packages/slam)
[1.234s] Level 1:colcon.colcon_core.shell:create_environment_hook('yolov3', 'pythonpath_develop')
[1.234s] INFO:colcon.colcon_core.shell:Creating environment hook '/home/guyechan/slam_ws/build/yolov3/share/yolov3/hook/pythonpath_develop.ps1'
[1.235s] INFO:colcon.colcon_core.shell:Creating environment descriptor '/home/guyechan/slam_ws/build/yolov3/share/yolov3/hook/pythonpath_develop.dsv'
[1.235s] DEBUG:colcon.colcon_core.event_handler.log_command:Invoked command in '/home/guyechan/slam_ws/build/yolov3' returned '0': PYTHONPATH=/home/guyechan/slam_ws/install/yolov3/lib/python3.8/site-packages:${PYTHONPATH} /usr/bin/python3 setup.py develop --prefix /home/guyechan/slam_ws/install/yolov3 --editable --build-directory /home/guyechan/slam_ws/build/yolov3/build --no-deps install_data --install-dir /home/guyechan/slam_ws/install/yolov3
[1.235s] INFO:colcon.colcon_core.shell:Creating environment hook '/home/guyechan/slam_ws/build/yolov3/share/yolov3/hook/pythonpath_develop.sh'
[1.236s] Level 1:colcon.colcon_core.environment:checking '/home/guyechan/slam_ws/install/yolov3' for CMake module files
[1.237s] Level 1:colcon.colcon_core.environment:checking '/home/guyechan/slam_ws/install/yolov3' for CMake config files
[1.237s] Level 1:colcon.colcon_core.environment:checking '/home/guyechan/slam_ws/install/yolov3/lib'
[1.237s] Level 1:colcon.colcon_core.environment:checking '/home/guyechan/slam_ws/install/yolov3/bin'
[1.237s] Level 1:colcon.colcon_core.environment:checking '/home/guyechan/slam_ws/install/yolov3/lib/pkgconfig/yolov3.pc'
[1.237s] Level 1:colcon.colcon_core.environment:checking '/home/guyechan/slam_ws/install/yolov3/lib/python3.8/site-packages'
[1.237s] Level 1:colcon.colcon_core.shell:create_environment_hook('yolov3', 'pythonpath')
[1.238s] INFO:colcon.colcon_core.shell:Creating environment hook '/home/guyechan/slam_ws/install/yolov3/share/yolov3/hook/pythonpath.ps1'
[1.238s] INFO:colcon.colcon_core.shell:Creating environment descriptor '/home/guyechan/slam_ws/install/yolov3/share/yolov3/hook/pythonpath.dsv'
[1.238s] INFO:colcon.colcon_core.shell:Creating environment hook '/home/guyechan/slam_ws/install/yolov3/share/yolov3/hook/pythonpath.sh'
[1.239s] Level 1:colcon.colcon_core.environment:checking '/home/guyechan/slam_ws/install/yolov3/bin'
[1.239s] Level 1:colcon.colcon_core.environment:create_environment_scripts_only(yolov3)
[1.239s] INFO:colcon.colcon_core.shell:Creating package script '/home/guyechan/slam_ws/install/yolov3/share/yolov3/package.ps1'
[1.240s] INFO:colcon.colcon_core.shell:Creating package descriptor '/home/guyechan/slam_ws/install/yolov3/share/yolov3/package.dsv'
[1.240s] INFO:colcon.colcon_core.shell:Creating package script '/home/guyechan/slam_ws/install/yolov3/share/yolov3/package.sh'
[1.240s] INFO:colcon.colcon_core.shell:Creating package script '/home/guyechan/slam_ws/install/yolov3/share/yolov3/package.bash'
[1.240s] INFO:colcon.colcon_core.shell:Creating package script '/home/guyechan/slam_ws/install/yolov3/share/yolov3/package.zsh'
[1.240s] Level 1:colcon.colcon_core.environment:create_file_with_runtime_dependencies(/home/guyechan/slam_ws/install/yolov3/share/colcon-core/packages/yolov3)
[1.241s] DEBUG:colcon.colcon_parallel_executor.executor.parallel:closing loop
[1.241s] DEBUG:colcon.colcon_parallel_executor.executor.parallel:loop closed
[1.241s] DEBUG:colcon.colcon_parallel_executor.executor.parallel:run_until_complete finished with '0'
[1.241s] DEBUG:colcon.colcon_core.event_reactor:joining thread
[1.246s] INFO:colcon.colcon_core.plugin_system:Skipping extension 'colcon_notification.desktop_notification.terminal_notifier': Not used on non-Darwin systems
[1.246s] INFO:colcon.colcon_core.plugin_system:Skipping extension 'colcon_notification.desktop_notification.win32': Not used on non-Windows systems
[1.246s] INFO:colcon.colcon_notification.desktop_notification:Sending desktop notification using 'notify2'
[1.254s] DEBUG:colcon.colcon_core.event_reactor:joined thread
[1.255s] INFO:colcon.colcon_core.shell:Creating prefix script '/home/guyechan/slam_ws/install/local_setup.ps1'
[1.256s] INFO:colcon.colcon_core.shell:Creating prefix util module '/home/guyechan/slam_ws/install/_local_setup_util_ps1.py'
[1.256s] INFO:colcon.colcon_core.shell:Creating prefix chain script '/home/guyechan/slam_ws/install/setup.ps1'
[1.257s] INFO:colcon.colcon_core.shell:Creating prefix script '/home/guyechan/slam_ws/install/local_setup.sh'
[1.258s] INFO:colcon.colcon_core.shell:Creating prefix util module '/home/guyechan/slam_ws/install/_local_setup_util_sh.py'
[1.258s] INFO:colcon.colcon_core.shell:Creating prefix chain script '/home/guyechan/slam_ws/install/setup.sh'
[1.259s] INFO:colcon.colcon_core.shell:Creating prefix script '/home/guyechan/slam_ws/install/local_setup.bash'
[1.259s] INFO:colcon.colcon_core.shell:Creating prefix chain script '/home/guyechan/slam_ws/install/setup.bash'
[1.260s] INFO:colcon.colcon_core.shell:Creating prefix script '/home/guyechan/slam_ws/install/local_setup.zsh'
[1.260s] INFO:colcon.colcon_core.shell:Creating prefix chain script '/home/guyechan/slam_ws/install/setup.zsh'
