[0.162s] Invoking command in '/home/guyechan/slam_ws/build/ydlidar': CMAKE_PREFIX_PATH=${CMAKE_PREFIX_PATH}:/home/guyechan/slam_ws/install/yolov3:/home/guyechan/slam_ws/install/voice_processing:/home/guyechan/slam_ws/install/slam:/opt/ros/foxy /usr/bin/cmake /home/guyechan/slam_ws/src/ydlidar_ros2 -DAMENT_CMAKE_SYMLINK_INSTALL=1 -DCMAKE_INSTALL_PREFIX=/home/guyechan/slam_ws/install/ydlidar
[0.195s] -- The C compiler identification is GNU 9.4.0
[0.228s] -- The CXX compiler identification is GNU 9.4.0
[0.231s] -- Check for working C compiler: /usr/bin/cc
[0.272s] -- Check for working C compiler: /usr/bin/cc -- works
[0.272s] -- Detecting C compiler ABI info
[0.314s] -- Detecting C compiler ABI info - done
[0.321s] -- Detecting C compile features
[0.322s] -- Detecting C compile features - done
[0.323s] -- Check for working CXX compiler: /usr/bin/c++
[0.372s] -- Check for working CXX compiler: /usr/bin/c++ -- works
[0.373s] -- Detecting CXX compiler ABI info
[0.424s] -- Detecting CXX compiler ABI info - done
[0.432s] -- Detecting CXX compile features
[0.432s] -- Detecting CXX compile features - done
[0.433s] -- Found ament_cmake: 0.9.11 (/opt/ros/foxy/share/ament_cmake/cmake)
[0.450s] -- Found PythonInterp: /usr/bin/python3 (found suitable version "3.8.10", minimum required is "3") 
[0.450s] -- Using PYTHON_EXECUTABLE: /usr/bin/python3
[0.609s] -- Override CMake install command with custom implementation using symlinks instead of copying resources
[0.624s] -- Found rclcpp: 2.4.2 (/opt/ros/foxy/share/rclcpp/cmake)
[0.657s] -- Using all available rosidl_typesupport_c: rosidl_typesupport_fastrtps_c;rosidl_typesupport_introspection_c
[0.661s] -- Found rosidl_adapter: 1.3.0 (/opt/ros/foxy/share/rosidl_adapter/cmake)
[0.711s] -- Found OpenSSL: /usr/lib/x86_64-linux-gnu/libcrypto.so (found version "1.1.1f")  
[0.733s] -- Found FastRTPS: /opt/ros/foxy/include  
[0.783s] -- Using all available rosidl_typesupport_cpp: rosidl_typesupport_fastrtps_cpp;rosidl_typesupport_introspection_cpp
[0.821s] -- Found rmw_implementation_cmake: 1.0.3 (/opt/ros/foxy/share/rmw_implementation_cmake/cmake)
[0.822s] -- Using RMW implementation 'rmw_fastrtps_cpp' as default
[0.823s] -- Looking for pthread.h
[0.869s] -- Looking for pthread.h - found
[0.870s] -- Performing Test CMAKE_HAVE_LIBC_PTHREAD
[0.914s] -- Performing Test CMAKE_HAVE_LIBC_PTHREAD - Failed
[0.914s] -- Looking for pthread_create in pthreads
[0.949s] -- Looking for pthread_create in pthreads - not found
[0.949s] -- Looking for pthread_create in pthread
[0.991s] -- Looking for pthread_create in pthread - found
[0.992s] -- Found Threads: TRUE  
[1.094s] -- Found sensor_msgs: 2.0.5 (/opt/ros/foxy/share/sensor_msgs/cmake)
[1.172s] -- Found visualization_msgs: 2.0.5 (/opt/ros/foxy/share/visualization_msgs/cmake)
[1.229s] -- Found ament_lint_auto: 0.9.7 (/opt/ros/foxy/share/ament_lint_auto/cmake)
[1.297s] -- Added test 'copyright' to check source files copyright and LICENSE
[1.311s] -- Added test 'cppcheck' to perform static code analysis on C / C++ code
[1.311s] -- Configured cppcheck include dirs: /home/guyechan/slam_ws/src/ydlidar_ros2/src;/home/guyechan/slam_ws/src/ydlidar_ros2/sdk/include;/home/guyechan/slam_ws/src/ydlidar_ros2/sdk/src
[1.311s] -- Configured cppcheck exclude dirs and/or files: 
[1.323s] -- Added test 'cpplint' to check C / C++ code against the Google style
[1.323s] -- Configured cpplint exclude dirs and/or files: 
[1.325s] -- Added test 'flake8' to check Python code syntax and style conventions
[1.328s] -- Added test 'lint_cmake' to check CMake code style
[1.330s] -- Added test 'pep257' to check Python code against some of the style conventions in PEP 257
[1.341s] -- Added test 'uncrustify' to check C / C++ code style
[1.341s] -- Configured uncrustify additional arguments: 
[1.343s] -- Added test 'xmllint' to check XML markup files
[1.346s] -- Configuring done
[1.358s] -- Generating done
[1.359s] -- Build files have been written to: /home/guyechan/slam_ws/build/ydlidar
[1.367s] Invoked command in '/home/guyechan/slam_ws/build/ydlidar' returned '0': CMAKE_PREFIX_PATH=${CMAKE_PREFIX_PATH}:/home/guyechan/slam_ws/install/yolov3:/home/guyechan/slam_ws/install/voice_processing:/home/guyechan/slam_ws/install/slam:/opt/ros/foxy /usr/bin/cmake /home/guyechan/slam_ws/src/ydlidar_ros2 -DAMENT_CMAKE_SYMLINK_INSTALL=1 -DCMAKE_INSTALL_PREFIX=/home/guyechan/slam_ws/install/ydlidar
[1.368s] Invoking command in '/home/guyechan/slam_ws/build/ydlidar': CMAKE_PREFIX_PATH=${CMAKE_PREFIX_PATH}:/home/guyechan/slam_ws/install/yolov3:/home/guyechan/slam_ws/install/voice_processing:/home/guyechan/slam_ws/install/slam:/opt/ros/foxy /usr/bin/cmake --build /home/guyechan/slam_ws/build/ydlidar -- -j16 -l16
[1.404s] [35m[1mScanning dependencies of target ydlidar_client[0m
[1.404s] [35m[1mScanning dependencies of target ydlidar_node[0m
[1.456s] [  9%] [32mBuilding CXX object CMakeFiles/ydlidar_client.dir/src/ydlidar_client.cpp.o[0m
[1.457s] [ 18%] [32mBuilding CXX object CMakeFiles/ydlidar_node.dir/sdk/src/CYdLidar.cpp.o[0m
[1.457s] [ 27%] [32mBuilding CXX object CMakeFiles/ydlidar_node.dir/src/ydlidar_node.cpp.o[0m
[1.458s] [ 36%] [32mBuilding CXX object CMakeFiles/ydlidar_node.dir/sdk/src/impl/unix/list_ports_linux.cpp.o[0m
[1.459s] [ 54%] [32mBuilding CXX object CMakeFiles/ydlidar_node.dir/sdk/src/impl/unix/unix_serial.cpp.o[0m
[1.459s] [ 54%] [32mBuilding CXX object CMakeFiles/ydlidar_node.dir/sdk/src/serial.cpp.o[0m
[1.459s] [ 63%] [32mBuilding C object CMakeFiles/ydlidar_node.dir/sdk/src/lock.c.o[0m
[1.459s] [ 72%] [32mBuilding CXX object CMakeFiles/ydlidar_node.dir/sdk/src/impl/unix/unix_timer.cpp.o[0m
[1.459s] [ 81%] [32mBuilding CXX object CMakeFiles/ydlidar_node.dir/sdk/src/ydlidar_driver.cpp.o[0m
[3.610s] [ 90%] [32m[1mLinking CXX executable ydlidar_node[0m
[3.742s] [ 90%] Built target ydlidar_node
[4.528s] [100%] [32m[1mLinking CXX executable ydlidar_client[0m
[4.658s] [100%] Built target ydlidar_client
[4.667s] Invoked command in '/home/guyechan/slam_ws/build/ydlidar' returned '0': CMAKE_PREFIX_PATH=${CMAKE_PREFIX_PATH}:/home/guyechan/slam_ws/install/yolov3:/home/guyechan/slam_ws/install/voice_processing:/home/guyechan/slam_ws/install/slam:/opt/ros/foxy /usr/bin/cmake --build /home/guyechan/slam_ws/build/ydlidar -- -j16 -l16
[4.700s] Invoking command in '/home/guyechan/slam_ws/build/ydlidar': CMAKE_PREFIX_PATH=${CMAKE_PREFIX_PATH}:/home/guyechan/slam_ws/install/yolov3:/home/guyechan/slam_ws/install/voice_processing:/home/guyechan/slam_ws/install/slam:/opt/ros/foxy /usr/bin/cmake --install /home/guyechan/slam_ws/build/ydlidar
[4.705s] -- Install configuration: ""
[4.705s] -- Execute custom install script
[4.706s] -- Symlinking: /home/guyechan/slam_ws/install/ydlidar/lib/ydlidar/ydlidar_node
[4.711s] -- Symlinking: /home/guyechan/slam_ws/install/ydlidar/lib/ydlidar/ydlidar_client
[4.716s] -- Symlinking: /home/guyechan/slam_ws/install/ydlidar/share/ydlidar/launch/ydlidar.py
[4.722s] -- Symlinking: /home/guyechan/slam_ws/install/ydlidar/share/ydlidar/launch/ydlidar_launch.py
[4.727s] -- Symlinking: /home/guyechan/slam_ws/install/ydlidar/share/ydlidar/params/ydlidar.yaml
[4.732s] -- Symlinking: /home/guyechan/slam_ws/install/ydlidar/share/ydlidar/startup/initenv.sh
[4.737s] -- Symlinking: /home/guyechan/slam_ws/install/ydlidar/share/ament_index/resource_index/package_run_dependencies/ydlidar
[4.742s] -- Symlinking: /home/guyechan/slam_ws/install/ydlidar/share/ament_index/resource_index/parent_prefix_path/ydlidar
[4.747s] -- Symlinking: /home/guyechan/slam_ws/install/ydlidar/share/ydlidar/environment/ament_prefix_path.sh
[4.752s] -- Symlinking: /home/guyechan/slam_ws/install/ydlidar/share/ydlidar/environment/ament_prefix_path.dsv
[4.758s] -- Symlinking: /home/guyechan/slam_ws/install/ydlidar/share/ydlidar/environment/path.sh
[4.763s] -- Symlinking: /home/guyechan/slam_ws/install/ydlidar/share/ydlidar/environment/path.dsv
[4.767s] -- Symlinking: /home/guyechan/slam_ws/install/ydlidar/share/ydlidar/local_setup.bash
[4.773s] -- Symlinking: /home/guyechan/slam_ws/install/ydlidar/share/ydlidar/local_setup.sh
[4.777s] -- Symlinking: /home/guyechan/slam_ws/install/ydlidar/share/ydlidar/local_setup.zsh
[4.782s] -- Symlinking: /home/guyechan/slam_ws/install/ydlidar/share/ydlidar/local_setup.dsv
[4.787s] -- Symlinking: /home/guyechan/slam_ws/install/ydlidar/share/ydlidar/package.dsv
[4.792s] -- Symlinking: /home/guyechan/slam_ws/install/ydlidar/share/ament_index/resource_index/packages/ydlidar
[4.797s] -- Symlinking: /home/guyechan/slam_ws/install/ydlidar/share/ydlidar/cmake/ydlidarConfig.cmake
[4.802s] -- Symlinking: /home/guyechan/slam_ws/install/ydlidar/share/ydlidar/cmake/ydlidarConfig-version.cmake
[4.807s] -- Symlinking: /home/guyechan/slam_ws/install/ydlidar/share/ydlidar/package.xml
[4.815s] Invoked command in '/home/guyechan/slam_ws/build/ydlidar' returned '0': CMAKE_PREFIX_PATH=${CMAKE_PREFIX_PATH}:/home/guyechan/slam_ws/install/yolov3:/home/guyechan/slam_ws/install/voice_processing:/home/guyechan/slam_ws/install/slam:/opt/ros/foxy /usr/bin/cmake --install /home/guyechan/slam_ws/build/ydlidar
