[0.588s] Invoking command in '/home/guyechan/slam_ws/build/voice_processing': CMAKE_PREFIX_PATH=/home/guyechan/slam_ws/install/sana_msgs:/home/guyechan/slam_ws/install/ydlidar LD_LIBRARY_PATH=/home/guyechan/slam_ws/install/sana_msgs/lib:/opt/ros/foxy/opt/yaml_cpp_vendor/lib:/opt/ros/foxy/opt/rviz_ogre_vendor/lib:/opt/ros/foxy/lib/x86_64-linux-gnu:/opt/ros/foxy/lib:/usr/local/cuda-11.6/lib64:/usr/lib/x86_64-linux-gnu/gazebo-11/plugins PYTHONPATH=/home/guyechan/slam_ws/install/voice_processing/lib/python3.8/site-packages:/home/guyechan/slam_ws/install/sana_msgs/lib/python3.8/site-packages:/home/guyechan/slam_ws/build/yolov3:/home/guyechan/slam_ws/install/yolov3/lib/python3.8/site-packages:/home/guyechan/slam_ws/build/voice_processing:/home/guyechan/slam_ws/install/voice_processing/lib/python3.8/site-packages:/home/guyechan/slam_ws/build/slam:/home/guyechan/slam_ws/install/slam/lib/python3.8/site-packages:/opt/ros/foxy/lib/python3.8/site-packages /usr/bin/python3 setup.py develop --prefix /home/guyechan/slam_ws/install/voice_processing --editable --build-directory /home/guyechan/slam_ws/build/voice_processing/build --no-deps install_data --install-dir /home/guyechan/slam_ws/install/voice_processing
[0.742s] running develop
[0.835s] running egg_info
[0.835s] writing voice_processing.egg-info/PKG-INFO
[0.835s] writing dependency_links to voice_processing.egg-info/dependency_links.txt
[0.835s] writing entry points to voice_processing.egg-info/entry_points.txt
[0.835s] writing requirements to voice_processing.egg-info/requires.txt
[0.835s] writing top-level names to voice_processing.egg-info/top_level.txt
[0.855s] reading manifest file 'voice_processing.egg-info/SOURCES.txt'
[0.855s] writing manifest file 'voice_processing.egg-info/SOURCES.txt'
[0.875s] running build_ext
[0.875s] Creating /home/guyechan/slam_ws/install/voice_processing/lib/python3.8/site-packages/voice-processing.egg-link (link to .)
[0.876s] Installing hotword script to /home/guyechan/slam_ws/install/voice_processing/lib/voice_processing
[0.876s] Installing intent script to /home/guyechan/slam_ws/install/voice_processing/lib/voice_processing
[0.876s] Installing stt script to /home/guyechan/slam_ws/install/voice_processing/lib/voice_processing
[0.876s] Installing tts script to /home/guyechan/slam_ws/install/voice_processing/lib/voice_processing
[0.876s] 
[0.876s] Installed /home/guyechan/slam_ws/build/voice_processing
[0.876s] running install_data
[0.893s] Invoked command in '/home/guyechan/slam_ws/build/voice_processing' returned '0': CMAKE_PREFIX_PATH=/home/guyechan/slam_ws/install/sana_msgs:/home/guyechan/slam_ws/install/ydlidar LD_LIBRARY_PATH=/home/guyechan/slam_ws/install/sana_msgs/lib:/opt/ros/foxy/opt/yaml_cpp_vendor/lib:/opt/ros/foxy/opt/rviz_ogre_vendor/lib:/opt/ros/foxy/lib/x86_64-linux-gnu:/opt/ros/foxy/lib:/usr/local/cuda-11.6/lib64:/usr/lib/x86_64-linux-gnu/gazebo-11/plugins PYTHONPATH=/home/guyechan/slam_ws/install/voice_processing/lib/python3.8/site-packages:/home/guyechan/slam_ws/install/sana_msgs/lib/python3.8/site-packages:/home/guyechan/slam_ws/build/yolov3:/home/guyechan/slam_ws/install/yolov3/lib/python3.8/site-packages:/home/guyechan/slam_ws/build/voice_processing:/home/guyechan/slam_ws/install/voice_processing/lib/python3.8/site-packages:/home/guyechan/slam_ws/build/slam:/home/guyechan/slam_ws/install/slam/lib/python3.8/site-packages:/opt/ros/foxy/lib/python3.8/site-packages /usr/bin/python3 setup.py develop --prefix /home/guyechan/slam_ws/install/voice_processing --editable --build-directory /home/guyechan/slam_ws/build/voice_processing/build --no-deps install_data --install-dir /home/guyechan/slam_ws/install/voice_processing
