[0.130s] Invoking command in '/home/guyechan/slam_ws/build/ydlidar': /usr/bin/cmake /home/guyechan/slam_ws/src/ydlidar_ros2 -DAMENT_CMAKE_SYMLINK_INSTALL=1 -DCMAKE_INSTALL_PREFIX=/home/guyechan/slam_ws/install/ydlidar
[0.144s] CMake Error at CMakeLists.txt:16 (find_package):
[0.144s]   By not providing "Findament_cmake.cmake" in CMAKE_MODULE_PATH this project
[0.144s]   has asked CMake to find a package configuration file provided by
[0.144s]   "ament_cmake", but CMake did not find one.
[0.144s] 
[0.144s]   Could not find a package configuration file provided by "ament_cmake" with
[0.145s]   any of the following names:
[0.145s] 
[0.145s]     ament_cmakeConfig.cmake
[0.145s]     ament_cmake-config.cmake
[0.145s] 
[0.145s]   Add the installation prefix of "ament_cmake" to CMAKE_PREFIX_PATH or set
[0.145s]   "ament_cmake_DIR" to a directory containing one of the above files.  If
[0.145s]   "ament_cmake" provides a separate development package or SDK, be sure it
[0.145s]   has been installed.
[0.145s] 
[0.145s] 
[0.145s] -- Configuring incomplete, errors occurred!
[0.145s] See also "/home/guyechan/slam_ws/build/ydlidar/CMakeFiles/CMakeOutput.log".
[0.146s] Invoked command in '/home/guyechan/slam_ws/build/ydlidar' returned '1': /usr/bin/cmake /home/guyechan/slam_ws/src/ydlidar_ros2 -DAMENT_CMAKE_SYMLINK_INSTALL=1 -DCMAKE_INSTALL_PREFIX=/home/guyechan/slam_ws/install/ydlidar
