[0.150s] Invoking command in '/home/guyechan/slam_ws/build/ydlidar': CMAKE_PREFIX_PATH=${CMAKE_PREFIX_PATH}:/home/guyechan/slam_ws/install/slam:/opt/ros/foxy /usr/bin/cmake --build /home/guyechan/slam_ws/build/ydlidar -- -j16 -l16
[0.189s] [ 18%] Built target ydlidar_client
[0.189s] [100%] Built target ydlidar_node
[0.196s] Invoked command in '/home/guyechan/slam_ws/build/ydlidar' returned '0': CMAKE_PREFIX_PATH=${CMAKE_PREFIX_PATH}:/home/guyechan/slam_ws/install/slam:/opt/ros/foxy /usr/bin/cmake --build /home/guyechan/slam_ws/build/ydlidar -- -j16 -l16
[0.225s] Invoking command in '/home/guyechan/slam_ws/build/ydlidar': CMAKE_PREFIX_PATH=${CMAKE_PREFIX_PATH}:/home/guyechan/slam_ws/install/slam:/opt/ros/foxy /usr/bin/cmake --install /home/guyechan/slam_ws/build/ydlidar
[0.230s] -- Install configuration: ""
[0.230s] -- Execute custom install script
[0.231s] -- Up-to-date symlink: /home/guyechan/slam_ws/install/ydlidar/lib/ydlidar/ydlidar_node
[0.231s] -- Up-to-date symlink: /home/guyechan/slam_ws/install/ydlidar/lib/ydlidar/ydlidar_client
[0.231s] -- Up-to-date symlink: /home/guyechan/slam_ws/install/ydlidar/share/ydlidar/launch/ydlidar.py
[0.231s] -- Up-to-date symlink: /home/guyechan/slam_ws/install/ydlidar/share/ydlidar/launch/ydlidar_launch.py
[0.231s] -- Up-to-date symlink: /home/guyechan/slam_ws/install/ydlidar/share/ydlidar/params/ydlidar.yaml
[0.231s] -- Up-to-date symlink: /home/guyechan/slam_ws/install/ydlidar/share/ydlidar/startup/initenv.sh
[0.232s] -- Up-to-date symlink: /home/guyechan/slam_ws/install/ydlidar/share/ament_index/resource_index/package_run_dependencies/ydlidar
[0.232s] -- Up-to-date symlink: /home/guyechan/slam_ws/install/ydlidar/share/ament_index/resource_index/parent_prefix_path/ydlidar
[0.232s] -- Up-to-date symlink: /home/guyechan/slam_ws/install/ydlidar/share/ydlidar/environment/ament_prefix_path.sh
[0.232s] -- Up-to-date symlink: /home/guyechan/slam_ws/install/ydlidar/share/ydlidar/environment/ament_prefix_path.dsv
[0.232s] -- Up-to-date symlink: /home/guyechan/slam_ws/install/ydlidar/share/ydlidar/environment/path.sh
[0.232s] -- Up-to-date symlink: /home/guyechan/slam_ws/install/ydlidar/share/ydlidar/environment/path.dsv
[0.232s] -- Up-to-date symlink: /home/guyechan/slam_ws/install/ydlidar/share/ydlidar/local_setup.bash
[0.232s] -- Up-to-date symlink: /home/guyechan/slam_ws/install/ydlidar/share/ydlidar/local_setup.sh
[0.233s] -- Up-to-date symlink: /home/guyechan/slam_ws/install/ydlidar/share/ydlidar/local_setup.zsh
[0.233s] -- Up-to-date symlink: /home/guyechan/slam_ws/install/ydlidar/share/ydlidar/local_setup.dsv
[0.233s] -- Symlinking: /home/guyechan/slam_ws/install/ydlidar/share/ydlidar/package.dsv
[0.238s] -- Up-to-date symlink: /home/guyechan/slam_ws/install/ydlidar/share/ament_index/resource_index/packages/ydlidar
[0.238s] -- Up-to-date symlink: /home/guyechan/slam_ws/install/ydlidar/share/ydlidar/cmake/ydlidarConfig.cmake
[0.238s] -- Up-to-date symlink: /home/guyechan/slam_ws/install/ydlidar/share/ydlidar/cmake/ydlidarConfig-version.cmake
[0.239s] -- Up-to-date symlink: /home/guyechan/slam_ws/install/ydlidar/share/ydlidar/package.xml
[0.240s] Invoked command in '/home/guyechan/slam_ws/build/ydlidar' returned '0': CMAKE_PREFIX_PATH=${CMAKE_PREFIX_PATH}:/home/guyechan/slam_ws/install/slam:/opt/ros/foxy /usr/bin/cmake --install /home/guyechan/slam_ws/build/ydlidar
