[0.829s] Invoking command in '/home/guyechan/slam_ws/build/voice_processing': PYTHONPATH=/home/guyechan/slam_ws/install/voice_processing/lib/python3.8/site-packages:${PYTHONPATH} /usr/bin/python3 setup.py develop --prefix /home/guyechan/slam_ws/install/voice_processing --editable --build-directory /home/guyechan/slam_ws/build/voice_processing/build --no-deps install_data --install-dir /home/guyechan/slam_ws/install/voice_processing
[0.996s] running develop
[1.100s] running egg_info
[1.100s] writing voice_processing.egg-info/PKG-INFO
[1.100s] writing dependency_links to voice_processing.egg-info/dependency_links.txt
[1.100s] writing entry points to voice_processing.egg-info/entry_points.txt
[1.100s] writing requirements to voice_processing.egg-info/requires.txt
[1.100s] writing top-level names to voice_processing.egg-info/top_level.txt
[1.122s] reading manifest file 'voice_processing.egg-info/SOURCES.txt'
[1.122s] writing manifest file 'voice_processing.egg-info/SOURCES.txt'
[1.145s] running build_ext
[1.145s] Creating /home/guyechan/slam_ws/install/voice_processing/lib/python3.8/site-packages/voice-processing.egg-link (link to .)
[1.145s] Installing hotword script to /home/guyechan/slam_ws/install/voice_processing/lib/voice_processing
[1.145s] Installing intent script to /home/guyechan/slam_ws/install/voice_processing/lib/voice_processing
[1.145s] Installing stt script to /home/guyechan/slam_ws/install/voice_processing/lib/voice_processing
[1.145s] Installing tts script to /home/guyechan/slam_ws/install/voice_processing/lib/voice_processing
[1.146s] 
[1.146s] Installed /home/guyechan/slam_ws/build/voice_processing
[1.146s] running install_data
[1.146s] copying package.xml -> /home/guyechan/slam_ws/install/voice_processing/share/voice_processing
[1.173s] Invoked command in '/home/guyechan/slam_ws/build/voice_processing' returned '0': PYTHONPATH=/home/guyechan/slam_ws/install/voice_processing/lib/python3.8/site-packages:${PYTHONPATH} /usr/bin/python3 setup.py develop --prefix /home/guyechan/slam_ws/install/voice_processing --editable --build-directory /home/guyechan/slam_ws/build/voice_processing/build --no-deps install_data --install-dir /home/guyechan/slam_ws/install/voice_processing
