[0.679s] Invoking command in '/home/guyechan/slam_ws/build/slam': PYTHONPATH=/home/guyechan/slam_ws/install/slam/lib/python3.8/site-packages:${PYTHONPATH} /usr/bin/python3 setup.py develop --prefix /home/guyechan/slam_ws/install/slam --editable --build-directory /home/guyechan/slam_ws/build/slam/build --no-deps install_data --install-dir /home/guyechan/slam_ws/install/slam
[0.840s] running develop
[0.938s] running egg_info
[0.938s] writing slam.egg-info/PKG-INFO
[0.938s] writing dependency_links to slam.egg-info/dependency_links.txt
[0.938s] writing entry points to slam.egg-info/entry_points.txt
[0.938s] writing requirements to slam.egg-info/requires.txt
[0.938s] writing top-level names to slam.egg-info/top_level.txt
[0.960s] reading manifest file 'slam.egg-info/SOURCES.txt'
[0.961s] writing manifest file 'slam.egg-info/SOURCES.txt'
[0.982s] running build_ext
[0.982s] Creating /home/guyechan/slam_ws/install/slam/lib/python3.8/site-packages/slam.egg-link (link to .)
[0.982s] Installing main script to /home/guyechan/slam_ws/install/slam/lib/slam
[0.983s] Installing slam_goal script to /home/guyechan/slam_ws/install/slam/lib/slam
[0.983s] Installing slam_teleop script to /home/guyechan/slam_ws/install/slam/lib/slam
[0.983s] 
[0.983s] Installed /home/guyechan/slam_ws/build/slam
[0.983s] running install_data
[0.983s] copying map/hallway.pgm -> /home/guyechan/slam_ws/install/slam/share/slam/map
[0.983s] copying map/real.pgm -> /home/guyechan/slam_ws/install/slam/share/slam/map
[0.984s] copying map/real.yaml -> /home/guyechan/slam_ws/install/slam/share/slam/map
[0.984s] copying map/hallway.yaml -> /home/guyechan/slam_ws/install/slam/share/slam/map
[0.984s] copying param/slam.yaml -> /home/guyechan/slam_ws/install/slam/share/slam/param
[1.002s] Invoked command in '/home/guyechan/slam_ws/build/slam' returned '0': PYTHONPATH=/home/guyechan/slam_ws/install/slam/lib/python3.8/site-packages:${PYTHONPATH} /usr/bin/python3 setup.py develop --prefix /home/guyechan/slam_ws/install/slam --editable --build-directory /home/guyechan/slam_ws/build/slam/build --no-deps install_data --install-dir /home/guyechan/slam_ws/install/slam
