[0.604s] Invoking command in '/home/guyechan/slam_ws/build/voice_processing': CMAKE_PREFIX_PATH=/home/guyechan/slam_ws/install/sana_msgs:/home/guyechan/slam_ws/install/ydlidar LD_LIBRARY_PATH=/home/guyechan/slam_ws/install/sana_msgs/lib:/opt/ros/foxy/opt/yaml_cpp_vendor/lib:/opt/ros/foxy/opt/rviz_ogre_vendor/lib:/opt/ros/foxy/lib/x86_64-linux-gnu:/opt/ros/foxy/lib:/usr/local/cuda-11.6/lib64:/usr/lib/x86_64-linux-gnu/gazebo-11/plugins PYTHONPATH=/home/guyechan/slam_ws/install/voice_processing/lib/python3.8/site-packages:/home/guyechan/slam_ws/install/sana_msgs/lib/python3.8/site-packages:/home/guyechan/slam_ws/build/yolov3:/home/guyechan/slam_ws/install/yolov3/lib/python3.8/site-packages:/home/guyechan/slam_ws/build/voice_processing:/home/guyechan/slam_ws/install/voice_processing/lib/python3.8/site-packages:/home/guyechan/slam_ws/build/slam:/home/guyechan/slam_ws/install/slam/lib/python3.8/site-packages:/opt/ros/foxy/lib/python3.8/site-packages /usr/bin/python3 setup.py develop --prefix /home/guyechan/slam_ws/install/voice_processing --editable --build-directory /home/guyechan/slam_ws/build/voice_processing/build --no-deps install_data --install-dir /home/guyechan/slam_ws/install/voice_processing
[0.760s] running develop
[0.853s] running egg_info
[0.853s] writing voice_processing.egg-info/PKG-INFO
[0.853s] writing dependency_links to voice_processing.egg-info/dependency_links.txt
[0.853s] writing entry points to voice_processing.egg-info/entry_points.txt
[0.854s] writing requirements to voice_processing.egg-info/requires.txt
[0.854s] writing top-level names to voice_processing.egg-info/top_level.txt
[0.874s] reading manifest file 'voice_processing.egg-info/SOURCES.txt'
[0.874s] writing manifest file 'voice_processing.egg-info/SOURCES.txt'
[0.894s] running build_ext
[0.894s] Creating /home/guyechan/slam_ws/install/voice_processing/lib/python3.8/site-packages/voice-processing.egg-link (link to .)
[0.895s] Installing hotword script to /home/guyechan/slam_ws/install/voice_processing/lib/voice_processing
[0.895s] Installing intent script to /home/guyechan/slam_ws/install/voice_processing/lib/voice_processing
[0.895s] Installing stt script to /home/guyechan/slam_ws/install/voice_processing/lib/voice_processing
[0.895s] Installing tts script to /home/guyechan/slam_ws/install/voice_processing/lib/voice_processing
[0.895s] 
[0.895s] Installed /home/guyechan/slam_ws/build/voice_processing
[0.895s] running install_data
[0.895s] error: can't copy 'launch/voice_processing.launch.py': doesn't exist or not a regular file
[0.913s] Invoked command in '/home/guyechan/slam_ws/build/voice_processing' returned '1': CMAKE_PREFIX_PATH=/home/guyechan/slam_ws/install/sana_msgs:/home/guyechan/slam_ws/install/ydlidar LD_LIBRARY_PATH=/home/guyechan/slam_ws/install/sana_msgs/lib:/opt/ros/foxy/opt/yaml_cpp_vendor/lib:/opt/ros/foxy/opt/rviz_ogre_vendor/lib:/opt/ros/foxy/lib/x86_64-linux-gnu:/opt/ros/foxy/lib:/usr/local/cuda-11.6/lib64:/usr/lib/x86_64-linux-gnu/gazebo-11/plugins PYTHONPATH=/home/guyechan/slam_ws/install/voice_processing/lib/python3.8/site-packages:/home/guyechan/slam_ws/install/sana_msgs/lib/python3.8/site-packages:/home/guyechan/slam_ws/build/yolov3:/home/guyechan/slam_ws/install/yolov3/lib/python3.8/site-packages:/home/guyechan/slam_ws/build/voice_processing:/home/guyechan/slam_ws/install/voice_processing/lib/python3.8/site-packages:/home/guyechan/slam_ws/build/slam:/home/guyechan/slam_ws/install/slam/lib/python3.8/site-packages:/opt/ros/foxy/lib/python3.8/site-packages /usr/bin/python3 setup.py develop --prefix /home/guyechan/slam_ws/install/voice_processing --editable --build-directory /home/guyechan/slam_ws/build/voice_processing/build --no-deps install_data --install-dir /home/guyechan/slam_ws/install/voice_processing
