running egg_info
creating ../../build/slam/slam.egg-info
writing ../../build/slam/slam.egg-info/PKG-INFO
writing dependency_links to ../../build/slam/slam.egg-info/dependency_links.txt
writing entry points to ../../build/slam/slam.egg-info/entry_points.txt
writing requirements to ../../build/slam/slam.egg-info/requires.txt
writing top-level names to ../../build/slam/slam.egg-info/top_level.txt
writing manifest file '../../build/slam/slam.egg-info/SOURCES.txt'
reading manifest file '../../build/slam/slam.egg-info/SOURCES.txt'
writing manifest file '../../build/slam/slam.egg-info/SOURCES.txt'
running build
running build_py
creating /home/guyechan/slam_ws/build/slam/build
creating /home/guyechan/slam_ws/build/slam/build/lib
creating /home/guyechan/slam_ws/build/slam/build/lib/slam
copying slam/__init__.py -> /home/guyechan/slam_ws/build/slam/build/lib/slam
running install
running install_lib
creating /home/guyechan/slam_ws/install/slam/lib/python3.8/site-packages/slam
copying /home/guyechan/slam_ws/build/slam/build/lib/slam/__init__.py -> /home/guyechan/slam_ws/install/slam/lib/python3.8/site-packages/slam
byte-compiling /home/guyechan/slam_ws/install/slam/lib/python3.8/site-packages/slam/__init__.py to __init__.cpython-38.pyc
running install_data
creating /home/guyechan/slam_ws/install/slam/share/ament_index
creating /home/guyechan/slam_ws/install/slam/share/ament_index/resource_index
creating /home/guyechan/slam_ws/install/slam/share/ament_index/resource_index/packages
copying resource/slam -> /home/guyechan/slam_ws/install/slam/share/ament_index/resource_index/packages
creating /home/guyechan/slam_ws/install/slam/share/slam/launch
copying launch/occupancy_grid.launch.py -> /home/guyechan/slam_ws/install/slam/share/slam/launch
copying launch/cartographer.launch.py -> /home/guyechan/slam_ws/install/slam/share/slam/launch
creating /home/guyechan/slam_ws/install/slam/share/slam/config
copying config/slam_ladar.lua -> /home/guyechan/slam_ws/install/slam/share/slam/config
running install_egg_info
Copying ../../build/slam/slam.egg-info to /home/guyechan/slam_ws/install/slam/lib/python3.8/site-packages/slam-0.0.1-py3.8.egg-info
running install_scripts
writing list of installed files to '/home/guyechan/slam_ws/build/slam/install.log'
