[0.151s] Invoking command in '/home/guyechan/slam_ws/build/ydlidar': CMAKE_PREFIX_PATH=${CMAKE_PREFIX_PATH}:/home/guyechan/slam_ws/install/slam:/opt/ros/foxy /usr/bin/cmake --build /home/guyechan/slam_ws/build/ydlidar -- -j16 -l16
[0.179s] -- Found ament_cmake: 0.9.11 (/opt/ros/foxy/share/ament_cmake/cmake)
[0.195s] -- Using PYTHON_EXECUTABLE: /usr/bin/python3
[0.307s] -- Override CMake install command with custom implementation using symlinks instead of copying resources
[0.311s] -- Found rclcpp: 2.4.2 (/opt/ros/foxy/share/rclcpp/cmake)
[0.332s] -- Using all available rosidl_typesupport_c: rosidl_typesupport_fastrtps_c;rosidl_typesupport_introspection_c
[0.334s] -- Found rosidl_adapter: 1.3.0 (/opt/ros/foxy/share/rosidl_adapter/cmake)
[0.410s] -- Using all available rosidl_typesupport_cpp: rosidl_typesupport_fastrtps_cpp;rosidl_typesupport_introspection_cpp
[0.440s] -- Found rmw_implementation_cmake: 1.0.3 (/opt/ros/foxy/share/rmw_implementation_cmake/cmake)
[0.440s] -- Using RMW implementation 'rmw_fastrtps_cpp' as default
[0.525s] -- Found sensor_msgs: 2.0.5 (/opt/ros/foxy/share/sensor_msgs/cmake)
[0.592s] -- Found visualization_msgs: 2.0.5 (/opt/ros/foxy/share/visualization_msgs/cmake)
[0.637s] -- Found ament_lint_auto: 0.9.7 (/opt/ros/foxy/share/ament_lint_auto/cmake)
[0.677s] -- Added test 'copyright' to check source files copyright and LICENSE
[0.688s] -- Added test 'cppcheck' to perform static code analysis on C / C++ code
[0.688s] -- Configured cppcheck include dirs: /home/guyechan/slam_ws/src/ydlidar_ros2/src;/home/guyechan/slam_ws/src/ydlidar_ros2/sdk/include;/home/guyechan/slam_ws/src/ydlidar_ros2/sdk/src
[0.688s] -- Configured cppcheck exclude dirs and/or files: 
[0.696s] -- Added test 'cpplint' to check C / C++ code against the Google style
[0.696s] -- Configured cpplint exclude dirs and/or files: 
[0.698s] -- Added test 'flake8' to check Python code syntax and style conventions
[0.700s] -- Added test 'lint_cmake' to check CMake code style
[0.701s] -- Added test 'pep257' to check Python code against some of the style conventions in PEP 257
[0.709s] -- Added test 'uncrustify' to check C / C++ code style
[0.710s] -- Configured uncrustify additional arguments: 
[0.710s] -- Added test 'xmllint' to check XML markup files
[0.713s] -- Configuring done
[0.725s] -- Generating done
[0.726s] -- Build files have been written to: /home/guyechan/slam_ws/build/ydlidar
[0.742s] [35m[1mScanning dependencies of target ydlidar_client[0m
[0.742s] [35m[1mScanning dependencies of target ydlidar_node[0m
[0.764s] [  9%] [32mBuilding CXX object CMakeFiles/ydlidar_client.dir/src/ydlidar_client.cpp.o[0m
[0.765s] [ 18%] [32mBuilding CXX object CMakeFiles/ydlidar_node.dir/src/ydlidar_node.cpp.o[0m
[2.575s] [ 27%] [32m[1mLinking CXX executable ydlidar_node[0m
[2.691s] [ 90%] Built target ydlidar_node
[3.429s] [100%] [32m[1mLinking CXX executable ydlidar_client[0m
[3.568s] [100%] Built target ydlidar_client
[3.576s] Invoked command in '/home/guyechan/slam_ws/build/ydlidar' returned '0': CMAKE_PREFIX_PATH=${CMAKE_PREFIX_PATH}:/home/guyechan/slam_ws/install/slam:/opt/ros/foxy /usr/bin/cmake --build /home/guyechan/slam_ws/build/ydlidar -- -j16 -l16
[3.607s] Invoking command in '/home/guyechan/slam_ws/build/ydlidar': CMAKE_PREFIX_PATH=${CMAKE_PREFIX_PATH}:/home/guyechan/slam_ws/install/slam:/opt/ros/foxy /usr/bin/cmake --install /home/guyechan/slam_ws/build/ydlidar
[3.612s] -- Install configuration: ""
[3.612s] -- Execute custom install script
[3.613s] -- Up-to-date symlink: /home/guyechan/slam_ws/install/ydlidar/lib/ydlidar/ydlidar_node
[3.613s] -- Up-to-date symlink: /home/guyechan/slam_ws/install/ydlidar/lib/ydlidar/ydlidar_client
[3.613s] -- Up-to-date symlink: /home/guyechan/slam_ws/install/ydlidar/share/ydlidar/launch/ydlidar.py
[3.613s] -- Up-to-date symlink: /home/guyechan/slam_ws/install/ydlidar/share/ydlidar/launch/ydlidar_launch.py
[3.614s] -- Up-to-date symlink: /home/guyechan/slam_ws/install/ydlidar/share/ydlidar/params/ydlidar.yaml
[3.614s] -- Up-to-date symlink: /home/guyechan/slam_ws/install/ydlidar/share/ydlidar/startup/initenv.sh
[3.614s] -- Up-to-date symlink: /home/guyechan/slam_ws/install/ydlidar/share/ament_index/resource_index/package_run_dependencies/ydlidar
[3.615s] -- Up-to-date symlink: /home/guyechan/slam_ws/install/ydlidar/share/ament_index/resource_index/parent_prefix_path/ydlidar
[3.615s] -- Up-to-date symlink: /home/guyechan/slam_ws/install/ydlidar/share/ydlidar/environment/ament_prefix_path.sh
[3.615s] -- Up-to-date symlink: /home/guyechan/slam_ws/install/ydlidar/share/ydlidar/environment/ament_prefix_path.dsv
[3.615s] -- Up-to-date symlink: /home/guyechan/slam_ws/install/ydlidar/share/ydlidar/environment/path.sh
[3.615s] -- Up-to-date symlink: /home/guyechan/slam_ws/install/ydlidar/share/ydlidar/environment/path.dsv
[3.615s] -- Up-to-date symlink: /home/guyechan/slam_ws/install/ydlidar/share/ydlidar/local_setup.bash
[3.616s] -- Up-to-date symlink: /home/guyechan/slam_ws/install/ydlidar/share/ydlidar/local_setup.sh
[3.616s] -- Up-to-date symlink: /home/guyechan/slam_ws/install/ydlidar/share/ydlidar/local_setup.zsh
[3.616s] -- Up-to-date symlink: /home/guyechan/slam_ws/install/ydlidar/share/ydlidar/local_setup.dsv
[3.616s] -- Symlinking: /home/guyechan/slam_ws/install/ydlidar/share/ydlidar/package.dsv
[3.622s] -- Up-to-date symlink: /home/guyechan/slam_ws/install/ydlidar/share/ament_index/resource_index/packages/ydlidar
[3.623s] -- Up-to-date symlink: /home/guyechan/slam_ws/install/ydlidar/share/ydlidar/cmake/ydlidarConfig.cmake
[3.623s] -- Up-to-date symlink: /home/guyechan/slam_ws/install/ydlidar/share/ydlidar/cmake/ydlidarConfig-version.cmake
[3.623s] -- Up-to-date symlink: /home/guyechan/slam_ws/install/ydlidar/share/ydlidar/package.xml
[3.626s] Invoked command in '/home/guyechan/slam_ws/build/ydlidar' returned '0': CMAKE_PREFIX_PATH=${CMAKE_PREFIX_PATH}:/home/guyechan/slam_ws/install/slam:/opt/ros/foxy /usr/bin/cmake --install /home/guyechan/slam_ws/build/ydlidar
