[0.423s] Invoking command in '/home/guyechan/slam_ws/build/slam': PYTHONPATH=/home/guyechan/slam_ws/build/slam/prefix_override:/home/guyechan/slam_ws/install/slam/lib/python3.8/site-packages:${PYTHONPATH} /usr/bin/python3 setup.py develop --editable --build-directory /home/guyechan/slam_ws/build/slam/build --no-deps install_data
[0.569s] running develop
[0.656s] running egg_info
[0.656s] writing slam.egg-info/PKG-INFO
[0.656s] writing dependency_links to slam.egg-info/dependency_links.txt
[0.656s] writing entry points to slam.egg-info/entry_points.txt
[0.656s] writing requirements to slam.egg-info/requires.txt
[0.656s] writing top-level names to slam.egg-info/top_level.txt
[0.677s] reading manifest file 'slam.egg-info/SOURCES.txt'
[0.677s] writing manifest file 'slam.egg-info/SOURCES.txt'
[0.696s] running build_ext
[0.696s] Creating /home/guyechan/slam_ws/install/slam/lib/python3.8/site-packages/slam.egg-link (link to .)
[0.696s] 
[0.696s] Installed /home/guyechan/slam_ws/build/slam
[0.696s] running install_data
[0.697s] copying launch/rviz.launch.py -> /home/guyechan/slam_ws/install/slam/share/slam/launch
[0.697s] copying urdf/slam.urdf -> /home/guyechan/slam_ws/install/slam/share/slam/urdf
[0.697s] copying meshes/left_link.STL -> /home/guyechan/slam_ws/install/slam/share/slam/meshes
[0.697s] copying meshes/base_link.STL -> /home/guyechan/slam_ws/install/slam/share/slam/meshes
[0.697s] copying meshes/lidar_link.STL -> /home/guyechan/slam_ws/install/slam/share/slam/meshes
[0.697s] copying meshes/right_link.STL -> /home/guyechan/slam_ws/install/slam/share/slam/meshes
[0.712s] Invoked command in '/home/guyechan/slam_ws/build/slam' returned '0': PYTHONPATH=/home/guyechan/slam_ws/build/slam/prefix_override:/home/guyechan/slam_ws/install/slam/lib/python3.8/site-packages:${PYTHONPATH} /usr/bin/python3 setup.py develop --editable --build-directory /home/guyechan/slam_ws/build/slam/build --no-deps install_data
