[0.021s] Invoking command in '/home/guyechan/slam_ws/build/sana_msgs': CMAKE_PREFIX_PATH=${CMAKE_PREFIX_PATH}:/home/guyechan/slam_ws/install/yolov3:/home/guyechan/slam_ws/install/voice_processing:/home/guyechan/slam_ws/install/slam:/opt/ros/foxy /usr/bin/cmake --build /home/guyechan/slam_ws/build/sana_msgs -- -j16 -l16
[0.176s] -- Found ament_cmake: 0.9.11 (/opt/ros/foxy/share/ament_cmake/cmake)
[0.177s] -- Found PythonInterp: /usr/bin/python3 (found suitable version "3.8.10", minimum required is "3") 
[0.177s] -- Using PYTHON_EXECUTABLE: /usr/bin/python3
[0.182s] -- Override CMake install command with custom implementation using symlinks instead of copying resources
[0.186s] -- Found rosidl_default_generators: 1.0.1 (/opt/ros/foxy/share/rosidl_default_generators/cmake)
[0.188s] -- Using all available rosidl_typesupport_c: rosidl_typesupport_fastrtps_c;rosidl_typesupport_introspection_c
[0.190s] -- Found rosidl_adapter: 1.3.0 (/opt/ros/foxy/share/rosidl_adapter/cmake)
[0.282s] -- Using all available rosidl_typesupport_cpp: rosidl_typesupport_fastrtps_cpp;rosidl_typesupport_introspection_cpp
[0.317s] -- Found PythonInterp: /usr/bin/python3 (found version "3.8.10") 
[0.396s] -- Found ament_cmake_ros: 0.9.2 (/opt/ros/foxy/share/ament_cmake_ros/cmake)
[0.460s] -- Using all available rosidl_typesupport_c: rosidl_typesupport_fastrtps_c;rosidl_typesupport_introspection_c
[0.464s] -- Using all available rosidl_typesupport_cpp: rosidl_typesupport_fastrtps_cpp;rosidl_typesupport_introspection_cpp
[0.484s] -- Found PythonInterp: /usr/bin/python3 (found suitable version "3.8.10", minimum required is "3.5") 
[0.484s] -- Found python_cmake_module: 0.8.1 (/opt/ros/foxy/share/python_cmake_module/cmake)
[0.504s] -- Using PYTHON_EXECUTABLE: /usr/bin/python3
[0.504s] -- Using PYTHON_INCLUDE_DIRS: /usr/include/python3.8
[0.504s] -- Using PYTHON_LIBRARIES: /usr/lib/x86_64-linux-gnu/libpython3.8.so
[0.513s] -- Found ament_lint_auto: 0.9.7 (/opt/ros/foxy/share/ament_lint_auto/cmake)
[0.519s] -- Added test 'copyright' to check source files copyright and LICENSE
[0.520s] -- Added test 'lint_cmake' to check CMake code style
[0.521s] -- Added test 'xmllint' to check XML markup files
[0.523s] -- Configuring done
[0.538s] -- Generating done
[0.539s] -- Build files have been written to: /home/guyechan/slam_ws/build/sana_msgs
[0.556s] [  3%] [34m[1mGenerating C code for ROS interfaces[0m
[0.562s] [  6%] [34m[1mGenerating C++ code for ROS interfaces[0m
[0.704s] [35m[1mScanning dependencies of target sana_msgs__rosidl_generator_c[0m
[0.705s] [  6%] Built target sana_msgs__cpp
[0.712s] [  9%] [32mBuilding C object CMakeFiles/sana_msgs__rosidl_generator_c.dir/rosidl_generator_c/sana_msgs/msg/detail/sana__functions.c.o[0m
[0.712s] [ 12%] [34m[1mGenerating C++ type support dispatch for ROS interfaces[0m
[0.712s] [ 16%] [34m[1mGenerating C++ type support for eProsima Fast-RTPS[0m
[0.712s] [ 19%] [34m[1mGenerating C++ introspection for ROS interfaces[0m
[0.748s] [ 22%] [32m[1mLinking C shared library libsana_msgs__rosidl_generator_c.so[0m
[0.775s] [ 22%] Built target sana_msgs__rosidl_generator_c
[0.783s] [ 29%] [34m[1mGenerating C introspection for ROS interfaces[0m
[0.783s] [ 29%] [34m[1mGenerating C type support dispatch for ROS interfaces[0m
[0.866s] [35m[1mScanning dependencies of target sana_msgs__rosidl_typesupport_cpp[0m
[0.875s] [ 32%] [32mBuilding CXX object CMakeFiles/sana_msgs__rosidl_typesupport_cpp.dir/rosidl_typesupport_cpp/sana_msgs/msg/sana__type_support.cpp.o[0m
[0.879s] [35m[1mScanning dependencies of target sana_msgs__rosidl_typesupport_introspection_cpp[0m
[0.884s] [35m[1mScanning dependencies of target sana_msgs__rosidl_typesupport_fastrtps_cpp[0m
[0.887s] [ 35%] [32mBuilding CXX object CMakeFiles/sana_msgs__rosidl_typesupport_introspection_cpp.dir/rosidl_typesupport_introspection_cpp/sana_msgs/msg/detail/sana__type_support.cpp.o[0m
[0.893s] [ 38%] [32mBuilding CXX object CMakeFiles/sana_msgs__rosidl_typesupport_fastrtps_cpp.dir/rosidl_typesupport_fastrtps_cpp/sana_msgs/msg/detail/dds_fastrtps/sana__type_support.cpp.o[0m
[0.940s] [35m[1mScanning dependencies of target sana_msgs__rosidl_typesupport_c[0m
[0.949s] [ 41%] [32mBuilding CXX object CMakeFiles/sana_msgs__rosidl_typesupport_c.dir/rosidl_typesupport_c/sana_msgs/msg/sana__type_support.cpp.o[0m
[0.954s] [35m[1mScanning dependencies of target sana_msgs__rosidl_typesupport_introspection_c[0m
[0.963s] [ 45%] [32mBuilding C object CMakeFiles/sana_msgs__rosidl_typesupport_introspection_c.dir/rosidl_typesupport_introspection_c/sana_msgs/msg/detail/sana__type_support.c.o[0m
[0.971s] [ 48%] [32m[1mLinking CXX shared library libsana_msgs__rosidl_typesupport_c.so[0m
[0.986s] [ 51%] [32m[1mLinking C shared library libsana_msgs__rosidl_typesupport_introspection_c.so[0m
[1.000s] [ 51%] Built target sana_msgs__rosidl_typesupport_c
[1.007s] [ 51%] Built target sana_msgs__rosidl_typesupport_introspection_c
[1.059s] [ 54%] [32m[1mLinking CXX shared library libsana_msgs__rosidl_typesupport_cpp.so[0m
[1.071s] [ 58%] [32m[1mLinking CXX shared library libsana_msgs__rosidl_typesupport_introspection_cpp.so[0m
[1.082s] [ 58%] Built target sana_msgs__rosidl_typesupport_cpp
[1.106s] [ 58%] Built target sana_msgs__rosidl_typesupport_introspection_cpp
[1.147s] [ 61%] [32m[1mLinking CXX shared library libsana_msgs__rosidl_typesupport_fastrtps_cpp.so[0m
[1.194s] [ 61%] Built target sana_msgs__rosidl_typesupport_fastrtps_cpp
[1.200s] [ 64%] [34m[1mGenerating C type support for eProsima Fast-RTPS[0m
[1.335s] [35m[1mScanning dependencies of target sana_msgs__rosidl_typesupport_fastrtps_c[0m
[1.342s] [ 67%] [32mBuilding CXX object CMakeFiles/sana_msgs__rosidl_typesupport_fastrtps_c.dir/rosidl_typesupport_fastrtps_c/sana_msgs/msg/detail/sana__type_support_c.cpp.o[0m
[1.537s] [ 70%] [32m[1mLinking CXX shared library libsana_msgs__rosidl_typesupport_fastrtps_c.so[0m
[1.585s] [ 70%] Built target sana_msgs__rosidl_typesupport_fastrtps_c
[1.599s] [ 70%] Built target sana_msgs
[1.626s] [ 74%] [34m[1mGenerating Python code for ROS interfaces[0m
[1.848s] [ 74%] Built target sana_msgs__py
[1.855s] [35m[1mScanning dependencies of target sana_msgs__python[0m
[1.862s] [ 77%] [32mBuilding C object CMakeFiles/sana_msgs__python.dir/rosidl_generator_py/sana_msgs/msg/_sana_s.c.o[0m
[1.918s] [ 80%] [32m[1mLinking C shared library rosidl_generator_py/sana_msgs/libsana_msgs__python.so[0m
[1.942s] [ 80%] Built target sana_msgs__python
[1.949s] [35m[1mScanning dependencies of target sana_msgs__rosidl_typesupport_c__pyext[0m
[1.949s] [35m[1mScanning dependencies of target sana_msgs__rosidl_typesupport_introspection_c__pyext[0m
[1.950s] [35m[1mScanning dependencies of target sana_msgs__rosidl_typesupport_fastrtps_c__pyext[0m
[1.961s] [ 83%] [32mBuilding C object CMakeFiles/sana_msgs__rosidl_typesupport_c__pyext.dir/rosidl_generator_py/sana_msgs/_sana_msgs_s.ep.rosidl_typesupport_c.c.o[0m
[1.961s] [ 87%] [32mBuilding C object CMakeFiles/sana_msgs__rosidl_typesupport_introspection_c__pyext.dir/rosidl_generator_py/sana_msgs/_sana_msgs_s.ep.rosidl_typesupport_introspection_c.c.o[0m
[1.961s] [ 90%] [32mBuilding C object CMakeFiles/sana_msgs__rosidl_typesupport_fastrtps_c__pyext.dir/rosidl_generator_py/sana_msgs/_sana_msgs_s.ep.rosidl_typesupport_fastrtps_c.c.o[0m
[2.009s] [100%] [32m[1mLinking CXX shared library rosidl_generator_py/sana_msgs/sana_msgs_s__rosidl_typesupport_fastrtps_c.cpython-38-x86_64-linux-gnu.so[0m
[2.009s] [100%] [32m[1mLinking C shared library rosidl_generator_py/sana_msgs/sana_msgs_s__rosidl_typesupport_introspection_c.cpython-38-x86_64-linux-gnu.so[0m
[2.009s] [100%] [32m[1mLinking C shared library rosidl_generator_py/sana_msgs/sana_msgs_s__rosidl_typesupport_c.cpython-38-x86_64-linux-gnu.so[0m
[2.030s] [100%] Built target sana_msgs__rosidl_typesupport_c__pyext
[2.030s] [100%] Built target sana_msgs__rosidl_typesupport_introspection_c__pyext
[2.047s] [100%] Built target sana_msgs__rosidl_typesupport_fastrtps_c__pyext
[2.054s] Invoked command in '/home/guyechan/slam_ws/build/sana_msgs' returned '0': CMAKE_PREFIX_PATH=${CMAKE_PREFIX_PATH}:/home/guyechan/slam_ws/install/yolov3:/home/guyechan/slam_ws/install/voice_processing:/home/guyechan/slam_ws/install/slam:/opt/ros/foxy /usr/bin/cmake --build /home/guyechan/slam_ws/build/sana_msgs -- -j16 -l16
[2.093s] Invoking command in '/home/guyechan/slam_ws/build/sana_msgs': CMAKE_PREFIX_PATH=${CMAKE_PREFIX_PATH}:/home/guyechan/slam_ws/install/yolov3:/home/guyechan/slam_ws/install/voice_processing:/home/guyechan/slam_ws/install/slam:/opt/ros/foxy /usr/bin/cmake --install /home/guyechan/slam_ws/build/sana_msgs
[2.098s] -- Install configuration: ""
[2.099s] -- Execute custom install script
[2.099s] -- Up-to-date symlink: /home/guyechan/slam_ws/install/sana_msgs/share/ament_index/resource_index/rosidl_interfaces/sana_msgs
[2.099s] -- Up-to-date symlink: /home/guyechan/slam_ws/install/sana_msgs/include/sana_msgs/msg/detail/sana__functions.h
[2.099s] -- Up-to-date symlink: /home/guyechan/slam_ws/install/sana_msgs/include/sana_msgs/msg/detail/sana__struct.h
[2.099s] -- Up-to-date symlink: /home/guyechan/slam_ws/install/sana_msgs/include/sana_msgs/msg/detail/sana__type_support.h
[2.099s] -- Up-to-date symlink: /home/guyechan/slam_ws/install/sana_msgs/include/sana_msgs/msg/rosidl_generator_c__visibility_control.h
[2.099s] -- Up-to-date symlink: /home/guyechan/slam_ws/install/sana_msgs/include/sana_msgs/msg/sana.h
[2.099s] -- Up-to-date symlink: /home/guyechan/slam_ws/install/sana_msgs/share/sana_msgs/environment/library_path.sh
[2.100s] -- Up-to-date symlink: /home/guyechan/slam_ws/install/sana_msgs/share/sana_msgs/environment/library_path.dsv
[2.100s] -- Up-to-date symlink: /home/guyechan/slam_ws/install/sana_msgs/include/sana_msgs/msg/detail/sana__rosidl_typesupport_fastrtps_c.h
[2.100s] -- Up-to-date symlink: /home/guyechan/slam_ws/install/sana_msgs/include/sana_msgs/msg/rosidl_typesupport_fastrtps_c__visibility_control.h
[2.100s] -- Up-to-date symlink: /home/guyechan/slam_ws/install/sana_msgs/lib/libsana_msgs__rosidl_typesupport_fastrtps_c.so
[2.101s] -- Up-to-date symlink: /home/guyechan/slam_ws/install/sana_msgs/include/sana_msgs/msg/detail/sana__rosidl_typesupport_fastrtps_cpp.hpp
[2.101s] -- Up-to-date symlink: /home/guyechan/slam_ws/install/sana_msgs/include/sana_msgs/msg/rosidl_typesupport_fastrtps_cpp__visibility_control.h
[2.101s] -- Up-to-date symlink: /home/guyechan/slam_ws/install/sana_msgs/lib/libsana_msgs__rosidl_typesupport_fastrtps_cpp.so
[2.101s] -- Up-to-date symlink: /home/guyechan/slam_ws/install/sana_msgs/include/sana_msgs/msg/detail/sana__rosidl_typesupport_introspection_c.h
[2.101s] -- Up-to-date symlink: /home/guyechan/slam_ws/install/sana_msgs/include/sana_msgs/msg/rosidl_typesupport_introspection_c__visibility_control.h
[2.101s] -- Up-to-date symlink: /home/guyechan/slam_ws/install/sana_msgs/include/sana_msgs/msg/detail/sana__builder.hpp
[2.102s] -- Up-to-date symlink: /home/guyechan/slam_ws/install/sana_msgs/include/sana_msgs/msg/detail/sana__struct.hpp
[2.102s] -- Up-to-date symlink: /home/guyechan/slam_ws/install/sana_msgs/include/sana_msgs/msg/detail/sana__traits.hpp
[2.102s] -- Up-to-date symlink: /home/guyechan/slam_ws/install/sana_msgs/include/sana_msgs/msg/sana.hpp
[2.102s] -- Up-to-date symlink: /home/guyechan/slam_ws/install/sana_msgs/include/sana_msgs/msg/detail/sana__rosidl_typesupport_introspection_cpp.hpp
[2.102s] -- Up-to-date symlink: /home/guyechan/slam_ws/install/sana_msgs/share/sana_msgs/environment/pythonpath.sh
[2.102s] -- Up-to-date symlink: /home/guyechan/slam_ws/install/sana_msgs/share/sana_msgs/environment/pythonpath.dsv
[2.102s] -- Up-to-date symlink: /home/guyechan/slam_ws/install/sana_msgs/lib/python3.8/site-packages/sana_msgs/__init__.py
[2.103s] -- Up-to-date symlink: /home/guyechan/slam_ws/install/sana_msgs/lib/python3.8/site-packages/sana_msgs/msg/__init__.py
[2.103s] -- Up-to-date symlink: /home/guyechan/slam_ws/install/sana_msgs/lib/python3.8/site-packages/sana_msgs/msg/_sana.py
[2.103s] -- Up-to-date symlink: /home/guyechan/slam_ws/install/sana_msgs/lib/python3.8/site-packages/sana_msgs/sana_msgs_s__rosidl_typesupport_fastrtps_c.cpython-38-x86_64-linux-gnu.so
[2.103s] -- Up-to-date symlink: /home/guyechan/slam_ws/install/sana_msgs/lib/python3.8/site-packages/sana_msgs/sana_msgs_s__rosidl_typesupport_introspection_c.cpython-38-x86_64-linux-gnu.so
[2.103s] -- Up-to-date symlink: /home/guyechan/slam_ws/install/sana_msgs/lib/python3.8/site-packages/sana_msgs/sana_msgs_s__rosidl_typesupport_c.cpython-38-x86_64-linux-gnu.so
[2.103s] -- Up-to-date symlink: /home/guyechan/slam_ws/install/sana_msgs/lib/libsana_msgs__python.so
[2.104s] -- Up-to-date symlink: /home/guyechan/slam_ws/install/sana_msgs/share/sana_msgs/msg/Sana.idl
[2.104s] -- Up-to-date symlink: /home/guyechan/slam_ws/install/sana_msgs/share/sana_msgs/msg/Sana.msg
[2.104s] -- Up-to-date symlink: /home/guyechan/slam_ws/install/sana_msgs/share/ament_index/resource_index/package_run_dependencies/sana_msgs
[2.104s] -- Up-to-date symlink: /home/guyechan/slam_ws/install/sana_msgs/share/ament_index/resource_index/parent_prefix_path/sana_msgs
[2.104s] -- Up-to-date symlink: /home/guyechan/slam_ws/install/sana_msgs/share/sana_msgs/environment/ament_prefix_path.sh
[2.104s] -- Up-to-date symlink: /home/guyechan/slam_ws/install/sana_msgs/share/sana_msgs/environment/ament_prefix_path.dsv
[2.104s] -- Up-to-date symlink: /home/guyechan/slam_ws/install/sana_msgs/share/sana_msgs/environment/path.sh
[2.104s] -- Up-to-date symlink: /home/guyechan/slam_ws/install/sana_msgs/share/sana_msgs/environment/path.dsv
[2.105s] -- Up-to-date symlink: /home/guyechan/slam_ws/install/sana_msgs/share/sana_msgs/local_setup.bash
[2.105s] -- Up-to-date symlink: /home/guyechan/slam_ws/install/sana_msgs/share/sana_msgs/local_setup.sh
[2.105s] -- Up-to-date symlink: /home/guyechan/slam_ws/install/sana_msgs/share/sana_msgs/local_setup.zsh
[2.105s] -- Up-to-date symlink: /home/guyechan/slam_ws/install/sana_msgs/share/sana_msgs/local_setup.dsv
[2.105s] -- Symlinking: /home/guyechan/slam_ws/install/sana_msgs/share/sana_msgs/package.dsv
[2.110s] -- Up-to-date symlink: /home/guyechan/slam_ws/install/sana_msgs/share/ament_index/resource_index/packages/sana_msgs
[2.111s] -- Up-to-date symlink: /home/guyechan/slam_ws/install/sana_msgs/share/sana_msgs/cmake/rosidl_cmake-extras.cmake
[2.111s] -- Up-to-date symlink: /home/guyechan/slam_ws/install/sana_msgs/share/sana_msgs/cmake/ament_cmake_export_dependencies-extras.cmake
[2.111s] -- Up-to-date symlink: /home/guyechan/slam_ws/install/sana_msgs/share/sana_msgs/cmake/ament_cmake_export_libraries-extras.cmake
[2.111s] -- Up-to-date symlink: /home/guyechan/slam_ws/install/sana_msgs/share/sana_msgs/cmake/ament_cmake_export_targets-extras.cmake
[2.111s] -- Up-to-date symlink: /home/guyechan/slam_ws/install/sana_msgs/share/sana_msgs/cmake/ament_cmake_export_include_directories-extras.cmake
[2.111s] -- Up-to-date symlink: /home/guyechan/slam_ws/install/sana_msgs/share/sana_msgs/cmake/rosidl_cmake_export_typesupport_libraries-extras.cmake
[2.111s] -- Up-to-date symlink: /home/guyechan/slam_ws/install/sana_msgs/share/sana_msgs/cmake/rosidl_cmake_export_typesupport_targets-extras.cmake
[2.111s] -- Up-to-date symlink: /home/guyechan/slam_ws/install/sana_msgs/share/sana_msgs/cmake/sana_msgsConfig.cmake
[2.112s] -- Up-to-date symlink: /home/guyechan/slam_ws/install/sana_msgs/share/sana_msgs/cmake/sana_msgsConfig-version.cmake
[2.112s] -- Up-to-date symlink: /home/guyechan/slam_ws/install/sana_msgs/share/sana_msgs/package.xml
[2.112s] -- Installing: /home/guyechan/slam_ws/install/sana_msgs/lib/libsana_msgs__rosidl_generator_c.so
[2.112s] -- Set runtime path of "/home/guyechan/slam_ws/install/sana_msgs/lib/libsana_msgs__rosidl_generator_c.so" to ""
[2.112s] -- Installing: /home/guyechan/slam_ws/install/sana_msgs/lib/libsana_msgs__rosidl_typesupport_introspection_c.so
[2.112s] -- Set runtime path of "/home/guyechan/slam_ws/install/sana_msgs/lib/libsana_msgs__rosidl_typesupport_introspection_c.so" to ""
[2.112s] -- Installing: /home/guyechan/slam_ws/install/sana_msgs/lib/libsana_msgs__rosidl_typesupport_c.so
[2.112s] -- Set runtime path of "/home/guyechan/slam_ws/install/sana_msgs/lib/libsana_msgs__rosidl_typesupport_c.so" to ""
[2.113s] -- Installing: /home/guyechan/slam_ws/install/sana_msgs/lib/libsana_msgs__rosidl_typesupport_introspection_cpp.so
[2.113s] -- Set runtime path of "/home/guyechan/slam_ws/install/sana_msgs/lib/libsana_msgs__rosidl_typesupport_introspection_cpp.so" to ""
[2.113s] -- Installing: /home/guyechan/slam_ws/install/sana_msgs/lib/libsana_msgs__rosidl_typesupport_cpp.so
[2.113s] -- Set runtime path of "/home/guyechan/slam_ws/install/sana_msgs/lib/libsana_msgs__rosidl_typesupport_cpp.so" to ""
[2.135s] Compiling '/home/guyechan/slam_ws/install/sana_msgs/lib/python3.8/site-packages/sana_msgs/__init__.py'...
[2.138s] -- Up-to-date: /home/guyechan/slam_ws/install/sana_msgs/share/sana_msgs/cmake/sana_msgs__rosidl_generator_cExport.cmake
[2.138s] -- Installing: /home/guyechan/slam_ws/install/sana_msgs/share/sana_msgs/cmake/sana_msgs__rosidl_generator_cExport-noconfig.cmake
[2.138s] -- Up-to-date: /home/guyechan/slam_ws/install/sana_msgs/share/sana_msgs/cmake/sana_msgs__rosidl_typesupport_introspection_cExport.cmake
[2.138s] -- Installing: /home/guyechan/slam_ws/install/sana_msgs/share/sana_msgs/cmake/sana_msgs__rosidl_typesupport_introspection_cExport-noconfig.cmake
[2.138s] -- Up-to-date: /home/guyechan/slam_ws/install/sana_msgs/share/sana_msgs/cmake/sana_msgs__rosidl_typesupport_cExport.cmake
[2.138s] -- Installing: /home/guyechan/slam_ws/install/sana_msgs/share/sana_msgs/cmake/sana_msgs__rosidl_typesupport_cExport-noconfig.cmake
[2.138s] -- Up-to-date: /home/guyechan/slam_ws/install/sana_msgs/share/sana_msgs/cmake/sana_msgs__rosidl_generator_cppExport.cmake
[2.138s] -- Up-to-date: /home/guyechan/slam_ws/install/sana_msgs/share/sana_msgs/cmake/sana_msgs__rosidl_typesupport_introspection_cppExport.cmake
[2.138s] -- Installing: /home/guyechan/slam_ws/install/sana_msgs/share/sana_msgs/cmake/sana_msgs__rosidl_typesupport_introspection_cppExport-noconfig.cmake
[2.138s] -- Up-to-date: /home/guyechan/slam_ws/install/sana_msgs/share/sana_msgs/cmake/sana_msgs__rosidl_typesupport_cppExport.cmake
[2.138s] -- Installing: /home/guyechan/slam_ws/install/sana_msgs/share/sana_msgs/cmake/sana_msgs__rosidl_typesupport_cppExport-noconfig.cmake
[2.141s] Invoked command in '/home/guyechan/slam_ws/build/sana_msgs' returned '0': CMAKE_PREFIX_PATH=${CMAKE_PREFIX_PATH}:/home/guyechan/slam_ws/install/yolov3:/home/guyechan/slam_ws/install/voice_processing:/home/guyechan/slam_ws/install/slam:/opt/ros/foxy /usr/bin/cmake --install /home/guyechan/slam_ws/build/sana_msgs
