[0.386s] Invoking command in '/home/guyechan/slam_ws/build/slam': PYTHONPATH=/home/guyechan/slam_ws/build/slam/prefix_override:/home/guyechan/slam_ws/install/slam/lib/python3.8/site-packages:${PYTHONPATH} /usr/bin/python3 setup.py develop --editable --build-directory /home/guyechan/slam_ws/build/slam/build --no-deps install_data
[0.523s] running develop
[0.605s] running egg_info
[0.605s] creating slam.egg-info
[0.605s] writing slam.egg-info/PKG-INFO
[0.605s] writing dependency_links to slam.egg-info/dependency_links.txt
[0.606s] writing entry points to slam.egg-info/entry_points.txt
[0.606s] writing requirements to slam.egg-info/requires.txt
[0.606s] writing top-level names to slam.egg-info/top_level.txt
[0.606s] writing manifest file 'slam.egg-info/SOURCES.txt'
[0.625s] reading manifest file 'slam.egg-info/SOURCES.txt'
[0.625s] writing manifest file 'slam.egg-info/SOURCES.txt'
[0.643s] running build_ext
[0.643s] Creating /home/guyechan/slam_ws/install/slam/lib/python3.8/site-packages/site.py
[0.644s] Creating /home/guyechan/slam_ws/install/slam/lib/python3.8/site-packages/slam.egg-link (link to .)
[0.645s] 
[0.645s] Installed /home/guyechan/slam_ws/build/slam
[0.645s] running install_data
[0.645s] creating /home/guyechan/slam_ws/install/slam/share/ament_index
[0.645s] creating /home/guyechan/slam_ws/install/slam/share/ament_index/resource_index
[0.645s] creating /home/guyechan/slam_ws/install/slam/share/ament_index/resource_index/packages
[0.645s] copying resource/slam -> /home/guyechan/slam_ws/install/slam/share/ament_index/resource_index/packages
[0.645s] copying package.xml -> /home/guyechan/slam_ws/install/slam/share/slam
[0.645s] creating /home/guyechan/slam_ws/install/slam/share/slam/launch
[0.645s] copying launch/occupancy_grid.launch.py -> /home/guyechan/slam_ws/install/slam/share/slam/launch
[0.645s] copying launch/slam_state_publisher.launch.py -> /home/guyechan/slam_ws/install/slam/share/slam/launch
[0.646s] copying launch/gazebo.launch.py -> /home/guyechan/slam_ws/install/slam/share/slam/launch
[0.646s] copying launch/cartographer.launch.py -> /home/guyechan/slam_ws/install/slam/share/slam/launch
[0.646s] copying launch/rviz.launch.py -> /home/guyechan/slam_ws/install/slam/share/slam/launch
[0.646s] copying launch/cartographer_rviz.launch.py -> /home/guyechan/slam_ws/install/slam/share/slam/launch
[0.646s] creating /home/guyechan/slam_ws/install/slam/share/slam/config
[0.646s] copying config/slam_lidar.lua -> /home/guyechan/slam_ws/install/slam/share/slam/config
[0.646s] creating /home/guyechan/slam_ws/install/slam/share/slam/rviz
[0.646s] copying rviz/slam.rviz -> /home/guyechan/slam_ws/install/slam/share/slam/rviz
[0.646s] copying rviz/slam_cartographer.rviz -> /home/guyechan/slam_ws/install/slam/share/slam/rviz
[0.646s] creating /home/guyechan/slam_ws/install/slam/share/slam/urdf
[0.646s] copying urdf/hardware.urdf -> /home/guyechan/slam_ws/install/slam/share/slam/urdf
[0.646s] copying urdf/rlautocar.urdf -> /home/guyechan/slam_ws/install/slam/share/slam/urdf
[0.646s] copying urdf/slam (사본).urdf -> /home/guyechan/slam_ws/install/slam/share/slam/urdf
[0.646s] copying urdf/slam2.urdf -> /home/guyechan/slam_ws/install/slam/share/slam/urdf
[0.646s] copying urdf/slam.urdf -> /home/guyechan/slam_ws/install/slam/share/slam/urdf
[0.646s] copying urdf/hardware1.urdf -> /home/guyechan/slam_ws/install/slam/share/slam/urdf
[0.646s] creating /home/guyechan/slam_ws/install/slam/share/slam/meshes
[0.646s] copying meshes/left_link.STL -> /home/guyechan/slam_ws/install/slam/share/slam/meshes
[0.646s] copying meshes/left_Link.STL -> /home/guyechan/slam_ws/install/slam/share/slam/meshes
[0.646s] copying meshes/base_link.STL -> /home/guyechan/slam_ws/install/slam/share/slam/meshes
[0.646s] copying meshes/right_Link.STL -> /home/guyechan/slam_ws/install/slam/share/slam/meshes
[0.646s] copying meshes/lidar_link.STL -> /home/guyechan/slam_ws/install/slam/share/slam/meshes
[0.647s] copying meshes/lidar_Link.STL -> /home/guyechan/slam_ws/install/slam/share/slam/meshes
[0.647s] copying meshes/right_link.STL -> /home/guyechan/slam_ws/install/slam/share/slam/meshes
[0.647s] creating /home/guyechan/slam_ws/install/slam/share/slam/worlds
[0.647s] copying worlds/empty.world -> /home/guyechan/slam_ws/install/slam/share/slam/worlds
[0.647s] creating /home/guyechan/slam_ws/install/slam/share/slam/models
[0.647s] copying worlds/empty.world -> /home/guyechan/slam_ws/install/slam/share/slam/models
[0.661s] Invoked command in '/home/guyechan/slam_ws/build/slam' returned '0': PYTHONPATH=/home/guyechan/slam_ws/build/slam/prefix_override:/home/guyechan/slam_ws/install/slam/lib/python3.8/site-packages:${PYTHONPATH} /usr/bin/python3 setup.py develop --editable --build-directory /home/guyechan/slam_ws/build/slam/build --no-deps install_data
