[0.387s] Invoking command in '/home/guyechan/slam_ws/build/slam': PYTHONPATH=/home/guyechan/slam_ws/build/slam/prefix_override:/home/guyechan/slam_ws/install/slam/lib/python3.8/site-packages:${PYTHONPATH} /usr/bin/python3 setup.py develop --editable --build-directory /home/guyechan/slam_ws/build/slam/build --no-deps install_data
[0.527s] running develop
[0.611s] running egg_info
[0.612s] writing slam.egg-info/PKG-INFO
[0.612s] writing dependency_links to slam.egg-info/dependency_links.txt
[0.612s] writing entry points to slam.egg-info/entry_points.txt
[0.612s] writing requirements to slam.egg-info/requires.txt
[0.612s] writing top-level names to slam.egg-info/top_level.txt
[0.631s] reading manifest file 'slam.egg-info/SOURCES.txt'
[0.632s] writing manifest file 'slam.egg-info/SOURCES.txt'
[0.650s] running build_ext
[0.650s] Creating /home/guyechan/slam_ws/install/slam/lib/python3.8/site-packages/slam.egg-link (link to .)
[0.650s] 
[0.650s] Installed /home/guyechan/slam_ws/build/slam
[0.650s] running install_data
[0.651s] copying launch/rviz.launch.py -> /home/guyechan/slam_ws/install/slam/share/slam/launch
[0.651s] copying meshes/link_BL.STL -> /home/guyechan/slam_ws/install/slam/share/slam/meshes
[0.651s] copying meshes/link_CR.STL -> /home/guyechan/slam_ws/install/slam/share/slam/meshes
[0.651s] copying meshes/link_CL.STL -> /home/guyechan/slam_ws/install/slam/share/slam/meshes
[0.651s] copying meshes/link_FR.STL -> /home/guyechan/slam_ws/install/slam/share/slam/meshes
[0.651s] copying meshes/link_BR.STL -> /home/guyechan/slam_ws/install/slam/share/slam/meshes
[0.651s] copying meshes/link_FL.STL -> /home/guyechan/slam_ws/install/slam/share/slam/meshes
[0.666s] Invoked command in '/home/guyechan/slam_ws/build/slam' returned '0': PYTHONPATH=/home/guyechan/slam_ws/build/slam/prefix_override:/home/guyechan/slam_ws/install/slam/lib/python3.8/site-packages:${PYTHONPATH} /usr/bin/python3 setup.py develop --editable --build-directory /home/guyechan/slam_ws/build/slam/build --no-deps install_data
