In file included from [01m[K/home/guyechan/slam_ws/build/sana_msgs/rosidl_generator_c/sana_msgs/msg/detail/sana__functions.h:19[m[K,
                 from [01m[K/home/guyechan/slam_ws/build/sana_msgs/rosidl_generator_c/sana_msgs/msg/detail/sana__functions.c:4[m[K:
[01m[K/home/guyechan/slam_ws/build/sana_msgs/rosidl_generator_c/sana_msgs/msg/detail/sana__struct.h:22:10:[m[K [01;31m[Kfatal error: [m[Ksana_msgs/msg/detail/string__struct.h: ê·¸ëŸ° íŒŒì¼ì´ë‚˜ ë””ë ‰í„°ë¦¬ê°€ ì—†ìŠµë‹ˆë‹¤
   22 | #include [01;31m[K"sana_msgs/msg/detail/string__struct.h"[m[K
      |          [01;31m[K^~~~~~~~~~~~~~~~~~~~~~~~~~~~~~~~~~~~~~~[m[K
compilation terminated.
make[2]: *** [CMakeFiles/sana_msgs__rosidl_generator_c.dir/build.make:92: CMakeFiles/sana_msgs__rosidl_generator_c.dir/rosidl_generator_c/sana_msgs/msg/detail/sana__functions.c.o] ì˜¤ë¥˜ 1
make[1]: *** [CMakeFiles/Makefile2:362: CMakeFiles/sana_msgs__rosidl_generator_c.dir/all] ì˜¤ë¥˜ 2
make[1]: *** ëë‚˜ì§€ ì•Šì€ ì‘ì—…ì„ ê¸°ë‹¤ë¦¬ê³  ìˆìŠµë‹ˆë‹¤....
In file included from [01m[K/home/guyechan/slam_ws/build/sana_msgs/rosidl_typesupport_cpp/sana_msgs/msg/sana__type_support.cpp:7[m[K:
[01m[K/home/guyechan/slam_ws/build/sana_msgs/rosidl_generator_cpp/sana_msgs/msg/detail/sana__struct.hpp:19:10:[m[K [01;31m[Kfatal error: [m[Ksana_msgs/msg/detail/string__struct.hpp: ê·¸ëŸ° íŒŒì¼ì´ë‚˜ ë””ë ‰í„°ë¦¬ê°€ ì—†ìŠµë‹ˆë‹¤
   19 | #include [01;31m[K"sana_msgs/msg/detail/string__struct.hpp"[m[K
      |          [01;31m[K^~~~~~~~~~~~~~~~~~~~~~~~~~~~~~~~~~~~~~~~~[m[K
compilation terminated.
make[2]: *** [CMakeFiles/sana_msgs__rosidl_typesupport_cpp.dir/build.make:73: CMakeFiles/sana_msgs__rosidl_typesupport_cpp.dir/rosidl_typesupport_cpp/sana_msgs/msg/sana__type_support.cpp.o] ì˜¤ë¥˜ 1
make[1]: *** [CMakeFiles/Makefile2:305: CMakeFiles/sana_msgs__rosidl_typesupport_cpp.dir/all] ì˜¤ë¥˜ 2
In file included from [01m[K/home/guyechan/slam_ws/build/sana_msgs/rosidl_typesupport_introspection_cpp/sana_msgs/msg/detail/sana__type_support.cpp:12[m[K:
[01m[K/home/guyechan/slam_ws/build/sana_msgs/rosidl_generator_cpp/sana_msgs/msg/detail/sana__struct.hpp:19:10:[m[K [01;31m[Kfatal error: [m[Ksana_msgs/msg/detail/string__struct.hpp: ê·¸ëŸ° íŒŒì¼ì´ë‚˜ ë””ë ‰í„°ë¦¬ê°€ ì—†ìŠµë‹ˆë‹¤
   19 | #include [01;31m[K"sana_msgs/msg/detail/string__struct.hpp"[m[K
      |          [01;31m[K^~~~~~~~~~~~~~~~~~~~~~~~~~~~~~~~~~~~~~~~~[m[K
compilation terminated.
make[2]: *** [CMakeFiles/sana_msgs__rosidl_typesupport_introspection_cpp.dir/build.make:78: CMakeFiles/sana_msgs__rosidl_typesupport_introspection_cpp.dir/rosidl_typesupport_introspection_cpp/sana_msgs/msg/detail/sana__type_support.cpp.o] ì˜¤ë¥˜ 1
make[1]: *** [CMakeFiles/Makefile2:499: CMakeFiles/sana_msgs__rosidl_typesupport_introspection_cpp.dir/all] ì˜¤ë¥˜ 2
In file included from [01m[K/home/guyechan/slam_ws/build/sana_msgs/rosidl_typesupport_fastrtps_cpp/sana_msgs/msg/detail/sana__rosidl_typesupport_fastrtps_cpp.hpp:11[m[K,
                 from [01m[K/home/guyechan/slam_ws/build/sana_msgs/rosidl_typesupport_fastrtps_cpp/sana_msgs/msg/detail/dds_fastrtps/sana__type_support.cpp:4[m[K:
[01m[K/home/guyechan/slam_ws/build/sana_msgs/rosidl_generator_cpp/sana_msgs/msg/detail/sana__struct.hpp:19:10:[m[K [01;31m[Kfatal error: [m[Ksana_msgs/msg/detail/string__struct.hpp: ê·¸ëŸ° íŒŒì¼ì´ë‚˜ ë””ë ‰í„°ë¦¬ê°€ ì—†ìŠµë‹ˆë‹¤
   19 | #include [01;31m[K"sana_msgs/msg/detail/string__struct.hpp"[m[K
      |          [01;31m[K^~~~~~~~~~~~~~~~~~~~~~~~~~~~~~~~~~~~~~~~~[m[K
compilation terminated.
make[2]: *** [CMakeFiles/sana_msgs__rosidl_typesupport_fastrtps_cpp.dir/build.make:78: CMakeFiles/sana_msgs__rosidl_typesupport_fastrtps_cpp.dir/rosidl_typesupport_fastrtps_cpp/sana_msgs/msg/detail/dds_fastrtps/sana__type_support.cpp.o] ì˜¤ë¥˜ 1
make[1]: *** [CMakeFiles/Makefile2:445: CMakeFiles/sana_msgs__rosidl_typesupport_fastrtps_cpp.dir/all] ì˜¤ë¥˜ 2
make: *** [Makefile:141: all] ì˜¤ë¥˜ 2
