-- Found ament_cmake: 0.9.11 (/opt/ros/foxy/share/ament_cmake/cmake)
-- Found PythonInterp: /usr/bin/python3 (found suitable version "3.8.10", minimum required is "3") 
-- Using PYTHON_EXECUTABLE: /usr/bin/python3
-- Override CMake install command with custom implementation using symlinks instead of copying resources
-- Found rosidl_default_generators: 1.0.1 (/opt/ros/foxy/share/rosidl_default_generators/cmake)
-- Using all available rosidl_typesupport_c: rosidl_typesupport_fastrtps_c;rosidl_typesupport_introspection_c
-- Found rosidl_adapter: 1.3.0 (/opt/ros/foxy/share/rosidl_adapter/cmake)
-- Using all available rosidl_typesupport_cpp: rosidl_typesupport_fastrtps_cpp;rosidl_typesupport_introspection_cpp
-- Found PythonInterp: /usr/bin/python3 (found version "3.8.10") 
-- Found ament_cmake_ros: 0.9.2 (/opt/ros/foxy/share/ament_cmake_ros/cmake)
-- Using all available rosidl_typesupport_c: rosidl_typesupport_fastrtps_c;rosidl_typesupport_introspection_c
-- Using all available rosidl_typesupport_cpp: rosidl_typesupport_fastrtps_cpp;rosidl_typesupport_introspection_cpp
-- Found PythonInterp: /usr/bin/python3 (found suitable version "3.8.10", minimum required is "3.5") 
-- Found python_cmake_module: 0.8.1 (/opt/ros/foxy/share/python_cmake_module/cmake)
-- Using PYTHON_EXECUTABLE: /usr/bin/python3
-- Using PYTHON_INCLUDE_DIRS: /usr/include/python3.8
-- Using PYTHON_LIBRARIES: /usr/lib/x86_64-linux-gnu/libpython3.8.so
-- Found ament_lint_auto: 0.9.7 (/opt/ros/foxy/share/ament_lint_auto/cmake)
-- Added test 'copyright' to check source files copyright and LICENSE
-- Added test 'lint_cmake' to check CMake code style
-- Added test 'xmllint' to check XML markup files
-- Configuring done
-- Generating done
-- Build files have been written to: /home/guyechan/slam_ws/build/sana_msgs
[  3%] [34m[1mGenerating C code for ROS interfaces[0m
[  6%] [34m[1mGenerating C++ code for ROS interfaces[0m
[35m[1mScanning dependencies of target sana_msgs__rosidl_generator_c[0m
[  9%] [32mBuilding C object CMakeFiles/sana_msgs__rosidl_generator_c.dir/rosidl_generator_c/sana_msgs/msg/detail/sana__functions.c.o[0m
[  9%] Built target sana_msgs__cpp
[ 19%] [34m[1mGenerating C++ type support for eProsima Fast-RTPS[0m
[ 19%] [34m[1mGenerating C++ introspection for ROS interfaces[0m
[ 19%] [34m[1mGenerating C++ type support dispatch for ROS interfaces[0m
In file included from [01m[K/home/guyechan/slam_ws/build/sana_msgs/rosidl_generator_c/sana_msgs/msg/detail/sana__functions.h:19[m[K,
                 from [01m[K/home/guyechan/slam_ws/build/sana_msgs/rosidl_generator_c/sana_msgs/msg/detail/sana__functions.c:4[m[K:
[01m[K/home/guyechan/slam_ws/build/sana_msgs/rosidl_generator_c/sana_msgs/msg/detail/sana__struct.h:22:10:[m[K [01;31m[Kfatal error: [m[Ksana_msgs/msg/detail/string__struct.h: ê·¸ëŸ° íŒŒì¼ì´ë‚˜ ë””ë ‰í„°ë¦¬ê°€ ì—†ìŠµë‹ˆë‹¤
   22 | #include [01;31m[K"sana_msgs/msg/detail/string__struct.h"[m[K
      |          [01;31m[K^~~~~~~~~~~~~~~~~~~~~~~~~~~~~~~~~~~~~~~[m[K
compilation terminated.
make[2]: *** [CMakeFiles/sana_msgs__rosidl_generator_c.dir/build.make:92: CMakeFiles/sana_msgs__rosidl_generator_c.dir/rosidl_generator_c/sana_msgs/msg/detail/sana__functions.c.o] ì˜¤ë¥˜ 1
make[1]: *** [CMakeFiles/Makefile2:362: CMakeFiles/sana_msgs__rosidl_generator_c.dir/all] ì˜¤ë¥˜ 2
make[1]: *** ëë‚˜ì§€ ì•Šì€ ì‘ì—…ì„ ê¸°ë‹¤ë¦¬ê³  ìˆìŠµë‹ˆë‹¤....
[35m[1mScanning dependencies of target sana_msgs__rosidl_typesupport_cpp[0m
[ 22%] [32mBuilding CXX object CMakeFiles/sana_msgs__rosidl_typesupport_cpp.dir/rosidl_typesupport_cpp/sana_msgs/msg/sana__type_support.cpp.o[0m
[35m[1mScanning dependencies of target sana_msgs__rosidl_typesupport_introspection_cpp[0m
[35m[1mScanning dependencies of target sana_msgs__rosidl_typesupport_fastrtps_cpp[0m
[ 25%] [32mBuilding CXX object CMakeFiles/sana_msgs__rosidl_typesupport_introspection_cpp.dir/rosidl_typesupport_introspection_cpp/sana_msgs/msg/detail/sana__type_support.cpp.o[0m
[ 29%] [32mBuilding CXX object CMakeFiles/sana_msgs__rosidl_typesupport_fastrtps_cpp.dir/rosidl_typesupport_fastrtps_cpp/sana_msgs/msg/detail/dds_fastrtps/sana__type_support.cpp.o[0m
In file included from [01m[K/home/guyechan/slam_ws/build/sana_msgs/rosidl_typesupport_cpp/sana_msgs/msg/sana__type_support.cpp:7[m[K:
[01m[K/home/guyechan/slam_ws/build/sana_msgs/rosidl_generator_cpp/sana_msgs/msg/detail/sana__struct.hpp:19:10:[m[K [01;31m[Kfatal error: [m[Ksana_msgs/msg/detail/string__struct.hpp: ê·¸ëŸ° íŒŒì¼ì´ë‚˜ ë””ë ‰í„°ë¦¬ê°€ ì—†ìŠµë‹ˆë‹¤
   19 | #include [01;31m[K"sana_msgs/msg/detail/string__struct.hpp"[m[K
      |          [01;31m[K^~~~~~~~~~~~~~~~~~~~~~~~~~~~~~~~~~~~~~~~~[m[K
compilation terminated.
make[2]: *** [CMakeFiles/sana_msgs__rosidl_typesupport_cpp.dir/build.make:73: CMakeFiles/sana_msgs__rosidl_typesupport_cpp.dir/rosidl_typesupport_cpp/sana_msgs/msg/sana__type_support.cpp.o] ì˜¤ë¥˜ 1
make[1]: *** [CMakeFiles/Makefile2:305: CMakeFiles/sana_msgs__rosidl_typesupport_cpp.dir/all] ì˜¤ë¥˜ 2
In file included from [01m[K/home/guyechan/slam_ws/build/sana_msgs/rosidl_typesupport_introspection_cpp/sana_msgs/msg/detail/sana__type_support.cpp:12[m[K:
[01m[K/home/guyechan/slam_ws/build/sana_msgs/rosidl_generator_cpp/sana_msgs/msg/detail/sana__struct.hpp:19:10:[m[K [01;31m[Kfatal error: [m[Ksana_msgs/msg/detail/string__struct.hpp: ê·¸ëŸ° íŒŒì¼ì´ë‚˜ ë””ë ‰í„°ë¦¬ê°€ ì—†ìŠµë‹ˆë‹¤
   19 | #include [01;31m[K"sana_msgs/msg/detail/string__struct.hpp"[m[K
      |          [01;31m[K^~~~~~~~~~~~~~~~~~~~~~~~~~~~~~~~~~~~~~~~~[m[K
compilation terminated.
make[2]: *** [CMakeFiles/sana_msgs__rosidl_typesupport_introspection_cpp.dir/build.make:78: CMakeFiles/sana_msgs__rosidl_typesupport_introspection_cpp.dir/rosidl_typesupport_introspection_cpp/sana_msgs/msg/detail/sana__type_support.cpp.o] ì˜¤ë¥˜ 1
make[1]: *** [CMakeFiles/Makefile2:499: CMakeFiles/sana_msgs__rosidl_typesupport_introspection_cpp.dir/all] ì˜¤ë¥˜ 2
In file included from [01m[K/home/guyechan/slam_ws/build/sana_msgs/rosidl_typesupport_fastrtps_cpp/sana_msgs/msg/detail/sana__rosidl_typesupport_fastrtps_cpp.hpp:11[m[K,
                 from [01m[K/home/guyechan/slam_ws/build/sana_msgs/rosidl_typesupport_fastrtps_cpp/sana_msgs/msg/detail/dds_fastrtps/sana__type_support.cpp:4[m[K:
[01m[K/home/guyechan/slam_ws/build/sana_msgs/rosidl_generator_cpp/sana_msgs/msg/detail/sana__struct.hpp:19:10:[m[K [01;31m[Kfatal error: [m[Ksana_msgs/msg/detail/string__struct.hpp: ê·¸ëŸ° íŒŒì¼ì´ë‚˜ ë””ë ‰í„°ë¦¬ê°€ ì—†ìŠµë‹ˆë‹¤
   19 | #include [01;31m[K"sana_msgs/msg/detail/string__struct.hpp"[m[K
      |          [01;31m[K^~~~~~~~~~~~~~~~~~~~~~~~~~~~~~~~~~~~~~~~~[m[K
compilation terminated.
make[2]: *** [CMakeFiles/sana_msgs__rosidl_typesupport_fastrtps_cpp.dir/build.make:78: CMakeFiles/sana_msgs__rosidl_typesupport_fastrtps_cpp.dir/rosidl_typesupport_fastrtps_cpp/sana_msgs/msg/detail/dds_fastrtps/sana__type_support.cpp.o] ì˜¤ë¥˜ 1
make[1]: *** [CMakeFiles/Makefile2:445: CMakeFiles/sana_msgs__rosidl_typesupport_fastrtps_cpp.dir/all] ì˜¤ë¥˜ 2
make: *** [Makefile:141: all] ì˜¤ë¥˜ 2
