[0.030s] Invoking command in '/home/guyechan/slam_ws/build/sana_msgs': CMAKE_PREFIX_PATH=${CMAKE_PREFIX_PATH}:/home/guyechan/slam_ws/install/voice_processing:/home/guyechan/slam_ws/install/yolov3:/home/guyechan/slam_ws/install/slam:/opt/ros/foxy /usr/bin/cmake --build /home/guyechan/slam_ws/build/sana_msgs -- -j16 -l16
[0.197s] -- Found ament_cmake: 0.9.11 (/opt/ros/foxy/share/ament_cmake/cmake)
[0.198s] -- Found PythonInterp: /usr/bin/python3 (found suitable version "3.8.10", minimum required is "3") 
[0.198s] -- Using PYTHON_EXECUTABLE: /usr/bin/python3
[0.199s] -- Override CMake install command with custom implementation using symlinks instead of copying resources
[0.204s] -- Found rosidl_default_generators: 1.0.1 (/opt/ros/foxy/share/rosidl_default_generators/cmake)
[0.205s] -- Using all available rosidl_typesupport_c: rosidl_typesupport_fastrtps_c;rosidl_typesupport_introspection_c
[0.207s] -- Found rosidl_adapter: 1.3.0 (/opt/ros/foxy/share/rosidl_adapter/cmake)
[0.301s] -- Using all available rosidl_typesupport_cpp: rosidl_typesupport_fastrtps_cpp;rosidl_typesupport_introspection_cpp
[0.335s] -- Found PythonInterp: /usr/bin/python3 (found version "3.8.10") 
[0.421s] -- Found ament_cmake_ros: 0.9.2 (/opt/ros/foxy/share/ament_cmake_ros/cmake)
[0.490s] -- Using all available rosidl_typesupport_c: rosidl_typesupport_fastrtps_c;rosidl_typesupport_introspection_c
[0.495s] -- Using all available rosidl_typesupport_cpp: rosidl_typesupport_fastrtps_cpp;rosidl_typesupport_introspection_cpp
[0.516s] -- Found PythonInterp: /usr/bin/python3 (found suitable version "3.8.10", minimum required is "3.5") 
[0.516s] -- Found python_cmake_module: 0.8.1 (/opt/ros/foxy/share/python_cmake_module/cmake)
[0.538s] -- Using PYTHON_EXECUTABLE: /usr/bin/python3
[0.538s] -- Using PYTHON_INCLUDE_DIRS: /usr/include/python3.8
[0.538s] -- Using PYTHON_LIBRARIES: /usr/lib/x86_64-linux-gnu/libpython3.8.so
[0.548s] -- Found ament_lint_auto: 0.9.7 (/opt/ros/foxy/share/ament_lint_auto/cmake)
[0.555s] -- Added test 'copyright' to check source files copyright and LICENSE
[0.556s] -- Added test 'lint_cmake' to check CMake code style
[0.556s] -- Added test 'xmllint' to check XML markup files
[0.559s] -- Configuring done
[0.575s] -- Generating done
[0.577s] -- Build files have been written to: /home/guyechan/slam_ws/build/sana_msgs
[0.596s] [  3%] [34m[1mGenerating C code for ROS interfaces[0m
[0.603s] [  6%] [34m[1mGenerating C++ code for ROS interfaces[0m
[0.749s] [35m[1mScanning dependencies of target sana_msgs__rosidl_generator_c[0m
[0.757s] [  9%] [32mBuilding C object CMakeFiles/sana_msgs__rosidl_generator_c.dir/rosidl_generator_c/sana_msgs/msg/detail/sana__functions.c.o[0m
[0.757s] [  9%] Built target sana_msgs__cpp
[0.764s] [ 19%] [34m[1mGenerating C++ type support for eProsima Fast-RTPS[0m
[0.764s] [ 19%] [34m[1mGenerating C++ introspection for ROS interfaces[0m
[0.764s] [ 19%] [34m[1mGenerating C++ type support dispatch for ROS interfaces[0m
[0.764s] In file included from [01m[K/home/guyechan/slam_ws/build/sana_msgs/rosidl_generator_c/sana_msgs/msg/detail/sana__functions.h:19[m[K,
[0.764s]                  from [01m[K/home/guyechan/slam_ws/build/sana_msgs/rosidl_generator_c/sana_msgs/msg/detail/sana__functions.c:4[m[K:
[0.764s] [01m[K/home/guyechan/slam_ws/build/sana_msgs/rosidl_generator_c/sana_msgs/msg/detail/sana__struct.h:22:10:[m[K [01;31m[Kfatal error: [m[Ksana_msgs/msg/detail/string__struct.h: ê·¸ëŸ° íŒŒì¼ì´ë‚˜ ë””ë ‰í„°ë¦¬ê°€ ì—†ìŠµë‹ˆë‹¤
[0.764s]    22 | #include [01;31m[K"sana_msgs/msg/detail/string__struct.h"[m[K
[0.764s]       |          [01;31m[K^~~~~~~~~~~~~~~~~~~~~~~~~~~~~~~~~~~~~~~[m[K
[0.765s] compilation terminated.
[0.765s] make[2]: *** [CMakeFiles/sana_msgs__rosidl_generator_c.dir/build.make:92: CMakeFiles/sana_msgs__rosidl_generator_c.dir/rosidl_generator_c/sana_msgs/msg/detail/sana__functions.c.o] ì˜¤ë¥˜ 1
[0.765s] make[1]: *** [CMakeFiles/Makefile2:362: CMakeFiles/sana_msgs__rosidl_generator_c.dir/all] ì˜¤ë¥˜ 2
[0.765s] make[1]: *** ëë‚˜ì§€ ì•Šì€ ì‘ì—…ì„ ê¸°ë‹¤ë¦¬ê³  ìˆìŠµë‹ˆë‹¤....
[0.891s] [35m[1mScanning dependencies of target sana_msgs__rosidl_typesupport_cpp[0m
[0.899s] [ 22%] [32mBuilding CXX object CMakeFiles/sana_msgs__rosidl_typesupport_cpp.dir/rosidl_typesupport_cpp/sana_msgs/msg/sana__type_support.cpp.o[0m
[0.901s] [35m[1mScanning dependencies of target sana_msgs__rosidl_typesupport_introspection_cpp[0m
[0.904s] [35m[1mScanning dependencies of target sana_msgs__rosidl_typesupport_fastrtps_cpp[0m
[0.909s] [ 25%] [32mBuilding CXX object CMakeFiles/sana_msgs__rosidl_typesupport_introspection_cpp.dir/rosidl_typesupport_introspection_cpp/sana_msgs/msg/detail/sana__type_support.cpp.o[0m
[0.912s] [ 29%] [32mBuilding CXX object CMakeFiles/sana_msgs__rosidl_typesupport_fastrtps_cpp.dir/rosidl_typesupport_fastrtps_cpp/sana_msgs/msg/detail/dds_fastrtps/sana__type_support.cpp.o[0m
[0.927s] In file included from [01m[K/home/guyechan/slam_ws/build/sana_msgs/rosidl_typesupport_cpp/sana_msgs/msg/sana__type_support.cpp:7[m[K:
[0.927s] [01m[K/home/guyechan/slam_ws/build/sana_msgs/rosidl_generator_cpp/sana_msgs/msg/detail/sana__struct.hpp:19:10:[m[K [01;31m[Kfatal error: [m[Ksana_msgs/msg/detail/string__struct.hpp: ê·¸ëŸ° íŒŒì¼ì´ë‚˜ ë””ë ‰í„°ë¦¬ê°€ ì—†ìŠµë‹ˆë‹¤
[0.927s]    19 | #include [01;31m[K"sana_msgs/msg/detail/string__struct.hpp"[m[K
[0.927s]       |          [01;31m[K^~~~~~~~~~~~~~~~~~~~~~~~~~~~~~~~~~~~~~~~~[m[K
[0.927s] compilation terminated.
[0.928s] make[2]: *** [CMakeFiles/sana_msgs__rosidl_typesupport_cpp.dir/build.make:73: CMakeFiles/sana_msgs__rosidl_typesupport_cpp.dir/rosidl_typesupport_cpp/sana_msgs/msg/sana__type_support.cpp.o] ì˜¤ë¥˜ 1
[0.928s] make[1]: *** [CMakeFiles/Makefile2:305: CMakeFiles/sana_msgs__rosidl_typesupport_cpp.dir/all] ì˜¤ë¥˜ 2
[0.935s] In file included from [01m[K/home/guyechan/slam_ws/build/sana_msgs/rosidl_typesupport_introspection_cpp/sana_msgs/msg/detail/sana__type_support.cpp:12[m[K:
[0.935s] [01m[K/home/guyechan/slam_ws/build/sana_msgs/rosidl_generator_cpp/sana_msgs/msg/detail/sana__struct.hpp:19:10:[m[K [01;31m[Kfatal error: [m[Ksana_msgs/msg/detail/string__struct.hpp: ê·¸ëŸ° íŒŒì¼ì´ë‚˜ ë””ë ‰í„°ë¦¬ê°€ ì—†ìŠµë‹ˆë‹¤
[0.935s]    19 | #include [01;31m[K"sana_msgs/msg/detail/string__struct.hpp"[m[K
[0.935s]       |          [01;31m[K^~~~~~~~~~~~~~~~~~~~~~~~~~~~~~~~~~~~~~~~~[m[K
[0.935s] compilation terminated.
[0.936s] make[2]: *** [CMakeFiles/sana_msgs__rosidl_typesupport_introspection_cpp.dir/build.make:78: CMakeFiles/sana_msgs__rosidl_typesupport_introspection_cpp.dir/rosidl_typesupport_introspection_cpp/sana_msgs/msg/detail/sana__type_support.cpp.o] ì˜¤ë¥˜ 1
[0.936s] make[1]: *** [CMakeFiles/Makefile2:499: CMakeFiles/sana_msgs__rosidl_typesupport_introspection_cpp.dir/all] ì˜¤ë¥˜ 2
[0.939s] In file included from [01m[K/home/guyechan/slam_ws/build/sana_msgs/rosidl_typesupport_fastrtps_cpp/sana_msgs/msg/detail/sana__rosidl_typesupport_fastrtps_cpp.hpp:11[m[K,
[0.939s]                  from [01m[K/home/guyechan/slam_ws/build/sana_msgs/rosidl_typesupport_fastrtps_cpp/sana_msgs/msg/detail/dds_fastrtps/sana__type_support.cpp:4[m[K:
[0.939s] [01m[K/home/guyechan/slam_ws/build/sana_msgs/rosidl_generator_cpp/sana_msgs/msg/detail/sana__struct.hpp:19:10:[m[K [01;31m[Kfatal error: [m[Ksana_msgs/msg/detail/string__struct.hpp: ê·¸ëŸ° íŒŒì¼ì´ë‚˜ ë””ë ‰í„°ë¦¬ê°€ ì—†ìŠµë‹ˆë‹¤
[0.939s]    19 | #include [01;31m[K"sana_msgs/msg/detail/string__struct.hpp"[m[K
[0.939s]       |          [01;31m[K^~~~~~~~~~~~~~~~~~~~~~~~~~~~~~~~~~~~~~~~~[m[K
[0.939s] compilation terminated.
[0.940s] make[2]: *** [CMakeFiles/sana_msgs__rosidl_typesupport_fastrtps_cpp.dir/build.make:78: CMakeFiles/sana_msgs__rosidl_typesupport_fastrtps_cpp.dir/rosidl_typesupport_fastrtps_cpp/sana_msgs/msg/detail/dds_fastrtps/sana__type_support.cpp.o] ì˜¤ë¥˜ 1
[0.940s] make[1]: *** [CMakeFiles/Makefile2:445: CMakeFiles/sana_msgs__rosidl_typesupport_fastrtps_cpp.dir/all] ì˜¤ë¥˜ 2
[0.940s] make: *** [Makefile:141: all] ì˜¤ë¥˜ 2
[0.942s] Invoked command in '/home/guyechan/slam_ws/build/sana_msgs' returned '2': CMAKE_PREFIX_PATH=${CMAKE_PREFIX_PATH}:/home/guyechan/slam_ws/install/voice_processing:/home/guyechan/slam_ws/install/yolov3:/home/guyechan/slam_ws/install/slam:/opt/ros/foxy /usr/bin/cmake --build /home/guyechan/slam_ws/build/sana_msgs -- -j16 -l16
