[0.436s] Invoking command in '/home/guyechan/slam_ws/build/slam': PYTHONPATH=/home/guyechan/slam_ws/install/slam/lib/python3.8/site-packages:${PYTHONPATH} /usr/bin/python3 setup.py develop --prefix /home/guyechan/slam_ws/install/slam --editable --build-directory /home/guyechan/slam_ws/build/slam/build --no-deps install_data --install-dir /home/guyechan/slam_ws/install/slam
[0.576s] running develop
[0.660s] running egg_info
[0.660s] writing slam.egg-info/PKG-INFO
[0.660s] writing dependency_links to slam.egg-info/dependency_links.txt
[0.661s] writing entry points to slam.egg-info/entry_points.txt
[0.661s] writing requirements to slam.egg-info/requires.txt
[0.661s] writing top-level names to slam.egg-info/top_level.txt
[0.681s] reading manifest file 'slam.egg-info/SOURCES.txt'
[0.681s] writing manifest file 'slam.egg-info/SOURCES.txt'
[0.700s] running build_ext
[0.700s] Creating /home/guyechan/slam_ws/install/slam/lib/python3.8/site-packages/slam.egg-link (link to .)
[0.701s] Installing main script to /home/guyechan/slam_ws/install/slam/lib/slam
[0.701s] 
[0.701s] Installed /home/guyechan/slam_ws/build/slam
[0.701s] running install_data
[0.701s] creating /home/guyechan/slam_ws/install/slam/share/slam/map
[0.701s] copying map/maze.pgm -> /home/guyechan/slam_ws/install/slam/share/slam/map
[0.701s] copying map/maze.yaml -> /home/guyechan/slam_ws/install/slam/share/slam/map
[0.716s] Invoked command in '/home/guyechan/slam_ws/build/slam' returned '0': PYTHONPATH=/home/guyechan/slam_ws/install/slam/lib/python3.8/site-packages:${PYTHONPATH} /usr/bin/python3 setup.py develop --prefix /home/guyechan/slam_ws/install/slam --editable --build-directory /home/guyechan/slam_ws/build/slam/build --no-deps install_data --install-dir /home/guyechan/slam_ws/install/slam
