[0.021s] Invoking command in '/home/guyechan/slam_ws/build/sana_msgs': CMAKE_PREFIX_PATH=${CMAKE_PREFIX_PATH}:/home/guyechan/slam_ws/install/yolov3:/home/guyechan/slam_ws/install/voice_processing:/home/guyechan/slam_ws/install/slam:/opt/ros/foxy /usr/bin/cmake /home/guyechan/slam_ws/src/sana_msgs -DAMENT_CMAKE_SYMLINK_INSTALL=1 -DCMAKE_INSTALL_PREFIX=/home/guyechan/slam_ws/install/sana_msgs
[0.174s] -- The C compiler identification is GNU 9.4.0
[0.174s] -- The CXX compiler identification is GNU 9.4.0
[0.174s] -- Check for working C compiler: /usr/bin/cc
[0.179s] -- Check for working C compiler: /usr/bin/cc -- works
[0.180s] -- Detecting C compiler ABI info
[0.222s] -- Detecting C compiler ABI info - done
[0.229s] -- Detecting C compile features
[0.229s] -- Detecting C compile features - done
[0.231s] -- Check for working CXX compiler: /usr/bin/c++
[0.279s] -- Check for working CXX compiler: /usr/bin/c++ -- works
[0.280s] -- Detecting CXX compiler ABI info
[0.329s] -- Detecting CXX compiler ABI info - done
[0.337s] -- Detecting CXX compile features
[0.337s] -- Detecting CXX compile features - done
[0.339s] -- Found ament_cmake: 0.9.11 (/opt/ros/foxy/share/ament_cmake/cmake)
[0.358s] -- Found PythonInterp: /usr/bin/python3 (found suitable version "3.8.10", minimum required is "3") 
[0.358s] -- Using PYTHON_EXECUTABLE: /usr/bin/python3
[0.485s] -- Override CMake install command with custom implementation using symlinks instead of copying resources
[0.514s] -- Found rosidl_default_generators: 1.0.1 (/opt/ros/foxy/share/rosidl_default_generators/cmake)
[0.518s] -- Using all available rosidl_typesupport_c: rosidl_typesupport_fastrtps_c;rosidl_typesupport_introspection_c
[0.526s] -- Found rosidl_adapter: 1.3.0 (/opt/ros/foxy/share/rosidl_adapter/cmake)
[0.613s] -- Found OpenSSL: /usr/lib/x86_64-linux-gnu/libcrypto.so (found version "1.1.1f")  
[0.636s] -- Found FastRTPS: /opt/ros/foxy/include  
[0.692s] -- Using all available rosidl_typesupport_cpp: rosidl_typesupport_fastrtps_cpp;rosidl_typesupport_introspection_cpp
[0.727s] -- Found PythonInterp: /usr/bin/python3 (found version "3.8.10") 
[0.807s] -- Found ament_cmake_ros: 0.9.2 (/opt/ros/foxy/share/ament_cmake_ros/cmake)
[0.875s] -- Using all available rosidl_typesupport_c: rosidl_typesupport_fastrtps_c;rosidl_typesupport_introspection_c
[0.880s] -- Using all available rosidl_typesupport_cpp: rosidl_typesupport_fastrtps_cpp;rosidl_typesupport_introspection_cpp
[0.900s] -- Found PythonInterp: /usr/bin/python3 (found suitable version "3.8.10", minimum required is "3.5") 
[0.901s] -- Found python_cmake_module: 0.8.1 (/opt/ros/foxy/share/python_cmake_module/cmake)
[0.924s] -- Found PythonLibs: /usr/lib/x86_64-linux-gnu/libpython3.8.so (found suitable version "3.8.10", minimum required is "3.5") 
[0.924s] -- Using PYTHON_EXECUTABLE: /usr/bin/python3
[0.924s] -- Using PYTHON_INCLUDE_DIRS: /usr/include/python3.8
[0.924s] -- Using PYTHON_LIBRARIES: /usr/lib/x86_64-linux-gnu/libpython3.8.so
[0.942s] -- Found PythonExtra: .so  
[0.971s] -- Found ament_lint_auto: 0.9.7 (/opt/ros/foxy/share/ament_lint_auto/cmake)
[0.990s] -- Added test 'copyright' to check source files copyright and LICENSE
[0.991s] -- Added test 'lint_cmake' to check CMake code style
[0.992s] -- Added test 'xmllint' to check XML markup files
[0.995s] -- Configuring done
[1.010s] -- Generating done
[1.011s] -- Build files have been written to: /home/guyechan/slam_ws/build/sana_msgs
[1.017s] Invoked command in '/home/guyechan/slam_ws/build/sana_msgs' returned '0': CMAKE_PREFIX_PATH=${CMAKE_PREFIX_PATH}:/home/guyechan/slam_ws/install/yolov3:/home/guyechan/slam_ws/install/voice_processing:/home/guyechan/slam_ws/install/slam:/opt/ros/foxy /usr/bin/cmake /home/guyechan/slam_ws/src/sana_msgs -DAMENT_CMAKE_SYMLINK_INSTALL=1 -DCMAKE_INSTALL_PREFIX=/home/guyechan/slam_ws/install/sana_msgs
[1.018s] Invoking command in '/home/guyechan/slam_ws/build/sana_msgs': CMAKE_PREFIX_PATH=${CMAKE_PREFIX_PATH}:/home/guyechan/slam_ws/install/yolov3:/home/guyechan/slam_ws/install/voice_processing:/home/guyechan/slam_ws/install/slam:/opt/ros/foxy /usr/bin/cmake --build /home/guyechan/slam_ws/build/sana_msgs -- -j16 -l16
[1.042s] [35m[1mScanning dependencies of target sana_msgs__cpp[0m
[1.042s] [  3%] [34m[1mGenerating C code for ROS interfaces[0m
[1.048s] [  6%] [34m[1mGenerating C++ code for ROS interfaces[0m
[1.188s] [  6%] Built target sana_msgs__cpp
[1.190s] [35m[1mScanning dependencies of target sana_msgs__rosidl_generator_c[0m
[1.196s] [  9%] [34m[1mGenerating C++ type support dispatch for ROS interfaces[0m
[1.196s] [ 12%] [34m[1mGenerating C++ type support for eProsima Fast-RTPS[0m
[1.196s] [ 16%] [34m[1mGenerating C++ introspection for ROS interfaces[0m
[1.199s] [ 19%] [32mBuilding C object CMakeFiles/sana_msgs__rosidl_generator_c.dir/rosidl_generator_c/sana_msgs/msg/detail/sana__functions.c.o[0m
[1.238s] [ 22%] [32m[1mLinking C shared library libsana_msgs__rosidl_generator_c.so[0m
[1.264s] [ 22%] Built target sana_msgs__rosidl_generator_c
[1.273s] [ 29%] [34m[1mGenerating C introspection for ROS interfaces[0m
[1.273s] [ 29%] [34m[1mGenerating C type support dispatch for ROS interfaces[0m
[1.351s] [35m[1mScanning dependencies of target sana_msgs__rosidl_typesupport_cpp[0m
[1.361s] [ 32%] [32mBuilding CXX object CMakeFiles/sana_msgs__rosidl_typesupport_cpp.dir/rosidl_typesupport_cpp/sana_msgs/msg/sana__type_support.cpp.o[0m
[1.362s] [35m[1mScanning dependencies of target sana_msgs__rosidl_typesupport_introspection_cpp[0m
[1.369s] [35m[1mScanning dependencies of target sana_msgs__rosidl_typesupport_fastrtps_cpp[0m
[1.371s] [ 35%] [32mBuilding CXX object CMakeFiles/sana_msgs__rosidl_typesupport_introspection_cpp.dir/rosidl_typesupport_introspection_cpp/sana_msgs/msg/detail/sana__type_support.cpp.o[0m
[1.383s] [ 38%] [32mBuilding CXX object CMakeFiles/sana_msgs__rosidl_typesupport_fastrtps_cpp.dir/rosidl_typesupport_fastrtps_cpp/sana_msgs/msg/detail/dds_fastrtps/sana__type_support.cpp.o[0m
[1.433s] [35m[1mScanning dependencies of target sana_msgs__rosidl_typesupport_c[0m
[1.443s] [ 41%] [32mBuilding CXX object CMakeFiles/sana_msgs__rosidl_typesupport_c.dir/rosidl_typesupport_c/sana_msgs/msg/sana__type_support.cpp.o[0m
[1.449s] [35m[1mScanning dependencies of target sana_msgs__rosidl_typesupport_introspection_c[0m
[1.458s] [ 45%] [32mBuilding C object CMakeFiles/sana_msgs__rosidl_typesupport_introspection_c.dir/rosidl_typesupport_introspection_c/sana_msgs/msg/detail/sana__type_support.c.o[0m
[1.469s] [ 48%] [32m[1mLinking CXX shared library libsana_msgs__rosidl_typesupport_c.so[0m
[1.496s] [ 51%] [32m[1mLinking C shared library libsana_msgs__rosidl_typesupport_introspection_c.so[0m
[1.524s] [ 51%] Built target sana_msgs__rosidl_typesupport_c
[1.525s] [ 51%] Built target sana_msgs__rosidl_typesupport_introspection_c
[1.662s] [ 54%] [32m[1mLinking CXX shared library libsana_msgs__rosidl_typesupport_cpp.so[0m
[1.669s] [ 58%] [32m[1mLinking CXX shared library libsana_msgs__rosidl_typesupport_introspection_cpp.so[0m
[1.698s] [ 58%] Built target sana_msgs__rosidl_typesupport_cpp
[1.722s] [ 58%] Built target sana_msgs__rosidl_typesupport_introspection_cpp
[1.839s] [ 61%] [32m[1mLinking CXX shared library libsana_msgs__rosidl_typesupport_fastrtps_cpp.so[0m
[1.901s] [ 61%] Built target sana_msgs__rosidl_typesupport_fastrtps_cpp
[1.910s] [ 64%] [34m[1mGenerating C type support for eProsima Fast-RTPS[0m
[2.072s] [35m[1mScanning dependencies of target sana_msgs__rosidl_typesupport_fastrtps_c[0m
[2.082s] [ 67%] [32mBuilding CXX object CMakeFiles/sana_msgs__rosidl_typesupport_fastrtps_c.dir/rosidl_typesupport_fastrtps_c/sana_msgs/msg/detail/sana__type_support_c.cpp.o[0m
[2.288s] [ 70%] [32m[1mLinking CXX shared library libsana_msgs__rosidl_typesupport_fastrtps_c.so[0m
[2.337s] [ 70%] Built target sana_msgs__rosidl_typesupport_fastrtps_c
[2.343s] [35m[1mScanning dependencies of target sana_msgs[0m
[2.350s] [ 70%] Built target sana_msgs
[2.356s] [35m[1mScanning dependencies of target sana_msgs__py[0m
[2.363s] [ 74%] [34m[1mGenerating Python code for ROS interfaces[0m
[2.590s] [ 74%] Built target sana_msgs__py
[2.597s] [35m[1mScanning dependencies of target sana_msgs__python[0m
[2.616s] [ 77%] [32mBuilding C object CMakeFiles/sana_msgs__python.dir/rosidl_generator_py/sana_msgs/msg/_sana_s.c.o[0m
[2.671s] [ 80%] [32m[1mLinking C shared library rosidl_generator_py/sana_msgs/libsana_msgs__python.so[0m
[2.696s] [ 80%] Built target sana_msgs__python
[2.703s] [35m[1mScanning dependencies of target sana_msgs__rosidl_typesupport_introspection_c__pyext[0m
[2.703s] [35m[1mScanning dependencies of target sana_msgs__rosidl_typesupport_c__pyext[0m
[2.703s] [35m[1mScanning dependencies of target sana_msgs__rosidl_typesupport_fastrtps_c__pyext[0m
[2.716s] [ 90%] [32mBuilding C object CMakeFiles/sana_msgs__rosidl_typesupport_introspection_c__pyext.dir/rosidl_generator_py/sana_msgs/_sana_msgs_s.ep.rosidl_typesupport_introspection_c.c.o[0m
[2.716s] [ 90%] [32mBuilding C object CMakeFiles/sana_msgs__rosidl_typesupport_fastrtps_c__pyext.dir/rosidl_generator_py/sana_msgs/_sana_msgs_s.ep.rosidl_typesupport_fastrtps_c.c.o[0m
[2.716s] [ 90%] [32mBuilding C object CMakeFiles/sana_msgs__rosidl_typesupport_c__pyext.dir/rosidl_generator_py/sana_msgs/_sana_msgs_s.ep.rosidl_typesupport_c.c.o[0m
[2.772s] [100%] [32m[1mLinking CXX shared library rosidl_generator_py/sana_msgs/sana_msgs_s__rosidl_typesupport_fastrtps_c.cpython-38-x86_64-linux-gnu.so[0m
[2.773s] [100%] [32m[1mLinking C shared library rosidl_generator_py/sana_msgs/sana_msgs_s__rosidl_typesupport_c.cpython-38-x86_64-linux-gnu.so[0m
[2.773s] [100%] [32m[1mLinking C shared library rosidl_generator_py/sana_msgs/sana_msgs_s__rosidl_typesupport_introspection_c.cpython-38-x86_64-linux-gnu.so[0m
[2.797s] [100%] Built target sana_msgs__rosidl_typesupport_introspection_c__pyext
[2.797s] [100%] Built target sana_msgs__rosidl_typesupport_c__pyext
[2.814s] [100%] Built target sana_msgs__rosidl_typesupport_fastrtps_c__pyext
[2.822s] Invoked command in '/home/guyechan/slam_ws/build/sana_msgs' returned '0': CMAKE_PREFIX_PATH=${CMAKE_PREFIX_PATH}:/home/guyechan/slam_ws/install/yolov3:/home/guyechan/slam_ws/install/voice_processing:/home/guyechan/slam_ws/install/slam:/opt/ros/foxy /usr/bin/cmake --build /home/guyechan/slam_ws/build/sana_msgs -- -j16 -l16
[2.862s] Invoking command in '/home/guyechan/slam_ws/build/sana_msgs': CMAKE_PREFIX_PATH=${CMAKE_PREFIX_PATH}:/home/guyechan/slam_ws/install/yolov3:/home/guyechan/slam_ws/install/voice_processing:/home/guyechan/slam_ws/install/slam:/opt/ros/foxy /usr/bin/cmake --install /home/guyechan/slam_ws/build/sana_msgs
[2.869s] -- Install configuration: ""
[2.869s] -- Execute custom install script
[2.869s] -- Symlinking: /home/guyechan/slam_ws/install/sana_msgs/share/ament_index/resource_index/rosidl_interfaces/sana_msgs
[2.875s] -- Symlinking: /home/guyechan/slam_ws/install/sana_msgs/include/sana_msgs/msg/detail/sana__functions.h
[2.881s] -- Symlinking: /home/guyechan/slam_ws/install/sana_msgs/include/sana_msgs/msg/detail/sana__struct.h
[2.887s] -- Symlinking: /home/guyechan/slam_ws/install/sana_msgs/include/sana_msgs/msg/detail/sana__type_support.h
[2.892s] -- Symlinking: /home/guyechan/slam_ws/install/sana_msgs/include/sana_msgs/msg/rosidl_generator_c__visibility_control.h
[2.898s] -- Symlinking: /home/guyechan/slam_ws/install/sana_msgs/include/sana_msgs/msg/sana.h
[2.904s] -- Symlinking: /home/guyechan/slam_ws/install/sana_msgs/share/sana_msgs/environment/library_path.sh
[2.909s] -- Symlinking: /home/guyechan/slam_ws/install/sana_msgs/share/sana_msgs/environment/library_path.dsv
[2.915s] -- Symlinking: /home/guyechan/slam_ws/install/sana_msgs/include/sana_msgs/msg/detail/sana__rosidl_typesupport_fastrtps_c.h
[2.921s] -- Symlinking: /home/guyechan/slam_ws/install/sana_msgs/include/sana_msgs/msg/rosidl_typesupport_fastrtps_c__visibility_control.h
[2.926s] -- Symlinking: /home/guyechan/slam_ws/install/sana_msgs/lib/libsana_msgs__rosidl_typesupport_fastrtps_c.so
[2.933s] -- Symlinking: /home/guyechan/slam_ws/install/sana_msgs/include/sana_msgs/msg/detail/sana__rosidl_typesupport_fastrtps_cpp.hpp
[2.939s] -- Symlinking: /home/guyechan/slam_ws/install/sana_msgs/include/sana_msgs/msg/rosidl_typesupport_fastrtps_cpp__visibility_control.h
[2.945s] -- Symlinking: /home/guyechan/slam_ws/install/sana_msgs/lib/libsana_msgs__rosidl_typesupport_fastrtps_cpp.so
[2.951s] -- Symlinking: /home/guyechan/slam_ws/install/sana_msgs/include/sana_msgs/msg/detail/sana__rosidl_typesupport_introspection_c.h
[2.957s] -- Symlinking: /home/guyechan/slam_ws/install/sana_msgs/include/sana_msgs/msg/rosidl_typesupport_introspection_c__visibility_control.h
[2.963s] -- Symlinking: /home/guyechan/slam_ws/install/sana_msgs/include/sana_msgs/msg/detail/sana__builder.hpp
[2.970s] -- Symlinking: /home/guyechan/slam_ws/install/sana_msgs/include/sana_msgs/msg/detail/sana__struct.hpp
[2.975s] -- Symlinking: /home/guyechan/slam_ws/install/sana_msgs/include/sana_msgs/msg/detail/sana__traits.hpp
[2.981s] -- Symlinking: /home/guyechan/slam_ws/install/sana_msgs/include/sana_msgs/msg/sana.hpp
[2.987s] -- Symlinking: /home/guyechan/slam_ws/install/sana_msgs/include/sana_msgs/msg/detail/sana__rosidl_typesupport_introspection_cpp.hpp
[2.993s] -- Symlinking: /home/guyechan/slam_ws/install/sana_msgs/share/sana_msgs/environment/pythonpath.sh
[2.999s] -- Symlinking: /home/guyechan/slam_ws/install/sana_msgs/share/sana_msgs/environment/pythonpath.dsv
[3.004s] -- Symlinking: /home/guyechan/slam_ws/install/sana_msgs/lib/python3.8/site-packages/sana_msgs/__init__.py
[3.010s] -- Symlinking: /home/guyechan/slam_ws/install/sana_msgs/lib/python3.8/site-packages/sana_msgs/msg/__init__.py
[3.016s] -- Symlinking: /home/guyechan/slam_ws/install/sana_msgs/lib/python3.8/site-packages/sana_msgs/msg/_sana.py
[3.022s] -- Symlinking: /home/guyechan/slam_ws/install/sana_msgs/lib/python3.8/site-packages/sana_msgs/sana_msgs_s__rosidl_typesupport_fastrtps_c.cpython-38-x86_64-linux-gnu.so
[3.028s] -- Symlinking: /home/guyechan/slam_ws/install/sana_msgs/lib/python3.8/site-packages/sana_msgs/sana_msgs_s__rosidl_typesupport_introspection_c.cpython-38-x86_64-linux-gnu.so
[3.034s] -- Symlinking: /home/guyechan/slam_ws/install/sana_msgs/lib/python3.8/site-packages/sana_msgs/sana_msgs_s__rosidl_typesupport_c.cpython-38-x86_64-linux-gnu.so
[3.039s] -- Symlinking: /home/guyechan/slam_ws/install/sana_msgs/lib/libsana_msgs__python.so
[3.045s] -- Symlinking: /home/guyechan/slam_ws/install/sana_msgs/share/sana_msgs/msg/Sana.idl
[3.050s] -- Symlinking: /home/guyechan/slam_ws/install/sana_msgs/share/sana_msgs/msg/Sana.msg
[3.056s] -- Symlinking: /home/guyechan/slam_ws/install/sana_msgs/share/ament_index/resource_index/package_run_dependencies/sana_msgs
[3.062s] -- Symlinking: /home/guyechan/slam_ws/install/sana_msgs/share/ament_index/resource_index/parent_prefix_path/sana_msgs
[3.067s] -- Symlinking: /home/guyechan/slam_ws/install/sana_msgs/share/sana_msgs/environment/ament_prefix_path.sh
[3.073s] -- Symlinking: /home/guyechan/slam_ws/install/sana_msgs/share/sana_msgs/environment/ament_prefix_path.dsv
[3.079s] -- Symlinking: /home/guyechan/slam_ws/install/sana_msgs/share/sana_msgs/environment/path.sh
[3.084s] -- Symlinking: /home/guyechan/slam_ws/install/sana_msgs/share/sana_msgs/environment/path.dsv
[3.090s] -- Symlinking: /home/guyechan/slam_ws/install/sana_msgs/share/sana_msgs/local_setup.bash
[3.095s] -- Symlinking: /home/guyechan/slam_ws/install/sana_msgs/share/sana_msgs/local_setup.sh
[3.100s] -- Symlinking: /home/guyechan/slam_ws/install/sana_msgs/share/sana_msgs/local_setup.zsh
[3.106s] -- Symlinking: /home/guyechan/slam_ws/install/sana_msgs/share/sana_msgs/local_setup.dsv
[3.111s] -- Symlinking: /home/guyechan/slam_ws/install/sana_msgs/share/sana_msgs/package.dsv
[3.116s] -- Symlinking: /home/guyechan/slam_ws/install/sana_msgs/share/ament_index/resource_index/packages/sana_msgs
[3.121s] -- Symlinking: /home/guyechan/slam_ws/install/sana_msgs/share/sana_msgs/cmake/rosidl_cmake-extras.cmake
[3.127s] -- Symlinking: /home/guyechan/slam_ws/install/sana_msgs/share/sana_msgs/cmake/ament_cmake_export_dependencies-extras.cmake
[3.132s] -- Symlinking: /home/guyechan/slam_ws/install/sana_msgs/share/sana_msgs/cmake/ament_cmake_export_libraries-extras.cmake
[3.138s] -- Symlinking: /home/guyechan/slam_ws/install/sana_msgs/share/sana_msgs/cmake/ament_cmake_export_targets-extras.cmake
[3.143s] -- Symlinking: /home/guyechan/slam_ws/install/sana_msgs/share/sana_msgs/cmake/ament_cmake_export_include_directories-extras.cmake
[3.149s] -- Symlinking: /home/guyechan/slam_ws/install/sana_msgs/share/sana_msgs/cmake/rosidl_cmake_export_typesupport_libraries-extras.cmake
[3.155s] -- Symlinking: /home/guyechan/slam_ws/install/sana_msgs/share/sana_msgs/cmake/rosidl_cmake_export_typesupport_targets-extras.cmake
[3.160s] -- Symlinking: /home/guyechan/slam_ws/install/sana_msgs/share/sana_msgs/cmake/sana_msgsConfig.cmake
[3.165s] -- Symlinking: /home/guyechan/slam_ws/install/sana_msgs/share/sana_msgs/cmake/sana_msgsConfig-version.cmake
[3.171s] -- Symlinking: /home/guyechan/slam_ws/install/sana_msgs/share/sana_msgs/package.xml
[3.176s] -- Installing: /home/guyechan/slam_ws/install/sana_msgs/lib/libsana_msgs__rosidl_generator_c.so
[3.176s] -- Set runtime path of "/home/guyechan/slam_ws/install/sana_msgs/lib/libsana_msgs__rosidl_generator_c.so" to ""
[3.176s] -- Installing: /home/guyechan/slam_ws/install/sana_msgs/lib/libsana_msgs__rosidl_typesupport_introspection_c.so
[3.176s] -- Set runtime path of "/home/guyechan/slam_ws/install/sana_msgs/lib/libsana_msgs__rosidl_typesupport_introspection_c.so" to ""
[3.177s] -- Installing: /home/guyechan/slam_ws/install/sana_msgs/lib/libsana_msgs__rosidl_typesupport_c.so
[3.177s] -- Set runtime path of "/home/guyechan/slam_ws/install/sana_msgs/lib/libsana_msgs__rosidl_typesupport_c.so" to ""
[3.177s] -- Installing: /home/guyechan/slam_ws/install/sana_msgs/lib/libsana_msgs__rosidl_typesupport_introspection_cpp.so
[3.177s] -- Set runtime path of "/home/guyechan/slam_ws/install/sana_msgs/lib/libsana_msgs__rosidl_typesupport_introspection_cpp.so" to ""
[3.177s] -- Installing: /home/guyechan/slam_ws/install/sana_msgs/lib/libsana_msgs__rosidl_typesupport_cpp.so
[3.177s] -- Set runtime path of "/home/guyechan/slam_ws/install/sana_msgs/lib/libsana_msgs__rosidl_typesupport_cpp.so" to ""
[3.199s] Compiling '/home/guyechan/slam_ws/install/sana_msgs/lib/python3.8/site-packages/sana_msgs/__init__.py'...
[3.202s] -- Installing: /home/guyechan/slam_ws/install/sana_msgs/share/sana_msgs/cmake/sana_msgs__rosidl_generator_cExport.cmake
[3.202s] -- Installing: /home/guyechan/slam_ws/install/sana_msgs/share/sana_msgs/cmake/sana_msgs__rosidl_generator_cExport-noconfig.cmake
[3.202s] -- Installing: /home/guyechan/slam_ws/install/sana_msgs/share/sana_msgs/cmake/sana_msgs__rosidl_typesupport_introspection_cExport.cmake
[3.202s] -- Installing: /home/guyechan/slam_ws/install/sana_msgs/share/sana_msgs/cmake/sana_msgs__rosidl_typesupport_introspection_cExport-noconfig.cmake
[3.202s] -- Installing: /home/guyechan/slam_ws/install/sana_msgs/share/sana_msgs/cmake/sana_msgs__rosidl_typesupport_cExport.cmake
[3.202s] -- Installing: /home/guyechan/slam_ws/install/sana_msgs/share/sana_msgs/cmake/sana_msgs__rosidl_typesupport_cExport-noconfig.cmake
[3.202s] -- Installing: /home/guyechan/slam_ws/install/sana_msgs/share/sana_msgs/cmake/sana_msgs__rosidl_generator_cppExport.cmake
[3.202s] -- Installing: /home/guyechan/slam_ws/install/sana_msgs/share/sana_msgs/cmake/sana_msgs__rosidl_typesupport_introspection_cppExport.cmake
[3.202s] -- Installing: /home/guyechan/slam_ws/install/sana_msgs/share/sana_msgs/cmake/sana_msgs__rosidl_typesupport_introspection_cppExport-noconfig.cmake
[3.202s] -- Installing: /home/guyechan/slam_ws/install/sana_msgs/share/sana_msgs/cmake/sana_msgs__rosidl_typesupport_cppExport.cmake
[3.203s] -- Installing: /home/guyechan/slam_ws/install/sana_msgs/share/sana_msgs/cmake/sana_msgs__rosidl_typesupport_cppExport-noconfig.cmake
[3.206s] Invoked command in '/home/guyechan/slam_ws/build/sana_msgs' returned '0': CMAKE_PREFIX_PATH=${CMAKE_PREFIX_PATH}:/home/guyechan/slam_ws/install/yolov3:/home/guyechan/slam_ws/install/voice_processing:/home/guyechan/slam_ws/install/slam:/opt/ros/foxy /usr/bin/cmake --install /home/guyechan/slam_ws/build/sana_msgs
